[02:14:15.527418] [SoundChannel] [debug] (thread 3104799) [4] stop
[02:14:16.015773] [SoundChannel] [debug] (thread 3104799) [4] should downmix to mono, sample rate == 44100
[02:14:16.015808] [SoundChannel] [debug] (thread 3104799) [4] play: /Users/oleg/Dropbox/Hard Landing Shared Folder/Hard Landing/sounds/186104__marcel-farres__elevator.wav
[02:14:16.637417] [SoundClipScript] [debug] (thread 3104799) on sample stopped
[02:14:16.660598] [SoundChannel] [debug] (thread 3104799) [6] play: /Users/oleg/Dropbox/Hard Landing Shared Folder/Hard Landing/sounds/Serv-1.wav
[02:14:16.660644] [SoundClipScript] [debug] (thread 3104799) on channel stopped
[02:14:16.660669] [SoundChannel] [debug] (thread 3104799) [5] stop
[02:14:17.735757] [SoundChannel] [debug] (thread 3104799) [5] play: /Users/oleg/Dropbox/Hard Landing Shared Folder/Hard Landing/sounds/Serv-1.wav
[02:14:17.735801] [SoundClipScript] [debug] (thread 3104799) on channel stopped
[02:14:17.735836] [SoundChannel] [debug] (thread 3104799) [6] stop
[02:14:18.875432] [SoundChannel] [debug] (thread 3104799) [6] play: /Users/oleg/Dropbox/Hard Landing Shared Folder/Hard Landing/sounds/Serv-1.wav
[02:14:18.875474] [SoundClipScript] [debug] (thread 3104799) on channel stopped
[02:14:18.875503] [SoundChannel] [debug] (thread 3104799) [5] stop
[02:14:19.983845] [SoundClipScript] [debug] (thread 3104799) on channel stopped
[02:14:19.984155] [SoundChannel] [debug] (thread 3104799) [5] play: /Users/oleg/Dropbox/Hard Landing Shared Folder/Hard Landing/sounds/Serv-1.wav
[02:14:19.984180] [SoundChannel] [debug] (thread 3104799) [6] stop
[02:14:20.874248] [SoundChannel] [debug] (thread 3104799) [6] should downmix to mono, sample rate == 44100
[02:14:20.874287] [SoundChannel] [debug] (thread 3104799) [6] play: /Users/oleg/Dropbox/Hard Landing Shared Folder/Hard Landing/sounds/186104__marcel-farres__elevator.wav
[02:14:21.097637] [SoundChannel] [debug] (thread 3104799) [7] play: /Users/oleg/Dropbox/Hard Landing Shared Folder/Hard Landing/sounds/Serv-1.wav
[02:14:21.097684] [SoundClipScript] [debug] (thread 3104799) on channel stopped
[02:14:21.097707] [SoundChannel] [debug] (thread 3104799) [5] stop
[02:14:22.194326] [SoundClipScript] [debug] (thread 3104799) on channel stopped
[02:14:22.194659] [SoundChannel] [debug] (thread 3104799) [5] play: /Users/oleg/Dropbox/Hard Landing Shared Folder/Hard Landing/sounds/Serv-1.wav
[02:14:22.198581] [SoundChannel] [debug] (thread 3104799) [7] stop
[02:14:23.304003] [SoundChannel] [debug] (thread 3104799) [7] play: /Users/oleg/Dropbox/Hard Landing Shared Folder/Hard Landing/sounds/Serv-1.wav
[02:14:23.304052] [SoundClipScript] [debug] (thread 3104799) on channel stopped
[02:14:23.304074] [SoundChannel] [debug] (thread 3104799) [5] stop
[02:14:24.394514] [SoundClipScript] [debug] (thread 3104799) on channel stopped
[02:14:24.394557] [SoundChannel] [debug] (thread 3104799) [4] stop
[02:14:24.420999] [SoundChannel] [debug] (thread 3104799) [4] play: /Users/oleg/Dropbox/Hard Landing Shared Folder/Hard Landing/sounds/Serv-1.wav
[02:14:24.421036] [SoundClipScript] [debug] (thread 3104799) on channel stopped
[02:14:24.421061] [SoundChannel] [debug] (thread 3104799) [7] stop
[02:14:25.566422] [SoundClipScript] [debug] (thread 3104799) on channel stopped
[02:14:25.566733] [SoundChannel] [debug] (thread 3104799) [5] play: /Users/oleg/Dropbox/Hard Landing Shared Folder/Hard Landing/sounds/Serv-1.wav
[02:14:25.566758] [SoundChannel] [debug] (thread 3104799) [4] stop
[02:14:26.655030] [SoundChannel] [debug] (thread 3104799) [4] play: /Users/oleg/Dropbox/Hard Landing Shared Folder/Hard Landing/sounds/Serv-1.wav
[02:14:26.655069] [SoundClipScript] [debug] (thread 3104799) on channel stopped
[02:14:26.655094] [SoundChannel] [debug] (thread 3104799) [5] stop
[02:14:27.768629] [SoundChannel] [debug] (thread 3104799) [5] play: /Users/oleg/Dropbox/Hard Landing Shared Folder/Hard Landing/sounds/Serv-1.wav
[02:14:27.768667] [SoundClipScript] [debug] (thread 3104799) on channel stopped
[02:14:27.768692] [SoundChannel] [debug] (thread 3104799) [4] stop
[02:14:28.873945] [SoundChannel] [debug] (thread 3104799) [4] play: /Users/oleg/Dropbox/Hard Landing Shared Folder/Hard Landing/sounds/Serv-1.wav
[02:14:28.873996] [SoundClipScript] [debug] (thread 3104799) on channel stopped
[02:14:28.874015] [SoundChannel] [debug] (thread 3104799) [5] stop
[02:14:29.278096] [SoundClipScript] [debug] (thread 3104799) on channel stopped
[02:14:29.278138] [SoundChannel] [debug] (thread 3104799) [6] stop
[02:14:29.984895] [SoundClipScript] [debug] (thread 3104799) on sample stopped
[02:14:29.988230] [SoundClipScript] [debug] (thread 3104799) on channel stopped
[02:14:29.988260] [SoundChannel] [debug] (thread 3104799) [4] stop
[02:14:30.024082] [SoundChannel] [debug] (thread 3104799) [4] play: /Users/oleg/Dropbox/Hard Landing Shared Folder/Hard Landing/sounds/Serv-1.wav
[02:14:31.122757] [SoundChannel] [debug] (thread 3104799) [5] play: /Users/oleg/Dropbox/Hard Landing Shared Folder/Hard Landing/sounds/Serv-1.wav
[02:14:31.122795] [SoundClipScript] [debug] (thread 3104799) on channel stopped
[02:14:31.122812] [SoundChannel] [debug] (thread 3104799) [4] stop
[02:14:32.202530] [SoundChannel] [debug] (thread 3104799) [4] play: /Users/oleg/Dropbox/Hard Landing Shared Folder/Hard Landing/sounds/Serv-1.wav
[02:14:32.202569] [SoundClipScript] [debug] (thread 3104799) on channel stopped
[02:14:32.205594] [SoundChannel] [debug] (thread 3104799) [5] stop
[02:14:33.311307] [SoundClipScript] [debug] (thread 3104799) on sample stopped
[02:14:33.349941] [SoundChannel] [debug] (thread 3104799) [5] play: /Users/oleg/Dropbox/Hard Landing Shared Folder/Hard Landing/sounds/Serv-1.wav
[02:14:33.349976] [SoundClipScript] [debug] (thread 3104799) on channel stopped
[02:14:33.349993] [SoundChannel] [debug] (thread 3104799) [4] stop
[02:14:33.955855] [SoundClipScript] [debug] (thread 3104799) on channel stopped
[02:14:33.959039] [SoundChannel] [debug] (thread 3104799) [5] stop
[02:14:51.962304] [SoundChannel] [debug] (thread 3104799) [4] play: /Users/oleg/Dropbox/Hard Landing Shared Folder/Hard Landing/sounds/342465__pearcewilsonking__tribe-drum-loop.wav
[02:14:52.016536] [SoundChannel] [debug] (thread 3104799) [5] should downmix to mono, sample rate == 44100
[02:14:52.016571] [SoundChannel] [debug] (thread 3104799) [5] play: /Users/oleg/Dropbox/Hard Landing Shared Folder/Hard Landing/sounds/426229__derjuli__zombie-breath 2.wav
[02:14:53.427547] [SoundChannel] [debug] (thread 3104799) [6] play: /Users/oleg/Dropbox/Hard Landing Shared Folder/Hard Landing/sounds/169843__missozzy__zombie-20.wav
[02:14:53.477333] [SoundChannel] [debug] (thread 3104799) [7] play: /Users/oleg/Dropbox/Hard Landing Shared Folder/Hard Landing/sounds/270638__hoerspielwerkstatt-hef__sci-fi2.wav
[02:14:56.573203] [SoundClipScript] [debug] (thread 3104799) on channel stopped
[02:14:56.573278] [SoundChannel] [debug] (thread 3104799) [6] stop
[02:14:57.745175] [SoundChannel] [debug] (thread 3104799) [6] play: /Users/oleg/Dropbox/Hard Landing Shared Folder/Hard Landing/sounds/169843__missozzy__zombie-20.wav
[02:14:58.078943] [SoundClipScript] [debug] (thread 3104799) on channel stopped
[02:14:58.078991] [SoundChannel] [debug] (thread 3104799) [7] stop
[02:15:00.266784] [SoundClipScript] [debug] (thread 3104799) on sample stopped
[02:15:00.269937] [SoundClipScript] [debug] (thread 3104799) on channel stopped
[02:15:00.269963] [SoundChannel] [debug] (thread 3104799) [4] stop
[02:15:00.896291] [SoundClipScript] [debug] (thread 3104799) on channel stopped
[02:15:00.896338] [SoundChannel] [debug] (thread 3104799) [6] stop
[02:15:01.713739] [SoundChannel] [debug] (thread 3104799) [4] should downmix to mono, sample rate == 44100
[02:15:01.713775] [SoundChannel] [debug] (thread 3104799) [4] play: /Users/oleg/Dropbox/Hard Landing Shared Folder/Hard Landing/sounds/426229__derjuli__zombie-breath 2.wav
[02:15:01.713790] [SoundClipScript] [debug] (thread 3104799) on channel stopped
[02:15:01.713806] [SoundChannel] [debug] (thread 3104799) [5] stop
[02:15:01.766930] [SoundChannel] [debug] (thread 3104799) [5] play: /Users/oleg/Dropbox/Hard Landing Shared Folder/Hard Landing/sounds/270638__hoerspielwerkstatt-hef__sci-fi2.wav
[02:15:03.081972] [SoundChannel] [debug] (thread 3104799) [6] play: /Users/oleg/Dropbox/Hard Landing Shared Folder/Hard Landing/sounds/169843__missozzy__zombie-20.wav
[02:15:06.240796] [SoundClipScript] [debug] (thread 3104799) on channel stopped
[02:15:06.240851] [SoundChannel] [debug] (thread 3104799) [6] stop
[02:15:06.401082] [SoundClipScript] [debug] (thread 3104799) on channel stopped
[02:15:06.401136] [SoundChannel] [debug] (thread 3104799) [5] stop
[02:15:07.401026] [SoundChannel] [debug] (thread 3104799) [5] play: /Users/oleg/Dropbox/Hard Landing Shared Folder/Hard Landing/sounds/169843__missozzy__zombie-20.wav
[02:15:09.533771] [SoundChannel] [debug] (thread 3104799) [5] pause
[02:15:09.533789] [SoundChannel] [debug] (thread 3104799) [4] pause
[02:15:09.724232] [Analytics] [debug] (thread 3104865) Send http request
[02:15:09.852007] [BaseScriptSystem] [debug] (thread 3104799) Disable
[02:15:09.852162] [Scene] [debug] (thread 3104799) set camera
[02:15:09.862609] [BaseScriptSystem] [debug] (thread 3104799) Unload
[02:15:09.879234] [Analytics] [debug] (thread 3104865) End http request: true
[02:15:12.251818] [BaseScriptSystem] [debug] (thread 3104799) Load
[02:15:12.287297] [Scene] [debug] (thread 3104799) set camera
[02:15:12.303422] [Scene] [debug] (thread 3104799) set camera
[02:15:12.513370] [SoundSystemOpenAL] [debug] (thread 3104799) remove deleted channel
[02:15:12.513408] [SoundSystemOpenAL] [debug] (thread 3104799) remove deleted channel
[02:15:45.912223] [Analytics] [debug] (thread 3104865) Send http request
[02:15:45.976067] [Analytics] [debug] (thread 3104865) End http request: true
[02:15:47.587498] [Scene] [debug] (thread 3104799) set camera
[02:16:31.024432] [Analytics] [debug] (thread 3104865) Send http request
[02:16:31.077888] [Analytics] [debug] (thread 3104865) End http request: true
[02:16:35.670043] [BaseScriptSystem] [debug] (thread 3104799) Unload
[02:16:38.173960] [BaseScriptSystem] [debug] (thread 3104799) Load
[02:16:38.207118] [Scene] [debug] (thread 3104799) set camera
[02:16:38.213112] [BaseScriptSystem] [debug] (thread 3104799) Unload
[02:16:38.224292] [BaseScriptSystem] [debug] (thread 3104799) Load
[02:16:38.826489] [Scene] [debug] (thread 3104799) set camera
[02:16:39.039651] [BaseScriptSystem] [debug] (thread 3104799) Enable
[02:16:39.039699] [Scene] [debug] (thread 3104799) set camera
[02:16:39.039852] [BaseScriptSystem] [debug] (thread 3104799) Enable
[02:16:41.009167] [SoundChannel] [debug] (thread 3104799) [6] play: /Users/oleg/Dropbox/Hard Landing Shared Folder/Hard Landing/sounds/Serv-1.wav
[02:16:42.096993] [SoundChannel] [debug] (thread 3104799) [7] play: /Users/oleg/Dropbox/Hard Landing Shared Folder/Hard Landing/sounds/Serv-1.wav
[02:16:42.097031] [SoundClipScript] [debug] (thread 3104799) on channel stopped
[02:16:42.100279] [SoundChannel] [debug] (thread 3104799) [6] stop
[02:16:43.207917] [SoundChannel] [debug] (thread 3104799) [6] play: /Users/oleg/Dropbox/Hard Landing Shared Folder/Hard Landing/sounds/Serv-1.wav
[02:16:43.207956] [SoundClipScript] [debug] (thread 3104799) on channel stopped
[02:16:43.207974] [SoundChannel] [debug] (thread 3104799) [7] stop
[02:16:44.307860] [SoundClipScript] [debug] (thread 3104799) on sample stopped
[02:16:44.311252] [SoundClipScript] [debug] (thread 3104799) on channel stopped
[02:16:44.311282] [SoundChannel] [debug] (thread 3104799) [6] stop
[02:16:44.360213] [SoundChannel] [debug] (thread 3104799) [6] play: /Users/oleg/Dropbox/Hard Landing Shared Folder/Hard Landing/sounds/Serv-1.wav
[02:16:45.438985] [SoundChannel] [debug] (thread 3104799) [7] play: /Users/oleg/Dropbox/Hard Landing Shared Folder/Hard Landing/sounds/Serv-1.wav
[02:16:45.439023] [SoundClipScript] [debug] (thread 3104799) on channel stopped
[02:16:45.439041] [SoundChannel] [debug] (thread 3104799) [6] stop
[02:16:46.519245] [SoundChannel] [debug] (thread 3104799) [6] play: /Users/oleg/Dropbox/Hard Landing Shared Folder/Hard Landing/sounds/Serv-1.wav
[02:16:46.519285] [SoundClipScript] [debug] (thread 3104799) on channel stopped
[02:16:46.523148] [SoundChannel] [debug] (thread 3104799) [7] stop
[02:16:46.818490] [SoundChannel] [debug] (thread 3104799) [7] play: /Users/oleg/Dropbox/Hard Landing Shared Folder/Hard Landing/sounds/21653__madjad__indonesian-thum-note-2 2.wav
[02:16:47.305722] [SoundClipScript] [debug] (thread 3104799) on channel stopped
[02:16:47.309093] [SoundChannel] [debug] (thread 3104799) [7] stop
[02:16:47.635834] [SoundClipScript] [debug] (thread 3104799) on sample stopped
[02:16:47.639600] [SoundClipScript] [debug] (thread 3104799) on channel stopped
[02:16:47.639626] [SoundChannel] [debug] (thread 3104799) [6] stop
[02:16:47.672151] [SoundChannel] [debug] (thread 3104799) [6] play: /Users/oleg/Dropbox/Hard Landing Shared Folder/Hard Landing/sounds/Serv-1.wav
[02:16:48.750105] [SoundChannel] [debug] (thread 3104799) [7] play: /Users/oleg/Dropbox/Hard Landing Shared Folder/Hard Landing/sounds/Serv-1.wav
[02:16:48.750138] [SoundClipScript] [debug] (thread 3104799) on channel stopped
[02:16:48.753956] [SoundChannel] [debug] (thread 3104799) [6] stop
[02:16:49.861980] [SoundChannel] [debug] (thread 3104799) [6] play: /Users/oleg/Dropbox/Hard Landing Shared Folder/Hard Landing/sounds/Serv-1.wav
[02:16:49.862015] [SoundClipScript] [debug] (thread 3104799) on channel stopped
[02:16:49.865770] [SoundChannel] [debug] (thread 3104799) [7] stop
[02:16:50.991143] [SoundChannel] [debug] (thread 3104799) [7] play: /Users/oleg/Dropbox/Hard Landing Shared Folder/Hard Landing/sounds/Serv-1.wav
[02:16:50.991174] [SoundClipScript] [debug] (thread 3104799) on channel stopped
[02:16:50.991190] [SoundChannel] [debug] (thread 3104799) [6] stop
[02:16:52.092183] [SoundChannel] [debug] (thread 3104799) [6] play: /Users/oleg/Dropbox/Hard Landing Shared Folder/Hard Landing/sounds/Serv-1.wav
[02:16:52.092215] [SoundClipScript] [debug] (thread 3104799) on channel stopped
[02:16:52.095886] [SoundChannel] [debug] (thread 3104799) [7] stop
[02:16:53.202240] [SoundChannel] [debug] (thread 3104799) [7] play: /Users/oleg/Dropbox/Hard Landing Shared Folder/Hard Landing/sounds/Serv-1.wav
[02:16:53.202273] [SoundClipScript] [debug] (thread 3104799) on channel stopped
[02:16:53.202288] [SoundChannel] [debug] (thread 3104799) [6] stop
[02:16:54.322714] [SoundChannel] [debug] (thread 3104799) [6] play: /Users/oleg/Dropbox/Hard Landing Shared Folder/Hard Landing/sounds/Serv-1.wav
[02:16:54.322748] [SoundClipScript] [debug] (thread 3104799) on channel stopped
[02:16:54.322764] [SoundChannel] [debug] (thread 3104799) [7] stop
[02:16:55.430047] [SoundChannel] [debug] (thread 3104799) [7] play: /Users/oleg/Dropbox/Hard Landing Shared Folder/Hard Landing/sounds/Serv-1.wav
[02:16:55.430080] [SoundClipScript] [debug] (thread 3104799) on channel stopped
[02:16:55.430095] [SoundChannel] [debug] (thread 3104799) [6] stop
[02:16:56.552299] [SoundChannel] [debug] (thread 3104799) [6] play: /Users/oleg/Dropbox/Hard Landing Shared Folder/Hard Landing/sounds/Serv-1.wav
[02:16:56.552332] [SoundClipScript] [debug] (thread 3104799) on channel stopped
[02:16:56.552347] [SoundChannel] [debug] (thread 3104799) [7] stop
[02:16:57.017543] [SoundChannel] [debug] (thread 3104799) [7] should downmix to mono, sample rate == 44100
[02:16:57.017571] [SoundChannel] [debug] (thread 3104799) [7] play: /Users/oleg/Dropbox/Hard Landing Shared Folder/Hard Landing/sounds/186104__marcel-farres__elevator.wav
[02:16:57.660895] [SoundChannel] [debug] (thread 3104799) [8] play: /Users/oleg/Dropbox/Hard Landing Shared Folder/Hard Landing/sounds/Serv-1.wav
[02:16:57.660933] [SoundClipScript] [debug] (thread 3104799) on channel stopped
[02:16:57.660948] [SoundChannel] [debug] (thread 3104799) [6] stop
[02:16:58.796583] [SoundChannel] [debug] (thread 3104799) [6] play: /Users/oleg/Dropbox/Hard Landing Shared Folder/Hard Landing/sounds/Serv-1.wav
[02:16:58.796617] [SoundClipScript] [debug] (thread 3104799) on channel stopped
[02:16:58.796642] [SoundChannel] [debug] (thread 3104799) [8] stop
[02:16:59.891684] [SoundChannel] [debug] (thread 3104799) [8] play: /Users/oleg/Dropbox/Hard Landing Shared Folder/Hard Landing/sounds/Serv-1.wav
[02:16:59.891736] [SoundClipScript] [debug] (thread 3104799) on channel stopped
[02:16:59.891762] [SoundChannel] [debug] (thread 3104799) [6] stop
[02:17:01.009413] [SoundChannel] [debug] (thread 3104799) [6] play: /Users/oleg/Dropbox/Hard Landing Shared Folder/Hard Landing/sounds/Serv-1.wav
[02:17:01.009445] [SoundClipScript] [debug] (thread 3104799) on channel stopped
[02:17:01.009468] [SoundChannel] [debug] (thread 3104799) [8] stop
[02:17:01.926854] [SoundChannel] [debug] (thread 3104799) [8] should downmix to mono, sample rate == 44100
[02:17:01.926878] [SoundChannel] [debug] (thread 3104799) [8] play: /Users/oleg/Dropbox/Hard Landing Shared Folder/Hard Landing/sounds/186104__marcel-farres__elevator.wav
[02:17:02.102860] [SoundChannel] [debug] (thread 3104799) [9] play: /Users/oleg/Dropbox/Hard Landing Shared Folder/Hard Landing/sounds/Serv-1.wav
[02:17:02.102893] [SoundClipScript] [debug] (thread 3104799) on channel stopped
[02:17:02.102912] [SoundChannel] [debug] (thread 3104799) [6] stop
[02:17:03.226428] [SoundChannel] [debug] (thread 3104799) [6] play: /Users/oleg/Dropbox/Hard Landing Shared Folder/Hard Landing/sounds/Serv-1.wav
[02:17:03.226471] [SoundClipScript] [debug] (thread 3104799) on channel stopped
[02:17:03.226491] [SoundChannel] [debug] (thread 3104799) [9] stop
[02:17:04.311649] [SoundChannel] [debug] (thread 3104799) [9] play: /Users/oleg/Dropbox/Hard Landing Shared Folder/Hard Landing/sounds/Serv-1.wav
[02:17:04.311702] [SoundClipScript] [debug] (thread 3104799) on channel stopped
[02:17:04.315568] [SoundChannel] [debug] (thread 3104799) [6] stop
[02:17:05.390106] [SoundClipScript] [debug] (thread 3104799) on channel stopped
[02:17:05.393629] [SoundChannel] [debug] (thread 3104799) [7] stop
[02:17:05.428901] [SoundClipScript] [debug] (thread 3104799) on sample stopped
[02:17:05.432282] [SoundClipScript] [debug] (thread 3104799) on channel stopped
[02:17:05.432309] [SoundChannel] [debug] (thread 3104799) [9] stop
[02:17:05.456235] [SoundChannel] [debug] (thread 3104799) [6] play: /Users/oleg/Dropbox/Hard Landing Shared Folder/Hard Landing/sounds/Serv-1.wav
[02:17:06.554904] [SoundChannel] [debug] (thread 3104799) [7] play: /Users/oleg/Dropbox/Hard Landing Shared Folder/Hard Landing/sounds/Serv-1.wav
[02:17:06.554935] [SoundClipScript] [debug] (thread 3104799) on channel stopped
[02:17:06.554959] [SoundChannel] [debug] (thread 3104799) [6] stop
[02:17:07.648786] [SoundChannel] [debug] (thread 3104799) [6] play: /Users/oleg/Dropbox/Hard Landing Shared Folder/Hard Landing/sounds/Serv-1.wav
[02:17:07.648820] [SoundClipScript] [debug] (thread 3104799) on channel stopped
[02:17:07.652940] [SoundChannel] [debug] (thread 3104799) [7] stop
[02:17:08.762079] [SoundClipScript] [debug] (thread 3104799) on sample stopped
[02:17:08.765999] [SoundClipScript] [debug] (thread 3104799) on channel stopped
[02:17:08.766037] [SoundChannel] [debug] (thread 3104799) [6] stop
[02:17:08.800277] [SoundChannel] [debug] (thread 3104799) [6] play: /Users/oleg/Dropbox/Hard Landing Shared Folder/Hard Landing/sounds/Serv-1.wav
[02:17:09.880097] [SoundChannel] [debug] (thread 3104799) [7] play: /Users/oleg/Dropbox/Hard Landing Shared Folder/Hard Landing/sounds/Serv-1.wav
[02:17:09.880130] [SoundClipScript] [debug] (thread 3104799) on channel stopped
[02:17:09.883830] [SoundChannel] [debug] (thread 3104799) [6] stop
[02:17:10.322703] [SoundClipScript] [debug] (thread 3104799) on channel stopped
[02:17:10.322744] [SoundChannel] [debug] (thread 3104799) [8] stop
[02:17:11.064799] [SoundChannel] [debug] (thread 3104799) [6] play: /Users/oleg/Dropbox/Hard Landing Shared Folder/Hard Landing/sounds/Serv-1.wav
[02:17:11.064831] [SoundClipScript] [debug] (thread 3104799) on channel stopped
[02:17:11.064846] [SoundChannel] [debug] (thread 3104799) [7] stop
[02:17:12.111523] [SoundChannel] [debug] (thread 3104799) [7] play: /Users/oleg/Dropbox/Hard Landing Shared Folder/Hard Landing/sounds/Serv-1.wav
[02:17:12.111559] [SoundClipScript] [debug] (thread 3104799) on channel stopped
[02:17:12.115188] [SoundChannel] [debug] (thread 3104799) [6] stop
[02:17:13.209952] [SoundChannel] [debug] (thread 3104799) [6] play: /Users/oleg/Dropbox/Hard Landing Shared Folder/Hard Landing/sounds/Serv-1.wav
[02:17:13.209987] [SoundClipScript] [debug] (thread 3104799) on channel stopped
[02:17:13.213557] [SoundChannel] [debug] (thread 3104799) [7] stop
[02:17:14.341611] [SoundChannel] [debug] (thread 3104799) [7] play: /Users/oleg/Dropbox/Hard Landing Shared Folder/Hard Landing/sounds/Serv-1.wav
[02:17:14.341644] [SoundClipScript] [debug] (thread 3104799) on channel stopped
[02:17:14.341659] [SoundChannel] [debug] (thread 3104799) [6] stop
[02:17:15.466996] [SoundChannel] [debug] (thread 3104799) [6] play: /Users/oleg/Dropbox/Hard Landing Shared Folder/Hard Landing/sounds/Serv-1.wav
[02:17:15.467028] [SoundClipScript] [debug] (thread 3104799) on channel stopped
[02:17:15.467043] [SoundChannel] [debug] (thread 3104799) [7] stop
[02:17:16.554293] [SoundChannel] [debug] (thread 3104799) [7] play: /Users/oleg/Dropbox/Hard Landing Shared Folder/Hard Landing/sounds/Serv-1.wav
[02:17:16.554326] [SoundClipScript] [debug] (thread 3104799) on channel stopped
[02:17:16.557650] [SoundChannel] [debug] (thread 3104799) [6] stop
[02:17:16.844398] [SoundChannel] [debug] (thread 3104799) [6] play: /Users/oleg/Dropbox/Hard Landing Shared Folder/Hard Landing/sounds/342465__pearcewilsonking__tribe-drum-loop.wav
[02:17:16.910476] [SoundChannel] [debug] (thread 3104799) [8] should downmix to mono, sample rate == 44100
[02:17:16.910501] [SoundChannel] [debug] (thread 3104799) [8] play: /Users/oleg/Dropbox/Hard Landing Shared Folder/Hard Landing/sounds/426229__derjuli__zombie-breath 2.wav
[02:17:17.699331] [SoundChannel] [debug] (thread 3104799) [9] play: /Users/oleg/Dropbox/Hard Landing Shared Folder/Hard Landing/sounds/Serv-1.wav
[02:17:17.699382] [SoundClipScript] [debug] (thread 3104799) on channel stopped
[02:17:17.699399] [SoundChannel] [debug] (thread 3104799) [7] stop
[02:17:18.315301] [SoundChannel] [debug] (thread 3104799) [7] play: /Users/oleg/Dropbox/Hard Landing Shared Folder/Hard Landing/sounds/169843__missozzy__zombie-20.wav
[02:17:18.367032] [SoundChannel] [debug] (thread 3104799) [10] play: /Users/oleg/Dropbox/Hard Landing Shared Folder/Hard Landing/sounds/270638__hoerspielwerkstatt-hef__sci-fi2.wav
[02:17:18.817896] [SoundClipScript] [debug] (thread 3104799) on channel stopped
[02:17:18.818202] [SoundChannel] [debug] (thread 3104799) [11] play: /Users/oleg/Dropbox/Hard Landing Shared Folder/Hard Landing/sounds/Serv-1.wav
[02:17:18.818240] [SoundChannel] [debug] (thread 3104799) [9] stop
[02:17:19.896752] [SoundChannel] [debug] (thread 3104799) [9] play: /Users/oleg/Dropbox/Hard Landing Shared Folder/Hard Landing/sounds/Serv-1.wav
[02:17:19.896786] [SoundClipScript] [debug] (thread 3104799) on channel stopped
[02:17:19.900165] [SoundChannel] [debug] (thread 3104799) [11] stop
[02:17:21.013312] [SoundChannel] [debug] (thread 3104799) [11] play: /Users/oleg/Dropbox/Hard Landing Shared Folder/Hard Landing/sounds/Serv-1.wav
[02:17:21.013345] [SoundClipScript] [debug] (thread 3104799) on channel stopped
[02:17:21.013380] [SoundChannel] [debug] (thread 3104799) [9] stop
[02:17:21.477618] [SoundClipScript] [debug] (thread 3104799) on channel stopped
[02:17:21.477656] [SoundChannel] [debug] (thread 3104799) [7] stop
[02:17:22.113735] [SoundClipScript] [debug] (thread 3104799) on sample stopped
[02:17:22.116901] [SoundClipScript] [debug] (thread 3104799) on channel stopped
[02:17:22.116939] [SoundChannel] [debug] (thread 3104799) [11] stop
[02:17:22.164974] [SoundChannel] [debug] (thread 3104799) [7] play: /Users/oleg/Dropbox/Hard Landing Shared Folder/Hard Landing/sounds/Serv-1.wav
[02:17:22.652500] [SoundChannel] [debug] (thread 3104799) [9] play: /Users/oleg/Dropbox/Hard Landing Shared Folder/Hard Landing/sounds/169843__missozzy__zombie-20.wav
[02:17:22.952926] [SoundClipScript] [debug] (thread 3104799) on channel stopped
[02:17:22.952966] [SoundChannel] [debug] (thread 3104799) [10] stop
[02:17:23.253671] [SoundChannel] [debug] (thread 3104799) [10] play: /Users/oleg/Dropbox/Hard Landing Shared Folder/Hard Landing/sounds/Serv-1.wav
[02:17:23.253730] [SoundClipScript] [debug] (thread 3104799) on channel stopped
[02:17:23.253757] [SoundChannel] [debug] (thread 3104799) [7] stop
[02:17:24.363547] [SoundChannel] [debug] (thread 3104799) [7] play: /Users/oleg/Dropbox/Hard Landing Shared Folder/Hard Landing/sounds/Serv-1.wav
[02:17:24.363581] [SoundClipScript] [debug] (thread 3104799) on channel stopped
[02:17:24.363610] [SoundChannel] [debug] (thread 3104799) [10] stop
[02:17:25.074419] [SoundClipScript] [debug] (thread 3104799) on channel stopped
[02:17:25.077399] [SoundChannel] [debug] (thread 3104799) [7] stop
[02:17:25.124606] [SoundClipScript] [debug] (thread 3104799) on channel stopped
[02:17:25.127706] [SoundChannel] [debug] (thread 3104799) [6] stop
[02:17:25.176239] [SoundChannel] [debug] (thread 3104799) [6] play: /Users/oleg/Dropbox/Hard Landing Shared Folder/Hard Landing/sounds/342465__pearcewilsonking__tribe-drum-loop.wav
[02:17:25.748493] [SoundClipScript] [debug] (thread 3104799) on channel stopped
[02:17:25.748530] [SoundChannel] [debug] (thread 3104799) [9] stop
[02:17:26.185036] [SoundChannel] [debug] (thread 3104799) [6] pause
[02:17:26.185057] [SoundChannel] [debug] (thread 3104799) [8] pause
[02:17:26.501847] [BaseScriptSystem] [debug] (thread 3104799) Disable
[02:17:26.502014] [Scene] [debug] (thread 3104799) set camera
[02:17:26.512391] [BaseScriptSystem] [debug] (thread 3104799) Unload
[02:17:28.154561] [Analytics] [debug] (thread 3104865) Send http request
[02:17:28.214294] [Analytics] [debug] (thread 3104865) End http request: true
[02:17:28.942038] [BaseScriptSystem] [debug] (thread 3104799) Load
[02:17:28.974898] [Scene] [debug] (thread 3104799) set camera
[02:17:28.990681] [Scene] [debug] (thread 3104799) set camera
[02:17:29.190420] [SoundSystemOpenAL] [debug] (thread 3104799) remove deleted channel
[02:17:29.190448] [SoundSystemOpenAL] [debug] (thread 3104799) remove deleted channel
[02:18:01.788758] [Clipboard] [debug] (thread 3104799) data changed
[02:18:01.921499] [Clipboard] [debug] (thread 3104799) ends data changed
[02:18:46.642005] [Analytics] [debug] (thread 3104799) Send http request
[02:18:46.812513] [Analytics] [debug] (thread 3104799) End http request: true
[02:18:50.130645] [MANU] [info] (thread 3104799) ::: LOG SESSION ENDED :::
[2020-11-17 02:23:31.694] [MANU] [info] ::: LOG SESSION STARTED :::
[02:23:32.835859] [Analytics] [debug] (thread 3227032) Send http request
[02:23:32.891810] [Analytics] [debug] (thread 3227032) End http request: true
[02:23:42.543468] [BaseScriptSystem] [debug] (thread 3226973) Load
[02:23:42.602568] [Scene] [debug] (thread 3226973) set camera
[02:23:42.639547] [Scene] [debug] (thread 3226973) set camera
[02:24:17.940850] [Analytics] [debug] (thread 3227032) Send http request
[02:24:18.005127] [Analytics] [debug] (thread 3227032) End http request: true
[02:24:18.074016] [BaseScriptSystem] [debug] (thread 3226973) Unload
[02:24:18.088576] [BaseScriptSystem] [debug] (thread 3226973) Load
[02:24:18.745808] [Scene] [debug] (thread 3226973) set camera
[02:24:19.026589] [BaseScriptSystem] [debug] (thread 3226973) Enable
[02:24:19.026637] [Scene] [debug] (thread 3226973) set camera
[02:24:19.026848] [BaseScriptSystem] [debug] (thread 3226973) Enable
[02:24:21.036966] [SoundChannel] [debug] (thread 3226973) [1] play: /Users/oleg/Dropbox/Hard Landing Shared Folder/Hard Landing/sounds/Serv-1.wav
[02:24:22.098114] [SoundChannel] [debug] (thread 3226973) [2] play: /Users/oleg/Dropbox/Hard Landing Shared Folder/Hard Landing/sounds/Serv-1.wav
[02:24:22.098194] [SoundClipScript] [debug] (thread 3226973) on channel stopped
[02:24:22.101937] [SoundChannel] [debug] (thread 3226973) [1] stop
[02:24:23.209915] [SoundChannel] [debug] (thread 3226973) [1] play: /Users/oleg/Dropbox/Hard Landing Shared Folder/Hard Landing/sounds/Serv-1.wav
[02:24:23.209964] [SoundClipScript] [debug] (thread 3226973) on channel stopped
[02:24:23.209988] [SoundChannel] [debug] (thread 3226973) [2] stop
[02:24:24.314983] [SoundClipScript] [debug] (thread 3226973) on sample stopped
[02:24:24.318249] [SoundClipScript] [debug] (thread 3226973) on channel stopped
[02:24:24.318271] [SoundChannel] [debug] (thread 3226973) [1] stop
[02:24:24.351432] [SoundChannel] [debug] (thread 3226973) [1] play: /Users/oleg/Dropbox/Hard Landing Shared Folder/Hard Landing/sounds/Serv-1.wav
[02:24:25.453867] [SoundChannel] [debug] (thread 3226973) [2] play: /Users/oleg/Dropbox/Hard Landing Shared Folder/Hard Landing/sounds/Serv-1.wav
[02:24:25.453898] [SoundClipScript] [debug] (thread 3226973) on channel stopped
[02:24:25.453911] [SoundChannel] [debug] (thread 3226973) [1] stop
[02:24:26.543734] [SoundChannel] [debug] (thread 3226973) [1] play: /Users/oleg/Dropbox/Hard Landing Shared Folder/Hard Landing/sounds/Serv-1.wav
[02:24:26.543766] [SoundClipScript] [debug] (thread 3226973) on channel stopped
[02:24:26.543779] [SoundChannel] [debug] (thread 3226973) [2] stop
[02:24:26.826292] [SoundChannel] [debug] (thread 3226973) [2] play: /Users/oleg/Dropbox/Hard Landing Shared Folder/Hard Landing/sounds/342465__pearcewilsonking__tribe-drum-loop.wav
[02:24:26.925153] [SoundChannel] [debug] (thread 3226973) [3] should downmix to mono, sample rate == 44100
[02:24:26.925177] [SoundChannel] [debug] (thread 3226973) [3] play: /Users/oleg/Dropbox/Hard Landing Shared Folder/Hard Landing/sounds/426229__derjuli__zombie-breath 2.wav
[02:24:27.649088] [SoundChannel] [debug] (thread 3226973) [4] play: /Users/oleg/Dropbox/Hard Landing Shared Folder/Hard Landing/sounds/Serv-1.wav
[02:24:27.649134] [SoundClipScript] [debug] (thread 3226973) on channel stopped
[02:24:27.652628] [SoundChannel] [debug] (thread 3226973) [1] stop
[02:24:28.332536] [SoundChannel] [debug] (thread 3226973) [1] play: /Users/oleg/Dropbox/Hard Landing Shared Folder/Hard Landing/sounds/270638__hoerspielwerkstatt-hef__sci-fi2.wav
[02:24:28.333018] [SoundChannel] [debug] (thread 3226973) [5] play: /Users/oleg/Dropbox/Hard Landing Shared Folder/Hard Landing/sounds/169843__missozzy__zombie-20.wav
[02:24:28.777285] [SoundChannel] [debug] (thread 3226973) [6] play: /Users/oleg/Dropbox/Hard Landing Shared Folder/Hard Landing/sounds/Serv-1.wav
[02:24:28.777326] [SoundClipScript] [debug] (thread 3226973) on channel stopped
[02:24:28.777349] [SoundChannel] [debug] (thread 3226973) [4] stop
[02:24:29.909614] [SoundClipScript] [debug] (thread 3226973) on channel stopped
[02:24:29.909963] [SoundChannel] [debug] (thread 3226973) [4] play: /Users/oleg/Dropbox/Hard Landing Shared Folder/Hard Landing/sounds/Serv-1.wav
[02:24:29.909991] [SoundChannel] [debug] (thread 3226973) [6] stop
[02:24:31.030669] [SoundChannel] [debug] (thread 3226973) [6] play: /Users/oleg/Dropbox/Hard Landing Shared Folder/Hard Landing/sounds/Serv-1.wav
[02:24:31.030719] [SoundClipScript] [debug] (thread 3226973) on channel stopped
[02:24:31.030747] [SoundChannel] [debug] (thread 3226973) [4] stop
[02:24:31.460956] [SoundClipScript] [debug] (thread 3226973) on channel stopped
[02:24:31.464407] [SoundChannel] [debug] (thread 3226973) [5] stop
[02:24:32.124024] [SoundClipScript] [debug] (thread 3226973) on channel stopped
[02:24:32.124337] [SoundChannel] [debug] (thread 3226973) [4] play: /Users/oleg/Dropbox/Hard Landing Shared Folder/Hard Landing/sounds/Serv-1.wav
[02:24:32.127682] [SoundChannel] [debug] (thread 3226973) [6] stop
[02:24:32.644605] [SoundChannel] [debug] (thread 3226973) [5] play: /Users/oleg/Dropbox/Hard Landing Shared Folder/Hard Landing/sounds/169843__missozzy__zombie-20.wav
[02:24:32.967352] [SoundClipScript] [debug] (thread 3226973) on channel stopped
[02:24:32.967403] [SoundChannel] [debug] (thread 3226973) [1] stop
[02:24:33.214787] [SoundChannel] [debug] (thread 3226973) [1] play: /Users/oleg/Dropbox/Hard Landing Shared Folder/Hard Landing/sounds/Serv-1.wav
[02:24:33.214834] [SoundClipScript] [debug] (thread 3226973) on channel stopped
[02:24:33.218349] [SoundChannel] [debug] (thread 3226973) [4] stop
[02:24:34.329544] [SoundClipScript] [debug] (thread 3226973) on sample stopped
[02:24:34.379249] [SoundClipScript] [debug] (thread 3226973) on channel stopped
[02:24:34.379568] [SoundChannel] [debug] (thread 3226973) [4] play: /Users/oleg/Dropbox/Hard Landing Shared Folder/Hard Landing/sounds/Serv-1.wav
[02:24:34.379610] [SoundChannel] [debug] (thread 3226973) [1] stop
[02:24:35.127010] [SoundClipScript] [debug] (thread 3226973) on sample stopped
[02:24:35.130313] [SoundClipScript] [debug] (thread 3226973) on channel stopped
[02:24:35.130338] [SoundChannel] [debug] (thread 3226973) [2] stop
[02:24:35.471244] [SoundChannel] [debug] (thread 3226973) [1] play: /Users/oleg/Dropbox/Hard Landing Shared Folder/Hard Landing/sounds/Serv-1.wav
[02:24:35.471277] [SoundClipScript] [debug] (thread 3226973) on channel stopped
[02:24:35.471297] [SoundChannel] [debug] (thread 3226973) [4] stop
[02:24:35.782890] [SoundClipScript] [debug] (thread 3226973) on channel stopped
[02:24:35.782936] [SoundChannel] [debug] (thread 3226973) [5] stop
[02:24:36.552672] [SoundChannel] [debug] (thread 3226973) [2] play: /Users/oleg/Dropbox/Hard Landing Shared Folder/Hard Landing/sounds/Serv-1.wav
[02:24:36.552703] [SoundClipScript] [debug] (thread 3226973) on channel stopped
[02:24:36.556103] [SoundChannel] [debug] (thread 3226973) [1] stop
[02:24:36.594100] [SoundChannel] [debug] (thread 3226973) [1] should downmix to mono, sample rate == 44100
[02:24:36.594124] [SoundChannel] [debug] (thread 3226973) [1] play: /Users/oleg/Dropbox/Hard Landing Shared Folder/Hard Landing/sounds/426229__derjuli__zombie-breath 2.wav
[02:24:36.594145] [SoundClipScript] [debug] (thread 3226973) on channel stopped
[02:24:36.597519] [SoundChannel] [debug] (thread 3226973) [3] stop
[02:24:36.639123] [SoundChannel] [debug] (thread 3226973) [3] play: /Users/oleg/Dropbox/Hard Landing Shared Folder/Hard Landing/sounds/270638__hoerspielwerkstatt-hef__sci-fi2.wav
[02:24:37.681402] [SoundChannel] [debug] (thread 3226973) [4] play: /Users/oleg/Dropbox/Hard Landing Shared Folder/Hard Landing/sounds/Serv-1.wav
[02:24:37.681434] [SoundClipScript] [debug] (thread 3226973) on channel stopped
[02:24:37.681447] [SoundChannel] [debug] (thread 3226973) [2] stop
[02:24:37.988736] [SoundChannel] [debug] (thread 3226973) [2] play: /Users/oleg/Dropbox/Hard Landing Shared Folder/Hard Landing/sounds/169843__missozzy__zombie-20.wav
[02:24:38.800815] [SoundChannel] [debug] (thread 3226973) [5] play: /Users/oleg/Dropbox/Hard Landing Shared Folder/Hard Landing/sounds/Serv-1.wav
[02:24:38.800846] [SoundClipScript] [debug] (thread 3226973) on channel stopped
[02:24:38.800859] [SoundChannel] [debug] (thread 3226973) [4] stop
[02:24:39.915064] [SoundChannel] [debug] (thread 3226973) [4] play: /Users/oleg/Dropbox/Hard Landing Shared Folder/Hard Landing/sounds/Serv-1.wav
[02:24:39.915109] [SoundClipScript] [debug] (thread 3226973) on channel stopped
[02:24:39.915123] [SoundChannel] [debug] (thread 3226973) [5] stop
[02:24:40.664121] [BaseScriptSystem] [debug] (thread 3226973) Disable
[02:24:40.664314] [Scene] [debug] (thread 3226973) set camera
[02:24:40.675372] [BaseScriptSystem] [debug] (thread 3226973) Unload
[02:24:42.031552] [Analytics] [debug] (thread 3227032) Send http request
[02:24:42.085609] [Analytics] [debug] (thread 3227032) End http request: true
[02:24:43.113628] [BaseScriptSystem] [debug] (thread 3226973) Load
[02:24:43.145585] [Scene] [debug] (thread 3226973) set camera
[02:24:43.236063] [Scene] [debug] (thread 3226973) set camera
[02:24:43.270393] [SoundSystemOpenAL] [debug] (thread 3226973) remove deleted channel
[02:24:43.270419] [SoundSystemOpenAL] [debug] (thread 3226973) remove deleted channel
[02:24:43.270422] [SoundSystemOpenAL] [debug] (thread 3226973) remove deleted channel
[02:24:43.270425] [SoundSystemOpenAL] [debug] (thread 3226973) remove deleted channel
[02:24:43.270430] [SoundChannel] [debug] (thread 3226973) [2] stop
[02:24:43.270437] [SoundChannel] [debug] (thread 3226973) [4] stop
[02:24:43.270442] [SoundChannel] [debug] (thread 3226973) [3] stop
[02:24:43.270447] [SoundChannel] [debug] (thread 3226973) [1] stop
[02:25:27.124912] [Analytics] [debug] (thread 3227032) Send http request
[02:25:27.178140] [Analytics] [debug] (thread 3227032) End http request: true
[02:25:31.233960] [BaseScriptSystem] [debug] (thread 3226973) Unload
[02:25:33.367557] [BaseScriptSystem] [debug] (thread 3226973) Load
[02:25:33.398684] [Scene] [debug] (thread 3226973) set camera
[02:25:33.404275] [Scene] [debug] (thread 3226973) set camera
[02:25:42.721162] [Clipboard] [debug] (thread 3226973) data changed
[02:25:42.721207] [Clipboard] [debug] (thread 3226973) ends data changed
[02:25:48.171695] [Scene] [debug] (thread 3226973) set camera
[02:25:48.198945] [Analytics] [debug] (thread 3227032) Send http request
[02:25:48.256790] [Analytics] [debug] (thread 3227032) End http request: true
[02:26:42.317039] [Analytics] [debug] (thread 3227032) Send http request
[02:26:42.371170] [Analytics] [debug] (thread 3227032) End http request: true
[02:26:47.225631] [BaseScriptSystem] [debug] (thread 3226973) Unload
[02:26:49.359652] [BaseScriptSystem] [debug] (thread 3226973) Load
[02:26:49.391745] [Scene] [debug] (thread 3226973) set camera
[02:26:49.397468] [BaseScriptSystem] [debug] (thread 3226973) Unload
[02:26:49.408847] [BaseScriptSystem] [debug] (thread 3226973) Load
[02:26:50.001510] [Scene] [debug] (thread 3226973) set camera
[02:26:50.181379] [BaseScriptSystem] [debug] (thread 3226973) Enable
[02:26:50.181423] [Scene] [debug] (thread 3226973) set camera
[02:26:50.181601] [BaseScriptSystem] [debug] (thread 3226973) Enable
[02:26:52.134201] [SoundChannel] [debug] (thread 3226973) [1] play: /Users/oleg/Dropbox/Hard Landing Shared Folder/Hard Landing/sounds/Serv-1.wav
[02:26:53.203908] [SoundChannel] [debug] (thread 3226973) [2] play: /Users/oleg/Dropbox/Hard Landing Shared Folder/Hard Landing/sounds/Serv-1.wav
[02:26:53.203946] [SoundClipScript] [debug] (thread 3226973) on channel stopped
[02:26:53.207452] [SoundChannel] [debug] (thread 3226973) [1] stop
[02:26:54.314815] [SoundChannel] [debug] (thread 3226973) [1] play: /Users/oleg/Dropbox/Hard Landing Shared Folder/Hard Landing/sounds/Serv-1.wav
[02:26:54.314853] [SoundClipScript] [debug] (thread 3226973) on channel stopped
[02:26:54.318394] [SoundChannel] [debug] (thread 3226973) [2] stop
[02:26:55.434659] [SoundChannel] [debug] (thread 3226973) [2] play: /Users/oleg/Dropbox/Hard Landing Shared Folder/Hard Landing/sounds/Serv-1.wav
[02:26:55.434698] [SoundClipScript] [debug] (thread 3226973) on channel stopped
[02:26:55.434715] [SoundChannel] [debug] (thread 3226973) [1] stop
[02:26:56.547909] [SoundChannel] [debug] (thread 3226973) [1] play: /Users/oleg/Dropbox/Hard Landing Shared Folder/Hard Landing/sounds/Serv-1.wav
[02:26:56.547948] [SoundClipScript] [debug] (thread 3226973) on channel stopped
[02:26:56.547964] [SoundChannel] [debug] (thread 3226973) [2] stop
[02:26:57.633712] [SoundChannel] [debug] (thread 3226973) [2] play: /Users/oleg/Dropbox/Hard Landing Shared Folder/Hard Landing/sounds/Serv-1.wav
[02:26:57.633751] [SoundClipScript] [debug] (thread 3226973) on channel stopped
[02:26:57.633768] [SoundChannel] [debug] (thread 3226973) [1] stop
[02:26:57.749537] [SoundChannel] [debug] (thread 3226973) [1] play: /Users/oleg/Dropbox/Hard Landing Shared Folder/Hard Landing/sounds/342465__pearcewilsonking__tribe-drum-loop.wav
[02:26:57.840220] [SoundChannel] [debug] (thread 3226973) [3] should downmix to mono, sample rate == 44100
[02:26:57.840251] [SoundChannel] [debug] (thread 3226973) [3] play: /Users/oleg/Dropbox/Hard Landing Shared Folder/Hard Landing/sounds/426229__derjuli__zombie-breath 2.wav
[02:26:58.749322] [SoundClipScript] [debug] (thread 3226973) on sample stopped
[02:26:58.752831] [SoundClipScript] [debug] (thread 3226973) on channel stopped
[02:26:58.752856] [SoundChannel] [debug] (thread 3226973) [2] stop
[02:26:58.793995] [SoundChannel] [debug] (thread 3226973) [2] play: /Users/oleg/Dropbox/Hard Landing Shared Folder/Hard Landing/sounds/Serv-1.wav
[02:26:59.273815] [SoundChannel] [debug] (thread 3226973) [4] play: /Users/oleg/Dropbox/Hard Landing Shared Folder/Hard Landing/sounds/270638__hoerspielwerkstatt-hef__sci-fi2.wav
[02:26:59.274304] [SoundChannel] [debug] (thread 3226973) [5] play: /Users/oleg/Dropbox/Hard Landing Shared Folder/Hard Landing/sounds/169843__missozzy__zombie-20.wav
[02:26:59.875497] [SoundChannel] [debug] (thread 3226973) [6] play: /Users/oleg/Dropbox/Hard Landing Shared Folder/Hard Landing/sounds/Serv-1.wav
[02:26:59.875553] [SoundClipScript] [debug] (thread 3226973) on channel stopped
[02:26:59.875590] [SoundChannel] [debug] (thread 3226973) [2] stop
[02:27:01.003914] [SoundChannel] [debug] (thread 3226973) [2] play: /Users/oleg/Dropbox/Hard Landing Shared Folder/Hard Landing/sounds/Serv-1.wav
[02:27:01.003953] [SoundClipScript] [debug] (thread 3226973) on channel stopped
[02:27:01.003993] [SoundChannel] [debug] (thread 3226973) [6] stop
[02:27:02.133720] [SoundClipScript] [debug] (thread 3226973) on channel stopped
[02:27:02.134044] [SoundChannel] [debug] (thread 3226973) [6] play: /Users/oleg/Dropbox/Hard Landing Shared Folder/Hard Landing/sounds/Serv-1.wav
[02:27:02.134074] [SoundChannel] [debug] (thread 3226973) [2] stop
[02:27:02.376085] [SoundClipScript] [debug] (thread 3226973) on channel stopped
[02:27:02.379562] [SoundChannel] [debug] (thread 3226973) [5] stop
[02:27:03.220817] [SoundChannel] [debug] (thread 3226973) [2] play: /Users/oleg/Dropbox/Hard Landing Shared Folder/Hard Landing/sounds/Serv-1.wav
[02:27:03.220858] [SoundClipScript] [debug] (thread 3226973) on channel stopped
[02:27:03.220887] [SoundChannel] [debug] (thread 3226973) [6] stop
[02:27:03.561137] [SoundChannel] [debug] (thread 3226973) [5] play: /Users/oleg/Dropbox/Hard Landing Shared Folder/Hard Landing/sounds/169843__missozzy__zombie-20.wav
[02:27:03.861961] [SoundClipScript] [debug] (thread 3226973) on channel stopped
[02:27:03.865358] [SoundChannel] [debug] (thread 3226973) [4] stop
[02:27:04.324024] [SoundChannel] [debug] (thread 3226973) [4] play: /Users/oleg/Dropbox/Hard Landing Shared Folder/Hard Landing/sounds/Serv-1.wav
[02:27:04.324072] [SoundClipScript] [debug] (thread 3226973) on channel stopped
[02:27:04.324100] [SoundChannel] [debug] (thread 3226973) [2] stop
[02:27:05.442747] [SoundChannel] [debug] (thread 3226973) [2] play: /Users/oleg/Dropbox/Hard Landing Shared Folder/Hard Landing/sounds/Serv-1.wav
[02:27:05.442785] [SoundClipScript] [debug] (thread 3226973) on channel stopped
[02:27:05.442816] [SoundChannel] [debug] (thread 3226973) [4] stop
[02:27:06.041521] [SoundClipScript] [debug] (thread 3226973) on channel stopped
[02:27:06.041563] [SoundChannel] [debug] (thread 3226973) [1] stop
[02:27:06.075540] [SoundChannel] [debug] (thread 3226973) [1] play: /Users/oleg/Dropbox/Hard Landing Shared Folder/Hard Landing/sounds/342465__pearcewilsonking__tribe-drum-loop.wav
[02:27:06.558624] [SoundChannel] [debug] (thread 3226973) [4] play: /Users/oleg/Dropbox/Hard Landing Shared Folder/Hard Landing/sounds/Serv-1.wav
[02:27:06.558666] [SoundClipScript] [debug] (thread 3226973) on channel stopped
[02:27:06.561951] [SoundChannel] [debug] (thread 3226973) [2] stop
[02:27:06.677713] [SoundClipScript] [debug] (thread 3226973) on channel stopped
[02:27:06.677751] [SoundChannel] [debug] (thread 3226973) [5] stop
[02:27:07.540748] [SoundChannel] [debug] (thread 3226973) [2] should downmix to mono, sample rate == 44100
[02:27:07.540783] [SoundChannel] [debug] (thread 3226973) [2] play: /Users/oleg/Dropbox/Hard Landing Shared Folder/Hard Landing/sounds/426229__derjuli__zombie-breath 2.wav
[02:27:07.540798] [SoundClipScript] [debug] (thread 3226973) on channel stopped
[02:27:07.540812] [SoundChannel] [debug] (thread 3226973) [3] stop
[02:27:07.590132] [SoundChannel] [debug] (thread 3226973) [3] play: /Users/oleg/Dropbox/Hard Landing Shared Folder/Hard Landing/sounds/270638__hoerspielwerkstatt-hef__sci-fi2.wav
[02:27:07.676750] [SoundClipScript] [debug] (thread 3226973) on channel stopped
[02:27:07.677052] [SoundChannel] [debug] (thread 3226973) [5] play: /Users/oleg/Dropbox/Hard Landing Shared Folder/Hard Landing/sounds/Serv-1.wav
[02:27:07.677075] [SoundChannel] [debug] (thread 3226973) [4] stop
[02:27:08.767560] [SoundChannel] [debug] (thread 3226973) [4] play: /Users/oleg/Dropbox/Hard Landing Shared Folder/Hard Landing/sounds/Serv-1.wav
[02:27:08.767636] [SoundClipScript] [debug] (thread 3226973) on channel stopped
[02:27:08.770939] [SoundChannel] [debug] (thread 3226973) [5] stop
[02:27:08.918717] [SoundChannel] [debug] (thread 3226973) [5] play: /Users/oleg/Dropbox/Hard Landing Shared Folder/Hard Landing/sounds/169843__missozzy__zombie-20.wav
[02:27:09.900326] [SoundChannel] [debug] (thread 3226973) [6] play: /Users/oleg/Dropbox/Hard Landing Shared Folder/Hard Landing/sounds/Serv-1.wav
[02:27:09.900366] [SoundClipScript] [debug] (thread 3226973) on channel stopped
[02:27:09.900396] [SoundChannel] [debug] (thread 3226973) [4] stop
[02:27:11.031188] [SoundChannel] [debug] (thread 3226973) [4] play: /Users/oleg/Dropbox/Hard Landing Shared Folder/Hard Landing/sounds/Serv-1.wav
[02:27:11.031220] [SoundClipScript] [debug] (thread 3226973) on channel stopped
[02:27:11.031258] [SoundChannel] [debug] (thread 3226973) [6] stop
[02:27:12.073644] [SoundClipScript] [debug] (thread 3226973) on channel stopped
[02:27:12.073699] [SoundChannel] [debug] (thread 3226973) [5] stop
[02:27:12.108401] [SoundChannel] [debug] (thread 3226973) [5] play: /Users/oleg/Dropbox/Hard Landing Shared Folder/Hard Landing/sounds/Serv-1.wav
[02:27:12.108432] [SoundClipScript] [debug] (thread 3226973) on channel stopped
[02:27:12.108461] [SoundChannel] [debug] (thread 3226973) [4] stop
[02:27:12.198210] [SoundClipScript] [debug] (thread 3226973) on channel stopped
[02:27:12.198254] [SoundChannel] [debug] (thread 3226973) [3] stop
[02:27:13.237318] [SoundChannel] [debug] (thread 3226973) [4] play: /Users/oleg/Dropbox/Hard Landing Shared Folder/Hard Landing/sounds/169843__missozzy__zombie-20.wav
[02:27:13.237580] [SoundChannel] [debug] (thread 3226973) [3] play: /Users/oleg/Dropbox/Hard Landing Shared Folder/Hard Landing/sounds/Serv-1.wav
[02:27:13.237595] [SoundClipScript] [debug] (thread 3226973) on channel stopped
[02:27:13.237621] [SoundChannel] [debug] (thread 3226973) [5] stop
[02:27:14.320230] [SoundClipScript] [debug] (thread 3226973) on channel stopped
[02:27:14.320273] [SoundChannel] [debug] (thread 3226973) [1] stop
[02:27:14.356858] [SoundChannel] [debug] (thread 3226973) [1] play: /Users/oleg/Dropbox/Hard Landing Shared Folder/Hard Landing/sounds/Serv-1.wav
[02:27:14.356897] [SoundClipScript] [debug] (thread 3226973) on channel stopped
[02:27:14.358890] [SoundChannel] [debug] (thread 3226973) [5] play: /Users/oleg/Dropbox/Hard Landing Shared Folder/Hard Landing/sounds/342465__pearcewilsonking__tribe-drum-loop.wav
[02:27:14.358907] [SoundChannel] [debug] (thread 3226973) [3] stop
[02:27:15.447037] [SoundChannel] [debug] (thread 3226973) [3] play: /Users/oleg/Dropbox/Hard Landing Shared Folder/Hard Landing/sounds/Serv-1.wav
[02:27:15.447072] [SoundClipScript] [debug] (thread 3226973) on channel stopped
[02:27:15.447103] [SoundChannel] [debug] (thread 3226973) [1] stop
[02:27:15.860130] [SoundChannel] [debug] (thread 3226973) [1] play: /Users/oleg/Dropbox/Hard Landing Shared Folder/Hard Landing/sounds/270638__hoerspielwerkstatt-hef__sci-fi2.wav
[02:27:16.343532] [SoundClipScript] [debug] (thread 3226973) on channel stopped
[02:27:16.343574] [SoundChannel] [debug] (thread 3226973) [4] stop
[02:27:16.564617] [SoundChannel] [debug] (thread 3226973) [4] play: /Users/oleg/Dropbox/Hard Landing Shared Folder/Hard Landing/sounds/Serv-1.wav
[02:27:16.564653] [SoundClipScript] [debug] (thread 3226973) on channel stopped
[02:27:16.564673] [SoundChannel] [debug] (thread 3226973) [3] stop
[02:27:17.207361] [SoundChannel] [debug] (thread 3226973) [3] should downmix to mono, sample rate == 44100
[02:27:17.207390] [SoundChannel] [debug] (thread 3226973) [3] play: /Users/oleg/Dropbox/Hard Landing Shared Folder/Hard Landing/sounds/426229__derjuli__zombie-breath 2.wav
[02:27:17.207417] [SoundClipScript] [debug] (thread 3226973) on channel stopped
[02:27:17.207430] [SoundChannel] [debug] (thread 3226973) [2] stop
[02:27:17.685129] [SoundChannel] [debug] (thread 3226973) [2] play: /Users/oleg/Dropbox/Hard Landing Shared Folder/Hard Landing/sounds/Serv-1.wav
[02:27:17.685167] [SoundClipScript] [debug] (thread 3226973) on channel stopped
[02:27:17.685209] [SoundChannel] [debug] (thread 3226973) [4] stop
[02:27:18.592273] [SoundChannel] [debug] (thread 3226973) [4] play: /Users/oleg/Dropbox/Hard Landing Shared Folder/Hard Landing/sounds/169843__missozzy__zombie-20.wav
[02:27:18.785947] [SoundChannel] [debug] (thread 3226973) [6] play: /Users/oleg/Dropbox/Hard Landing Shared Folder/Hard Landing/sounds/Serv-1.wav
[02:27:18.785984] [SoundClipScript] [debug] (thread 3226973) on channel stopped
[02:27:18.786013] [SoundChannel] [debug] (thread 3226973) [2] stop
[02:27:19.885366] [SoundClipScript] [debug] (thread 3226973) on channel stopped
[02:27:19.885669] [SoundChannel] [debug] (thread 3226973) [2] play: /Users/oleg/Dropbox/Hard Landing Shared Folder/Hard Landing/sounds/Serv-1.wav
[02:27:19.888846] [SoundChannel] [debug] (thread 3226973) [6] stop
[02:27:20.467287] [SoundClipScript] [debug] (thread 3226973) on channel stopped
[02:27:20.467330] [SoundChannel] [debug] (thread 3226973) [1] stop
[02:27:20.994639] [SoundClipScript] [debug] (thread 3226973) on sample stopped
[02:27:21.039874] [SoundChannel] [debug] (thread 3226973) [1] play: /Users/oleg/Dropbox/Hard Landing Shared Folder/Hard Landing/sounds/Serv-1.wav
[02:27:21.039916] [SoundClipScript] [debug] (thread 3226973) on channel stopped
[02:27:21.039935] [SoundChannel] [debug] (thread 3226973) [2] stop
[02:27:21.725063] [SoundClipScript] [debug] (thread 3226973) on channel stopped
[02:27:21.725111] [SoundChannel] [debug] (thread 3226973) [4] stop
[02:27:22.140895] [SoundChannel] [debug] (thread 3226973) [2] play: /Users/oleg/Dropbox/Hard Landing Shared Folder/Hard Landing/sounds/Serv-1.wav
[02:27:22.140928] [SoundClipScript] [debug] (thread 3226973) on channel stopped
[02:27:22.140951] [SoundChannel] [debug] (thread 3226973) [1] stop
[02:27:22.654688] [SoundClipScript] [debug] (thread 3226973) on sample stopped
[02:27:22.658213] [SoundClipScript] [debug] (thread 3226973) on channel stopped
[02:27:22.658235] [SoundChannel] [debug] (thread 3226973) [5] stop
[02:27:22.873470] [SoundChannel] [debug] (thread 3226973) [1] play: /Users/oleg/Dropbox/Hard Landing Shared Folder/Hard Landing/sounds/169843__missozzy__zombie-20.wav
[02:27:23.230433] [SoundChannel] [debug] (thread 3226973) [4] play: /Users/oleg/Dropbox/Hard Landing Shared Folder/Hard Landing/sounds/Serv-1.wav
[02:27:23.230474] [SoundClipScript] [debug] (thread 3226973) on channel stopped
[02:27:23.233974] [SoundChannel] [debug] (thread 3226973) [2] stop
[02:27:24.170420] [SoundChannel] [debug] (thread 3226973) [2] play: /Users/oleg/Dropbox/Hard Landing Shared Folder/Hard Landing/sounds/270638__hoerspielwerkstatt-hef__sci-fi2.wav
[02:27:24.332949] [SoundClipScript] [debug] (thread 3226973) on sample stopped
[02:27:24.376764] [SoundChannel] [debug] (thread 3226973) [5] play: /Users/oleg/Dropbox/Hard Landing Shared Folder/Hard Landing/sounds/Serv-1.wav
[02:27:24.376800] [SoundClipScript] [debug] (thread 3226973) on channel stopped
[02:27:24.376824] [SoundChannel] [debug] (thread 3226973) [4] stop
[02:27:25.448401] [SoundChannel] [debug] (thread 3226973) [4] play: /Users/oleg/Dropbox/Hard Landing Shared Folder/Hard Landing/sounds/Serv-1.wav
[02:27:25.448434] [SoundClipScript] [debug] (thread 3226973) on channel stopped
[02:27:25.451852] [SoundChannel] [debug] (thread 3226973) [5] stop
[02:27:25.995969] [SoundClipScript] [debug] (thread 3226973) on sample stopped
[02:27:26.035098] [SoundClipScript] [debug] (thread 3226973) on channel stopped
[02:27:26.035135] [SoundChannel] [debug] (thread 3226973) [1] stop
[02:27:26.557353] [SoundChannel] [debug] (thread 3226973) [1] play: /Users/oleg/Dropbox/Hard Landing Shared Folder/Hard Landing/sounds/Serv-1.wav
[02:27:26.557382] [SoundClipScript] [debug] (thread 3226973) on channel stopped
[02:27:26.560686] [SoundChannel] [debug] (thread 3226973) [4] stop
[02:27:26.861988] [SoundChannel] [debug] (thread 3226973) [4] should downmix to mono, sample rate == 44100
[02:27:26.862014] [SoundChannel] [debug] (thread 3226973) [4] play: /Users/oleg/Dropbox/Hard Landing Shared Folder/Hard Landing/sounds/426229__derjuli__zombie-breath 2.wav
[02:27:26.862053] [SoundClipScript] [debug] (thread 3226973) on channel stopped
[02:27:26.862066] [SoundChannel] [debug] (thread 3226973) [3] stop
[02:27:27.689645] [SoundChannel] [debug] (thread 3226973) [3] play: /Users/oleg/Dropbox/Hard Landing Shared Folder/Hard Landing/sounds/Serv-1.wav
[02:27:27.689687] [SoundClipScript] [debug] (thread 3226973) on channel stopped
[02:27:27.689705] [SoundChannel] [debug] (thread 3226973) [1] stop
[02:27:28.246172] [SoundChannel] [debug] (thread 3226973) [1] play: /Users/oleg/Dropbox/Hard Landing Shared Folder/Hard Landing/sounds/169843__missozzy__zombie-20.wav
[02:27:28.781393] [SoundChannel] [debug] (thread 3226973) [5] play: /Users/oleg/Dropbox/Hard Landing Shared Folder/Hard Landing/sounds/Serv-1.wav
[02:27:28.781431] [SoundClipScript] [debug] (thread 3226973) on channel stopped
[02:27:28.781454] [SoundClipScript] [debug] (thread 3226973) on channel stopped
[02:27:28.781465] [SoundChannel] [debug] (thread 3226973) [2] stop
[02:27:28.784983] [SoundChannel] [debug] (thread 3226973) [3] stop
[02:27:29.906429] [SoundChannel] [debug] (thread 3226973) [2] play: /Users/oleg/Dropbox/Hard Landing Shared Folder/Hard Landing/sounds/Serv-1.wav
[02:27:29.906479] [SoundClipScript] [debug] (thread 3226973) on channel stopped
[02:27:29.906512] [SoundChannel] [debug] (thread 3226973) [5] stop
[02:27:30.978065] [SoundChannel] [debug] (thread 3226973) [3] play: /Users/oleg/Dropbox/Hard Landing Shared Folder/Hard Landing/sounds/342465__pearcewilsonking__tribe-drum-loop.wav
[02:27:31.027923] [SoundChannel] [debug] (thread 3226973) [5] play: /Users/oleg/Dropbox/Hard Landing Shared Folder/Hard Landing/sounds/Serv-1.wav
[02:27:31.027970] [SoundClipScript] [debug] (thread 3226973) on channel stopped
[02:27:31.027994] [SoundChannel] [debug] (thread 3226973) [2] stop
[02:27:31.409694] [SoundClipScript] [debug] (thread 3226973) on channel stopped
[02:27:31.409739] [SoundChannel] [debug] (thread 3226973) [1] stop
[02:27:32.134065] [SoundChannel] [debug] (thread 3226973) [1] play: /Users/oleg/Dropbox/Hard Landing Shared Folder/Hard Landing/sounds/Serv-1.wav
[02:27:32.134102] [SoundClipScript] [debug] (thread 3226973) on channel stopped
[02:27:32.134135] [SoundChannel] [debug] (thread 3226973) [5] stop
[02:27:32.464302] [SoundChannel] [debug] (thread 3226973) [2] play: /Users/oleg/Dropbox/Hard Landing Shared Folder/Hard Landing/sounds/270638__hoerspielwerkstatt-hef__sci-fi2.wav
[02:27:32.562467] [SoundChannel] [debug] (thread 3226973) [5] play: /Users/oleg/Dropbox/Hard Landing Shared Folder/Hard Landing/sounds/169843__missozzy__zombie-20.wav
[02:27:33.233123] [SoundChannel] [debug] (thread 3226973) [6] play: /Users/oleg/Dropbox/Hard Landing Shared Folder/Hard Landing/sounds/Serv-1.wav
[02:27:33.233168] [SoundClipScript] [debug] (thread 3226973) on channel stopped
[02:27:33.233202] [SoundChannel] [debug] (thread 3226973) [1] stop
[02:27:34.349104] [SoundChannel] [debug] (thread 3226973) [1] play: /Users/oleg/Dropbox/Hard Landing Shared Folder/Hard Landing/sounds/Serv-1.wav
[02:27:34.349142] [SoundClipScript] [debug] (thread 3226973) on channel stopped
[02:27:34.349183] [SoundChannel] [debug] (thread 3226973) [6] stop
[02:27:34.711969] [BaseScriptSystem] [debug] (thread 3226973) Disable
[02:27:34.712134] [Scene] [debug] (thread 3226973) set camera
[02:27:34.722825] [BaseScriptSystem] [debug] (thread 3226973) Unload
[02:27:36.441831] [Analytics] [debug] (thread 3227032) Send http request
[02:27:36.502248] [Analytics] [debug] (thread 3227032) End http request: true
[02:27:37.172753] [BaseScriptSystem] [debug] (thread 3226973) Load
[02:27:37.206619] [Scene] [debug] (thread 3226973) set camera
[02:27:37.376643] [Scene] [debug] (thread 3226973) set camera
[02:27:37.403002] [SoundSystemOpenAL] [debug] (thread 3226973) remove deleted channel
[02:27:37.403037] [SoundSystemOpenAL] [debug] (thread 3226973) remove deleted channel
[02:27:37.403045] [SoundSystemOpenAL] [debug] (thread 3226973) remove deleted channel
[02:27:37.403052] [SoundSystemOpenAL] [debug] (thread 3226973) remove deleted channel
[02:27:37.403083] [SoundSystemOpenAL] [debug] (thread 3226973) remove deleted channel
[02:27:37.403092] [SoundChannel] [debug] (thread 3226973) [1] stop
[02:27:37.403114] [SoundChannel] [debug] (thread 3226973) [2] stop
[02:27:37.403143] [SoundChannel] [debug] (thread 3226973) [5] stop
[02:27:37.403161] [SoundChannel] [debug] (thread 3226973) [3] stop
[02:27:37.403174] [SoundChannel] [debug] (thread 3226973) [4] stop
[02:29:03.579438] [Analytics] [debug] (thread 3227032) Send http request
[02:29:03.809935] [Analytics] [debug] (thread 3227032) End http request: true
[02:29:07.154774] [BaseScriptSystem] [debug] (thread 3226973) Unload
[02:29:09.314340] [BaseScriptSystem] [debug] (thread 3226973) Load
[02:29:09.347731] [Scene] [debug] (thread 3226973) set camera
[02:29:09.353683] [Scene] [debug] (thread 3226973) set camera
[02:29:18.828563] [Analytics] [debug] (thread 3227032) Send http request
[02:29:18.887604] [Analytics] [debug] (thread 3227032) End http request: true
[02:29:19.530762] [Scene] [debug] (thread 3226973) set camera
[02:29:51.925873] [Analytics] [debug] (thread 3227032) Send http request
[02:29:51.977538] [Analytics] [debug] (thread 3227032) End http request: true
[02:29:56.730414] [BaseScriptSystem] [debug] (thread 3226973) Unload
[02:29:58.950472] [BaseScriptSystem] [debug] (thread 3226973) Load
[02:29:58.983672] [Scene] [debug] (thread 3226973) set camera
[02:29:58.991010] [BaseScriptSystem] [debug] (thread 3226973) Unload
[02:29:59.002634] [BaseScriptSystem] [debug] (thread 3226973) Load
[02:29:59.659889] [Scene] [debug] (thread 3226973) set camera
[02:29:59.867479] [BaseScriptSystem] [debug] (thread 3226973) Enable
[02:29:59.867525] [Scene] [debug] (thread 3226973) set camera
[02:29:59.867748] [BaseScriptSystem] [debug] (thread 3226973) Enable
[02:30:01.753334] [SoundChannel] [debug] (thread 3226973) [1] play: /Users/oleg/Dropbox/Hard Landing Shared Folder/Hard Landing/sounds/Serv-1.wav
[02:30:02.822209] [SoundChannel] [debug] (thread 3226973) [2] play: /Users/oleg/Dropbox/Hard Landing Shared Folder/Hard Landing/sounds/Serv-1.wav
[02:30:02.822247] [SoundClipScript] [debug] (thread 3226973) on channel stopped
[02:30:02.825349] [SoundChannel] [debug] (thread 3226973) [1] stop
[02:30:03.939152] [SoundChannel] [debug] (thread 3226973) [1] play: /Users/oleg/Dropbox/Hard Landing Shared Folder/Hard Landing/sounds/Serv-1.wav
[02:30:03.939191] [SoundClipScript] [debug] (thread 3226973) on channel stopped
[02:30:03.939207] [SoundChannel] [debug] (thread 3226973) [2] stop
[02:30:05.039444] [SoundChannel] [debug] (thread 3226973) [2] play: /Users/oleg/Dropbox/Hard Landing Shared Folder/Hard Landing/sounds/Serv-1.wav
[02:30:05.039481] [SoundClipScript] [debug] (thread 3226973) on channel stopped
[02:30:05.039498] [SoundChannel] [debug] (thread 3226973) [1] stop
[02:30:06.172238] [SoundChannel] [debug] (thread 3226973) [1] play: /Users/oleg/Dropbox/Hard Landing Shared Folder/Hard Landing/sounds/Serv-1.wav
[02:30:06.172277] [SoundClipScript] [debug] (thread 3226973) on channel stopped
[02:30:06.172293] [SoundChannel] [debug] (thread 3226973) [2] stop
[02:30:07.194159] [SoundChannel] [debug] (thread 3226973) [2] play: /Users/oleg/Dropbox/Hard Landing Shared Folder/Hard Landing/sounds/342465__pearcewilsonking__tribe-drum-loop.wav
[02:30:07.286090] [SoundChannel] [debug] (thread 3226973) [4] should downmix to mono, sample rate == 44100
[02:30:07.286122] [SoundChannel] [debug] (thread 3226973) [4] play: /Users/oleg/Dropbox/Hard Landing Shared Folder/Hard Landing/sounds/426229__derjuli__zombie-breath 2.wav
[02:30:07.286378] [SoundChannel] [debug] (thread 3226973) [3] play: /Users/oleg/Dropbox/Hard Landing Shared Folder/Hard Landing/sounds/Serv-1.wav
[02:30:07.286403] [SoundClipScript] [debug] (thread 3226973) on channel stopped
[02:30:07.286418] [SoundChannel] [debug] (thread 3226973) [1] stop
[02:30:08.378015] [SoundChannel] [debug] (thread 3226973) [1] play: /Users/oleg/Dropbox/Hard Landing Shared Folder/Hard Landing/sounds/Serv-1.wav
[02:30:08.378062] [SoundClipScript] [debug] (thread 3226973) on channel stopped
[02:30:08.378110] [SoundChannel] [debug] (thread 3226973) [3] stop
[02:30:08.722952] [SoundChannel] [debug] (thread 3226973) [5] play: /Users/oleg/Dropbox/Hard Landing Shared Folder/Hard Landing/sounds/169843__missozzy__zombie-20.wav
[02:30:08.724177] [SoundChannel] [debug] (thread 3226973) [3] play: /Users/oleg/Dropbox/Hard Landing Shared Folder/Hard Landing/sounds/270638__hoerspielwerkstatt-hef__sci-fi2.wav
[02:30:09.497619] [SoundChannel] [debug] (thread 3226973) [6] play: /Users/oleg/Dropbox/Hard Landing Shared Folder/Hard Landing/sounds/Serv-1.wav
[02:30:09.497664] [SoundClipScript] [debug] (thread 3226973) on channel stopped
[02:30:09.497689] [SoundChannel] [debug] (thread 3226973) [1] stop
[02:30:10.601979] [SoundClipScript] [debug] (thread 3226973) on sample stopped
[02:30:10.642881] [SoundClipScript] [debug] (thread 3226973) on channel stopped
[02:30:10.643187] [SoundChannel] [debug] (thread 3226973) [1] play: /Users/oleg/Dropbox/Hard Landing Shared Folder/Hard Landing/sounds/Serv-1.wav
[02:30:10.643223] [SoundChannel] [debug] (thread 3226973) [6] stop
[02:30:11.719124] [SoundChannel] [debug] (thread 3226973) [6] play: /Users/oleg/Dropbox/Hard Landing Shared Folder/Hard Landing/sounds/Serv-1.wav
[02:30:11.719157] [SoundClipScript] [debug] (thread 3226973) on channel stopped
[02:30:11.722959] [SoundChannel] [debug] (thread 3226973) [1] stop
[02:30:11.844628] [SoundClipScript] [debug] (thread 3226973) on channel stopped
[02:30:11.844677] [SoundChannel] [debug] (thread 3226973) [5] stop
[02:30:12.828474] [SoundChannel] [debug] (thread 3226973) [1] play: /Users/oleg/Dropbox/Hard Landing Shared Folder/Hard Landing/sounds/Serv-1.wav
[02:30:12.828505] [SoundClipScript] [debug] (thread 3226973) on channel stopped
[02:30:12.832110] [SoundChannel] [debug] (thread 3226973) [6] stop
[02:30:13.019214] [SoundChannel] [debug] (thread 3226973) [5] play: /Users/oleg/Dropbox/Hard Landing Shared Folder/Hard Landing/sounds/169843__missozzy__zombie-20.wav
[02:30:13.330880] [SoundClipScript] [debug] (thread 3226973) on channel stopped
[02:30:13.330924] [SoundChannel] [debug] (thread 3226973) [3] stop
[02:30:13.939432] [SoundChannel] [debug] (thread 3226973) [3] play: /Users/oleg/Dropbox/Hard Landing Shared Folder/Hard Landing/sounds/Serv-1.wav
[02:30:13.939470] [SoundClipScript] [debug] (thread 3226973) on channel stopped
[02:30:13.942888] [SoundChannel] [debug] (thread 3226973) [1] stop
[02:30:15.050940] [SoundClipScript] [debug] (thread 3226973) on sample stopped
[02:30:15.091121] [SoundClipScript] [debug] (thread 3226973) on channel stopped
[02:30:15.091429] [SoundChannel] [debug] (thread 3226973) [1] play: /Users/oleg/Dropbox/Hard Landing Shared Folder/Hard Landing/sounds/Serv-1.wav
[02:30:15.091455] [SoundChannel] [debug] (thread 3226973) [3] stop
[02:30:15.457292] [SoundClipScript] [debug] (thread 3226973) on channel stopped
[02:30:15.460635] [SoundChannel] [debug] (thread 3226973) [2] stop
[02:30:15.492649] [SoundChannel] [debug] (thread 3226973) [2] play: /Users/oleg/Dropbox/Hard Landing Shared Folder/Hard Landing/sounds/342465__pearcewilsonking__tribe-drum-loop.wav
[02:30:16.134746] [SoundClipScript] [debug] (thread 3226973) on channel stopped
[02:30:16.138218] [SoundChannel] [debug] (thread 3226973) [5] stop
[02:30:16.178002] [SoundChannel] [debug] (thread 3226973) [3] play: /Users/oleg/Dropbox/Hard Landing Shared Folder/Hard Landing/sounds/Serv-1.wav
[02:30:16.178038] [SoundClipScript] [debug] (thread 3226973) on channel stopped
[02:30:16.178053] [SoundChannel] [debug] (thread 3226973) [1] stop
[02:30:16.996037] [SoundChannel] [debug] (thread 3226973) [1] play: /Users/oleg/Dropbox/Hard Landing Shared Folder/Hard Landing/sounds/270638__hoerspielwerkstatt-hef__sci-fi2.wav
[02:30:16.998320] [SoundChannel] [debug] (thread 3226973) [5] should downmix to mono, sample rate == 44100
[02:30:16.998330] [SoundChannel] [debug] (thread 3226973) [5] play: /Users/oleg/Dropbox/Hard Landing Shared Folder/Hard Landing/sounds/426229__derjuli__zombie-breath 2.wav
[02:30:16.998352] [SoundClipScript] [debug] (thread 3226973) on channel stopped
[02:30:16.998384] [SoundChannel] [debug] (thread 3226973) [4] stop
[02:30:17.300044] [SoundChannel] [debug] (thread 3226973) [4] play: /Users/oleg/Dropbox/Hard Landing Shared Folder/Hard Landing/sounds/Serv-1.wav
[02:30:17.300091] [SoundClipScript] [debug] (thread 3226973) on channel stopped
[02:30:17.300110] [SoundChannel] [debug] (thread 3226973) [3] stop
[02:30:18.375610] [SoundChannel] [debug] (thread 3226973) [6] play: /Users/oleg/Dropbox/Hard Landing Shared Folder/Hard Landing/sounds/169843__missozzy__zombie-20.wav
[02:30:18.375873] [SoundChannel] [debug] (thread 3226973) [3] play: /Users/oleg/Dropbox/Hard Landing Shared Folder/Hard Landing/sounds/Serv-1.wav
[02:30:18.375888] [SoundClipScript] [debug] (thread 3226973) on channel stopped
[02:30:18.379492] [SoundChannel] [debug] (thread 3226973) [4] stop
[02:30:19.499432] [SoundClipScript] [debug] (thread 3226973) on sample stopped
[02:30:19.542298] [SoundChannel] [debug] (thread 3226973) [4] play: /Users/oleg/Dropbox/Hard Landing Shared Folder/Hard Landing/sounds/Serv-1.wav
[02:30:19.542335] [SoundClipScript] [debug] (thread 3226973) on channel stopped
[02:30:19.542363] [SoundChannel] [debug] (thread 3226973) [3] stop
[02:30:20.635143] [SoundChannel] [debug] (thread 3226973) [3] play: /Users/oleg/Dropbox/Hard Landing Shared Folder/Hard Landing/sounds/Serv-1.wav
[02:30:20.635174] [SoundClipScript] [debug] (thread 3226973) on channel stopped
[02:30:20.635218] [SoundChannel] [debug] (thread 3226973) [4] stop
[02:30:21.521935] [SoundClipScript] [debug] (thread 3226973) on channel stopped
[02:30:21.521992] [SoundChannel] [debug] (thread 3226973) [6] stop
[02:30:21.597982] [SoundClipScript] [debug] (thread 3226973) on channel stopped
[02:30:21.601398] [SoundChannel] [debug] (thread 3226973) [1] stop
[02:30:21.759207] [SoundChannel] [debug] (thread 3226973) [1] play: /Users/oleg/Dropbox/Hard Landing Shared Folder/Hard Landing/sounds/Serv-1.wav
[02:30:21.759236] [SoundClipScript] [debug] (thread 3226973) on channel stopped
[02:30:21.759262] [SoundChannel] [debug] (thread 3226973) [3] stop
[02:30:22.673996] [SoundChannel] [debug] (thread 3226973) [3] play: /Users/oleg/Dropbox/Hard Landing Shared Folder/Hard Landing/sounds/169843__missozzy__zombie-20.wav
[02:30:22.842376] [SoundClipScript] [debug] (thread 3226973) on channel stopped
[02:30:22.842675] [SoundChannel] [debug] (thread 3226973) [4] play: /Users/oleg/Dropbox/Hard Landing Shared Folder/Hard Landing/sounds/Serv-1.wav
[02:30:22.842694] [SoundChannel] [debug] (thread 3226973) [1] stop
[02:30:23.749991] [SoundClipScript] [debug] (thread 3226973) on channel stopped
[02:30:23.750026] [SoundChannel] [debug] (thread 3226973) [2] stop
[02:30:23.790479] [SoundChannel] [debug] (thread 3226973) [1] play: /Users/oleg/Dropbox/Hard Landing Shared Folder/Hard Landing/sounds/342465__pearcewilsonking__tribe-drum-loop.wav
[02:30:23.951771] [SoundChannel] [debug] (thread 3226973) [2] play: /Users/oleg/Dropbox/Hard Landing Shared Folder/Hard Landing/sounds/Serv-1.wav
[02:30:23.951811] [SoundClipScript] [debug] (thread 3226973) on channel stopped
[02:30:23.955337] [SoundChannel] [debug] (thread 3226973) [4] stop
[02:30:24.856834] [SoundChannel] [debug] (thread 3226973) [4] play: /Users/oleg/Dropbox/Hard Landing Shared Folder/Hard Landing/sounds/90134__pierrecartoons1979__found-item 2.wav
[02:30:24.936299] [SoundChannel] [debug] (thread 3226973) [7] play: /Users/oleg/Dropbox/Hard Landing Shared Folder/Hard Landing/sounds/529554__drmrsir__laser-charge.wav
[02:30:24.936819] [SoundChannel] [debug] (thread 3226973) [6] play: /Users/oleg/Dropbox/Hard Landing Shared Folder/Hard Landing/sounds/529554__drmrsir__laser-charge.wav
[02:30:25.054411] [SoundClipScript] [debug] (thread 3226973) on channel stopped
[02:30:25.054710] [SoundChannel] [debug] (thread 3226973) [8] play: /Users/oleg/Dropbox/Hard Landing Shared Folder/Hard Landing/sounds/Serv-1.wav
[02:30:25.058397] [SoundChannel] [debug] (thread 3226973) [2] stop
[02:30:25.299059] [SoundChannel] [debug] (thread 3226973) [2] play: /Users/oleg/Dropbox/Hard Landing Shared Folder/Hard Landing/sounds/270638__hoerspielwerkstatt-hef__sci-fi2.wav
[02:30:25.433134] [SoundChannel] [debug] (thread 3226973) [9] play: /Users/oleg/Dropbox/Hard Landing Shared Folder/Hard Landing/sounds/90134__pierrecartoons1979__found-item 2.wav
[02:30:25.433186] [SoundClipScript] [debug] (thread 3226973) on channel stopped
[02:30:25.433205] [SoundChannel] [debug] (thread 3226973) [4] stop
[02:30:25.436748] [SoundClipScript] [debug] (thread 3226973) on channel stopped
[02:30:25.837669] [SoundClipScript] [debug] (thread 3226973) on channel stopped
[02:30:25.837701] [SoundChannel] [debug] (thread 3226973) [3] stop
[02:30:26.172627] [SoundChannel] [debug] (thread 3226973) [3] play: /Users/oleg/Dropbox/Hard Landing Shared Folder/Hard Landing/sounds/Serv-1.wav
[02:30:26.172668] [SoundClipScript] [debug] (thread 3226973) on channel stopped
[02:30:26.176093] [SoundChannel] [debug] (thread 3226973) [8] stop
[02:30:26.652071] [SoundChannel] [debug] (thread 3226973) [4] should downmix to mono, sample rate == 44100
[02:30:26.652097] [SoundChannel] [debug] (thread 3226973) [4] play: /Users/oleg/Dropbox/Hard Landing Shared Folder/Hard Landing/sounds/426229__derjuli__zombie-breath 2.wav
[02:30:26.652127] [SoundClipScript] [debug] (thread 3226973) on channel stopped
[02:30:26.652141] [SoundChannel] [debug] (thread 3226973) [5] stop
[02:30:26.960694] [SoundChannel] [debug] (thread 3226973) [5] play: /Users/oleg/Dropbox/Hard Landing Shared Folder/Hard Landing/sounds/529554__drmrsir__laser-charge.wav
[02:30:26.960738] [SoundClipScript] [debug] (thread 3226973) on channel stopped
[02:30:26.961246] [SoundChannel] [debug] (thread 3226973) [8] play: /Users/oleg/Dropbox/Hard Landing Shared Folder/Hard Landing/sounds/529554__drmrsir__laser-charge.wav
[02:30:26.961258] [SoundClipScript] [debug] (thread 3226973) on channel stopped
[02:30:26.961274] [SoundChannel] [debug] (thread 3226973) [7] stop
[02:30:26.961282] [SoundChannel] [debug] (thread 3226973) [6] stop
[02:30:27.325105] [SoundClipScript] [debug] (thread 3226973) on channel stopped
[02:30:27.325413] [SoundChannel] [debug] (thread 3226973) [6] play: /Users/oleg/Dropbox/Hard Landing Shared Folder/Hard Landing/sounds/Serv-1.wav
[02:30:27.325430] [SoundChannel] [debug] (thread 3226973) [3] stop
[02:30:27.974298] [SoundClipScript] [debug] (thread 3226973) on channel stopped
[02:30:27.974349] [SoundClipScript] [debug] (thread 3226973) on channel stopped
[02:30:27.978238] [SoundChannel] [debug] (thread 3226973) [5] stop
[02:30:27.978267] [SoundChannel] [debug] (thread 3226973) [8] stop
[02:30:28.052143] [SoundChannel] [debug] (thread 3226973) [3] play: /Users/oleg/Dropbox/Hard Landing Shared Folder/Hard Landing/sounds/169843__missozzy__zombie-20.wav
[02:30:28.419849] [SoundChannel] [debug] (thread 3226973) [5] play: /Users/oleg/Dropbox/Hard Landing Shared Folder/Hard Landing/sounds/Serv-1.wav
[02:30:28.419908] [SoundClipScript] [debug] (thread 3226973) on channel stopped
[02:30:28.419932] [SoundChannel] [debug] (thread 3226973) [6] stop
[02:30:28.604461] [SoundChannel] [debug] (thread 3226973) [7] play: /Users/oleg/Dropbox/Hard Landing Shared Folder/Hard Landing/sounds/470903_samsterbirdies_laser (online-audio-converter.com).mp3
[02:30:28.604893] [SoundChannel] [debug] (thread 3226973) [6] play: /Users/oleg/Dropbox/Hard Landing Shared Folder/Hard Landing/sounds/470903_samsterbirdies_laser (online-audio-converter.com).mp3
[02:30:29.516838] [SoundChannel] [debug] (thread 3226973) [8] play: /Users/oleg/Dropbox/Hard Landing Shared Folder/Hard Landing/sounds/Serv-1.wav
[02:30:29.516940] [SoundClipScript] [debug] (thread 3226973) on channel stopped
[02:30:29.516974] [SoundChannel] [debug] (thread 3226973) [5] stop
[02:30:29.586053] [SoundClipScript] [debug] (thread 3226973) on channel stopped
[02:30:29.586086] [SoundClipScript] [debug] (thread 3226973) on channel stopped
[02:30:29.589920] [SoundChannel] [debug] (thread 3226973) [7] stop
[02:30:29.589957] [SoundChannel] [debug] (thread 3226973) [6] stop
[02:30:29.676975] [SoundChannel] [debug] (thread 3226973) [6] play: /Users/oleg/Dropbox/Hard Landing Shared Folder/Hard Landing/sounds/529554__drmrsir__laser-charge.wav
[02:30:29.677519] [SoundChannel] [debug] (thread 3226973) [5] play: /Users/oleg/Dropbox/Hard Landing Shared Folder/Hard Landing/sounds/529554__drmrsir__laser-charge.wav
[02:30:29.910940] [SoundClipScript] [debug] (thread 3226973) on channel stopped
[02:30:29.910997] [SoundChannel] [debug] (thread 3226973) [2] stop
[02:30:30.662561] [SoundChannel] [debug] (thread 3226973) [2] play: /Users/oleg/Dropbox/Hard Landing Shared Folder/Hard Landing/sounds/Serv-1.wav
[02:30:30.662599] [SoundClipScript] [debug] (thread 3226973) on channel stopped
[02:30:30.662641] [SoundChannel] [debug] (thread 3226973) [8] stop
[02:30:31.192448] [SoundClipScript] [debug] (thread 3226973) on channel stopped
[02:30:31.192509] [SoundChannel] [debug] (thread 3226973) [3] stop
[02:30:31.704863] [SoundChannel] [debug] (thread 3226973) [3] play: /Users/oleg/Dropbox/Hard Landing Shared Folder/Hard Landing/sounds/529554__drmrsir__laser-charge.wav
[02:30:31.705389] [SoundChannel] [debug] (thread 3226973) [7] play: /Users/oleg/Dropbox/Hard Landing Shared Folder/Hard Landing/sounds/529554__drmrsir__laser-charge.wav
[02:30:31.705419] [SoundClipScript] [debug] (thread 3226973) on channel stopped
[02:30:31.705436] [SoundClipScript] [debug] (thread 3226973) on channel stopped
[02:30:31.705450] [SoundChannel] [debug] (thread 3226973) [6] stop
[02:30:31.705461] [SoundChannel] [debug] (thread 3226973) [5] stop
[02:30:31.739546] [SoundChannel] [debug] (thread 3226973) [5] play: /Users/oleg/Dropbox/Hard Landing Shared Folder/Hard Landing/sounds/Serv-1.wav
[02:30:31.739595] [SoundClipScript] [debug] (thread 3226973) on channel stopped
[02:30:31.742993] [SoundChannel] [debug] (thread 3226973) [2] stop
[02:30:32.060887] [SoundClipScript] [debug] (thread 3226973) on channel stopped
[02:30:32.060929] [SoundChannel] [debug] (thread 3226973) [1] stop
[02:30:32.108526] [SoundChannel] [debug] (thread 3226973) [1] play: /Users/oleg/Dropbox/Hard Landing Shared Folder/Hard Landing/sounds/342465__pearcewilsonking__tribe-drum-loop.wav
[02:30:32.381300] [SoundChannel] [debug] (thread 3226973) [2] play: /Users/oleg/Dropbox/Hard Landing Shared Folder/Hard Landing/sounds/169843__missozzy__zombie-20.wav
[02:30:32.686039] [SoundClipScript] [debug] (thread 3226973) on channel stopped
[02:30:32.686081] [SoundClipScript] [debug] (thread 3226973) on channel stopped
[02:30:32.690033] [SoundChannel] [debug] (thread 3226973) [3] stop
[02:30:32.690066] [SoundChannel] [debug] (thread 3226973) [7] stop
[02:30:32.831666] [SoundChannel] [debug] (thread 3226973) [3] play: /Users/oleg/Dropbox/Hard Landing Shared Folder/Hard Landing/sounds/470903_samsterbirdies_laser (online-audio-converter.com).mp3
[02:30:32.832119] [SoundChannel] [debug] (thread 3226973) [6] play: /Users/oleg/Dropbox/Hard Landing Shared Folder/Hard Landing/sounds/470903_samsterbirdies_laser (online-audio-converter.com).mp3
[02:30:32.880363] [SoundChannel] [debug] (thread 3226973) [7] play: /Users/oleg/Dropbox/Hard Landing Shared Folder/Hard Landing/sounds/Serv-1.wav
[02:30:32.880451] [SoundClipScript] [debug] (thread 3226973) on channel stopped
[02:30:32.880515] [SoundChannel] [debug] (thread 3226973) [5] stop
[02:30:33.613170] [SoundChannel] [debug] (thread 3226973) [5] play: /Users/oleg/Dropbox/Hard Landing Shared Folder/Hard Landing/sounds/270638__hoerspielwerkstatt-hef__sci-fi2.wav
[02:30:33.753966] [SoundClipScript] [debug] (thread 3226973) on channel stopped
[02:30:33.754008] [SoundClipScript] [debug] (thread 3226973) on channel stopped
[02:30:33.757325] [SoundChannel] [debug] (thread 3226973) [2] stop
[02:30:33.757362] [SoundChannel] [debug] (thread 3226973) [4] stop
[02:30:33.836878] [SoundClipScript] [debug] (thread 3226973) on channel stopped
[02:30:33.836925] [SoundClipScript] [debug] (thread 3226973) on channel stopped
[02:30:33.840704] [SoundChannel] [debug] (thread 3226973) [3] stop
[02:30:33.840743] [SoundChannel] [debug] (thread 3226973) [6] stop
[02:30:33.933020] [SoundChannel] [debug] (thread 3226973) [2] play: /Users/oleg/Dropbox/Hard Landing Shared Folder/Hard Landing/sounds/529554__drmrsir__laser-charge.wav
[02:30:33.933549] [SoundChannel] [debug] (thread 3226973) [3] play: /Users/oleg/Dropbox/Hard Landing Shared Folder/Hard Landing/sounds/529554__drmrsir__laser-charge.wav
[02:30:33.992704] [SoundChannel] [debug] (thread 3226973) [4] play: /Users/oleg/Dropbox/Hard Landing Shared Folder/Hard Landing/sounds/Serv-1.wav
[02:30:33.994989] [SoundChannel] [debug] (thread 3226973) [6] should downmix to mono, sample rate == 44100
[02:30:33.995005] [SoundChannel] [debug] (thread 3226973) [6] play: /Users/oleg/Dropbox/Hard Landing Shared Folder/Hard Landing/sounds/426229__derjuli__zombie-breath 2.wav
[02:30:33.995030] [SoundClipScript] [debug] (thread 3226973) on channel stopped
[02:30:33.995051] [SoundChannel] [debug] (thread 3226973) [7] stop
[02:30:35.092180] [SoundClipScript] [debug] (thread 3226973) on channel stopped
[02:30:35.092511] [SoundChannel] [debug] (thread 3226973) [7] play: /Users/oleg/Dropbox/Hard Landing Shared Folder/Hard Landing/sounds/Serv-1.wav
[02:30:35.092533] [SoundChannel] [debug] (thread 3226973) [4] stop
[02:30:35.569198] [BaseScriptSystem] [debug] (thread 3226973) Disable
[02:30:35.569346] [Scene] [debug] (thread 3226973) set camera
[02:30:35.582037] [BaseScriptSystem] [debug] (thread 3226973) Unload
[02:30:37.032427] [Analytics] [debug] (thread 3227032) Send http request
[02:30:37.084665] [Analytics] [debug] (thread 3227032) End http request: true
[02:30:37.931730] [BaseScriptSystem] [debug] (thread 3226973) Load
[02:30:37.966729] [Scene] [debug] (thread 3226973) set camera
[02:30:38.057473] [Scene] [debug] (thread 3226973) set camera
[02:30:38.078957] [SoundSystemOpenAL] [debug] (thread 3226973) remove deleted channel
[02:30:38.078988] [SoundSystemOpenAL] [debug] (thread 3226973) remove deleted channel
[02:30:38.078995] [SoundSystemOpenAL] [debug] (thread 3226973) remove deleted channel
[02:30:38.079020] [SoundSystemOpenAL] [debug] (thread 3226973) remove deleted channel
[02:30:38.079039] [SoundSystemOpenAL] [debug] (thread 3226973) remove deleted channel
[02:30:38.079044] [SoundSystemOpenAL] [debug] (thread 3226973) remove deleted channel
[02:30:38.079053] [SoundChannel] [debug] (thread 3226973) [2] stop
[02:30:38.079062] [SoundChannel] [debug] (thread 3226973) [6] stop
[02:30:38.079084] [SoundChannel] [debug] (thread 3226973) [3] stop
[02:30:38.079092] [SoundChannel] [debug] (thread 3226973) [5] stop
[02:30:38.079108] [SoundChannel] [debug] (thread 3226973) [7] stop
[02:30:38.079116] [SoundChannel] [debug] (thread 3226973) [1] stop
[10:01:51.188023] [Clipboard] [debug] (thread 3226973) data changed
[10:01:51.188698] [Clipboard] [debug] (thread 3226973) ends data changed
[10:01:58.682324] [Analytics] [debug] (thread 3226973) Send http request
[10:01:58.931148] [Analytics] [debug] (thread 3226973) End http request: true
[10:02:02.287681] [MANU] [info] (thread 3226973) ::: LOG SESSION ENDED :::
