[20:16:52.254793] [Import] [info] (th=1806610) Log level for 'Import' set to 'info'
[20:16:52.254817] [Import] [info] (th=1806610) Importing from /Users/oleg/Dropbox/Запросы файлов/MANU-Assets 1.1.0/Widow Maker/By_Parts/BossBody_01.fbx
[20:16:52.263480] [Import] [info] (th=1806610) Imported scene tree:
name: "RootNode"

	name: "BossBody_01"
	numMeshes: 1
	 addr: "0x7f87c0438200"
	 name: "BossBody_01.002"
	 numVertices: "3960"
	 numFaces: "4998"
	
	

[20:16:52.263490] [Import] [info] (th=1806610) File loaded successfully
[20:16:52.263493] [Import] [info] (th=1806610) Meshes count: 1
[20:16:52.263494] [Import] [info] (th=1806610) Materials count: 1
[20:16:52.263509] [Import] [warning] (th=1806610) It seems that scene structure is different
[20:17:30.685029] [Import] [info] (th=1806610) Importing from /Users/oleg/Dropbox/Запросы файлов/MANU-Assets 1.1.0/Widow Maker/By_Parts/BossBody_01.fbx
[20:17:30.695678] [Import] [info] (th=1806610) Imported scene tree:
name: "RootNode"

	name: "BossBody_01"
	numMeshes: 1
	 addr: "0x7f87a7b41600"
	 name: "BossBody_01.002"
	 numVertices: "3960"
	 numFaces: "4998"
	
	

[20:17:30.695689] [Import] [info] (th=1806610) File loaded successfully
[20:17:30.695691] [Import] [info] (th=1806610) Meshes count: 1
[20:17:30.695692] [Import] [info] (th=1806610) Materials count: 1
[20:17:30.695703] [Import] [warning] (th=1806610) It seems that scene structure is different
[20:18:28.853263] [Import] [info] (th=1806610) Importing from /Users/oleg/Dropbox/Запросы файлов/MANU-Assets 1.1.0/Widow Maker/By_Parts/BossGunR_01.fbx
[20:18:28.863427] [Import] [info] (th=1806610) Imported scene tree:
name: "RootNode"

	name: "BossGunR_01"
	numMeshes: 1
	 addr: "0x7f87f27b1000"
	 name: "BossGunR_01.002"
	 numVertices: "2425"
	 numFaces: "3302"
	
	

[20:18:28.863445] [Import] [info] (th=1806610) File loaded successfully
[20:18:28.863448] [Import] [info] (th=1806610) Meshes count: 1
[20:18:28.863450] [Import] [info] (th=1806610) Materials count: 1
[20:18:28.863464] [Import] [warning] (th=1806610) It seems that scene structure is different
[20:18:42.819518] [Import] [info] (th=1806610) Importing from /Users/oleg/Dropbox/Запросы файлов/MANU-Assets 1.1.0/Widow Maker/By_Parts/BossGunR_01.fbx
[20:18:42.828904] [Import] [info] (th=1806610) Imported scene tree:
name: "RootNode"

	name: "BossGunR_01"
	numMeshes: 1
	 addr: "0x7f87f2371000"
	 name: "BossGunR_01.002"
	 numVertices: "2425"
	 numFaces: "3302"
	
	

[20:18:42.828918] [Import] [info] (th=1806610) File loaded successfully
[20:18:42.828921] [Import] [info] (th=1806610) Meshes count: 1
[20:18:42.828923] [Import] [info] (th=1806610) Materials count: 1
[20:18:58.318977] [Import] [info] (th=1806610) Importing from /Users/oleg/Dropbox/Запросы файлов/MANU-Assets 1.1.0/Widow Maker/By_Parts/BossGunL_01.fbx
[20:18:58.328838] [Import] [info] (th=1806610) Imported scene tree:
name: "RootNode"

	name: "BossGunL_01"
	numMeshes: 1
	 addr: "0x7f87f2335c00"
	 name: "BossGunL_01.002"
	 numVertices: "2425"
	 numFaces: "3302"
	
	

[20:18:58.328851] [Import] [info] (th=1806610) File loaded successfully
[20:18:58.328853] [Import] [info] (th=1806610) Meshes count: 1
[20:18:58.328855] [Import] [info] (th=1806610) Materials count: 1
[20:19:20.518121] [Import] [info] (th=1806610) Importing from /Users/oleg/Dropbox/Запросы файлов/MANU-Assets 1.1.0/Widow Maker/By_Parts/tubes.fbx
[20:19:20.521067] [Import] [info] (th=1806610) Imported scene tree:
name: "RootNode"

	name: "tubes"
	numMeshes: 1
	 addr: "0x7f87a01b1600"
	 name: "tubes.002"
	 numVertices: "306"
	 numFaces: "528"
	
	

[20:19:20.521078] [Import] [info] (th=1806610) File loaded successfully
[20:19:20.521081] [Import] [info] (th=1806610) Meshes count: 1
[20:19:20.521082] [Import] [info] (th=1806610) Materials count: 1
[20:19:20.521093] [Import] [warning] (th=1806610) It seems that scene structure is different
[20:19:44.502103] [Import] [info] (th=1806610) Importing from /Users/oleg/Dropbox/Запросы файлов/MANU-Assets 1.1.0/Widow Maker/By_Parts/EnergyTube_00.fbx
[20:19:44.505649] [Import] [info] (th=1806610) Imported scene tree:
name: "RootNode"

	name: "EnergyTube_00"
	numMeshes: 1
	 addr: "0x7f870700a600"
	 name: "EnergyTube_00.002"
	 numVertices: "644"
	 numFaces: "588"
	
	

[20:19:44.505660] [Import] [info] (th=1806610) File loaded successfully
[20:19:44.505664] [Import] [info] (th=1806610) Meshes count: 1
[20:19:44.505665] [Import] [info] (th=1806610) Materials count: 1
[20:19:44.505677] [Import] [warning] (th=1806610) It seems that scene structure is different
[20:19:55.585831] [Import] [info] (th=1806610) Importing from /Users/oleg/Dropbox/Запросы файлов/MANU-Assets 1.1.0/Widow Maker/By_Parts/BossEngine_Tubes.fbx
[20:19:55.589268] [Import] [info] (th=1806610) Imported scene tree:
name: "RootNode"

	name: "BossEngine_Tubes"
	numMeshes: 1
	 addr: "0x7f87a0545c00"
	 name: "BossEngine_Tubes.002"
	 numVertices: "648"
	 numFaces: "420"
	
	

[20:19:55.589280] [Import] [info] (th=1806610) File loaded successfully
[20:19:55.589282] [Import] [info] (th=1806610) Meshes count: 1
[20:19:55.589303] [Import] [info] (th=1806610) Materials count: 1
[20:19:55.589315] [Import] [warning] (th=1806610) It seems that scene structure is different
[20:20:10.884811] [Import] [info] (th=1806610) Importing from /Users/oleg/Dropbox/Запросы файлов/MANU-Assets 1.1.0/Widow Maker/By_Parts/TubeR.fbx
[20:20:10.889202] [Import] [info] (th=1806610) Imported scene tree:
name: "RootNode"

	name: "TubeR"
	numMeshes: 1
	 addr: "0x7f87f2206a00"
	 name: "BossDetails.007"
	 numVertices: "976"
	 numFaces: "872"
	
	

[20:20:10.889214] [Import] [info] (th=1806610) File loaded successfully
[20:20:10.889216] [Import] [info] (th=1806610) Meshes count: 1
[20:20:10.889218] [Import] [info] (th=1806610) Materials count: 1
[20:20:20.885130] [Import] [info] (th=1806610) Importing from /Users/oleg/Dropbox/Запросы файлов/MANU-Assets 1.1.0/Widow Maker/By_Parts/TubeL.fbx
[20:20:20.889589] [Import] [info] (th=1806610) Imported scene tree:
name: "RootNode"

	name: "TubeL"
	numMeshes: 1
	 addr: "0x7f8747184600"
	 name: "BossDetails.002"
	 numVertices: "976"
	 numFaces: "872"
	
	

[20:20:20.889606] [Import] [info] (th=1806610) File loaded successfully
[20:20:20.889629] [Import] [info] (th=1806610) Meshes count: 1
[20:20:20.889631] [Import] [info] (th=1806610) Materials count: 1
[20:20:45.017412] [Import] [info] (th=1806610) Importing from /Users/oleg/Dropbox/Запросы файлов/MANU-Assets 1.1.0/Widow Maker/By_Parts/TubeR.fbx
[20:20:45.020994] [Import] [info] (th=1806610) Imported scene tree:
name: "RootNode"

	name: "TubeR"
	numMeshes: 1
	 addr: "0x7f871261de00"
	 name: "BossDetails.007"
	 numVertices: "976"
	 numFaces: "872"
	
	

[20:20:45.021007] [Import] [info] (th=1806610) File loaded successfully
[20:20:45.021009] [Import] [info] (th=1806610) Meshes count: 1
[20:20:45.021011] [Import] [info] (th=1806610) Materials count: 1
[20:20:45.021231] [Import] [warning] (th=1806610) Texture not found: /Users/oleg/Dropbox/Запросы файлов/MANU-Assets 1.1.0/Widow Maker/By_Parts/C:/Users/Grigorii/Dropbox/MANU-Assets/Widow Maker/T_BossDetails_D.png
[20:20:45.021266] [Import] [info] (th=1806610) Textures count (imported): 0
[20:28:44.595682] [Import] [info] (th=1806610) Importing from /Users/oleg/Dropbox/Запросы файлов/MANU-Assets 1.1.0/Widow Maker/By_Parts/BossSpine.fbx
[20:28:44.672656] [Import] [info] (th=1806610) Imported scene tree:
name: "RootNode"

	name: "BossSpine"
	numMeshes: 1
	 addr: "0x7f87a7fd0400"
	 name: "BossSpine.002"
	 numVertices: "15723"
	 numFaces: "22446"
	
	

[20:28:44.672674] [Import] [info] (th=1806610) File loaded successfully
[20:28:44.672678] [Import] [info] (th=1806610) Meshes count: 1
[20:28:44.672680] [Import] [info] (th=1806610) Materials count: 1
[20:28:44.672696] [Import] [warning] (th=1806610) It seems that scene structure is different
[20:28:58.196497] [Import] [info] (th=1806610) Importing from /Users/oleg/Dropbox/Запросы файлов/MANU-Assets 1.1.0/Widow Maker/By_Parts/BossLegWireL_01.fbx
[20:28:58.199465] [Import] [info] (th=1806610) Imported scene tree:
name: "RootNode"

	name: "BossLegWireL_01"
	numMeshes: 1
	 addr: "0x7f87a7d5ac00"
	 name: "BossLegWireL_01.002"
	 numVertices: "106"
	 numFaces: "144"
	
	

[20:28:58.199481] [Import] [info] (th=1806610) File loaded successfully
[20:28:58.199484] [Import] [info] (th=1806610) Meshes count: 1
[20:28:58.199486] [Import] [info] (th=1806610) Materials count: 1
[20:28:58.199502] [Import] [warning] (th=1806610) It seems that scene structure is different
[20:30:03.859338] [Import] [info] (th=1806610) Importing from /Users/oleg/Dropbox/Запросы файлов/MANU-Assets 1.1.0/Widow Maker/By_Parts/BossLegWireL_02.fbx
[20:30:03.862851] [Import] [info] (th=1806610) Imported scene tree:
name: "RootNode"

	name: "BossLegWireL_02"
	numMeshes: 1
	 addr: "0x7f87a0758000"
	 name: "BossLegWireL_02.002"
	 numVertices: "396"
	 numFaces: "512"
	
	

[20:30:03.862867] [Import] [info] (th=1806610) File loaded successfully
[20:30:03.862870] [Import] [info] (th=1806610) Meshes count: 1
[20:30:03.862898] [Import] [info] (th=1806610) Materials count: 1
[20:30:03.862912] [Import] [warning] (th=1806610) It seems that scene structure is different
[20:30:16.458232] [Import] [info] (th=1806610) Importing from /Users/oleg/Dropbox/Запросы файлов/MANU-Assets 1.1.0/Widow Maker/By_Parts/Leg 1.fbx
[20:30:16.466419] [Import] [info] (th=1806610) Imported scene tree:
name: "RootNode"

	name: "BossLegL_02.001"
	numMeshes: 1
	 addr: "0x7f87129b5600"
	 name: "Leg 1"
	 numVertices: "1976"
	 numFaces: "2012"
	
	

[20:30:16.466438] [Import] [info] (th=1806610) File loaded successfully
[20:30:16.466441] [Import] [info] (th=1806610) Meshes count: 1
[20:30:16.466444] [Import] [info] (th=1806610) Materials count: 1
[20:30:16.466462] [Import] [warning] (th=1806610) It seems that scene structure is different
[20:30:32.991911] [Import] [info] (th=1806610) Importing from /Users/oleg/Dropbox/Запросы файлов/MANU-Assets 1.1.0/Widow Maker/By_Parts/EnergyTube_00.fbx
[20:30:32.995003] [Import] [info] (th=1806610) Imported scene tree:
name: "RootNode"

	name: "EnergyTube_00"
	numMeshes: 1
	 addr: "0x7f8755c15c00"
	 name: "EnergyTube_00.002"
	 numVertices: "644"
	 numFaces: "588"
	
	

[20:30:32.995015] [Import] [info] (th=1806610) File loaded successfully
[20:30:32.995018] [Import] [info] (th=1806610) Meshes count: 1
[20:30:32.995020] [Import] [info] (th=1806610) Materials count: 1
[20:30:32.995033] [Import] [warning] (th=1806610) It seems that scene structure is different
