[15:08:26.980720] [Import] [info] (thread 1669357) Importing from /Users/oleg/Dropbox/Запросы файлов/MANU-Assets 1.1.0/ManuBoy/DAE/RobotSitting/Sitting_35.dae
[15:08:27.025881] [Import] [info] (thread 1669357) Imported scene tree:
name: "Sitting_35"

	name: "mixamorig_Hips"
	
		name: "mixamorig_Spine"
		
			name: "mixamorig_Spine1"
			
				name: "mixamorig_Spine2"
				
					name: "mixamorig_Neck"
					
						name: "mixamorig_Head"
						
							name: "mixamorig_HeadTop_End"
							
					name: "mixamorig_LeftShoulder"
					
						name: "mixamorig_LeftArm"
						
							name: "mixamorig_LeftForeArm"
							
								name: "mixamorig_LeftHand"
								
									name: "mixamorig_LeftHandThumb1"
									
										name: "mixamorig_LeftHandThumb2"
										
											name: "mixamorig_LeftHandThumb3"
											
												name: "mixamorig_LeftHandThumb4"
												
									name: "mixamorig_LeftHandIndex1"
									
										name: "mixamorig_LeftHandIndex2"
										
											name: "mixamorig_LeftHandIndex3"
											
												name: "mixamorig_LeftHandIndex4"
												
									name: "mixamorig_LeftHandMiddle1"
									
										name: "mixamorig_LeftHandMiddle2"
										
											name: "mixamorig_LeftHandMiddle3"
											
												name: "mixamorig_LeftHandMiddle4"
												
									name: "mixamorig_LeftHandRing1"
									
										name: "mixamorig_LeftHandRing2"
										
											name: "mixamorig_LeftHandRing3"
											
												name: "mixamorig_LeftHandRing4"
												
									name: "mixamorig_LeftHandPinky1"
									
										name: "mixamorig_LeftHandPinky2"
										
											name: "mixamorig_LeftHandPinky3"
											
												name: "mixamorig_LeftHandPinky4"
												
					name: "mixamorig_RightShoulder"
					
						name: "mixamorig_RightArm"
						
							name: "mixamorig_RightForeArm"
							
								name: "mixamorig_RightHand"
								
									name: "mixamorig_RightHandThumb1"
									
										name: "mixamorig_RightHandThumb2"
										
											name: "mixamorig_RightHandThumb3"
											
												name: "mixamorig_RightHandThumb4"
												
									name: "mixamorig_RightHandIndex1"
									
										name: "mixamorig_RightHandIndex2"
										
											name: "mixamorig_RightHandIndex3"
											
												name: "mixamorig_RightHandIndex4"
												
									name: "mixamorig_RightHandMiddle1"
									
										name: "mixamorig_RightHandMiddle2"
										
											name: "mixamorig_RightHandMiddle3"
											
												name: "mixamorig_RightHandMiddle4"
												
									name: "mixamorig_RightHandRing1"
									
										name: "mixamorig_RightHandRing2"
										
											name: "mixamorig_RightHandRing3"
											
												name: "mixamorig_RightHandRing4"
												
									name: "mixamorig_RightHandPinky1"
									
										name: "mixamorig_RightHandPinky2"
										
											name: "mixamorig_RightHandPinky3"
											
												name: "mixamorig_RightHandPinky4"
												
		name: "mixamorig_LeftUpLeg"
		
			name: "mixamorig_LeftLeg"
			
				name: "mixamorig_LeftFoot"
				
					name: "mixamorig_LeftToeBase"
					
						name: "mixamorig_LeftToe_End"
						
		name: "mixamorig_RightUpLeg"
		
			name: "mixamorig_RightLeg"
			
				name: "mixamorig_RightFoot"
				
					name: "mixamorig_RightToeBase"
					
						name: "mixamorig_RightToe_End"
						
	name: "Eye_L"
	numMeshes: 1
	 addr: "0x7ffb72b35800"
	 name: "Eye_LMesh"
	 numVertices: "102"
	 numFaces: "144"
	
	
	name: "Eye_R"
	numMeshes: 1
	 addr: "0x7ffb72b3c600"
	 name: "Eye_RMesh"
	 numVertices: "102"
	 numFaces: "144"
	
	
	name: "Body"
	numMeshes: 1
	 addr: "0x7ffb72b45800"
	 name: "BodyMesh"
	 numVertices: "10980"
	 numFaces: "17306"
	
	

[15:08:27.025929] [Import] [info] (thread 1669357) File loaded successfully
[15:08:27.025942] [Import] [info] (thread 1669357) Meshes count: 3
[15:08:27.025952] [Import] [info] (thread 1669357) Materials count: 3
[15:08:27.026170] [Import] [warning] (thread 1669357) Texture not found: /Users/oleg/Dropbox/Запросы файлов/MANU-Assets 1.1.0/ManuBoy/DAE/RobotSitting/D:/3d/Project/ManuTest/ManuAnimation_03/Sitting_35.fbm/T_ManuBoy_D.png
[15:08:27.026245] [Import] [warning] (thread 1669357) Texture not found: /Users/oleg/Dropbox/Запросы файлов/MANU-Assets 1.1.0/ManuBoy/DAE/RobotSitting/D:/3d/Project/ManuTest/ManuAnimation_03/Sitting_35.fbm/T_ManuBoy_D.png
[15:08:27.026302] [Import] [warning] (thread 1669357) Texture not found: /Users/oleg/Dropbox/Запросы файлов/MANU-Assets 1.1.0/ManuBoy/DAE/RobotSitting/D:/3d/Project/ManuTest/ManuAnimation_03/Sitting_35.fbm/T_ManuBoy_D.png
[15:08:27.026320] [Import] [info] (thread 1669357) Textures count (imported): 0
[15:18:46.643427] [Import] [info] (thread 1669357) Importing from /Users/oleg/Dropbox/Запросы файлов/MANU-Assets 1.1.0/ManuBoy/DAE/RobotSitting/Sitting_35_Wheel.dae
[15:18:46.729221] [Import] [info] (thread 1669357) Imported scene tree:
name: "Sitting_35_Wheel"

	name: "mixamorig_Hips"
	
		name: "mixamorig_Spine"
		
			name: "mixamorig_Spine1"
			
				name: "mixamorig_Spine2"
				
					name: "mixamorig_Neck"
					
						name: "mixamorig_Head"
						
							name: "mixamorig_HeadTop_End"
							
					name: "mixamorig_LeftShoulder"
					
						name: "mixamorig_LeftArm"
						
							name: "mixamorig_LeftForeArm"
							
								name: "mixamorig_LeftHand"
								
									name: "mixamorig_LeftHandThumb1"
									
										name: "mixamorig_LeftHandThumb2"
										
											name: "mixamorig_LeftHandThumb3"
											
												name: "mixamorig_LeftHandThumb4"
												
									name: "mixamorig_LeftHandIndex1"
									
										name: "mixamorig_LeftHandIndex2"
										
											name: "mixamorig_LeftHandIndex3"
											
												name: "mixamorig_LeftHandIndex4"
												
									name: "mixamorig_LeftHandMiddle1"
									
										name: "mixamorig_LeftHandMiddle2"
										
											name: "mixamorig_LeftHandMiddle3"
											
												name: "mixamorig_LeftHandMiddle4"
												
									name: "mixamorig_LeftHandRing1"
									
										name: "mixamorig_LeftHandRing2"
										
											name: "mixamorig_LeftHandRing3"
											
												name: "mixamorig_LeftHandRing4"
												
									name: "mixamorig_LeftHandPinky1"
									
										name: "mixamorig_LeftHandPinky2"
										
											name: "mixamorig_LeftHandPinky3"
											
												name: "mixamorig_LeftHandPinky4"
												
					name: "mixamorig_RightShoulder"
					
						name: "mixamorig_RightArm"
						
							name: "mixamorig_RightForeArm"
							
								name: "mixamorig_RightHand"
								
									name: "mixamorig_RightHandThumb1"
									
										name: "mixamorig_RightHandThumb2"
										
											name: "mixamorig_RightHandThumb3"
											
												name: "mixamorig_RightHandThumb4"
												
									name: "mixamorig_RightHandIndex1"
									
										name: "mixamorig_RightHandIndex2"
										
											name: "mixamorig_RightHandIndex3"
											
												name: "mixamorig_RightHandIndex4"
												
									name: "mixamorig_RightHandMiddle1"
									
										name: "mixamorig_RightHandMiddle2"
										
											name: "mixamorig_RightHandMiddle3"
											
												name: "mixamorig_RightHandMiddle4"
												
									name: "mixamorig_RightHandRing1"
									
										name: "mixamorig_RightHandRing2"
										
											name: "mixamorig_RightHandRing3"
											
												name: "mixamorig_RightHandRing4"
												
									name: "mixamorig_RightHandPinky1"
									
										name: "mixamorig_RightHandPinky2"
										
											name: "mixamorig_RightHandPinky3"
											
												name: "mixamorig_RightHandPinky4"
												
		name: "mixamorig_LeftUpLeg"
		
			name: "mixamorig_LeftLeg"
			
				name: "mixamorig_LeftFoot"
				
					name: "mixamorig_LeftToeBase"
					
						name: "mixamorig_LeftToe_End"
						
		name: "mixamorig_RightUpLeg"
		
			name: "mixamorig_RightLeg"
			
				name: "mixamorig_RightFoot"
				
					name: "mixamorig_RightToeBase"
					
						name: "mixamorig_RightToe_End"
						
	name: "ManuBoy"
	
		name: "Eye_L"
		numMeshes: 1
		 addr: "0x7ffc68f0e000"
		 name: "Eye_LMesh"
		 numVertices: "102"
		 numFaces: "144"
		
		
		name: "Eye_R"
		numMeshes: 1
		 addr: "0x7ffc68f14e00"
		 name: "Eye_RMesh"
		 numVertices: "102"
		 numFaces: "144"
		
		
		name: "Body"
		numMeshes: 1
		 addr: "0x7ffc68f1e000"
		 name: "BodyMesh"
		 numVertices: "10980"
		 numFaces: "17306"
		
		

[15:18:46.729311] [Import] [info] (thread 1669357) File loaded successfully
[15:18:46.729338] [Import] [info] (thread 1669357) Meshes count: 3
[15:18:46.729362] [Import] [info] (thread 1669357) Materials count: 3
[15:18:59.946807] [Import] [info] (thread 1669357) Importing from /Users/oleg/Dropbox/Запросы файлов/MANU-Assets 1.1.0/ManuBoy/DAE/RobotSitting/Sitting_35_ButtonUp.dae
[15:19:00.031359] [Import] [info] (thread 1669357) Imported scene tree:
name: "Sitting_35_ButtonUp"

	name: "mixamorig_Hips"
	
		name: "mixamorig_Spine"
		
			name: "mixamorig_Spine1"
			
				name: "mixamorig_Spine2"
				
					name: "mixamorig_Neck"
					
						name: "mixamorig_Head"
						
							name: "mixamorig_HeadTop_End"
							
					name: "mixamorig_LeftShoulder"
					
						name: "mixamorig_LeftArm"
						
							name: "mixamorig_LeftForeArm"
							
								name: "mixamorig_LeftHand"
								
									name: "mixamorig_LeftHandThumb1"
									
										name: "mixamorig_LeftHandThumb2"
										
											name: "mixamorig_LeftHandThumb3"
											
												name: "mixamorig_LeftHandThumb4"
												
									name: "mixamorig_LeftHandIndex1"
									
										name: "mixamorig_LeftHandIndex2"
										
											name: "mixamorig_LeftHandIndex3"
											
												name: "mixamorig_LeftHandIndex4"
												
									name: "mixamorig_LeftHandMiddle1"
									
										name: "mixamorig_LeftHandMiddle2"
										
											name: "mixamorig_LeftHandMiddle3"
											
												name: "mixamorig_LeftHandMiddle4"
												
									name: "mixamorig_LeftHandRing1"
									
										name: "mixamorig_LeftHandRing2"
										
											name: "mixamorig_LeftHandRing3"
											
												name: "mixamorig_LeftHandRing4"
												
									name: "mixamorig_LeftHandPinky1"
									
										name: "mixamorig_LeftHandPinky2"
										
											name: "mixamorig_LeftHandPinky3"
											
												name: "mixamorig_LeftHandPinky4"
												
					name: "mixamorig_RightShoulder"
					
						name: "mixamorig_RightArm"
						
							name: "mixamorig_RightForeArm"
							
								name: "mixamorig_RightHand"
								
									name: "mixamorig_RightHandThumb1"
									
										name: "mixamorig_RightHandThumb2"
										
											name: "mixamorig_RightHandThumb3"
											
												name: "mixamorig_RightHandThumb4"
												
									name: "mixamorig_RightHandIndex1"
									
										name: "mixamorig_RightHandIndex2"
										
											name: "mixamorig_RightHandIndex3"
											
												name: "mixamorig_RightHandIndex4"
												
									name: "mixamorig_RightHandMiddle1"
									
										name: "mixamorig_RightHandMiddle2"
										
											name: "mixamorig_RightHandMiddle3"
											
												name: "mixamorig_RightHandMiddle4"
												
									name: "mixamorig_RightHandRing1"
									
										name: "mixamorig_RightHandRing2"
										
											name: "mixamorig_RightHandRing3"
											
												name: "mixamorig_RightHandRing4"
												
									name: "mixamorig_RightHandPinky1"
									
										name: "mixamorig_RightHandPinky2"
										
											name: "mixamorig_RightHandPinky3"
											
												name: "mixamorig_RightHandPinky4"
												
		name: "mixamorig_LeftUpLeg"
		
			name: "mixamorig_LeftLeg"
			
				name: "mixamorig_LeftFoot"
				
					name: "mixamorig_LeftToeBase"
					
						name: "mixamorig_LeftToe_End"
						
		name: "mixamorig_RightUpLeg"
		
			name: "mixamorig_RightLeg"
			
				name: "mixamorig_RightFoot"
				
					name: "mixamorig_RightToeBase"
					
						name: "mixamorig_RightToe_End"
						
	name: "Eye_L"
	numMeshes: 1
	 addr: "0x7ffc68f2f800"
	 name: "Eye_LMesh"
	 numVertices: "102"
	 numFaces: "144"
	
	
	name: "Eye_R"
	numMeshes: 1
	 addr: "0x7ffc67c18600"
	 name: "Eye_RMesh"
	 numVertices: "102"
	 numFaces: "144"
	
	
	name: "Body"
	numMeshes: 1
	 addr: "0x7ffc67c39a00"
	 name: "BodyMesh"
	 numVertices: "10980"
	 numFaces: "17306"
	
	

[15:19:00.031467] [Import] [info] (thread 1669357) File loaded successfully
[15:19:00.031490] [Import] [info] (thread 1669357) Meshes count: 3
[15:19:00.031507] [Import] [info] (thread 1669357) Materials count: 3
[15:19:00.031879] [Import] [error] (thread 1669357) Cannot find node: mixamorig_Hips
[15:19:00.032073] [Import] [error] (thread 1669357) Cannot find node: mixamorig_Spine
[15:19:00.032100] [Import] [error] (thread 1669357) Cannot find node: mixamorig_Spine1
[15:19:00.032120] [Import] [error] (thread 1669357) Cannot find node: mixamorig_Spine2
[15:19:00.032141] [Import] [error] (thread 1669357) Cannot find node: mixamorig_Neck
[15:19:00.032160] [Import] [error] (thread 1669357) Cannot find node: mixamorig_Head
[15:19:00.032180] [Import] [error] (thread 1669357) Cannot find node: mixamorig_HeadTop_End
[15:19:00.032199] [Import] [error] (thread 1669357) Cannot find node: mixamorig_LeftShoulder
[15:19:00.032218] [Import] [error] (thread 1669357) Cannot find node: mixamorig_LeftArm
[15:19:00.032236] [Import] [error] (thread 1669357) Cannot find node: mixamorig_LeftForeArm
[15:19:00.032255] [Import] [error] (thread 1669357) Cannot find node: mixamorig_LeftHand
[15:19:00.032273] [Import] [error] (thread 1669357) Cannot find node: mixamorig_LeftHandThumb1
[15:19:00.032294] [Import] [error] (thread 1669357) Cannot find node: mixamorig_LeftHandThumb2
[15:19:00.032313] [Import] [error] (thread 1669357) Cannot find node: mixamorig_LeftHandThumb3
[15:19:00.032331] [Import] [error] (thread 1669357) Cannot find node: mixamorig_LeftHandThumb4
[15:19:00.032349] [Import] [error] (thread 1669357) Cannot find node: mixamorig_LeftHandIndex1
[15:19:00.032367] [Import] [error] (thread 1669357) Cannot find node: mixamorig_LeftHandIndex2
[15:19:00.032385] [Import] [error] (thread 1669357) Cannot find node: mixamorig_LeftHandIndex3
[15:19:00.032403] [Import] [error] (thread 1669357) Cannot find node: mixamorig_LeftHandIndex4
[15:19:00.032421] [Import] [error] (thread 1669357) Cannot find node: mixamorig_LeftHandMiddle1
[15:19:00.032443] [Import] [error] (thread 1669357) Cannot find node: mixamorig_LeftHandMiddle2
[15:19:00.032461] [Import] [error] (thread 1669357) Cannot find node: mixamorig_LeftHandMiddle3
[15:19:00.032479] [Import] [error] (thread 1669357) Cannot find node: mixamorig_LeftHandMiddle4
[15:19:00.032497] [Import] [error] (thread 1669357) Cannot find node: mixamorig_LeftHandRing1
[15:19:00.032515] [Import] [error] (thread 1669357) Cannot find node: mixamorig_LeftHandRing2
[15:19:00.032532] [Import] [error] (thread 1669357) Cannot find node: mixamorig_LeftHandRing3
[15:19:00.032550] [Import] [error] (thread 1669357) Cannot find node: mixamorig_LeftHandRing4
[15:19:00.032568] [Import] [error] (thread 1669357) Cannot find node: mixamorig_LeftHandPinky1
[15:19:00.032589] [Import] [error] (thread 1669357) Cannot find node: mixamorig_LeftHandPinky2
[15:19:00.032609] [Import] [error] (thread 1669357) Cannot find node: mixamorig_LeftHandPinky3
[15:19:00.032629] [Import] [error] (thread 1669357) Cannot find node: mixamorig_LeftHandPinky4
[15:19:00.032649] [Import] [error] (thread 1669357) Cannot find node: mixamorig_RightShoulder
[15:19:00.032667] [Import] [error] (thread 1669357) Cannot find node: mixamorig_RightArm
[15:19:00.032685] [Import] [error] (thread 1669357) Cannot find node: mixamorig_RightForeArm
[15:19:00.032703] [Import] [error] (thread 1669357) Cannot find node: mixamorig_RightHand
[15:19:00.032722] [Import] [error] (thread 1669357) Cannot find node: mixamorig_RightHandThumb1
[15:19:00.032740] [Import] [error] (thread 1669357) Cannot find node: mixamorig_RightHandThumb2
[15:19:00.032759] [Import] [error] (thread 1669357) Cannot find node: mixamorig_RightHandThumb3
[15:19:00.032797] [Import] [error] (thread 1669357) Cannot find node: mixamorig_RightHandThumb4
[15:19:00.032816] [Import] [error] (thread 1669357) Cannot find node: mixamorig_RightHandIndex1
[15:19:00.032835] [Import] [error] (thread 1669357) Cannot find node: mixamorig_RightHandIndex2
[15:19:00.032853] [Import] [error] (thread 1669357) Cannot find node: mixamorig_RightHandIndex3
[15:19:00.032871] [Import] [error] (thread 1669357) Cannot find node: mixamorig_RightHandIndex4
[15:19:00.032890] [Import] [error] (thread 1669357) Cannot find node: mixamorig_RightHandMiddle1
[15:19:00.032908] [Import] [error] (thread 1669357) Cannot find node: mixamorig_RightHandMiddle2
[15:19:00.032926] [Import] [error] (thread 1669357) Cannot find node: mixamorig_RightHandMiddle3
[15:19:00.032944] [Import] [error] (thread 1669357) Cannot find node: mixamorig_RightHandMiddle4
[15:19:00.032964] [Import] [error] (thread 1669357) Cannot find node: mixamorig_RightHandRing1
[15:19:00.032983] [Import] [error] (thread 1669357) Cannot find node: mixamorig_RightHandRing2
[15:19:00.033002] [Import] [error] (thread 1669357) Cannot find node: mixamorig_RightHandRing3
[15:19:00.033020] [Import] [error] (thread 1669357) Cannot find node: mixamorig_RightHandRing4
[15:19:00.033038] [Import] [error] (thread 1669357) Cannot find node: mixamorig_RightHandPinky1
[15:19:00.033056] [Import] [error] (thread 1669357) Cannot find node: mixamorig_RightHandPinky2
[15:19:00.033074] [Import] [error] (thread 1669357) Cannot find node: mixamorig_RightHandPinky3
[15:19:00.033093] [Import] [error] (thread 1669357) Cannot find node: mixamorig_RightHandPinky4
[15:19:00.033111] [Import] [error] (thread 1669357) Cannot find node: mixamorig_LeftUpLeg
[15:19:00.033130] [Import] [error] (thread 1669357) Cannot find node: mixamorig_LeftLeg
[15:19:00.033148] [Import] [error] (thread 1669357) Cannot find node: mixamorig_LeftFoot
[15:19:00.033166] [Import] [error] (thread 1669357) Cannot find node: mixamorig_LeftToeBase
[15:19:00.033184] [Import] [error] (thread 1669357) Cannot find node: mixamorig_LeftToe_End
[15:19:00.033209] [Import] [error] (thread 1669357) Cannot find node: mixamorig_RightUpLeg
[15:19:00.033229] [Import] [error] (thread 1669357) Cannot find node: mixamorig_RightLeg
[15:19:00.033247] [Import] [error] (thread 1669357) Cannot find node: mixamorig_RightFoot
[15:19:00.033266] [Import] [error] (thread 1669357) Cannot find node: mixamorig_RightToeBase
[15:19:00.033286] [Import] [error] (thread 1669357) Cannot find node: mixamorig_RightToe_End
[15:19:00.033304] [Import] [error] (thread 1669357) File's animations are incompatible with the selected MANU's node
[15:19:09.560271] [Import] [info] (thread 1669357) Importing from /Users/oleg/Dropbox/Запросы файлов/MANU-Assets 1.1.0/ManuBoy/DAE/RobotSitting/Sitting_35_ButtonUp.dae
[15:19:09.642753] [Import] [info] (thread 1669357) Imported scene tree:
name: "Sitting_35_ButtonUp"

	name: "mixamorig_Hips"
	
		name: "mixamorig_Spine"
		
			name: "mixamorig_Spine1"
			
				name: "mixamorig_Spine2"
				
					name: "mixamorig_Neck"
					
						name: "mixamorig_Head"
						
							name: "mixamorig_HeadTop_End"
							
					name: "mixamorig_LeftShoulder"
					
						name: "mixamorig_LeftArm"
						
							name: "mixamorig_LeftForeArm"
							
								name: "mixamorig_LeftHand"
								
									name: "mixamorig_LeftHandThumb1"
									
										name: "mixamorig_LeftHandThumb2"
										
											name: "mixamorig_LeftHandThumb3"
											
												name: "mixamorig_LeftHandThumb4"
												
									name: "mixamorig_LeftHandIndex1"
									
										name: "mixamorig_LeftHandIndex2"
										
											name: "mixamorig_LeftHandIndex3"
											
												name: "mixamorig_LeftHandIndex4"
												
									name: "mixamorig_LeftHandMiddle1"
									
										name: "mixamorig_LeftHandMiddle2"
										
											name: "mixamorig_LeftHandMiddle3"
											
												name: "mixamorig_LeftHandMiddle4"
												
									name: "mixamorig_LeftHandRing1"
									
										name: "mixamorig_LeftHandRing2"
										
											name: "mixamorig_LeftHandRing3"
											
												name: "mixamorig_LeftHandRing4"
												
									name: "mixamorig_LeftHandPinky1"
									
										name: "mixamorig_LeftHandPinky2"
										
											name: "mixamorig_LeftHandPinky3"
											
												name: "mixamorig_LeftHandPinky4"
												
					name: "mixamorig_RightShoulder"
					
						name: "mixamorig_RightArm"
						
							name: "mixamorig_RightForeArm"
							
								name: "mixamorig_RightHand"
								
									name: "mixamorig_RightHandThumb1"
									
										name: "mixamorig_RightHandThumb2"
										
											name: "mixamorig_RightHandThumb3"
											
												name: "mixamorig_RightHandThumb4"
												
									name: "mixamorig_RightHandIndex1"
									
										name: "mixamorig_RightHandIndex2"
										
											name: "mixamorig_RightHandIndex3"
											
												name: "mixamorig_RightHandIndex4"
												
									name: "mixamorig_RightHandMiddle1"
									
										name: "mixamorig_RightHandMiddle2"
										
											name: "mixamorig_RightHandMiddle3"
											
												name: "mixamorig_RightHandMiddle4"
												
									name: "mixamorig_RightHandRing1"
									
										name: "mixamorig_RightHandRing2"
										
											name: "mixamorig_RightHandRing3"
											
												name: "mixamorig_RightHandRing4"
												
									name: "mixamorig_RightHandPinky1"
									
										name: "mixamorig_RightHandPinky2"
										
											name: "mixamorig_RightHandPinky3"
											
												name: "mixamorig_RightHandPinky4"
												
		name: "mixamorig_LeftUpLeg"
		
			name: "mixamorig_LeftLeg"
			
				name: "mixamorig_LeftFoot"
				
					name: "mixamorig_LeftToeBase"
					
						name: "mixamorig_LeftToe_End"
						
		name: "mixamorig_RightUpLeg"
		
			name: "mixamorig_RightLeg"
			
				name: "mixamorig_RightFoot"
				
					name: "mixamorig_RightToeBase"
					
						name: "mixamorig_RightToe_End"
						
	name: "Eye_L"
	numMeshes: 1
	 addr: "0x7ffc67e6f600"
	 name: "Eye_LMesh"
	 numVertices: "102"
	 numFaces: "144"
	
	
	name: "Eye_R"
	numMeshes: 1
	 addr: "0x7ffc68e30200"
	 name: "Eye_RMesh"
	 numVertices: "102"
	 numFaces: "144"
	
	
	name: "Body"
	numMeshes: 1
	 addr: "0x7ffc67e67800"
	 name: "BodyMesh"
	 numVertices: "10980"
	 numFaces: "17306"
	
	

[15:19:09.642845] [Import] [info] (thread 1669357) File loaded successfully
[15:19:09.642868] [Import] [info] (thread 1669357) Meshes count: 3
[15:19:09.642885] [Import] [info] (thread 1669357) Materials count: 3
[15:19:25.680231] [Import] [info] (thread 1669357) Importing from /Users/oleg/Dropbox/Запросы файлов/MANU-Assets 1.1.0/ManuBoy/DAE/RobotSitting/Sitting_35_ButtonDown.dae
[15:19:25.754928] [Import] [info] (thread 1669357) Imported scene tree:
name: "Sitting_35_ButtonDown"

	name: "mixamorig_Hips"
	
		name: "mixamorig_Spine"
		
			name: "mixamorig_Spine1"
			
				name: "mixamorig_Spine2"
				
					name: "mixamorig_Neck"
					
						name: "mixamorig_Head"
						
							name: "mixamorig_HeadTop_End"
							
					name: "mixamorig_LeftShoulder"
					
						name: "mixamorig_LeftArm"
						
							name: "mixamorig_LeftForeArm"
							
								name: "mixamorig_LeftHand"
								
									name: "mixamorig_LeftHandThumb1"
									
										name: "mixamorig_LeftHandThumb2"
										
											name: "mixamorig_LeftHandThumb3"
											
												name: "mixamorig_LeftHandThumb4"
												
									name: "mixamorig_LeftHandIndex1"
									
										name: "mixamorig_LeftHandIndex2"
										
											name: "mixamorig_LeftHandIndex3"
											
												name: "mixamorig_LeftHandIndex4"
												
									name: "mixamorig_LeftHandMiddle1"
									
										name: "mixamorig_LeftHandMiddle2"
										
											name: "mixamorig_LeftHandMiddle3"
											
												name: "mixamorig_LeftHandMiddle4"
												
									name: "mixamorig_LeftHandRing1"
									
										name: "mixamorig_LeftHandRing2"
										
											name: "mixamorig_LeftHandRing3"
											
												name: "mixamorig_LeftHandRing4"
												
									name: "mixamorig_LeftHandPinky1"
									
										name: "mixamorig_LeftHandPinky2"
										
											name: "mixamorig_LeftHandPinky3"
											
												name: "mixamorig_LeftHandPinky4"
												
					name: "mixamorig_RightShoulder"
					
						name: "mixamorig_RightArm"
						
							name: "mixamorig_RightForeArm"
							
								name: "mixamorig_RightHand"
								
									name: "mixamorig_RightHandThumb1"
									
										name: "mixamorig_RightHandThumb2"
										
											name: "mixamorig_RightHandThumb3"
											
												name: "mixamorig_RightHandThumb4"
												
									name: "mixamorig_RightHandIndex1"
									
										name: "mixamorig_RightHandIndex2"
										
											name: "mixamorig_RightHandIndex3"
											
												name: "mixamorig_RightHandIndex4"
												
									name: "mixamorig_RightHandMiddle1"
									
										name: "mixamorig_RightHandMiddle2"
										
											name: "mixamorig_RightHandMiddle3"
											
												name: "mixamorig_RightHandMiddle4"
												
									name: "mixamorig_RightHandRing1"
									
										name: "mixamorig_RightHandRing2"
										
											name: "mixamorig_RightHandRing3"
											
												name: "mixamorig_RightHandRing4"
												
									name: "mixamorig_RightHandPinky1"
									
										name: "mixamorig_RightHandPinky2"
										
											name: "mixamorig_RightHandPinky3"
											
												name: "mixamorig_RightHandPinky4"
												
		name: "mixamorig_LeftUpLeg"
		
			name: "mixamorig_LeftLeg"
			
				name: "mixamorig_LeftFoot"
				
					name: "mixamorig_LeftToeBase"
					
						name: "mixamorig_LeftToe_End"
						
		name: "mixamorig_RightUpLeg"
		
			name: "mixamorig_RightLeg"
			
				name: "mixamorig_RightFoot"
				
					name: "mixamorig_RightToeBase"
					
						name: "mixamorig_RightToe_End"
						
	name: "Eye_L"
	numMeshes: 1
	 addr: "0x7ffc68c13600"
	 name: "Eye_LMesh"
	 numVertices: "102"
	 numFaces: "144"
	
	
	name: "Eye_R"
	numMeshes: 1
	 addr: "0x7ffc68c55c00"
	 name: "Eye_RMesh"
	 numVertices: "102"
	 numFaces: "144"
	
	
	name: "Body"
	numMeshes: 1
	 addr: "0x7ffc68c22000"
	 name: "BodyMesh"
	 numVertices: "10980"
	 numFaces: "17306"
	
	

[15:19:25.755013] [Import] [info] (thread 1669357) File loaded successfully
[15:19:25.755036] [Import] [info] (thread 1669357) Meshes count: 3
[15:19:25.755054] [Import] [info] (thread 1669357) Materials count: 3
