[15:49:52.263170] [Import] [info] (th=245303) Importing from /Users/oleg/Dropbox/Запросы файлов/MANU-Assets 1.1.0/prp_MovingPlatform/MovingPlatform_01.fbx
[15:49:52.335954] [Import] [info] (th=245303) Imported scene tree:
name: "RootNode"

	name: "world_root"
	
		name: "Platform_00_00"
		numMeshes: 2
		 addr: "0x7f9058d5de00"
		 name: "Platform_00_00"
		 numVertices: "840"
		 numFaces: "1146"
		
		 addr: "0x7f9058d97000"
		 name: "Platform_00_00"
		 numVertices: "148"
		 numFaces: "102"
		
		
		name: "UBX_Platform_00_00"
		numMeshes: 1
		 addr: "0x7f9058dbf400"
		 name: "UBX_Platform_00_00"
		 numVertices: "24"
		 numFaces: "12"
		
		
		name: "Platform_00_01"
		numMeshes: 2
		 addr: "0x7f9058dc9e00"
		 name: "Platform_00_01"
		 numVertices: "840"
		 numFaces: "1146"
		
		 addr: "0x7f9058df0200"
		 name: "Platform_00_01"
		 numVertices: "148"
		 numFaces: "102"
		
		
		name: "UBX_Platform_00_01"
		numMeshes: 1
		 addr: "0x7f9058e10800"
		 name: "UBX_Platform_00_01"
		 numVertices: "24"
		 numFaces: "12"
		
		

[15:49:52.335970] [Import] [info] (th=245303) File loaded successfully
[15:49:52.335975] [Import] [info] (th=245303) Meshes count: 6
[15:49:52.335977] [Import] [info] (th=245303) Materials count: 3
[15:49:52.336029] [Import] [error] (th=245303) Can't find mesh for replace.
[15:50:14.160056] [Import] [info] (th=245303) Importing from /Users/oleg/Dropbox/Запросы файлов/MANU-Assets 1.1.0/prp_MovingPlatform/MovingPlatform_01.fbx
[15:50:14.233730] [Import] [info] (th=245303) Imported scene tree:
name: "RootNode"

	name: "world_root"
	
		name: "Platform_00_00"
		numMeshes: 2
		 addr: "0x7f8fd958b400"
		 name: "Platform_00_00"
		 numVertices: "840"
		 numFaces: "1146"
		
		 addr: "0x7f8fd95c2200"
		 name: "Platform_00_00"
		 numVertices: "148"
		 numFaces: "102"
		
		
		name: "UBX_Platform_00_00"
		numMeshes: 1
		 addr: "0x7f8fd95ea600"
		 name: "UBX_Platform_00_00"
		 numVertices: "24"
		 numFaces: "12"
		
		
		name: "Platform_00_01"
		numMeshes: 2
		 addr: "0x7f8fd95f5000"
		 name: "Platform_00_01"
		 numVertices: "840"
		 numFaces: "1146"
		
		 addr: "0x7f8fd961b400"
		 name: "Platform_00_01"
		 numVertices: "148"
		 numFaces: "102"
		
		
		name: "UBX_Platform_00_01"
		numMeshes: 1
		 addr: "0x7f8fd963ba00"
		 name: "UBX_Platform_00_01"
		 numVertices: "24"
		 numFaces: "12"
		
		

[15:50:14.233749] [Import] [info] (th=245303) File loaded successfully
[15:50:14.233753] [Import] [info] (th=245303) Meshes count: 6
[15:50:14.233762] [Import] [info] (th=245303) Materials count: 3
[15:50:14.234219] [Import] [info] (th=245303) Textures count (imported): 1
