[14:22:03.619567] [Import] [info] (thread 13542) Importing from /Users/oleg/Downloads/scp-button/source/SCP button/SCP button.obj
[14:22:03.623596] [Import] [info] (thread 13542) Imported scene tree:
name: "SCP button.obj"

	name: "Sphere"
	numMeshes: 1
	 addr: "0x7f95b6013200"
	 name: "Sphere"
	 numVertices: "1984"
	 numFaces: "960"
	
	
	name: "Cube_Cube.001"
	numMeshes: 1
	 addr: "0x7f95b65a8a00"
	 name: "Cube_Cube.001"
	 numVertices: "24"
	 numFaces: "12"
	
	
	name: "Cube.001_Cube.002"
	numMeshes: 1
	 addr: "0x7f95b601e200"
	 name: "Cube.001_Cube.002"
	 numVertices: "24"
	 numFaces: "12"
	
	

[14:22:03.623643] [Import] [info] (thread 13542) File loaded successfully
[14:22:03.623661] [Import] [info] (thread 13542) Meshes count: 3
[14:22:03.623676] [Import] [info] (thread 13542) Materials count: 4
[14:22:03.623840] [Import] [warning] (thread 13542) Texture not found: /Users/oleg/Downloads/scp-button/source/SCP button/C:/Users/Korisnik/Desktop/GAMES/SCP - Containment Breach Ultimate Edition/GFX/map/SLH_red.png
[14:22:03.623918] [Import] [warning] (thread 13542) Texture not found: /Users/oleg/Downloads/scp-button/source/SCP button/C:/Users/Korisnik/Desktop/GAMES/SCP - Containment Breach Ultimate Edition/GFX/ButtonUp.png
[14:22:03.623988] [Import] [warning] (thread 13542) Texture not found: /Users/oleg/Downloads/scp-button/source/SCP button/C:/Users/Korisnik/Desktop/green.png
[14:22:03.624018] [Import] [info] (thread 13542) Textures count (imported): 0
