[11:21:01.554789] [Import] [info] (thread 2532) Importing from D:\Manu3d\ManuLevel_01\_Work\prp_Generator\Generator_00.fbx
[11:21:01.714205] [Import] [info] (thread 2532) Imported scene tree:
name: "RootNode"

	name: "Generator_00_00"
	numMeshes: 1
	 addr: "00000187A9D989F0"
	 name: "Generator_00_00"
	 numVertices: "2136"
	 numFaces: "1800"
	
	

[11:21:01.714275] [Import] [info] (thread 2532) File loaded successfully
[11:21:01.714317] [Import] [info] (thread 2532) Meshes count: 1
[11:21:01.714357] [Import] [info] (thread 2532) Materials count: 1
[11:21:01.749438] [Import] [info] (thread 2532) Textures count (imported): 1
[11:29:17.195730] [Import] [info] (thread 2532) Importing from D:\Manu3d\ManuLevel_01\_Work\prp_Terminal\Terminal_00.fbx
[11:29:17.246098] [Import] [info] (thread 2532) Imported scene tree:
name: "RootNode"

	name: "Terminal_00"
	numMeshes: 1
	 addr: "00000187DD828720"
	 name: "Terminal_00"
	 numVertices: "144"
	 numFaces: "72"
	
	

[11:29:17.246148] [Import] [info] (thread 2532) File loaded successfully
[11:29:17.246182] [Import] [info] (thread 2532) Meshes count: 1
[11:29:17.246214] [Import] [info] (thread 2532) Materials count: 1
[11:29:17.246295] [Import] [info] (thread 2532) Textures count (imported): 0
[11:33:48.645812] [Import] [info] (thread 2532) Importing from D:\Manu3d\ManuLevel_01\_Work\prp_Terminal_Button\UI_Vertical_01.fbx
[11:33:48.647537] [Import] [info] (thread 2532) Imported scene tree:
name: "RootNode"

	name: "UI_Vertical_00"
	numMeshes: 1
	 addr: "00000188600A6F70"
	 name: "UI_Vertical_00"
	 numVertices: "1015"
	 numFaces: "619"
	
	

[11:33:48.647587] [Import] [info] (thread 2532) File loaded successfully
[11:33:48.647622] [Import] [info] (thread 2532) Meshes count: 1
[11:33:48.647657] [Import] [info] (thread 2532) Materials count: 1
[11:33:48.647793] [Import] [info] (thread 2532) Textures count (imported): 1
[11:38:10.603818] [Import] [info] (thread 2532) Importing from D:\Manu3d\ManuLevel_01\_Work\BigCrate_01\BigCrate_lp.fbx
[11:38:10.605069] [Import] [info] (thread 2532) Imported scene tree:
name: "RootNode"

	name: "BigCrate"
	numMeshes: 1
	 addr: "00000188600A4F90"
	 name: "BigCrate"
	 numVertices: "370"
	 numFaces: "340"
	
	

[11:38:10.605115] [Import] [info] (thread 2532) File loaded successfully
[11:38:10.605149] [Import] [info] (thread 2532) Meshes count: 1
[11:38:10.605182] [Import] [info] (thread 2532) Materials count: 1
[11:38:10.605256] [Import] [info] (thread 2532) Textures count (imported): 0
[11:54:43.292442] [Import] [info] (thread 2532) Importing from D:\Manu3d\ManuLevel_01\_Work\prp_MoonProp_01\Moonprop_00.fbx
[11:54:43.294108] [Import] [info] (thread 2532) Imported scene tree:
name: "RootNode"

	name: "matchsize1"
	numMeshes: 1
	 addr: "00000188600A1A70"
	 name: "matchsize1"
	 numVertices: "498"
	 numFaces: "460"
	
	

[11:54:43.294194] [Import] [info] (thread 2532) File loaded successfully
[11:54:43.294233] [Import] [info] (thread 2532) Meshes count: 1
[11:54:43.294266] [Import] [info] (thread 2532) Materials count: 1
[11:54:43.294344] [Import] [info] (thread 2532) Textures count (imported): 0
[11:58:49.830218] [Import] [info] (thread 2532) Importing from D:\Manu3d\ManuLevel_01\_Work\prp_TVMonitor\TW_Monitor_00.fbx
[11:58:49.831330] [Import] [info] (thread 2532) Imported scene tree:
name: "RootNode"

	name: "SM_TvMonitor"
	numMeshes: 1
	 addr: "00000188600A44F0"
	 name: "SM_TvMonitor"
	 numVertices: "160"
	 numFaces: "160"
	
	

[11:58:49.831377] [Import] [info] (thread 2532) File loaded successfully
[11:58:49.831411] [Import] [info] (thread 2532) Meshes count: 1
[11:58:49.831444] [Import] [info] (thread 2532) Materials count: 1
[11:58:49.831521] [Import] [info] (thread 2532) Textures count (imported): 0
