[14:18:53.358561] [Import] [info] (th=1623392) Log level for 'Import' set to 'info'
[14:18:53.358585] [Import] [info] (th=1623392) Importing from /Users/oleg/Downloads/Head Hit.dae
[14:18:53.410079] [Import] [info] (th=1623392) Imported scene tree:
name: "RootNode"

	name: "world_root"
	
		name: "ManuBoy"
		
			name: "Eye_L"
			numMeshes: 1
			 addr: "0x7fc5270e1200"
			 name: "Eye_LMesh"
			 numVertices: "103"
			 numFaces: "144"
			
			
			name: "m_ManuBoy"
			numMeshes: 1
			 addr: "0x7fc5270ea800"
			 name: "m_ManuBoyMesh"
			 numVertices: "10981"
			 numFaces: "17306"
			
			
			name: "m_ManuBoy1"
			numMeshes: 1
			 addr: "0x7fc5565d7600"
			 name: "m_ManuBoy1Mesh"
			 numVertices: "104"
			 numFaces: "144"
			
			
		name: "mixamorig_Hips"
		
			name: "mixamorig_Spine"
			
				name: "mixamorig_Spine1"
				
					name: "mixamorig_Spine2"
					
						name: "mixamorig_Neck"
						
							name: "mixamorig_Head"
							
								name: "mixamorig_HeadTop_End"
								
						name: "mixamorig_LeftShoulder"
						
							name: "mixamorig_LeftArm"
							
								name: "mixamorig_LeftForeArm"
								
									name: "mixamorig_LeftHand"
									
										name: "mixamorig_LeftHandThumb1"
										
											name: "mixamorig_LeftHandThumb2"
											
												name: "mixamorig_LeftHandThumb3"
												
													name: "mixamorig_LeftHandThumb4"
													
										name: "mixamorig_LeftHandIndex1"
										
											name: "mixamorig_LeftHandIndex2"
											
												name: "mixamorig_LeftHandIndex3"
												
													name: "mixamorig_LeftHandIndex4"
													
										name: "mixamorig_LeftHandMiddle1"
										
											name: "mixamorig_LeftHandMiddle2"
											
												name: "mixamorig_LeftHandMiddle3"
												
													name: "mixamorig_LeftHandMiddle4"
													
										name: "mixamorig_LeftHandRing1"
										
											name: "mixamorig_LeftHandRing2"
											
												name: "mixamorig_LeftHandRing3"
												
													name: "mixamorig_LeftHandRing4"
													
										name: "mixamorig_LeftHandPinky1"
										
											name: "mixamorig_LeftHandPinky2"
											
												name: "mixamorig_LeftHandPinky3"
												
													name: "mixamorig_LeftHandPinky4"
													
						name: "mixamorig_RightShoulder"
						
							name: "mixamorig_RightArm"
							
								name: "mixamorig_RightForeArm"
								
									name: "mixamorig_RightHand"
									
										name: "mixamorig_RightHandThumb1"
										
											name: "mixamorig_RightHandThumb2"
											
												name: "mixamorig_RightHandThumb3"
												
													name: "mixamorig_RightHandThumb4"
													
										name: "mixamorig_RightHandIndex1"
										
											name: "mixamorig_RightHandIndex2"
											
												name: "mixamorig_RightHandIndex3"
												
													name: "mixamorig_RightHandIndex4"
													
										name: "mixamorig_RightHandMiddle1"
										
											name: "mixamorig_RightHandMiddle2"
											
												name: "mixamorig_RightHandMiddle3"
												
													name: "mixamorig_RightHandMiddle4"
													
										name: "mixamorig_RightHandRing1"
										
											name: "mixamorig_RightHandRing2"
											
												name: "mixamorig_RightHandRing3"
												
													name: "mixamorig_RightHandRing4"
													
										name: "mixamorig_RightHandPinky1"
										
											name: "mixamorig_RightHandPinky2"
											
												name: "mixamorig_RightHandPinky3"
												
													name: "mixamorig_RightHandPinky4"
													
			name: "mixamorig_LeftUpLeg"
			
				name: "mixamorig_LeftLeg"
				
					name: "mixamorig_LeftFoot"
					
						name: "mixamorig_LeftToeBase"
						
							name: "mixamorig_LeftToe_End"
							
			name: "mixamorig_RightUpLeg"
			
				name: "mixamorig_RightLeg"
				
					name: "mixamorig_RightFoot"
					
						name: "mixamorig_RightToeBase"
						
							name: "mixamorig_RightToe_End"
							

[14:18:53.410090] [Import] [info] (th=1623392) File loaded successfully
[14:18:53.410093] [Import] [info] (th=1623392) Meshes count: 3
[14:18:53.410094] [Import] [info] (th=1623392) Materials count: 3
[14:52:20.084155] [Import] [info] (th=1623392) Importing from /Users/oleg/Downloads/Death Start.dae
[14:52:20.104813] [Import] [info] (th=1623392) Imported scene tree:
name: "RootNode"

	name: "Sniper_01"
	numMeshes: 1
	 addr: "0x7fc544e7da00"
	 name: "Sniper_01Mesh"
	 numVertices: "4418"
	 numFaces: "7138"
	
	
	name: "mixamorig_Hips"
	
		name: "mixamorig_Spine"
		
			name: "mixamorig_Spine1"
			
				name: "mixamorig_Spine2"
				
					name: "mixamorig_Neck"
					
						name: "mixamorig_Head"
						
							name: "mixamorig_HeadTop_End"
							
					name: "mixamorig_LeftShoulder"
					
						name: "mixamorig_LeftArm"
						
							name: "mixamorig_LeftForeArm"
							
								name: "mixamorig_LeftHand"
								
									name: "mixamorig_LeftHandThumb1"
									
										name: "mixamorig_LeftHandThumb2"
										
											name: "mixamorig_LeftHandThumb3"
											
												name: "mixamorig_LeftHandThumb4"
												
									name: "mixamorig_LeftHandIndex1"
									
										name: "mixamorig_LeftHandIndex2"
										
											name: "mixamorig_LeftHandIndex3"
											
												name: "mixamorig_LeftHandIndex4"
												
									name: "mixamorig_LeftHandMiddle1"
									
										name: "mixamorig_LeftHandMiddle2"
										
											name: "mixamorig_LeftHandMiddle3"
											
												name: "mixamorig_LeftHandMiddle4"
												
					name: "mixamorig_RightShoulder"
					
						name: "mixamorig_RightArm"
						
							name: "mixamorig_RightForeArm"
							
								name: "mixamorig_RightHand"
								
									name: "mixamorig_RightHandThumb1"
									
										name: "mixamorig_RightHandThumb2"
										
											name: "mixamorig_RightHandThumb3"
											
												name: "mixamorig_RightHandThumb4"
												
									name: "mixamorig_RightHandIndex1"
									
										name: "mixamorig_RightHandIndex2"
										
											name: "mixamorig_RightHandIndex3"
											
												name: "mixamorig_RightHandIndex4"
												
									name: "mixamorig_RightHandMiddle1"
									
										name: "mixamorig_RightHandMiddle2"
										
											name: "mixamorig_RightHandMiddle3"
											
												name: "mixamorig_RightHandMiddle4"
												
		name: "mixamorig_LeftUpLeg"
		
			name: "mixamorig_LeftLeg"
			
				name: "mixamorig_LeftFoot"
				
					name: "mixamorig_LeftToeBase"
					
						name: "mixamorig_LeftToe_End"
						
		name: "mixamorig_RightUpLeg"
		
			name: "mixamorig_RightLeg"
			
				name: "mixamorig_RightFoot"
				
					name: "mixamorig_RightToeBase"
					
						name: "mixamorig_RightToe_End"
						

[14:52:20.104823] [Import] [info] (th=1623392) File loaded successfully
[14:52:20.104825] [Import] [info] (th=1623392) Meshes count: 1
[14:52:20.104826] [Import] [info] (th=1623392) Materials count: 1
[14:52:20.104926] [Import] [info] (th=1623392) Textures count (imported): 0
