[15:52:04.506274] [Import] [info] (th=191811) Log level for 'Import' set to 'info'
[15:52:04.506328] [Import] [info] (th=191811) Importing from /Users/oleg/Dropbox/Запросы файлов/MANU-Assets 1.1.0/Ship/Ship_Fixed_and_Interior/Ship_00_01.fbx
[15:52:04.516598] [Import] [info] (th=191811) Imported scene tree:
name: "RootNode"

	name: "Ship_00_00"
	numMeshes: 1
	 addr: "0x7fed644ef600"
	 name: "Mesh.006"
	 numVertices: "3443"
	 numFaces: "4218"
	
	

[15:52:04.516608] [Import] [info] (th=191811) File loaded successfully
[15:52:04.516616] [Import] [info] (th=191811) Meshes count: 1
[15:52:04.516618] [Import] [info] (th=191811) Materials count: 1
[15:52:04.516641] [Import] [warning] (th=191811) It seems that scene structure is different
[15:52:23.606895] [Import] [info] (th=191811) Importing from /Users/oleg/Dropbox/Запросы файлов/MANU-Assets 1.1.0/Ship/Ship_Fixed_and_Interior/Ship_interior.fbx
[15:52:23.609318] [Import] [info] (th=191811) Imported scene tree:
name: "RootNode"

	name: "Ship_interior"
	numMeshes: 1
	 addr: "0x7fed11835000"
	 name: "Mesh.008"
	 numVertices: "278"
	 numFaces: "270"
	
	

[15:52:23.609331] [Import] [info] (th=191811) File loaded successfully
[15:52:23.609334] [Import] [info] (th=191811) Meshes count: 1
[15:52:23.609336] [Import] [info] (th=191811) Materials count: 1
[15:52:23.609590] [Import] [warning] (th=191811) Texture not found: /Users/oleg/Dropbox/Запросы файлов/MANU-Assets 1.1.0/Ship/Ship_Fixed_and_Interior/Interior_textures/Ship_cab_01_BaseColor.png
[15:52:23.609671] [Import] [warning] (th=191811) Texture not found: /Users/oleg/Dropbox/Запросы файлов/MANU-Assets 1.1.0/Ship/Ship_Fixed_and_Interior/Interior_textures/Ship_cab_01_Normal.png
[15:52:23.609701] [Import] [info] (th=191811) Textures count (imported): 0
