[09:25:32.826019] [Import] [info] (thread 861452) Importing from /Users/oleg/Dropbox/Запросы файлов/MANU-Assets 1.1.0/EV8_Robot/Robot_02_Terminal/DAE/RobotEv_01_Forward.dae
[09:25:32.967904] [Import] [info] (thread 861452) Imported scene tree:
name: "RobotEv_01_Forward"

	name: "RobotEv_01"
	
		name: "RobotEV_01"
		
			name: "Body"
			numMeshes: 1
			 addr: "0x7fe317e4c200"
			 name: "BodyMesh"
			 numVertices: "1173"
			 numFaces: "1512"
			
			
			name: "Engine_L"
			numMeshes: 1
			 addr: "0x7fe317e54400"
			 name: "Engine_LMesh"
			 numVertices: "3412"
			 numFaces: "3686"
			
			
			name: "Engine_R"
			numMeshes: 1
			 addr: "0x7fe317e56600"
			 name: "Engine_RMesh"
			 numVertices: "3412"
			 numFaces: "3686"
			
			
			name: "TopArmMain"
			numMeshes: 1
			 addr: "0x7fe317e58800"
			 name: "TopArmMainMesh"
			 numVertices: "2877"
			 numFaces: "3380"
			
			
			name: "Track_L"
			
			name: "WheelBox_L"
			
			name: "Cable_01"
			numMeshes: 1
			 addr: "0x7fe317e5e200"
			 name: "Cable_01Mesh"
			 numVertices: "2605"
			 numFaces: "3472"
			
			
			name: "Cutshape"
			
			name: "BodyDetails"
			numMeshes: 1
			 addr: "0x7fe317e62000"
			 name: "BodyDetailsMesh"
			 numVertices: "3298"
			 numFaces: "3052"
			
			
			name: "b_TopRotate"
			
				name: "TopRotate"
				numMeshes: 1
				 addr: "0x7fe317e65e00"
				 name: "TopRotateMesh"
				 numVertices: "7169"
				 numFaces: "7872"
				
				
			name: "b_wheel_l_01"
			
				name: "Wheel_L_Main"
				numMeshes: 1
				 addr: "0x7fe317e69c00"
				 name: "Wheel_L_MainMesh"
				 numVertices: "2575"
				 numFaces: "2918"
				
				
			name: "b_wheel_l_02"
			
				name: "Wheel_L_Front"
				numMeshes: 1
				 addr: "0x7fe317e6da00"
				 name: "Wheel_L_FrontMesh"
				 numVertices: "2575"
				 numFaces: "2918"
				
				
			name: "b_wheel_l_03"
			
				name: "Wheel_L_Back"
				numMeshes: 1
				 addr: "0x7fe317e71800"
				 name: "Wheel_L_BackMesh"
				 numVertices: "2575"
				 numFaces: "2918"
				
				
			name: "b_wheel_r_01"
			
				name: "Wheel_R_Front"
				numMeshes: 1
				 addr: "0x7fe317e75600"
				 name: "Wheel_R_FrontMesh"
				 numVertices: "2576"
				 numFaces: "2918"
				
				
			name: "b_wheel_r_02"
			
				name: "Wheel_R_Main"
				numMeshes: 1
				 addr: "0x7fe317e79400"
				 name: "Wheel_R_MainMesh"
				 numVertices: "2576"
				 numFaces: "2918"
				
				
			name: "b_wheel_r_03"
			
				name: "Wheel_R_Back"
				numMeshes: 1
				 addr: "0x7fe317e7d200"
				 name: "Wheel_R_BackMesh"
				 numVertices: "2576"
				 numFaces: "2918"
				
				
			name: "Robot_Terminal"
			numMeshes: 1
			 addr: "0x7fe317e7f400"
			 name: "Robot_TerminalMesh"
			 numVertices: "768"
			 numFaces: "598"
			
			
			name: "Robot_Terminal_UI"
			numMeshes: 1
			 addr: "0x7fe317e93e00"
			 name: "Robot_Terminal_UIMesh"
			 numVertices: "2664"
			 numFaces: "1442"
			
			
		name: "TrackRig_L"
		
			name: "Curve"
			
			name: "TrackMesh"
			numMeshes: 1
			 addr: "0x7fe317e9f400"
			 name: "TrackMeshMesh"
			 numVertices: "4760"
			 numFaces: "5871"
			
			
			name: "up"
			
			name: "Look"
			
			name: "track_root1"
			
				name: "track_bone1"
				
					name: "track_bone2"
					
						name: "track_bone3"
						
							name: "track_bone4"
							
								name: "track_bone5"
								
									name: "track_bone6"
									
										name: "track_bone7"
										
											name: "track_bone8"
											
												name: "track_bone9"
												
													name: "track_bone10"
													
														name: "track_bone11"
														
															name: "track_bone12"
															
																name: "track_bone13"
																
																	name: "track_bone14"
																	
																		name: "track_bone15"
																		
																			name: "track_bone16"
																			
																				name: "track_bone17"
																				
																					name: "track_bone18"
																					
																						name: "track_bone19"
																						
																							name: "track_bone20"
																							
																								name: "track_bone21"
																								
																									name: "track_bone22"
																									
																										name: "track_bone23"
																										
																											name: "track_bone24"
																											
																												name: "track_bone25"
																												
																													name: "track_bone26"
																													
																														name: "track_bone27"
																														
																															name: "track_bone28"
																															
																																name: "track_bone29"
																																
																																	name: "track_bone30"
																																	
		name: "TrackRig_R"
		
			name: "Curve_ncl1_1"
			
			name: "TrackMesh_ncl1_1"
			numMeshes: 1
			 addr: "0x7fe317f21800"
			 name: "TrackMesh_ncl1_1Mesh"
			 numVertices: "4909"
			 numFaces: "5871"
			
			
			name: "up_ncl1_1"
			
			name: "Look_ncl1_1"
			
			name: "track_root1_ncl1_1"
			
				name: "track_bone_R1"
				
					name: "track_bone_R2"
					
						name: "track_bone_R3"
						
							name: "track_bone_R4"
							
								name: "track_bone_R5"
								
									name: "track_bone_R6"
									
										name: "track_bone_R7"
										
											name: "track_bone_R8"
											
												name: "track_bone_R9"
												
													name: "track_bone_R10"
													
														name: "track_bone_R11"
														
															name: "track_bone_R12"
															
																name: "track_bone_R13"
																
																	name: "track_bone_R14"
																	
																		name: "track_bone_R15"
																		
																			name: "track_bone_R16"
																			
																				name: "track_bone_R17"
																				
																					name: "track_bone_R18"
																					
																						name: "track_bone_R19"
																						
																							name: "track_bone_R20"
																							
																								name: "track_bone_R21"
																								
																									name: "track_bone_R22"
																									
																										name: "track_bone_R23"
																										
																											name: "track_bone_R24"
																											
																												name: "track_bone_R25"
																												
																													name: "track_bone_R26"
																													
																														name: "track_bone_R27"
																														
																															name: "track_bone_R28"
																															
																																name: "track_bone_R29"
																																
																																	name: "track_bone_R30"
																																	

[09:25:32.967970] [Import] [info] (thread 861452) File loaded successfully
[09:25:32.967980] [Import] [info] (thread 861452) Meshes count: 17
[09:25:32.967987] [Import] [info] (thread 861452) Materials count: 10
[09:25:32.968233] [Import] [warning] (thread 861452) Texture not found: /Users/oleg/Dropbox/Запросы файлов/MANU-Assets 1.1.0/EV8_Robot/Robot_02_Terminal/DAE/D:/Manu3d/ManuLevel_01/_Work/prp_RobotTerminal/Textures/T_UI_Emiss.png
[09:25:32.968335] [Import] [info] (thread 861452) Textures count (imported): 0
[09:31:16.562436] [Import] [info] (thread 861452) Importing from /Users/oleg/Dropbox/Запросы файлов/MANU-Assets 1.1.0/EV8_Robot/Robot_02_Terminal/DAE/RobotEv_01_Forward.dae
[09:31:16.708844] [Import] [info] (thread 861452) Imported scene tree:
name: "RobotEv_01_Forward"

	name: "RobotEv_01"
	
		name: "RobotEV_01"
		
			name: "Body"
			numMeshes: 1
			 addr: "0x7fe3172fb600"
			 name: "BodyMesh"
			 numVertices: "1173"
			 numFaces: "1512"
			
			
			name: "Engine_L"
			numMeshes: 1
			 addr: "0x7fe317303800"
			 name: "Engine_LMesh"
			 numVertices: "3412"
			 numFaces: "3686"
			
			
			name: "Engine_R"
			numMeshes: 1
			 addr: "0x7fe317305a00"
			 name: "Engine_RMesh"
			 numVertices: "3412"
			 numFaces: "3686"
			
			
			name: "TopArmMain"
			numMeshes: 1
			 addr: "0x7fe317307c00"
			 name: "TopArmMainMesh"
			 numVertices: "2877"
			 numFaces: "3380"
			
			
			name: "Track_L"
			
			name: "WheelBox_L"
			
			name: "Cable_01"
			numMeshes: 1
			 addr: "0x7fe31730d600"
			 name: "Cable_01Mesh"
			 numVertices: "2605"
			 numFaces: "3472"
			
			
			name: "Cutshape"
			
			name: "BodyDetails"
			numMeshes: 1
			 addr: "0x7fe317311400"
			 name: "BodyDetailsMesh"
			 numVertices: "3298"
			 numFaces: "3052"
			
			
			name: "b_TopRotate"
			
				name: "TopRotate"
				numMeshes: 1
				 addr: "0x7fe317315200"
				 name: "TopRotateMesh"
				 numVertices: "7169"
				 numFaces: "7872"
				
				
			name: "b_wheel_l_01"
			
				name: "Wheel_L_Main"
				numMeshes: 1
				 addr: "0x7fe317319000"
				 name: "Wheel_L_MainMesh"
				 numVertices: "2575"
				 numFaces: "2918"
				
				
			name: "b_wheel_l_02"
			
				name: "Wheel_L_Front"
				numMeshes: 1
				 addr: "0x7fe31731ce00"
				 name: "Wheel_L_FrontMesh"
				 numVertices: "2575"
				 numFaces: "2918"
				
				
			name: "b_wheel_l_03"
			
				name: "Wheel_L_Back"
				numMeshes: 1
				 addr: "0x7fe317320c00"
				 name: "Wheel_L_BackMesh"
				 numVertices: "2575"
				 numFaces: "2918"
				
				
			name: "b_wheel_r_01"
			
				name: "Wheel_R_Front"
				numMeshes: 1
				 addr: "0x7fe317324a00"
				 name: "Wheel_R_FrontMesh"
				 numVertices: "2576"
				 numFaces: "2918"
				
				
			name: "b_wheel_r_02"
			
				name: "Wheel_R_Main"
				numMeshes: 1
				 addr: "0x7fe317328800"
				 name: "Wheel_R_MainMesh"
				 numVertices: "2576"
				 numFaces: "2918"
				
				
			name: "b_wheel_r_03"
			
				name: "Wheel_R_Back"
				numMeshes: 1
				 addr: "0x7fe31732c600"
				 name: "Wheel_R_BackMesh"
				 numVertices: "2576"
				 numFaces: "2918"
				
				
			name: "Robot_Terminal"
			numMeshes: 1
			 addr: "0x7fe31732e800"
			 name: "Robot_TerminalMesh"
			 numVertices: "768"
			 numFaces: "598"
			
			
			name: "Robot_Terminal_UI"
			numMeshes: 1
			 addr: "0x7fe317343200"
			 name: "Robot_Terminal_UIMesh"
			 numVertices: "2664"
			 numFaces: "1442"
			
			
		name: "TrackRig_L"
		
			name: "Curve"
			
			name: "TrackMesh"
			numMeshes: 1
			 addr: "0x7fe31734e800"
			 name: "TrackMeshMesh"
			 numVertices: "4760"
			 numFaces: "5871"
			
			
			name: "up"
			
			name: "Look"
			
			name: "track_root1"
			
				name: "track_bone1"
				
					name: "track_bone2"
					
						name: "track_bone3"
						
							name: "track_bone4"
							
								name: "track_bone5"
								
									name: "track_bone6"
									
										name: "track_bone7"
										
											name: "track_bone8"
											
												name: "track_bone9"
												
													name: "track_bone10"
													
														name: "track_bone11"
														
															name: "track_bone12"
															
																name: "track_bone13"
																
																	name: "track_bone14"
																	
																		name: "track_bone15"
																		
																			name: "track_bone16"
																			
																				name: "track_bone17"
																				
																					name: "track_bone18"
																					
																						name: "track_bone19"
																						
																							name: "track_bone20"
																							
																								name: "track_bone21"
																								
																									name: "track_bone22"
																									
																										name: "track_bone23"
																										
																											name: "track_bone24"
																											
																												name: "track_bone25"
																												
																													name: "track_bone26"
																													
																														name: "track_bone27"
																														
																															name: "track_bone28"
																															
																																name: "track_bone29"
																																
																																	name: "track_bone30"
																																	
		name: "TrackRig_R"
		
			name: "Curve_ncl1_1"
			
			name: "TrackMesh_ncl1_1"
			numMeshes: 1
			 addr: "0x7fe3173ca600"
			 name: "TrackMesh_ncl1_1Mesh"
			 numVertices: "4909"
			 numFaces: "5871"
			
			
			name: "up_ncl1_1"
			
			name: "Look_ncl1_1"
			
			name: "track_root1_ncl1_1"
			
				name: "track_bone_R1"
				
					name: "track_bone_R2"
					
						name: "track_bone_R3"
						
							name: "track_bone_R4"
							
								name: "track_bone_R5"
								
									name: "track_bone_R6"
									
										name: "track_bone_R7"
										
											name: "track_bone_R8"
											
												name: "track_bone_R9"
												
													name: "track_bone_R10"
													
														name: "track_bone_R11"
														
															name: "track_bone_R12"
															
																name: "track_bone_R13"
																
																	name: "track_bone_R14"
																	
																		name: "track_bone_R15"
																		
																			name: "track_bone_R16"
																			
																				name: "track_bone_R17"
																				
																					name: "track_bone_R18"
																					
																						name: "track_bone_R19"
																						
																							name: "track_bone_R20"
																							
																								name: "track_bone_R21"
																								
																									name: "track_bone_R22"
																									
																										name: "track_bone_R23"
																										
																											name: "track_bone_R24"
																											
																												name: "track_bone_R25"
																												
																													name: "track_bone_R26"
																													
																														name: "track_bone_R27"
																														
																															name: "track_bone_R28"
																															
																																name: "track_bone_R29"
																																
																																	name: "track_bone_R30"
																																	

[09:31:16.708916] [Import] [info] (thread 861452) File loaded successfully
[09:31:16.708925] [Import] [info] (thread 861452) Meshes count: 17
[09:31:16.708932] [Import] [info] (thread 861452) Materials count: 10
