[23:23:43.251535] [Import] [info] (th=538635) Importing from /Users/oleg/Dropbox/Запросы файлов/MANU-Assets 1.1.0/Widow Maker/Boss_obj.obj
[23:23:43.402384] [Import] [info] (th=538635) Imported scene tree:
name: "Boss_obj.obj"

	name: "default"
	
	name: "BossBody_01 DM_Boss_00_00"
	numMeshes: 1
	 addr: "0x7fe29f19a600"
	 name: "BossBody_01 DM_Boss_00_00"
	 numVertices: "3852"
	 numFaces: "4998"
	
	
	name: "default"
	
	name: "DM_Boss_00_00 BossLeguu_01"
	numMeshes: 1
	 addr: "0x7fe29f1d5400"
	 name: "DM_Boss_00_00 BossLeguu_01"
	 numVertices: "1542"
	 numFaces: "1902"
	
	
	name: "default"
	
	name: "DM_Boss_00_00 BossLegR_01"
	numMeshes: 1
	 addr: "0x7fe29f1b6000"
	 name: "DM_Boss_00_00 BossLegR_01"
	 numVertices: "1646"
	 numFaces: "2012"
	
	
	name: "default"
	
	name: "DM_Boss_00_00 BossGunL_01"
	numMeshes: 1
	 addr: "0x7fe29f1b7200"
	 name: "DM_Boss_00_00 BossGunL_01"
	 numVertices: "2367"
	 numFaces: "3302"
	
	
	name: "default"
	
	name: "DM_Boss_00_00 BossGunR_01"
	numMeshes: 1
	 addr: "0x7fe29f1b8400"
	 name: "DM_Boss_00_00 BossGunR_01"
	 numVertices: "2367"
	 numFaces: "3302"
	
	
	name: "default"
	
	name: "DM_Boss_00_00 BossLegWireL_01"
	numMeshes: 1
	 addr: "0x7fe29f217600"
	 name: "DM_Boss_00_00 BossLegWireL_01"
	 numVertices: "109"
	 numFaces: "144"
	
	
	name: "default"
	
	name: "DM_Boss_00_00 BossLegL_02"
	numMeshes: 1
	 addr: "0x7fe29f196a00"
	 name: "DM_Boss_00_00 BossLegL_02"
	 numVertices: "1646"
	 numFaces: "2012"
	
	
	name: "default"
	
	name: "DM_Boss_00_00 BossLegL_03"
	numMeshes: 1
	 addr: "0x7fe29f197c00"
	 name: "DM_Boss_00_00 BossLegL_03"
	 numVertices: "1646"
	 numFaces: "2012"
	
	
	name: "default"
	
	name: "DM_Boss_00_00 BossLegR_02"
	numMeshes: 1
	 addr: "0x7fe29f198e00"
	 name: "DM_Boss_00_00 BossLegR_02"
	 numVertices: "1646"
	 numFaces: "2012"
	
	
	name: "default"
	
	name: "DM_Boss_00_00 BossLegR_03"
	numMeshes: 1
	 addr: "0x7fe29f23ea00"
	 name: "DM_Boss_00_00 BossLegR_03"
	 numVertices: "1646"
	 numFaces: "2012"
	
	
	name: "default"
	
	name: "BossBody_01 DM_Boss_00_00 tubes"
	numMeshes: 1
	 addr: "0x7fe29f246000"
	 name: "BossBody_01 DM_Boss_00_00 tubes"
	 numVertices: "307"
	 numFaces: "528"
	
	
	name: "default"
	
	name: "BossBody_01 DM_Boss_00_00 BossDetails"
	numMeshes: 1
	 addr: "0x7fe29f251a00"
	 name: "BossBody_01 DM_Boss_00_00 BossDetails"
	 numVertices: "4711"
	 numFaces: "5658"
	
	
	name: "default"
	
	name: "BossBody_01 DM_Boss_00_00 BossEngine_Tubes"
	numMeshes: 1
	 addr: "0x7fe29f252c00"
	 name: "BossBody_01 DM_Boss_00_00 BossEngine_Tubes"
	 numVertices: "452"
	 numFaces: "420"
	
	
	name: "historySwitch1Set"
	
	name: "BossBody_01 DM_Boss_00_00 Tube"
	numMeshes: 1
	 addr: "0x7fe29f25e200"
	 name: "BossBody_01 DM_Boss_00_00 Tube"
	 numVertices: "1840"
	 numFaces: "1744"
	
	
	name: "default"
	
	name: "BossBody_01 DM_Boss_00_00 BossSpine"
	numMeshes: 1
	 addr: "0x7fe29f264600"
	 name: "BossBody_01 DM_Boss_00_00 BossSpine"
	 numVertices: "15411"
	 numFaces: "22450"
	
	
	name: "default"
	
	name: "BossBody_01 DM_Boss_00_00 EnergyTube_00"
	numMeshes: 1
	 addr: "0x7fe29f265800"
	 name: "BossBody_01 DM_Boss_00_00 EnergyTube_00"
	 numVertices: "402"
	 numFaces: "588"
	
	
	name: "default"
	
	name: "BossBody_01 DM_Boss_00_00 Tube BossLegWireL_02"
	numMeshes: 1
	 addr: "0x7fe29f274200"
	 name: "BossBody_01 DM_Boss_00_00 Tube BossLegWireL_02"
	 numVertices: "413"
	 numFaces: "512"
	
	

[23:23:43.402393] [Import] [info] (th=538635) File loaded successfully
[23:23:43.402397] [Import] [info] (th=538635) Meshes count: 17
[23:23:43.402397] [Import] [info] (th=538635) Materials count: 8
[23:23:43.402596] [Import] [info] (th=538635) Textures count (imported): 0
