[20:58:53.306814] [Import] [info] (thread 1330654) Importing from /Users/oleg/Dropbox/Запросы файлов/MANU-Assets 1.1.0/ManuBoy/DAE/RobotSitting/Sitting_35_Wheel.dae
[20:58:53.369175] [Import] [info] (thread 1330654) Imported scene tree:
name: "Sitting_35_Wheel"

	name: "mixamorig_Hips"
	
		name: "mixamorig_Spine"
		
			name: "mixamorig_Spine1"
			
				name: "mixamorig_Spine2"
				
					name: "mixamorig_Neck"
					
						name: "mixamorig_Head"
						
							name: "mixamorig_HeadTop_End"
							
					name: "mixamorig_LeftShoulder"
					
						name: "mixamorig_LeftArm"
						
							name: "mixamorig_LeftForeArm"
							
								name: "mixamorig_LeftHand"
								
									name: "mixamorig_LeftHandThumb1"
									
										name: "mixamorig_LeftHandThumb2"
										
											name: "mixamorig_LeftHandThumb3"
											
												name: "mixamorig_LeftHandThumb4"
												
									name: "mixamorig_LeftHandIndex1"
									
										name: "mixamorig_LeftHandIndex2"
										
											name: "mixamorig_LeftHandIndex3"
											
												name: "mixamorig_LeftHandIndex4"
												
									name: "mixamorig_LeftHandMiddle1"
									
										name: "mixamorig_LeftHandMiddle2"
										
											name: "mixamorig_LeftHandMiddle3"
											
												name: "mixamorig_LeftHandMiddle4"
												
									name: "mixamorig_LeftHandRing1"
									
										name: "mixamorig_LeftHandRing2"
										
											name: "mixamorig_LeftHandRing3"
											
												name: "mixamorig_LeftHandRing4"
												
									name: "mixamorig_LeftHandPinky1"
									
										name: "mixamorig_LeftHandPinky2"
										
											name: "mixamorig_LeftHandPinky3"
											
												name: "mixamorig_LeftHandPinky4"
												
					name: "mixamorig_RightShoulder"
					
						name: "mixamorig_RightArm"
						
							name: "mixamorig_RightForeArm"
							
								name: "mixamorig_RightHand"
								
									name: "mixamorig_RightHandThumb1"
									
										name: "mixamorig_RightHandThumb2"
										
											name: "mixamorig_RightHandThumb3"
											
												name: "mixamorig_RightHandThumb4"
												
									name: "mixamorig_RightHandIndex1"
									
										name: "mixamorig_RightHandIndex2"
										
											name: "mixamorig_RightHandIndex3"
											
												name: "mixamorig_RightHandIndex4"
												
									name: "mixamorig_RightHandMiddle1"
									
										name: "mixamorig_RightHandMiddle2"
										
											name: "mixamorig_RightHandMiddle3"
											
												name: "mixamorig_RightHandMiddle4"
												
									name: "mixamorig_RightHandRing1"
									
										name: "mixamorig_RightHandRing2"
										
											name: "mixamorig_RightHandRing3"
											
												name: "mixamorig_RightHandRing4"
												
									name: "mixamorig_RightHandPinky1"
									
										name: "mixamorig_RightHandPinky2"
										
											name: "mixamorig_RightHandPinky3"
											
												name: "mixamorig_RightHandPinky4"
												
		name: "mixamorig_LeftUpLeg"
		
			name: "mixamorig_LeftLeg"
			
				name: "mixamorig_LeftFoot"
				
					name: "mixamorig_LeftToeBase"
					
						name: "mixamorig_LeftToe_End"
						
		name: "mixamorig_RightUpLeg"
		
			name: "mixamorig_RightLeg"
			
				name: "mixamorig_RightFoot"
				
					name: "mixamorig_RightToeBase"
					
						name: "mixamorig_RightToe_End"
						
	name: "ManuBoy"
	
		name: "Eye_L"
		numMeshes: 1
		 addr: "0x7fec7fb06a00"
		 name: "Eye_LMesh"
		 numVertices: "102"
		 numFaces: "144"
		
		
		name: "Eye_R"
		numMeshes: 1
		 addr: "0x7fec7fa8a600"
		 name: "Eye_RMesh"
		 numVertices: "102"
		 numFaces: "144"
		
		
		name: "Body"
		numMeshes: 1
		 addr: "0x7fec7fb14e00"
		 name: "BodyMesh"
		 numVertices: "10980"
		 numFaces: "17306"
		
		

[20:58:53.369231] [Import] [info] (thread 1330654) File loaded successfully
[20:58:53.369251] [Import] [info] (thread 1330654) Meshes count: 3
[20:58:53.369266] [Import] [info] (thread 1330654) Materials count: 3
[20:58:53.370005] [Import] [error] (thread 1330654) Cannot find node: mixamorig_HeadTop_End
[20:58:53.370049] [Import] [error] (thread 1330654) Cannot find node: mixamorig_LeftHandThumb4
[20:58:53.370069] [Import] [error] (thread 1330654) Cannot find node: mixamorig_LeftHandIndex4
[20:58:53.370088] [Import] [error] (thread 1330654) Cannot find node: mixamorig_LeftHandMiddle4
[20:58:53.370107] [Import] [error] (thread 1330654) Cannot find node: mixamorig_LeftHandRing4
[20:58:53.370126] [Import] [error] (thread 1330654) Cannot find node: mixamorig_LeftHandPinky4
[20:58:53.370151] [Import] [error] (thread 1330654) Cannot find node: mixamorig_RightHandThumb4
[20:58:53.370170] [Import] [error] (thread 1330654) Cannot find node: mixamorig_RightHandIndex4
[20:58:53.370189] [Import] [error] (thread 1330654) Cannot find node: mixamorig_RightHandMiddle4
[20:58:53.370209] [Import] [error] (thread 1330654) Cannot find node: mixamorig_RightHandRing4
[20:58:53.370228] [Import] [error] (thread 1330654) Cannot find node: mixamorig_RightHandPinky4
[20:58:53.370249] [Import] [error] (thread 1330654) Cannot find node: mixamorig_LeftToe_End
[20:58:53.370271] [Import] [error] (thread 1330654) Cannot find node: mixamorig_RightToe_End
[20:58:53.370284] [Import] [error] (thread 1330654) File's animations are incompatible with the selected MANU's node
