[19:30:23.308253] [Import] [info] (th=1226595) Log level for 'Import' set to 'info'
[19:30:23.308762] [Import] [info] (th=1226595) Importing from /Users/sergey/Downloads/BG_Canyon_00_RE.fbx
[19:30:23.330152] [Import] [info] (th=1226595) Imported scene tree:
name: "RootNode"

	name: "BG_Canyon"
	numMeshes: 1
	 addr: "0x7fc3a5077800"
	 name: "Mesh.004"
	 numVertices: "2045"
	 numFaces: "1649"
	
	

[19:30:23.330163] [Import] [info] (th=1226595) File loaded successfully
[19:30:23.330168] [Import] [info] (th=1226595) Meshes count: 1
[19:30:23.330169] [Import] [info] (th=1226595) Materials count: 1
[19:30:23.330194] [Import] [warning] (th=1226595) It seems that scene structure is different
[19:37:44.005222] [Import] [info] (th=1226595) Importing from /Users/sergey/Downloads/SM_Ground_03_RE.fbx
[19:37:44.015622] [Import] [info] (th=1226595) Imported scene tree:
name: "RootNode"

	name: "SM_Ground_03"
	numMeshes: 1
	 addr: "0x7fc344331e00"
	 name: "Mesh.002"
	 numVertices: "932"
	 numFaces: "1550"
	
	

[19:37:44.015641] [Import] [info] (th=1226595) File loaded successfully
[19:37:44.015644] [Import] [info] (th=1226595) Meshes count: 1
[19:37:44.015646] [Import] [info] (th=1226595) Materials count: 1
[19:37:44.018190] [Import] [warning] (th=1226595) Texture not found: /Users/sergey/Downloads/C:/Users/Grigorii/Dropbox/MANU-Assets/TrimTileTextures_01/Sand_D.png
[19:37:44.018227] [Import] [warning] (th=1226595) Texture not found: /Users/sergey/Downloads/C:/Users/Grigorii/Dropbox/MANU-Assets/TrimTileTextures_01/Sand_N.png
[19:37:44.018501] [Import] [info] (th=1226595) Textures count (imported): 0
