[19:01:43.644871] [Import] [info] (th=783616) Importing from /Users/oleg/Dropbox/Запросы файлов/MANU-Assets 1.1.0/Ship_Parts/Fuel_01.fbx
[19:01:43.647903] [Import] [info] (th=783616) Imported scene tree:
name: "RootNode"

	name: "Fuel_01"
	numMeshes: 1
	 addr: "0x7fe098057800"
	 name: "Fuel_01"
	 numVertices: "880"
	 numFaces: "1122"
	
	

[19:01:43.647910] [Import] [info] (th=783616) File loaded successfully
[19:01:43.647913] [Import] [info] (th=783616) Meshes count: 1
[19:01:43.647914] [Import] [info] (th=783616) Materials count: 1
[19:01:43.648103] [Import] [info] (th=783616) Textures count (imported): 1
[19:11:57.868653] [Import] [info] (th=783616) Importing from /Users/oleg/Dropbox/Запросы файлов/MANU-Assets 1.1.0/Star_with_tail.fbx
[19:11:57.869545] [Import] [info] (th=783616) Imported scene tree:
name: "RootNode"

	name: "Star"
	numMeshes: 1
	 addr: "0x7fe078086400"
	 name: "Circle"
	 numVertices: "110"
	 numFaces: "60"
	
	
	name: "Star_tail"
	numMeshes: 1
	 addr: "0x7fe0780d3200"
	 name: "Circle.002"
	 numVertices: "53"
	 numFaces: "32"
	
	

[19:11:57.869553] [Import] [info] (th=783616) File loaded successfully
[19:11:57.869555] [Import] [info] (th=783616) Meshes count: 2
[19:11:57.869560] [Import] [info] (th=783616) Materials count: 1
[19:11:57.869594] [Import] [info] (th=783616) Textures count (imported): 0
