[19:58:49.454920] [Import] [info] (thread 325450) Importing from /Users/oleg/Downloads/Jumping 2.dae
[19:58:49.508644] [Import] [info] (thread 325450) Imported scene tree:
name: "RootNode"

	name: "world_root"
	
		name: "ManuBoy"
		
			name: "Eye_L"
			numMeshes: 1
			 addr: "0x7ff88421f600"
			 name: "Eye_LMesh"
			 numVertices: "103"
			 numFaces: "144"
			
			
			name: "m_ManuBoy"
			numMeshes: 1
			 addr: "0x7ff884228c00"
			 name: "m_ManuBoyMesh"
			 numVertices: "10984"
			 numFaces: "17306"
			
			
			name: "m_ManuBoy1"
			numMeshes: 1
			 addr: "0x7ff88422f400"
			 name: "m_ManuBoy1Mesh"
			 numVertices: "104"
			 numFaces: "144"
			
			
		name: "mixamorig_Hips"
		
			name: "mixamorig_Spine"
			
				name: "mixamorig_Spine1"
				
					name: "mixamorig_Spine2"
					
						name: "mixamorig_Neck"
						
							name: "mixamorig_Head"
							
								name: "mixamorig_HeadTop_End"
								
						name: "mixamorig_LeftShoulder"
						
							name: "mixamorig_LeftArm"
							
								name: "mixamorig_LeftForeArm"
								
									name: "mixamorig_LeftHand"
									
										name: "mixamorig_LeftHandThumb1"
										
											name: "mixamorig_LeftHandThumb2"
											
												name: "mixamorig_LeftHandThumb3"
												
													name: "mixamorig_LeftHandThumb4"
													
										name: "mixamorig_LeftHandIndex1"
										
											name: "mixamorig_LeftHandIndex2"
											
												name: "mixamorig_LeftHandIndex3"
												
													name: "mixamorig_LeftHandIndex4"
													
										name: "mixamorig_LeftHandMiddle1"
										
											name: "mixamorig_LeftHandMiddle2"
											
												name: "mixamorig_LeftHandMiddle3"
												
													name: "mixamorig_LeftHandMiddle4"
													
										name: "mixamorig_LeftHandRing1"
										
											name: "mixamorig_LeftHandRing2"
											
												name: "mixamorig_LeftHandRing3"
												
													name: "mixamorig_LeftHandRing4"
													
										name: "mixamorig_LeftHandPinky1"
										
											name: "mixamorig_LeftHandPinky2"
											
												name: "mixamorig_LeftHandPinky3"
												
													name: "mixamorig_LeftHandPinky4"
													
						name: "mixamorig_RightShoulder"
						
							name: "mixamorig_RightArm"
							
								name: "mixamorig_RightForeArm"
								
									name: "mixamorig_RightHand"
									
										name: "mixamorig_RightHandThumb1"
										
											name: "mixamorig_RightHandThumb2"
											
												name: "mixamorig_RightHandThumb3"
												
													name: "mixamorig_RightHandThumb4"
													
										name: "mixamorig_RightHandIndex1"
										
											name: "mixamorig_RightHandIndex2"
											
												name: "mixamorig_RightHandIndex3"
												
													name: "mixamorig_RightHandIndex4"
													
										name: "mixamorig_RightHandMiddle1"
										
											name: "mixamorig_RightHandMiddle2"
											
												name: "mixamorig_RightHandMiddle3"
												
													name: "mixamorig_RightHandMiddle4"
													
										name: "mixamorig_RightHandRing1"
										
											name: "mixamorig_RightHandRing2"
											
												name: "mixamorig_RightHandRing3"
												
													name: "mixamorig_RightHandRing4"
													
										name: "mixamorig_RightHandPinky1"
										
											name: "mixamorig_RightHandPinky2"
											
												name: "mixamorig_RightHandPinky3"
												
													name: "mixamorig_RightHandPinky4"
													
			name: "mixamorig_LeftUpLeg"
			
				name: "mixamorig_LeftLeg"
				
					name: "mixamorig_LeftFoot"
					
						name: "mixamorig_LeftToeBase"
						
							name: "mixamorig_LeftToe_End"
							
			name: "mixamorig_RightUpLeg"
			
				name: "mixamorig_RightLeg"
				
					name: "mixamorig_RightFoot"
					
						name: "mixamorig_RightToeBase"
						
							name: "mixamorig_RightToe_End"
							

[19:58:49.508698] [Import] [info] (thread 325450) File loaded successfully
[19:58:49.508714] [Import] [info] (thread 325450) Meshes count: 3
[19:58:49.508739] [Import] [info] (thread 325450) Materials count: 3
[19:59:05.770226] [Import] [info] (thread 325450) Importing from /Users/oleg/Downloads/Jumping 2.dae
[19:59:05.819354] [Import] [info] (thread 325450) Imported scene tree:
name: "RootNode"

	name: "world_root"
	
		name: "ManuBoy"
		
			name: "Eye_L"
			numMeshes: 1
			 addr: "0x7ff8a616ea00"
			 name: "Eye_LMesh"
			 numVertices: "103"
			 numFaces: "144"
			
			
			name: "m_ManuBoy"
			numMeshes: 1
			 addr: "0x7ff8a6178000"
			 name: "m_ManuBoyMesh"
			 numVertices: "10984"
			 numFaces: "17306"
			
			
			name: "m_ManuBoy1"
			numMeshes: 1
			 addr: "0x7ff8a617e000"
			 name: "m_ManuBoy1Mesh"
			 numVertices: "104"
			 numFaces: "144"
			
			
		name: "mixamorig_Hips"
		
			name: "mixamorig_Spine"
			
				name: "mixamorig_Spine1"
				
					name: "mixamorig_Spine2"
					
						name: "mixamorig_Neck"
						
							name: "mixamorig_Head"
							
								name: "mixamorig_HeadTop_End"
								
						name: "mixamorig_LeftShoulder"
						
							name: "mixamorig_LeftArm"
							
								name: "mixamorig_LeftForeArm"
								
									name: "mixamorig_LeftHand"
									
										name: "mixamorig_LeftHandThumb1"
										
											name: "mixamorig_LeftHandThumb2"
											
												name: "mixamorig_LeftHandThumb3"
												
													name: "mixamorig_LeftHandThumb4"
													
										name: "mixamorig_LeftHandIndex1"
										
											name: "mixamorig_LeftHandIndex2"
											
												name: "mixamorig_LeftHandIndex3"
												
													name: "mixamorig_LeftHandIndex4"
													
										name: "mixamorig_LeftHandMiddle1"
										
											name: "mixamorig_LeftHandMiddle2"
											
												name: "mixamorig_LeftHandMiddle3"
												
													name: "mixamorig_LeftHandMiddle4"
													
										name: "mixamorig_LeftHandRing1"
										
											name: "mixamorig_LeftHandRing2"
											
												name: "mixamorig_LeftHandRing3"
												
													name: "mixamorig_LeftHandRing4"
													
										name: "mixamorig_LeftHandPinky1"
										
											name: "mixamorig_LeftHandPinky2"
											
												name: "mixamorig_LeftHandPinky3"
												
													name: "mixamorig_LeftHandPinky4"
													
						name: "mixamorig_RightShoulder"
						
							name: "mixamorig_RightArm"
							
								name: "mixamorig_RightForeArm"
								
									name: "mixamorig_RightHand"
									
										name: "mixamorig_RightHandThumb1"
										
											name: "mixamorig_RightHandThumb2"
											
												name: "mixamorig_RightHandThumb3"
												
													name: "mixamorig_RightHandThumb4"
													
										name: "mixamorig_RightHandIndex1"
										
											name: "mixamorig_RightHandIndex2"
											
												name: "mixamorig_RightHandIndex3"
												
													name: "mixamorig_RightHandIndex4"
													
										name: "mixamorig_RightHandMiddle1"
										
											name: "mixamorig_RightHandMiddle2"
											
												name: "mixamorig_RightHandMiddle3"
												
													name: "mixamorig_RightHandMiddle4"
													
										name: "mixamorig_RightHandRing1"
										
											name: "mixamorig_RightHandRing2"
											
												name: "mixamorig_RightHandRing3"
												
													name: "mixamorig_RightHandRing4"
													
										name: "mixamorig_RightHandPinky1"
										
											name: "mixamorig_RightHandPinky2"
											
												name: "mixamorig_RightHandPinky3"
												
													name: "mixamorig_RightHandPinky4"
													
			name: "mixamorig_LeftUpLeg"
			
				name: "mixamorig_LeftLeg"
				
					name: "mixamorig_LeftFoot"
					
						name: "mixamorig_LeftToeBase"
						
							name: "mixamorig_LeftToe_End"
							
			name: "mixamorig_RightUpLeg"
			
				name: "mixamorig_RightLeg"
				
					name: "mixamorig_RightFoot"
					
						name: "mixamorig_RightToeBase"
						
							name: "mixamorig_RightToe_End"
							

[19:59:05.819408] [Import] [info] (thread 325450) File loaded successfully
[19:59:05.819435] [Import] [info] (thread 325450) Meshes count: 3
[19:59:05.819445] [Import] [info] (thread 325450) Materials count: 3
