[12:00:20.872076] [Import] [info] (th=110307) Importing from /Users/oleg/Dropbox/Запросы файлов/MANU-Assets 1.1.0/prp_Pyramid/Pyramid_front.fbx
[12:00:20.876265] [Import] [info] (th=110307) Imported scene tree:
name: "RootNode"

	name: "Plane.003"
	numMeshes: 1
	 addr: "0x7fede7ef0200"
	 name: "Plane.007"
	 numVertices: "658"
	 numFaces: "544"
	
	
	name: "Plane.004"
	numMeshes: 1
	 addr: "0x7fede7f45a00"
	 name: "Plane.008"
	 numVertices: "658"
	 numFaces: "544"
	
	
	name: "Plane.005"
	numMeshes: 1
	 addr: "0x7fede7f66400"
	 name: "Plane.009"
	 numVertices: "499"
	 numFaces: "276"
	
	
	name: "Plane.006"
	numMeshes: 1
	 addr: "0x7fede7f6ee00"
	 name: "Plane.010"
	 numVertices: "499"
	 numFaces: "276"
	
	
	name: "Plane.007"
	numMeshes: 1
	 addr: "0x7fede7f7d000"
	 name: "Plane.011"
	 numVertices: "499"
	 numFaces: "276"
	
	

[12:00:20.876273] [Import] [info] (th=110307) File loaded successfully
[12:00:20.876275] [Import] [info] (th=110307) Meshes count: 5
[12:00:20.876276] [Import] [info] (th=110307) Materials count: 1
[12:00:20.876487] [Import] [info] (th=110307) Textures count (imported): 2
