[12:43:09.681138] [Import] [info] (th=191851) Log level for 'Import' set to 'info'
[12:43:09.681170] [Import] [info] (th=191851) Importing from /Users/oleg/Dropbox/Запросы файлов/MANU-Assets 1.1.0/prp_Fixes/Fixes_22.03/DoorBort_00_01_RE.fbx
[12:43:09.683323] [Import] [info] (th=191851) Imported scene tree:
name: "RootNode"

	name: "DoorBort_00_01"
	numMeshes: 1
	 addr: "0x7ff089391800"
	 name: "Mesh.025"
	 numVertices: "64"
	 numFaces: "40"
	
	

[12:43:09.683332] [Import] [info] (th=191851) File loaded successfully
[12:43:09.683335] [Import] [info] (th=191851) Meshes count: 1
[12:43:09.683352] [Import] [info] (th=191851) Materials count: 1
[12:43:09.683372] [Import] [warning] (th=191851) It seems that scene structure is different
[12:46:02.408808] [Import] [info] (th=191851) Importing from /Users/oleg/Dropbox/Запросы файлов/MANU-Assets 1.1.0/prp_Fixes/Fixes_22.03/Pyramid_RE.fbx
[12:46:02.414051] [Import] [info] (th=191851) Imported scene tree:
name: "RootNode"

	name: "Pyramid"
	numMeshes: 1
	 addr: "0x7ff0ac9f5000"
	 name: "Mesh.023"
	 numVertices: "1841"
	 numFaces: "1203"
	
	

[12:46:02.414067] [Import] [info] (th=191851) File loaded successfully
[12:46:02.414069] [Import] [info] (th=191851) Meshes count: 1
[12:46:02.414092] [Import] [info] (th=191851) Materials count: 1
[12:46:02.414108] [Import] [warning] (th=191851) It seems that scene structure is different
[12:46:16.104706] [Import] [info] (th=191851) Importing from /Users/oleg/Dropbox/Запросы файлов/MANU-Assets 1.1.0/prp_Fixes/Fixes_22.03/Pyramid.001_RE.fbx
[12:46:16.112864] [Import] [info] (th=191851) Imported scene tree:
name: "RootNode"

	name: "Pyramid.001"
	numMeshes: 1
	 addr: "0x7ff09da22200"
	 name: "Mesh.024"
	 numVertices: "3038"
	 numFaces: "2146"
	
	

[12:46:16.112878] [Import] [info] (th=191851) File loaded successfully
[12:46:16.112880] [Import] [info] (th=191851) Meshes count: 1
[12:46:16.112888] [Import] [info] (th=191851) Materials count: 1
[12:46:16.112902] [Import] [warning] (th=191851) It seems that scene structure is different
[12:51:16.302723] [Import] [info] (th=191851) Importing from /Users/oleg/Dropbox/Запросы файлов/MANU-Assets 1.1.0/prp_Fixes/Fixes_22.03/SM_VerticalRocket_Frame_RE.fbx
[12:51:16.307896] [Import] [info] (th=191851) Imported scene tree:
name: "RootNode"

	name: "VerticalRocket_01"
	numMeshes: 1
	 addr: "0x7ff0ac83ca00"
	 name: "Mesh.001"
	 numVertices: "1456"
	 numFaces: "1000"
	
	

[12:51:16.307913] [Import] [info] (th=191851) File loaded successfully
[12:51:16.307916] [Import] [info] (th=191851) Meshes count: 1
[12:51:16.307941] [Import] [info] (th=191851) Materials count: 1
[12:51:43.001241] [Import] [info] (th=191851) Importing from /Users/oleg/Dropbox/Запросы файлов/MANU-Assets 1.1.0/prp_Fixes/Fixes_22.03/SM_VerticalRocket_Tube_RE.fbx
[12:51:43.005128] [Import] [info] (th=191851) Imported scene tree:
name: "RootNode"

	name: "VerticalTube"
	numMeshes: 1
	 addr: "0x7ff0ad049e00"
	 name: "Mesh"
	 numVertices: "713"
	 numFaces: "487"
	
	

[12:51:43.005143] [Import] [info] (th=191851) File loaded successfully
[12:51:43.005162] [Import] [info] (th=191851) Meshes count: 1
[12:51:43.005164] [Import] [info] (th=191851) Materials count: 1
