[10:40:47.680419] [Import] [info] (thread 923690) Importing from /Users/oleg/Dropbox/Запросы файлов/MANU-Assets 1.1.0/EV8_Robot/Robot_02_Terminal/Robot_01_Backward.fbx
[10:40:48.449420] [Import] [info] (thread 923690) Imported scene tree:
name: "RootNode"

	name: "RobotEv_01"
	
		name: "RobotEV_01"
		
			name: "Body"
			numMeshes: 1
			 addr: "0x7f93a73e2600"
			 name: "Body"
			 numVertices: "1173"
			 numFaces: "1512"
			
			
			name: "Engine_L"
			numMeshes: 1
			 addr: "0x7f93a73eec00"
			 name: "Engine_L"
			 numVertices: "3412"
			 numFaces: "3686"
			
			
			name: "Engine_R"
			numMeshes: 1
			 addr: "0x7f93a7402000"
			 name: "Engine_R"
			 numVertices: "3412"
			 numFaces: "3686"
			
			
			name: "TopArmMain"
			numMeshes: 1
			 addr: "0x7f93a7404800"
			 name: "TopArmMain"
			 numVertices: "2849"
			 numFaces: "3380"
			
			
			name: "Track_L"
			
			name: "WheelBox_L"
			
			name: "Cable_01"
			numMeshes: 1
			 addr: "0x7f93a7413a00"
			 name: "Cable_01"
			 numVertices: "2604"
			 numFaces: "3472"
			
			
			name: "Cutshape"
			
			name: "BodyDetails"
			numMeshes: 1
			 addr: "0x7f93a7427600"
			 name: "BodyDetails"
			 numVertices: "3298"
			 numFaces: "3052"
			
			
			name: "b_TopRotate"
			
				name: "TopRotate"
				numMeshes: 1
				 addr: "0x7f93a743c200"
				 name: "TopRotate"
				 numVertices: "7141"
				 numFaces: "7872"
				
				
			name: "b_wheel_l_01"
			
				name: "Wheel_L_Main"
				numMeshes: 1
				 addr: "0x7f93a745ce00"
				 name: "Wheel_L_Main"
				 numVertices: "2568"
				 numFaces: "2918"
				
				
			name: "b_wheel_l_02"
			
				name: "Wheel_L_Front"
				numMeshes: 1
				 addr: "0x7f93a7470e00"
				 name: "Wheel_L_Front"
				 numVertices: "2568"
				 numFaces: "2918"
				
				
			name: "b_wheel_l_03"
			
				name: "Wheel_L_Back"
				numMeshes: 1
				 addr: "0x7f93a747ce00"
				 name: "Wheel_L_Back"
				 numVertices: "2568"
				 numFaces: "2918"
				
				
			name: "b_wheel_r_01"
			
				name: "Wheel_R_Front"
				numMeshes: 1
				 addr: "0x7f93a7496c00"
				 name: "Wheel_R_Front"
				 numVertices: "2568"
				 numFaces: "2918"
				
				
			name: "b_wheel_r_02"
			
				name: "Wheel_R_Main"
				numMeshes: 1
				 addr: "0x7f93a74b0a00"
				 name: "Wheel_R_Main"
				 numVertices: "2568"
				 numFaces: "2918"
				
				
			name: "b_wheel_r_03"
			
				name: "Wheel_R_Back"
				numMeshes: 1
				 addr: "0x7f93a74ca800"
				 name: "Wheel_R_Back"
				 numVertices: "2568"
				 numFaces: "2918"
				
				
			name: "Robot_Terminal"
			numMeshes: 1
			 addr: "0x7f93a74d4200"
			 name: "Robot_Terminal"
			 numVertices: "768"
			 numFaces: "598"
			
			
			name: "Robot_Terminal_UI"
			numMeshes: 1
			 addr: "0x7f93a74e7600"
			 name: "Robot_Terminal_UI"
			 numVertices: "2458"
			 numFaces: "1464"
			
			
		name: "TrackRig_L"
		
			name: "Curve"
			
			name: "TrackMesh"
			numMeshes: 1
			 addr: "0x7f93a74fc200"
			 name: "TrackMesh"
			 numVertices: "4678"
			 numFaces: "6028"
			
			
			name: "up"
			
			name: "Look"
			
			name: "track_root1"
			
				name: "track_bone1"
				
					name: "track_bone2"
					
						name: "track_bone3"
						
							name: "track_bone4"
							
								name: "track_bone5"
								
									name: "track_bone6"
									
										name: "track_bone7"
										
											name: "track_bone8"
											
												name: "track_bone9"
												
													name: "track_bone10"
													
														name: "track_bone11"
														
															name: "track_bone12"
															
																name: "track_bone13"
																
																	name: "track_bone14"
																	
																		name: "track_bone15"
																		
																			name: "track_bone16"
																			
																				name: "track_bone17"
																				
																					name: "track_bone18"
																					
																						name: "track_bone19"
																						
																							name: "track_bone20"
																							
																								name: "track_bone21"
																								
																									name: "track_bone22"
																									
																										name: "track_bone23"
																										
																											name: "track_bone24"
																											
																												name: "track_bone25"
																												
																													name: "track_bone26"
																													
																														name: "track_bone27"
																														
																															name: "track_bone28"
																															
																																name: "track_bone29"
																																
																																	name: "track_bone30"
																																	
		name: "TrackRig_R"
		
			name: "Curve001"
			
			name: "TrackMesh001"
			numMeshes: 1
			 addr: "0x7f93a75ae200"
			 name: "TrackMesh"
			 numVertices: "4682"
			 numFaces: "6028"
			
			
			name: "up001"
			
			name: "Look001"
			
			name: "track_root1001"
			
				name: "track_bone_R1"
				
					name: "track_bone_R2"
					
						name: "track_bone_R3"
						
							name: "track_bone_R4"
							
								name: "track_bone_R5"
								
									name: "track_bone_R6"
									
										name: "track_bone_R7"
										
											name: "track_bone_R8"
											
												name: "track_bone_R9"
												
													name: "track_bone_R10"
													
														name: "track_bone_R11"
														
															name: "track_bone_R12"
															
																name: "track_bone_R13"
																
																	name: "track_bone_R14"
																	
																		name: "track_bone_R15"
																		
																			name: "track_bone_R16"
																			
																				name: "track_bone_R17"
																				
																					name: "track_bone_R18"
																					
																						name: "track_bone_R19"
																						
																							name: "track_bone_R20"
																							
																								name: "track_bone_R21"
																								
																									name: "track_bone_R22"
																									
																										name: "track_bone_R23"
																										
																											name: "track_bone_R24"
																											
																												name: "track_bone_R25"
																												
																													name: "track_bone_R26"
																													
																														name: "track_bone_R27"
																														
																															name: "track_bone_R28"
																															
																																name: "track_bone_R29"
																																
																																	name: "track_bone_R30"
																																	

[10:40:48.449530] [Import] [info] (thread 923690) File loaded successfully
[10:40:48.449548] [Import] [info] (thread 923690) Meshes count: 17
[10:40:48.449562] [Import] [info] (thread 923690) Materials count: 10
