[15:43:19.362500] [Import] [info] (th=285746) Importing from /Users/oleg/Dropbox/Запросы файлов/MANU-Assets 1.1.0/prp_PlantHatch/Energy_Shield2.fbx
[15:43:19.365192] [Import] [info] (th=285746) Imported scene tree:
name: "RootNode"

	name: "Plane.001"
	numMeshes: 1
	 addr: "0x7fed997d4400"
	 name: "Plane.003"
	 numVertices: "2768"
	 numFaces: "1384"
	
	

[15:43:19.365200] [Import] [info] (th=285746) File loaded successfully
[15:43:19.365207] [Import] [info] (th=285746) Meshes count: 1
[15:43:19.365208] [Import] [info] (th=285746) Materials count: 1
[15:43:19.365242] [Import] [info] (th=285746) Textures count (imported): 0
[15:50:15.556203] [Import] [info] (th=285746) Importing from /Users/oleg/Dropbox/Запросы файлов/MANU-Assets 1.1.0/prp_PlantHatch/Energy_Shield2.fbx
[15:50:15.559922] [Import] [info] (th=285746) Imported scene tree:
name: "RootNode"

	name: "Plane.001"
	numMeshes: 1
	 addr: "0x7fedf9c96600"
	 name: "Plane.003"
	 numVertices: "2768"
	 numFaces: "1384"
	
	

[15:50:15.559935] [Import] [info] (th=285746) File loaded successfully
[15:50:15.559962] [Import] [info] (th=285746) Meshes count: 1
[15:50:15.559975] [Import] [info] (th=285746) Materials count: 1
[15:50:15.560035] [Import] [info] (th=285746) Textures count (imported): 0
[16:49:58.599656] [Import] [info] (th=285746) Importing from /Users/oleg/Dropbox/Запросы файлов/MANU-Assets 1.1.0/prp_PlantHatch/Energy_Shield3.fbx
[16:49:58.601245] [Import] [info] (th=285746) Imported scene tree:
name: "RootNode"

	name: "Plane.006"
	numMeshes: 1
	 addr: "0x7fedef831800"
	 name: "Plane.511"
	 numVertices: "1656"
	 numFaces: "828"
	
	

[16:49:58.601252] [Import] [info] (th=285746) File loaded successfully
[16:49:58.601253] [Import] [info] (th=285746) Meshes count: 1
[16:49:58.601254] [Import] [info] (th=285746) Materials count: 1
[16:49:58.601289] [Import] [info] (th=285746) Textures count (imported): 0
[16:52:54.473145] [Import] [info] (th=285746) Importing from /Users/oleg/Dropbox/Запросы файлов/MANU-Assets 1.1.0/prp_PlantHatch/Energy_Shield3.fbx
[16:52:54.474818] [Import] [info] (th=285746) Imported scene tree:
name: "RootNode"

	name: "Plane.006"
	numMeshes: 1
	 addr: "0x7fee1e18da00"
	 name: "Plane.511"
	 numVertices: "1656"
	 numFaces: "828"
	
	

[16:52:54.474828] [Import] [info] (th=285746) File loaded successfully
[16:52:54.474829] [Import] [info] (th=285746) Meshes count: 1
[16:52:54.474830] [Import] [info] (th=285746) Materials count: 1
[16:52:54.474850] [Import] [warning] (th=285746) It seems that scene structure is different
