[15:19:48.601189] [Import] [info] (th=312261) Importing from /Users/oleg/Dropbox/Запросы файлов/MANU-Assets 1.1.0/prp_CrateBox_02/CrateBox_02.fbx
[15:19:48.606363] [Import] [info] (th=312261) Imported scene tree:
name: "RootNode"

	name: "Crate_Box_01_$AssimpFbx$_RotationPivot"
	
		name: "Crate_Box_01_$AssimpFbx$_RotationPivotInverse"
		
			name: "Crate_Box_01_$AssimpFbx$_ScalingPivot"
			
				name: "Crate_Box_01_$AssimpFbx$_ScalingPivotInverse"
				
					name: "Crate_Box_01"
					numMeshes: 2
					 addr: "0x7fc85fc7b800"
					 name: "Crate_Box_01"
					 numVertices: "2466"
					 numFaces: "1874"
					
					 addr: "0x7fc85fc49c00"
					 name: "Crate_Box_01"
					 numVertices: "32"
					 numFaces: "24"
					
					

[15:19:48.606405] [Import] [info] (th=312261) File loaded successfully
[15:19:48.606425] [Import] [info] (th=312261) Meshes count: 2
[15:19:48.606441] [Import] [info] (th=312261) Materials count: 2
[15:19:48.606576] [Import] [info] (th=312261) Textures count (imported): 0
