[13:30:36.411955] [Import] [info] (th=1541257) Importing from /Users/oleg/Dropbox/Запросы файлов/MANU-Assets 1.1.0/prp_MovingPlatform/MovingPlatform_01.fbx
[13:30:36.491458] [Import] [info] (th=1541257) Imported scene tree:
name: "RootNode"

	name: "world_root"
	
		name: "Platform_00_00"
		numMeshes: 2
		 addr: "0x7fe05fce7200"
		 name: "Platform_00_00"
		 numVertices: "840"
		 numFaces: "1146"
		
		 addr: "0x7fe05fd1e000"
		 name: "Platform_00_00"
		 numVertices: "148"
		 numFaces: "102"
		
		
		name: "UBX_Platform_00_00"
		numMeshes: 1
		 addr: "0x7fe05fd46400"
		 name: "UBX_Platform_00_00"
		 numVertices: "24"
		 numFaces: "12"
		
		
		name: "Platform_00_01"
		numMeshes: 2
		 addr: "0x7fe05fd4f400"
		 name: "Platform_00_01"
		 numVertices: "840"
		 numFaces: "1146"
		
		 addr: "0x7fe05fb0c400"
		 name: "Platform_00_01"
		 numVertices: "148"
		 numFaces: "102"
		
		
		name: "UBX_Platform_00_01"
		numMeshes: 1
		 addr: "0x7fe05f96e400"
		 name: "UBX_Platform_00_01"
		 numVertices: "24"
		 numFaces: "12"
		
		

[13:30:36.491540] [Import] [info] (th=1541257) File loaded successfully
[13:30:36.491570] [Import] [info] (th=1541257) Meshes count: 6
[13:30:36.491596] [Import] [info] (th=1541257) Materials count: 3
[13:30:36.492016] [Import] [info] (th=1541257) Textures count (imported): 1
