[17:31:11.187894] [Import] [info] (th=644135) Importing from /Users/oleg/Dropbox/Запросы файлов/MANU-Assets 1.1.0/prp_Pyramid/Pyramid_front.fbx
[17:31:11.207184] [Import] [info] (th=644135) Imported scene tree:
name: "RootNode"

	name: "Plane.003"
	numMeshes: 1
	 addr: "0x7fe14f91c200"
	 name: "Plane.008"
	 numVertices: "570"
	 numFaces: "472"
	
	
	name: "Plane.004"
	numMeshes: 1
	 addr: "0x7fde8810aa00"
	 name: "Plane.009"
	 numVertices: "570"
	 numFaces: "472"
	
	
	name: "Plane.005"
	numMeshes: 1
	 addr: "0x7fde8811e800"
	 name: "Plane.010"
	 numVertices: "454"
	 numFaces: "256"
	
	

[17:31:11.207193] [Import] [info] (th=644135) File loaded successfully
[17:31:11.207196] [Import] [info] (th=644135) Meshes count: 3
[17:31:11.207197] [Import] [info] (th=644135) Materials count: 1
[17:31:11.210816] [Import] [info] (th=644135) Textures count (imported): 2
