[23:46:47.260858] [Import] [info] (th=641381) Importing from /Users/oleg/Downloads/Burning Man.dae
[23:46:47.408051] [Import] [info] (th=641381) Imported scene tree:
name: "RootNode"

	name: "world_root"
	
		name: "ManuBoy"
		
			name: "Eye_L"
			numMeshes: 1
			 addr: "0x7fa3948c0600"
			 name: "Eye_LMesh"
			 numVertices: "103"
			 numFaces: "144"
			
			
			name: "m_ManuBoy"
			numMeshes: 1
			 addr: "0x7fa394a26c00"
			 name: "m_ManuBoyMesh"
			 numVertices: "10981"
			 numFaces: "17306"
			
			
			name: "m_ManuBoy1"
			numMeshes: 1
			 addr: "0x7fa4a58ec400"
			 name: "m_ManuBoy1Mesh"
			 numVertices: "104"
			 numFaces: "144"
			
			
		name: "mixamorig_Hips"
		
			name: "mixamorig_Spine"
			
				name: "mixamorig_Spine1"
				
					name: "mixamorig_Spine2"
					
						name: "mixamorig_Neck"
						
							name: "mixamorig_Head"
							
								name: "mixamorig_HeadTop_End"
								
						name: "mixamorig_LeftShoulder"
						
							name: "mixamorig_LeftArm"
							
								name: "mixamorig_LeftForeArm"
								
									name: "mixamorig_LeftHand"
									
										name: "mixamorig_LeftHandThumb1"
										
											name: "mixamorig_LeftHandThumb2"
											
												name: "mixamorig_LeftHandThumb3"
												
													name: "mixamorig_LeftHandThumb4"
													
										name: "mixamorig_LeftHandIndex1"
										
											name: "mixamorig_LeftHandIndex2"
											
												name: "mixamorig_LeftHandIndex3"
												
													name: "mixamorig_LeftHandIndex4"
													
										name: "mixamorig_LeftHandMiddle1"
										
											name: "mixamorig_LeftHandMiddle2"
											
												name: "mixamorig_LeftHandMiddle3"
												
													name: "mixamorig_LeftHandMiddle4"
													
										name: "mixamorig_LeftHandRing1"
										
											name: "mixamorig_LeftHandRing2"
											
												name: "mixamorig_LeftHandRing3"
												
													name: "mixamorig_LeftHandRing4"
													
										name: "mixamorig_LeftHandPinky1"
										
											name: "mixamorig_LeftHandPinky2"
											
												name: "mixamorig_LeftHandPinky3"
												
													name: "mixamorig_LeftHandPinky4"
													
						name: "mixamorig_RightShoulder"
						
							name: "mixamorig_RightArm"
							
								name: "mixamorig_RightForeArm"
								
									name: "mixamorig_RightHand"
									
										name: "mixamorig_RightHandThumb1"
										
											name: "mixamorig_RightHandThumb2"
											
												name: "mixamorig_RightHandThumb3"
												
													name: "mixamorig_RightHandThumb4"
													
										name: "mixamorig_RightHandIndex1"
										
											name: "mixamorig_RightHandIndex2"
											
												name: "mixamorig_RightHandIndex3"
												
													name: "mixamorig_RightHandIndex4"
													
										name: "mixamorig_RightHandMiddle1"
										
											name: "mixamorig_RightHandMiddle2"
											
												name: "mixamorig_RightHandMiddle3"
												
													name: "mixamorig_RightHandMiddle4"
													
										name: "mixamorig_RightHandRing1"
										
											name: "mixamorig_RightHandRing2"
											
												name: "mixamorig_RightHandRing3"
												
													name: "mixamorig_RightHandRing4"
													
										name: "mixamorig_RightHandPinky1"
										
											name: "mixamorig_RightHandPinky2"
											
												name: "mixamorig_RightHandPinky3"
												
													name: "mixamorig_RightHandPinky4"
													
			name: "mixamorig_LeftUpLeg"
			
				name: "mixamorig_LeftLeg"
				
					name: "mixamorig_LeftFoot"
					
						name: "mixamorig_LeftToeBase"
						
							name: "mixamorig_LeftToe_End"
							
			name: "mixamorig_RightUpLeg"
			
				name: "mixamorig_RightLeg"
				
					name: "mixamorig_RightFoot"
					
						name: "mixamorig_RightToeBase"
						
							name: "mixamorig_RightToe_End"
							

[23:46:47.408220] [Import] [info] (th=641381) File loaded successfully
[23:46:47.408257] [Import] [info] (th=641381) Meshes count: 3
[23:46:47.408288] [Import] [info] (th=641381) Materials count: 3
[00:11:01.233757] [Import] [info] (th=641381) Importing from /Users/oleg/Downloads/source 3/FireAnimation.fbx
[00:11:01.249637] [Import] [info] (th=641381) Imported scene tree:
name: "RootNode"

	name: "flame01_$AssimpFbx$_RotationPivot"
	
		name: "flame01_$AssimpFbx$_RotationPivotInverse"
		
			name: "flame01_$AssimpFbx$_ScalingPivot"
			
				name: "flame01_$AssimpFbx$_ScalingPivotInverse"
				
					name: "flame01"
					numMeshes: 1
					 addr: "0x7fa405c97e00"
					 name: "flame01"
					 numVertices: "562"
					 numFaces: "298"
					
					
	name: "flame02_$AssimpFbx$_RotationPivot"
	
		name: "flame02_$AssimpFbx$_RotationPivotInverse"
		
			name: "flame02_$AssimpFbx$_ScalingPivot"
			
				name: "flame02_$AssimpFbx$_ScalingPivotInverse"
				
					name: "flame02"
					numMeshes: 1
					 addr: "0x7fa4c5cace00"
					 name: "flame02"
					 numVertices: "627"
					 numFaces: "338"
					
					
	name: "flame03_$AssimpFbx$_RotationPivot"
	
		name: "flame03_$AssimpFbx$_RotationPivotInverse"
		
			name: "flame03_$AssimpFbx$_ScalingPivot"
			
				name: "flame03_$AssimpFbx$_ScalingPivotInverse"
				
					name: "flame03"
					numMeshes: 1
					 addr: "0x7fa4059bb200"
					 name: "flame03"
					 numVertices: "732"
					 numFaces: "434"
					
					
	name: "flame04_$AssimpFbx$_RotationPivot"
	
		name: "flame04_$AssimpFbx$_RotationPivotInverse"
		
			name: "flame04_$AssimpFbx$_ScalingPivot"
			
				name: "flame04_$AssimpFbx$_ScalingPivotInverse"
				
					name: "flame04"
					numMeshes: 1
					 addr: "0x7fa405c46c00"
					 name: "flame04"
					 numVertices: "797"
					 numFaces: "482"
					
					
	name: "flame05_$AssimpFbx$_RotationPivot"
	
		name: "flame05_$AssimpFbx$_RotationPivotInverse"
		
			name: "flame05_$AssimpFbx$_ScalingPivot"
			
				name: "flame05_$AssimpFbx$_ScalingPivotInverse"
				
					name: "flame05"
					numMeshes: 1
					 addr: "0x7fa405c47200"
					 name: "flame05"
					 numVertices: "531"
					 numFaces: "312"
					
					
	name: "flame06_$AssimpFbx$_RotationPivot"
	
		name: "flame06_$AssimpFbx$_RotationPivotInverse"
		
			name: "flame06_$AssimpFbx$_ScalingPivot"
			
				name: "flame06_$AssimpFbx$_ScalingPivotInverse"
				
					name: "flame06"
					numMeshes: 1
					 addr: "0x7fa4c5a3a600"
					 name: "flame06"
					 numVertices: "665"
					 numFaces: "371"
					
					
	name: "flame07_$AssimpFbx$_RotationPivot"
	
		name: "flame07_$AssimpFbx$_RotationPivotInverse"
		
			name: "flame07_$AssimpFbx$_ScalingPivot"
			
				name: "flame07_$AssimpFbx$_Scaling"
				
					name: "flame07_$AssimpFbx$_ScalingPivotInverse"
					
						name: "flame07"
						numMeshes: 1
						 addr: "0x7fa4c5b56e00"
						 name: "flame07"
						 numVertices: "609"
						 numFaces: "344"
						
						
	name: "flame08_$AssimpFbx$_RotationPivot"
	
		name: "flame08_$AssimpFbx$_RotationPivotInverse"
		
			name: "flame08_$AssimpFbx$_ScalingPivot"
			
				name: "flame08_$AssimpFbx$_Scaling"
				
					name: "flame08_$AssimpFbx$_ScalingPivotInverse"
					
						name: "flame08"
						numMeshes: 1
						 addr: "0x7fa4c5a25800"
						 name: "flame08"
						 numVertices: "820"
						 numFaces: "448"
						
						
	name: "flame09_$AssimpFbx$_RotationPivot"
	
		name: "flame09_$AssimpFbx$_RotationPivotInverse"
		
			name: "flame09_$AssimpFbx$_ScalingPivot"
			
				name: "flame09_$AssimpFbx$_Scaling"
				
					name: "flame09_$AssimpFbx$_ScalingPivotInverse"
					
						name: "flame09"
						numMeshes: 1
						 addr: "0x7fa4c5a05a00"
						 name: "flame09"
						 numVertices: "700"
						 numFaces: "384"
						
						
	name: "flame10_$AssimpFbx$_RotationPivot"
	
		name: "flame10_$AssimpFbx$_RotationPivotInverse"
		
			name: "flame10_$AssimpFbx$_ScalingPivot"
			
				name: "flame10_$AssimpFbx$_ScalingPivotInverse"
				
					name: "flame10"
					numMeshes: 1
					 addr: "0x7fa4c5b5ce00"
					 name: "flame10"
					 numVertices: "618"
					 numFaces: "358"
					
					
	name: "flame11_$AssimpFbx$_RotationPivot"
	
		name: "flame11_$AssimpFbx$_RotationPivotInverse"
		
			name: "flame11_$AssimpFbx$_ScalingPivot"
			
				name: "flame11_$AssimpFbx$_ScalingPivotInverse"
				
					name: "flame11"
					numMeshes: 1
					 addr: "0x7fa4c5b6f800"
					 name: "flame11"
					 numVertices: "545"
					 numFaces: "292"
					
					
	name: "flame12_$AssimpFbx$_RotationPivot"
	
		name: "flame12_$AssimpFbx$_RotationPivotInverse"
		
			name: "flame12_$AssimpFbx$_ScalingPivot"
			
				name: "flame12_$AssimpFbx$_ScalingPivotInverse"
				
					name: "flame12"
					numMeshes: 1
					 addr: "0x7fa4c5b27e00"
					 name: "flame12"
					 numVertices: "637"
					 numFaces: "330"
					
					
	name: "flame13_$AssimpFbx$_RotationPivot"
	
		name: "flame13_$AssimpFbx$_RotationPivotInverse"
		
			name: "flame13_$AssimpFbx$_ScalingPivot"
			
				name: "flame13_$AssimpFbx$_ScalingPivotInverse"
				
					name: "flame13"
					numMeshes: 1
					 addr: "0x7fa4c5b21200"
					 name: "flame13"
					 numVertices: "726"
					 numFaces: "386"
					
					
	name: "flame14_$AssimpFbx$_RotationPivot"
	
		name: "flame14_$AssimpFbx$_RotationPivotInverse"
		
			name: "flame14_$AssimpFbx$_ScalingPivot"
			
				name: "flame14_$AssimpFbx$_ScalingPivotInverse"
				
					name: "flame14"
					numMeshes: 1
					 addr: "0x7fa4058ca200"
					 name: "flame14"
					 numVertices: "638"
					 numFaces: "368"
					
					
	name: "flame16_$AssimpFbx$_RotationPivot"
	
		name: "flame16_$AssimpFbx$_RotationPivotInverse"
		
			name: "flame16_$AssimpFbx$_ScalingPivot"
			
				name: "flame16_$AssimpFbx$_ScalingPivotInverse"
				
					name: "flame16"
					numMeshes: 1
					 addr: "0x7fa4058d6a00"
					 name: "flame16"
					 numVertices: "828"
					 numFaces: "482"
					
					
	name: "flame15_$AssimpFbx$_RotationPivot"
	
		name: "flame15_$AssimpFbx$_RotationPivotInverse"
		
			name: "flame15_$AssimpFbx$_ScalingPivot"
			
				name: "flame15_$AssimpFbx$_ScalingPivotInverse"
				
					name: "flame15"
					numMeshes: 1
					 addr: "0x7fa4058e5a00"
					 name: "flame15"
					 numVertices: "703"
					 numFaces: "436"
					
					
	name: "flame17_$AssimpFbx$_RotationPivot"
	
		name: "flame17_$AssimpFbx$_RotationPivotInverse"
		
			name: "flame17_$AssimpFbx$_ScalingPivot"
			
				name: "flame17_$AssimpFbx$_ScalingPivotInverse"
				
					name: "flame17"
					numMeshes: 1
					 addr: "0x7fa4058f3c00"
					 name: "flame17"
					 numVertices: "862"
					 numFaces: "444"
					
					

[00:11:01.249773] [Import] [info] (th=641381) File loaded successfully
[00:11:01.249793] [Import] [info] (th=641381) Meshes count: 17
[00:11:01.249810] [Import] [info] (th=641381) Materials count: 1
[00:11:01.249889] [Import] [info] (th=641381) Textures count (imported): 0
