[22:40:14.190277] [Import] [info] (th=1960714) Log level for 'Import' set to 'info'
[22:40:14.190361] [Import] [info] (th=1960714) Importing from /Users/oleg/Dropbox/Запросы файлов/MANU-Assets 1.1.0/Widow Maker/By_Parts/BossSpine.fbx
[22:40:14.259660] [Import] [info] (th=1960714) Imported scene tree:
name: "RootNode"

	name: "BossSpine"
	numMeshes: 1
	 addr: "0x7fd2df9c4600"
	 name: "BossSpine.002"
	 numVertices: "15723"
	 numFaces: "22446"
	
	

[22:40:14.259675] [Import] [info] (th=1960714) File loaded successfully
[22:40:14.259681] [Import] [info] (th=1960714) Meshes count: 1
[22:40:14.259684] [Import] [info] (th=1960714) Materials count: 1
[22:40:14.259708] [Import] [warning] (th=1960714) It seems that scene structure is different
[22:40:40.502772] [Import] [info] (th=1960714) Importing from /Users/oleg/Dropbox/Запросы файлов/MANU-Assets 1.1.0/Widow Maker/By_Parts/BossSpine.fbx
[22:40:40.573687] [Import] [info] (th=1960714) Imported scene tree:
name: "RootNode"

	name: "BossSpine"
	numMeshes: 1
	 addr: "0x7fd37a887e00"
	 name: "BossSpine.002"
	 numVertices: "15723"
	 numFaces: "22446"
	
	

[22:40:40.573705] [Import] [info] (th=1960714) File loaded successfully
[22:40:40.573708] [Import] [info] (th=1960714) Meshes count: 1
[22:40:40.573710] [Import] [info] (th=1960714) Materials count: 1
[22:40:40.573726] [Import] [warning] (th=1960714) It seems that scene structure is different
[22:41:17.488272] [Import] [info] (th=1960714) Importing from /Users/oleg/Dropbox/Запросы файлов/MANU-Assets 1.1.0/Widow Maker/By_Parts/BossBody_01.fbx
[22:41:17.506922] [Import] [info] (th=1960714) Imported scene tree:
name: "RootNode"

	name: "BossBody_01"
	numMeshes: 1
	 addr: "0x7fd2f9026200"
	 name: "BossBody_01.002"
	 numVertices: "3960"
	 numFaces: "4998"
	
	

[22:41:17.506942] [Import] [info] (th=1960714) File loaded successfully
[22:41:17.506945] [Import] [info] (th=1960714) Meshes count: 1
[22:41:17.506947] [Import] [info] (th=1960714) Materials count: 1
