[15:56:17.117334] [Import] [info] (thread 374624) Importing from /Users/oleg/Dropbox/Запросы файлов/MANU-Assets 1.1.0/Rope/Rope_Idle_DAE.dae
[15:56:17.129724] [Import] [info] (thread 374624) Imported scene tree:
name: "Rope_Idle_DAE"

	name: "point_0"
	
		name: "point_1"
		
			name: "point_2"
			
				name: "point_3"
				
					name: "point_4"
					
						name: "point_5"
						
							name: "point_6"
							
								name: "point_7"
								
									name: "point_8"
									
										name: "point_9"
										
											name: "point_10"
											
												name: "point_11"
												
													name: "point_12"
													
														name: "point_13"
														
															name: "point_14"
															
																name: "point_15"
																
																	name: "point_16"
																	
																		name: "point_17"
																		
																			name: "point_18"
																			
																				name: "point_19"
																				
																					name: "point_20"
																					
																						name: "point_21"
																						
																							name: "point_22"
																							
																								name: "point_23"
																								
																									name: "point_24"
																									
	name: "Rope"
	numMeshes: 1
	 addr: "0x7fd2a7729000"
	 name: "RopeMesh"
	 numVertices: "133"
	 numFaces: "196"
	
	

[15:56:17.129774] [Import] [info] (thread 374624) File loaded successfully
[15:56:17.129802] [Import] [info] (thread 374624) Meshes count: 1
[15:56:17.129824] [Import] [info] (thread 374624) Materials count: 1
[15:56:17.129992] [Import] [info] (thread 374624) Textures count (imported): 0
[16:47:44.515359] [Import] [info] (thread 374624) Importing from /Users/oleg/Dropbox/Запросы файлов/MANU-Assets 1.1.0/Rope/Boy_RopeClimb_DAE.dae
[16:47:44.580001] [Import] [info] (thread 374624) Imported scene tree:
name: "Boy_Rope_DAE"

	name: "mixamorig_Hips"
	
		name: "mixamorig_Spine"
		
			name: "mixamorig_Spine1"
			
				name: "mixamorig_Spine2"
				
					name: "mixamorig_Neck"
					
						name: "mixamorig_Head"
						
							name: "mixamorig_HeadTop_End"
							
					name: "mixamorig_LeftShoulder"
					
						name: "mixamorig_LeftArm"
						
							name: "mixamorig_LeftForeArm"
							
								name: "mixamorig_LeftHand"
								
									name: "mixamorig_LeftHandThumb1"
									
										name: "mixamorig_LeftHandThumb2"
										
											name: "mixamorig_LeftHandThumb3"
											
												name: "mixamorig_LeftHandThumb4"
												
									name: "mixamorig_LeftHandIndex1"
									
										name: "mixamorig_LeftHandIndex2"
										
											name: "mixamorig_LeftHandIndex3"
											
												name: "mixamorig_LeftHandIndex4"
												
									name: "mixamorig_LeftHandMiddle1"
									
										name: "mixamorig_LeftHandMiddle2"
										
											name: "mixamorig_LeftHandMiddle3"
											
												name: "mixamorig_LeftHandMiddle4"
												
									name: "mixamorig_LeftHandRing1"
									
										name: "mixamorig_LeftHandRing2"
										
											name: "mixamorig_LeftHandRing3"
											
												name: "mixamorig_LeftHandRing4"
												
									name: "mixamorig_LeftHandPinky1"
									
										name: "mixamorig_LeftHandPinky2"
										
											name: "mixamorig_LeftHandPinky3"
											
												name: "mixamorig_LeftHandPinky4"
												
					name: "mixamorig_RightShoulder"
					
						name: "mixamorig_RightArm"
						
							name: "mixamorig_RightForeArm"
							
								name: "mixamorig_RightHand"
								
									name: "mixamorig_RightHandThumb1"
									
										name: "mixamorig_RightHandThumb2"
										
											name: "mixamorig_RightHandThumb3"
											
												name: "mixamorig_RightHandThumb4"
												
									name: "mixamorig_RightHandIndex1"
									
										name: "mixamorig_RightHandIndex2"
										
											name: "mixamorig_RightHandIndex3"
											
												name: "mixamorig_RightHandIndex4"
												
									name: "mixamorig_RightHandMiddle1"
									
										name: "mixamorig_RightHandMiddle2"
										
											name: "mixamorig_RightHandMiddle3"
											
												name: "mixamorig_RightHandMiddle4"
												
									name: "mixamorig_RightHandRing1"
									
										name: "mixamorig_RightHandRing2"
										
											name: "mixamorig_RightHandRing3"
											
												name: "mixamorig_RightHandRing4"
												
									name: "mixamorig_RightHandPinky1"
									
										name: "mixamorig_RightHandPinky2"
										
											name: "mixamorig_RightHandPinky3"
											
												name: "mixamorig_RightHandPinky4"
												
		name: "mixamorig_LeftUpLeg"
		
			name: "mixamorig_LeftLeg"
			
				name: "mixamorig_LeftFoot"
				
					name: "mixamorig_LeftToeBase"
					
						name: "mixamorig_LeftToe_End"
						
		name: "mixamorig_RightUpLeg"
		
			name: "mixamorig_RightLeg"
			
				name: "mixamorig_RightFoot"
				
					name: "mixamorig_RightToeBase"
					
						name: "mixamorig_RightToe_End"
						
	name: "Eye_L"
	numMeshes: 1
	 addr: "0x7fd2353c1200"
	 name: "Eye_LMesh"
	 numVertices: "105"
	 numFaces: "144"
	
	
	name: "Eye_R"
	numMeshes: 1
	 addr: "0x7fd2353c9600"
	 name: "Eye_RMesh"
	 numVertices: "108"
	 numFaces: "144"
	
	
	name: "Body"
	numMeshes: 1
	 addr: "0x7fd2353d3200"
	 name: "BodyMesh"
	 numVertices: "10980"
	 numFaces: "17306"
	
	

[16:47:44.580074] [Import] [info] (thread 374624) File loaded successfully
[16:47:44.580088] [Import] [info] (thread 374624) Meshes count: 3
[16:47:44.580098] [Import] [info] (thread 374624) Materials count: 1
[16:47:44.586226] [Import] [error] (thread 374624) Cannot find node: mixamorig_HeadTop_End
[16:47:44.586254] [Import] [error] (thread 374624) Cannot find node: mixamorig_LeftHandThumb4
[16:47:44.586270] [Import] [error] (thread 374624) Cannot find node: mixamorig_LeftHandIndex4
[16:47:44.586285] [Import] [error] (thread 374624) Cannot find node: mixamorig_LeftHandMiddle4
[16:47:44.586302] [Import] [error] (thread 374624) Cannot find node: mixamorig_LeftHandRing4
[16:47:44.586317] [Import] [error] (thread 374624) Cannot find node: mixamorig_LeftHandPinky4
[16:47:44.586340] [Import] [error] (thread 374624) Cannot find node: mixamorig_RightHandThumb4
[16:47:44.586355] [Import] [error] (thread 374624) Cannot find node: mixamorig_RightHandIndex4
[16:47:44.586371] [Import] [error] (thread 374624) Cannot find node: mixamorig_RightHandMiddle4
[16:47:44.586387] [Import] [error] (thread 374624) Cannot find node: mixamorig_RightHandRing4
[16:47:44.586403] [Import] [error] (thread 374624) Cannot find node: mixamorig_RightHandPinky4
[16:47:44.586419] [Import] [error] (thread 374624) Cannot find node: mixamorig_LeftToe_End
[16:47:44.586438] [Import] [error] (thread 374624) Cannot find node: mixamorig_RightToe_End
[16:47:44.586449] [Import] [error] (thread 374624) File's animations are incompatible with the selected MANU's node
[16:51:31.734762] [Import] [info] (thread 374624) Importing from /Users/oleg/Dropbox/Запросы файлов/MANU-Assets 1.1.0/Rope/Boy_RopeClimb_DAE.dae
[16:51:31.812473] [Import] [info] (thread 374624) Imported scene tree:
name: "Boy_Rope_DAE"

	name: "mixamorig_Hips"
	
		name: "mixamorig_Spine"
		
			name: "mixamorig_Spine1"
			
				name: "mixamorig_Spine2"
				
					name: "mixamorig_Neck"
					
						name: "mixamorig_Head"
						
							name: "mixamorig_HeadTop_End"
							
					name: "mixamorig_LeftShoulder"
					
						name: "mixamorig_LeftArm"
						
							name: "mixamorig_LeftForeArm"
							
								name: "mixamorig_LeftHand"
								
									name: "mixamorig_LeftHandThumb1"
									
										name: "mixamorig_LeftHandThumb2"
										
											name: "mixamorig_LeftHandThumb3"
											
												name: "mixamorig_LeftHandThumb4"
												
									name: "mixamorig_LeftHandIndex1"
									
										name: "mixamorig_LeftHandIndex2"
										
											name: "mixamorig_LeftHandIndex3"
											
												name: "mixamorig_LeftHandIndex4"
												
									name: "mixamorig_LeftHandMiddle1"
									
										name: "mixamorig_LeftHandMiddle2"
										
											name: "mixamorig_LeftHandMiddle3"
											
												name: "mixamorig_LeftHandMiddle4"
												
									name: "mixamorig_LeftHandRing1"
									
										name: "mixamorig_LeftHandRing2"
										
											name: "mixamorig_LeftHandRing3"
											
												name: "mixamorig_LeftHandRing4"
												
									name: "mixamorig_LeftHandPinky1"
									
										name: "mixamorig_LeftHandPinky2"
										
											name: "mixamorig_LeftHandPinky3"
											
												name: "mixamorig_LeftHandPinky4"
												
					name: "mixamorig_RightShoulder"
					
						name: "mixamorig_RightArm"
						
							name: "mixamorig_RightForeArm"
							
								name: "mixamorig_RightHand"
								
									name: "mixamorig_RightHandThumb1"
									
										name: "mixamorig_RightHandThumb2"
										
											name: "mixamorig_RightHandThumb3"
											
												name: "mixamorig_RightHandThumb4"
												
									name: "mixamorig_RightHandIndex1"
									
										name: "mixamorig_RightHandIndex2"
										
											name: "mixamorig_RightHandIndex3"
											
												name: "mixamorig_RightHandIndex4"
												
									name: "mixamorig_RightHandMiddle1"
									
										name: "mixamorig_RightHandMiddle2"
										
											name: "mixamorig_RightHandMiddle3"
											
												name: "mixamorig_RightHandMiddle4"
												
									name: "mixamorig_RightHandRing1"
									
										name: "mixamorig_RightHandRing2"
										
											name: "mixamorig_RightHandRing3"
											
												name: "mixamorig_RightHandRing4"
												
									name: "mixamorig_RightHandPinky1"
									
										name: "mixamorig_RightHandPinky2"
										
											name: "mixamorig_RightHandPinky3"
											
												name: "mixamorig_RightHandPinky4"
												
		name: "mixamorig_LeftUpLeg"
		
			name: "mixamorig_LeftLeg"
			
				name: "mixamorig_LeftFoot"
				
					name: "mixamorig_LeftToeBase"
					
						name: "mixamorig_LeftToe_End"
						
		name: "mixamorig_RightUpLeg"
		
			name: "mixamorig_RightLeg"
			
				name: "mixamorig_RightFoot"
				
					name: "mixamorig_RightToeBase"
					
						name: "mixamorig_RightToe_End"
						
	name: "Eye_L"
	numMeshes: 1
	 addr: "0x7fd1c639a200"
	 name: "Eye_LMesh"
	 numVertices: "105"
	 numFaces: "144"
	
	
	name: "Eye_R"
	numMeshes: 1
	 addr: "0x7fd1c63a2800"
	 name: "Eye_RMesh"
	 numVertices: "108"
	 numFaces: "144"
	
	
	name: "Body"
	numMeshes: 1
	 addr: "0x7fd1c63ac400"
	 name: "BodyMesh"
	 numVertices: "10980"
	 numFaces: "17306"
	
	

[16:51:31.812551] [Import] [info] (thread 374624) File loaded successfully
[16:51:31.812570] [Import] [info] (thread 374624) Meshes count: 3
[16:51:31.812584] [Import] [info] (thread 374624) Materials count: 1
[16:51:31.812667] [Import] [info] (thread 374624) Textures count (imported): 0
