[20:21:22.740634] [Import] [info] (thread 977530) Importing from /Users/oleg/Dropbox/Запросы файлов/MANU-Assets 1.1.0/prp_Gate/SM_Gate_Damaged_02.fbx
[20:21:22.749165] [Import] [info] (thread 977530) Imported scene tree:
name: "RootNode"

	name: "Gate_Damaged_01"
	
		name: "Main"
		numMeshes: 1
		 addr: "0x7fbe955a3a00"
		 name: "Main"
		 numVertices: "140"
		 numFaces: "84"
		
		
		name: "Parts"
		
			name: "GateParts10"
			numMeshes: 1
			 addr: "0x7fbe950dd800"
			 name: "GateParts10"
			 numVertices: "40"
			 numFaces: "22"
			
			
			name: "GateParts11"
			numMeshes: 1
			 addr: "0x7fbe950e2400"
			 name: "GateParts11"
			 numVertices: "154"
			 numFaces: "110"
			
			
			name: "GateParts12"
			numMeshes: 1
			 addr: "0x7fbe950ed600"
			 name: "GateParts12"
			 numVertices: "176"
			 numFaces: "128"
			
			
			name: "GateParts13"
			numMeshes: 1
			 addr: "0x7fbe950f6e00"
			 name: "GateParts13"
			 numVertices: "140"
			 numFaces: "98"
			
			
			name: "GateParts14"
			numMeshes: 1
			 addr: "0x7fbe95642600"
			 name: "GateParts14"
			 numVertices: "54"
			 numFaces: "40"
			
			
			name: "GateParts15"
			numMeshes: 1
			 addr: "0x7fbe9550aa00"
			 name: "GateParts15"
			 numVertices: "48"
			 numFaces: "32"
			
			
			name: "GateParts16"
			numMeshes: 1
			 addr: "0x7fbe95510a00"
			 name: "GateParts16"
			 numVertices: "68"
			 numFaces: "52"
			
			
			name: "GateParts17"
			numMeshes: 1
			 addr: "0x7fbe95518600"
			 name: "GateParts17"
			 numVertices: "131"
			 numFaces: "96"
			
			
			name: "GateParts18"
			numMeshes: 1
			 addr: "0x7fbe95521400"
			 name: "GateParts18"
			 numVertices: "117"
			 numFaces: "90"
			
			
			name: "GateParts19"
			numMeshes: 1
			 addr: "0x7fbe95529a00"
			 name: "GateParts19"
			 numVertices: "110"
			 numFaces: "76"
			
			
			name: "GateParts20"
			numMeshes: 1
			 addr: "0x7fbe95532800"
			 name: "GateParts20"
			 numVertices: "167"
			 numFaces: "121"
			
			
			name: "GateParts21"
			numMeshes: 1
			 addr: "0x7fbe87a42a00"
			 name: "GateParts21"
			 numVertices: "38"
			 numFaces: "24"
			
			
			name: "GateParts22"
			numMeshes: 1
			 addr: "0x7fbe87a51400"
			 name: "GateParts22"
			 numVertices: "28"
			 numFaces: "16"
			
			
			name: "GateParts23"
			numMeshes: 1
			 addr: "0x7fbe87a58000"
			 name: "GateParts23"
			 numVertices: "26"
			 numFaces: "16"
			
			
			name: "GateParts24"
			numMeshes: 1
			 addr: "0x7fbe87a4de00"
			 name: "GateParts24"
			 numVertices: "64"
			 numFaces: "44"
			
			
			name: "GateParts25"
			numMeshes: 1
			 addr: "0x7fbe97c76a00"
			 name: "GateParts25"
			 numVertices: "12"
			 numFaces: "4"
			
			
			name: "GateParts26"
			numMeshes: 1
			 addr: "0x7fbe87ae4400"
			 name: "GateParts26"
			 numVertices: "18"
			 numFaces: "8"
			
			
			name: "GateParts27"
			numMeshes: 1
			 addr: "0x7fbe87a4ba00"
			 name: "GateParts27"
			 numVertices: "42"
			 numFaces: "28"
			
			
			name: "GateParts28"
			numMeshes: 1
			 addr: "0x7fbe87a2f800"
			 name: "GateParts28"
			 numVertices: "32"
			 numFaces: "20"
			
			
			name: "GateParts29"
			numMeshes: 1
			 addr: "0x7fbe87a36400"
			 name: "GateParts29"
			 numVertices: "16"
			 numFaces: "8"
			
			
			name: "GateParts30"
			numMeshes: 1
			 addr: "0x7fbe87a3ac00"
			 name: "GateParts30"
			 numVertices: "22"
			 numFaces: "12"
			
			
			name: "GateParts31"
			numMeshes: 1
			 addr: "0x7fbe87a3f400"
			 name: "GateParts31"
			 numVertices: "12"
			 numFaces: "4"
			
			
			name: "GateParts32"
			numMeshes: 1
			 addr: "0x7fbf770fdc00"
			 name: "GateParts32"
			 numVertices: "46"
			 numFaces: "36"
			
			
			name: "GateParts33"
			numMeshes: 1
			 addr: "0x7fbe87a8a600"
			 name: "GateParts33"
			 numVertices: "36"
			 numFaces: "24"
			
			

[20:21:22.749230] [Import] [info] (thread 977530) File loaded successfully
[20:21:22.749251] [Import] [info] (thread 977530) Meshes count: 25
[20:21:22.749268] [Import] [info] (thread 977530) Materials count: 1
[20:21:22.749370] [Import] [info] (thread 977530) Textures count (imported): 0
