[16:52:44.706699] [Import] [info] (thread 425367) Importing from /Users/oleg/Dropbox/Запросы файлов/MANU-Assets 1.1.0/Rope/Boy_RopeClimb_DAE.dae
[16:52:44.822923] [Import] [info] (thread 425367) Imported scene tree:
name: "Boy_Rope_DAE"

	name: "mixamorig_Hips"
	
		name: "mixamorig_Spine"
		
			name: "mixamorig_Spine1"
			
				name: "mixamorig_Spine2"
				
					name: "mixamorig_Neck"
					
						name: "mixamorig_Head"
						
							name: "mixamorig_HeadTop_End"
							
					name: "mixamorig_LeftShoulder"
					
						name: "mixamorig_LeftArm"
						
							name: "mixamorig_LeftForeArm"
							
								name: "mixamorig_LeftHand"
								
									name: "mixamorig_LeftHandThumb1"
									
										name: "mixamorig_LeftHandThumb2"
										
											name: "mixamorig_LeftHandThumb3"
											
												name: "mixamorig_LeftHandThumb4"
												
									name: "mixamorig_LeftHandIndex1"
									
										name: "mixamorig_LeftHandIndex2"
										
											name: "mixamorig_LeftHandIndex3"
											
												name: "mixamorig_LeftHandIndex4"
												
									name: "mixamorig_LeftHandMiddle1"
									
										name: "mixamorig_LeftHandMiddle2"
										
											name: "mixamorig_LeftHandMiddle3"
											
												name: "mixamorig_LeftHandMiddle4"
												
									name: "mixamorig_LeftHandRing1"
									
										name: "mixamorig_LeftHandRing2"
										
											name: "mixamorig_LeftHandRing3"
											
												name: "mixamorig_LeftHandRing4"
												
									name: "mixamorig_LeftHandPinky1"
									
										name: "mixamorig_LeftHandPinky2"
										
											name: "mixamorig_LeftHandPinky3"
											
												name: "mixamorig_LeftHandPinky4"
												
					name: "mixamorig_RightShoulder"
					
						name: "mixamorig_RightArm"
						
							name: "mixamorig_RightForeArm"
							
								name: "mixamorig_RightHand"
								
									name: "mixamorig_RightHandThumb1"
									
										name: "mixamorig_RightHandThumb2"
										
											name: "mixamorig_RightHandThumb3"
											
												name: "mixamorig_RightHandThumb4"
												
									name: "mixamorig_RightHandIndex1"
									
										name: "mixamorig_RightHandIndex2"
										
											name: "mixamorig_RightHandIndex3"
											
												name: "mixamorig_RightHandIndex4"
												
									name: "mixamorig_RightHandMiddle1"
									
										name: "mixamorig_RightHandMiddle2"
										
											name: "mixamorig_RightHandMiddle3"
											
												name: "mixamorig_RightHandMiddle4"
												
									name: "mixamorig_RightHandRing1"
									
										name: "mixamorig_RightHandRing2"
										
											name: "mixamorig_RightHandRing3"
											
												name: "mixamorig_RightHandRing4"
												
									name: "mixamorig_RightHandPinky1"
									
										name: "mixamorig_RightHandPinky2"
										
											name: "mixamorig_RightHandPinky3"
											
												name: "mixamorig_RightHandPinky4"
												
		name: "mixamorig_LeftUpLeg"
		
			name: "mixamorig_LeftLeg"
			
				name: "mixamorig_LeftFoot"
				
					name: "mixamorig_LeftToeBase"
					
						name: "mixamorig_LeftToe_End"
						
		name: "mixamorig_RightUpLeg"
		
			name: "mixamorig_RightLeg"
			
				name: "mixamorig_RightFoot"
				
					name: "mixamorig_RightToeBase"
					
						name: "mixamorig_RightToe_End"
						
	name: "Eye_L"
	numMeshes: 1
	 addr: "0x7f9cdb767e00"
	 name: "Eye_LMesh"
	 numVertices: "105"
	 numFaces: "144"
	
	
	name: "Eye_R"
	numMeshes: 1
	 addr: "0x7f9cdb770200"
	 name: "Eye_RMesh"
	 numVertices: "108"
	 numFaces: "144"
	
	
	name: "Body"
	numMeshes: 1
	 addr: "0x7f9cdb779e00"
	 name: "BodyMesh"
	 numVertices: "10980"
	 numFaces: "17306"
	
	

[16:52:44.823025] [Import] [info] (thread 425367) File loaded successfully
[16:52:44.823058] [Import] [info] (thread 425367) Meshes count: 3
[16:52:44.823087] [Import] [info] (thread 425367) Materials count: 1
[16:52:44.823300] [Import] [info] (thread 425367) Textures count (imported): 0
[16:57:14.939677] [Import] [info] (thread 425367) Importing from /Users/oleg/Dropbox/Запросы файлов/MANU-Assets 1.1.0/Rope/Rope_Force_DAE.dae
[16:57:14.952915] [Import] [info] (thread 425367) Imported scene tree:
name: "Rope_Force_DAE"

	name: "point_0"
	
		name: "point_1"
		
			name: "point_2"
			
				name: "point_3"
				
					name: "point_4"
					
						name: "point_5"
						
							name: "point_6"
							
								name: "point_7"
								
									name: "point_8"
									
										name: "point_9"
										
											name: "point_10"
											
												name: "point_11"
												
													name: "point_12"
													
														name: "point_13"
														
															name: "point_14"
															
																name: "point_15"
																
																	name: "point_16"
																	
																		name: "point_17"
																		
																			name: "point_18"
																			
																				name: "point_19"
																				
																					name: "point_20"
																					
																						name: "point_21"
																						
																							name: "point_22"
																							
																								name: "point_23"
																								
																									name: "point_24"
																									
	name: "Rope"
	numMeshes: 1
	 addr: "0x7f9bdc132a00"
	 name: "RopeMesh"
	 numVertices: "133"
	 numFaces: "196"
	
	

[16:57:14.952978] [Import] [info] (thread 425367) File loaded successfully
[16:57:14.953002] [Import] [info] (thread 425367) Meshes count: 1
[16:57:14.953022] [Import] [info] (thread 425367) Materials count: 1
[21:27:29.059189] [Import] [info] (thread 425367) Importing from /Users/oleg/Dropbox/Запросы файлов/MANU-Assets 1.1.0/Rope/Boy_RopeClimb_Ylock_DAE.dae
[21:27:29.106073] [Import] [info] (thread 425367) Imported scene tree:
name: "Boy_RopeClimb_Ylock_DAE"

	name: "mixamorig_Hips"
	
		name: "mixamorig_Spine"
		
			name: "mixamorig_Spine1"
			
				name: "mixamorig_Spine2"
				
					name: "mixamorig_Neck"
					
						name: "mixamorig_Head"
						
							name: "mixamorig_HeadTop_End"
							
					name: "mixamorig_LeftShoulder"
					
						name: "mixamorig_LeftArm"
						
							name: "mixamorig_LeftForeArm"
							
								name: "mixamorig_LeftHand"
								
									name: "mixamorig_LeftHandThumb1"
									
										name: "mixamorig_LeftHandThumb2"
										
											name: "mixamorig_LeftHandThumb3"
											
												name: "mixamorig_LeftHandThumb4"
												
									name: "mixamorig_LeftHandIndex1"
									
										name: "mixamorig_LeftHandIndex2"
										
											name: "mixamorig_LeftHandIndex3"
											
												name: "mixamorig_LeftHandIndex4"
												
									name: "mixamorig_LeftHandMiddle1"
									
										name: "mixamorig_LeftHandMiddle2"
										
											name: "mixamorig_LeftHandMiddle3"
											
												name: "mixamorig_LeftHandMiddle4"
												
									name: "mixamorig_LeftHandRing1"
									
										name: "mixamorig_LeftHandRing2"
										
											name: "mixamorig_LeftHandRing3"
											
												name: "mixamorig_LeftHandRing4"
												
									name: "mixamorig_LeftHandPinky1"
									
										name: "mixamorig_LeftHandPinky2"
										
											name: "mixamorig_LeftHandPinky3"
											
												name: "mixamorig_LeftHandPinky4"
												
					name: "mixamorig_RightShoulder"
					
						name: "mixamorig_RightArm"
						
							name: "mixamorig_RightForeArm"
							
								name: "mixamorig_RightHand"
								
									name: "mixamorig_RightHandThumb1"
									
										name: "mixamorig_RightHandThumb2"
										
											name: "mixamorig_RightHandThumb3"
											
												name: "mixamorig_RightHandThumb4"
												
									name: "mixamorig_RightHandIndex1"
									
										name: "mixamorig_RightHandIndex2"
										
											name: "mixamorig_RightHandIndex3"
											
												name: "mixamorig_RightHandIndex4"
												
									name: "mixamorig_RightHandMiddle1"
									
										name: "mixamorig_RightHandMiddle2"
										
											name: "mixamorig_RightHandMiddle3"
											
												name: "mixamorig_RightHandMiddle4"
												
									name: "mixamorig_RightHandRing1"
									
										name: "mixamorig_RightHandRing2"
										
											name: "mixamorig_RightHandRing3"
											
												name: "mixamorig_RightHandRing4"
												
									name: "mixamorig_RightHandPinky1"
									
										name: "mixamorig_RightHandPinky2"
										
											name: "mixamorig_RightHandPinky3"
											
												name: "mixamorig_RightHandPinky4"
												
		name: "mixamorig_LeftUpLeg"
		
			name: "mixamorig_LeftLeg"
			
				name: "mixamorig_LeftFoot"
				
					name: "mixamorig_LeftToeBase"
					
						name: "mixamorig_LeftToe_End"
						
		name: "mixamorig_RightUpLeg"
		
			name: "mixamorig_RightLeg"
			
				name: "mixamorig_RightFoot"
				
					name: "mixamorig_RightToeBase"
					
						name: "mixamorig_RightToe_End"
						
	name: "Eye_L"
	numMeshes: 1
	 addr: "0x7f9bdd8c8c00"
	 name: "Eye_LMesh"
	 numVertices: "109"
	 numFaces: "144"
	
	
	name: "Eye_R"
	numMeshes: 1
	 addr: "0x7f9bdd8d2800"
	 name: "Eye_RMesh"
	 numVertices: "109"
	 numFaces: "144"
	
	
	name: "Body"
	numMeshes: 1
	 addr: "0x7f9bdd94a000"
	 name: "BodyMesh"
	 numVertices: "10980"
	 numFaces: "17306"
	
	

[21:27:29.106136] [Import] [info] (thread 425367) File loaded successfully
[21:27:29.106147] [Import] [info] (thread 425367) Meshes count: 3
[21:27:29.106155] [Import] [info] (thread 425367) Materials count: 1
[21:27:29.106205] [Import] [info] (thread 425367) Textures count (imported): 0
[23:04:42.228551] [Import] [info] (thread 425367) Importing from /Users/oleg/Dropbox/Запросы файлов/MANU-Assets 1.1.0/Rope/Boy_RopeClimb_DAE.dae
[23:04:42.302395] [Import] [info] (thread 425367) Imported scene tree:
name: "Boy_Rope_DAE"

	name: "mixamorig_Hips"
	
		name: "mixamorig_Spine"
		
			name: "mixamorig_Spine1"
			
				name: "mixamorig_Spine2"
				
					name: "mixamorig_Neck"
					
						name: "mixamorig_Head"
						
							name: "mixamorig_HeadTop_End"
							
					name: "mixamorig_LeftShoulder"
					
						name: "mixamorig_LeftArm"
						
							name: "mixamorig_LeftForeArm"
							
								name: "mixamorig_LeftHand"
								
									name: "mixamorig_LeftHandThumb1"
									
										name: "mixamorig_LeftHandThumb2"
										
											name: "mixamorig_LeftHandThumb3"
											
												name: "mixamorig_LeftHandThumb4"
												
									name: "mixamorig_LeftHandIndex1"
									
										name: "mixamorig_LeftHandIndex2"
										
											name: "mixamorig_LeftHandIndex3"
											
												name: "mixamorig_LeftHandIndex4"
												
									name: "mixamorig_LeftHandMiddle1"
									
										name: "mixamorig_LeftHandMiddle2"
										
											name: "mixamorig_LeftHandMiddle3"
											
												name: "mixamorig_LeftHandMiddle4"
												
									name: "mixamorig_LeftHandRing1"
									
										name: "mixamorig_LeftHandRing2"
										
											name: "mixamorig_LeftHandRing3"
											
												name: "mixamorig_LeftHandRing4"
												
									name: "mixamorig_LeftHandPinky1"
									
										name: "mixamorig_LeftHandPinky2"
										
											name: "mixamorig_LeftHandPinky3"
											
												name: "mixamorig_LeftHandPinky4"
												
					name: "mixamorig_RightShoulder"
					
						name: "mixamorig_RightArm"
						
							name: "mixamorig_RightForeArm"
							
								name: "mixamorig_RightHand"
								
									name: "mixamorig_RightHandThumb1"
									
										name: "mixamorig_RightHandThumb2"
										
											name: "mixamorig_RightHandThumb3"
											
												name: "mixamorig_RightHandThumb4"
												
									name: "mixamorig_RightHandIndex1"
									
										name: "mixamorig_RightHandIndex2"
										
											name: "mixamorig_RightHandIndex3"
											
												name: "mixamorig_RightHandIndex4"
												
									name: "mixamorig_RightHandMiddle1"
									
										name: "mixamorig_RightHandMiddle2"
										
											name: "mixamorig_RightHandMiddle3"
											
												name: "mixamorig_RightHandMiddle4"
												
									name: "mixamorig_RightHandRing1"
									
										name: "mixamorig_RightHandRing2"
										
											name: "mixamorig_RightHandRing3"
											
												name: "mixamorig_RightHandRing4"
												
									name: "mixamorig_RightHandPinky1"
									
										name: "mixamorig_RightHandPinky2"
										
											name: "mixamorig_RightHandPinky3"
											
												name: "mixamorig_RightHandPinky4"
												
		name: "mixamorig_LeftUpLeg"
		
			name: "mixamorig_LeftLeg"
			
				name: "mixamorig_LeftFoot"
				
					name: "mixamorig_LeftToeBase"
					
						name: "mixamorig_LeftToe_End"
						
		name: "mixamorig_RightUpLeg"
		
			name: "mixamorig_RightLeg"
			
				name: "mixamorig_RightFoot"
				
					name: "mixamorig_RightToeBase"
					
						name: "mixamorig_RightToe_End"
						
	name: "Eye_L"
	numMeshes: 1
	 addr: "0x7f9bfebab600"
	 name: "Eye_LMesh"
	 numVertices: "105"
	 numFaces: "144"
	
	
	name: "Eye_R"
	numMeshes: 1
	 addr: "0x7f9bfebb3a00"
	 name: "Eye_RMesh"
	 numVertices: "108"
	 numFaces: "144"
	
	
	name: "Body"
	numMeshes: 1
	 addr: "0x7f9bfe8de000"
	 name: "BodyMesh"
	 numVertices: "10980"
	 numFaces: "17306"
	
	

[23:04:42.302481] [Import] [info] (thread 425367) File loaded successfully
[23:04:42.302498] [Import] [info] (thread 425367) Meshes count: 3
[23:04:42.302512] [Import] [info] (thread 425367) Materials count: 1
