[12:15:25.685333] [Import] [info] (thread 439886) Importing from /Users/oleg/Temp/ManuAnimation_03/DAE/Sitting_35_Wheel.dae
[12:15:25.688791] [Import] [error] (thread 439886) Importer: Import scene file failed. file name: /Users/oleg/Temp/ManuAnimation_03/DAE/Sitting_35_Wheel.dae error: 
[12:15:42.416745] [Import] [info] (thread 439886) Importing from /Users/oleg/Temp/ManuAnimation_03/DAE/Sitting_35_Wheel.dae
[12:15:42.420081] [Import] [error] (thread 439886) Importer: Import scene file failed. file name: /Users/oleg/Temp/ManuAnimation_03/DAE/Sitting_35_Wheel.dae error: 
[12:15:52.049451] [Import] [info] (thread 439886) Importing from /Users/oleg/Temp/ManuAnimation_03/Sitting_35_WheelDown.fbx
[12:15:52.099974] [Import] [info] (thread 439886) Imported scene tree:
name: "RootNode"

	name: "mixamorig:Hips"
	
		name: "mixamorig:Spine"
		
			name: "mixamorig:Spine1"
			
				name: "mixamorig:Spine2"
				
					name: "mixamorig:Neck"
					
						name: "mixamorig:Head"
						
							name: "mixamorig:HeadTop_End"
							
					name: "mixamorig:LeftShoulder"
					
						name: "mixamorig:LeftArm"
						
							name: "mixamorig:LeftForeArm"
							
								name: "mixamorig:LeftHand"
								
									name: "mixamorig:LeftHandThumb1"
									
										name: "mixamorig:LeftHandThumb2"
										
											name: "mixamorig:LeftHandThumb3"
											
												name: "mixamorig:LeftHandThumb4"
												
									name: "mixamorig:LeftHandIndex1"
									
										name: "mixamorig:LeftHandIndex2"
										
											name: "mixamorig:LeftHandIndex3"
											
												name: "mixamorig:LeftHandIndex4"
												
									name: "mixamorig:LeftHandMiddle1"
									
										name: "mixamorig:LeftHandMiddle2"
										
											name: "mixamorig:LeftHandMiddle3"
											
												name: "mixamorig:LeftHandMiddle4"
												
									name: "mixamorig:LeftHandRing1"
									
										name: "mixamorig:LeftHandRing2"
										
											name: "mixamorig:LeftHandRing3"
											
												name: "mixamorig:LeftHandRing4"
												
									name: "mixamorig:LeftHandPinky1"
									
										name: "mixamorig:LeftHandPinky2"
										
											name: "mixamorig:LeftHandPinky3"
											
												name: "mixamorig:LeftHandPinky4"
												
					name: "mixamorig:RightShoulder"
					
						name: "mixamorig:RightArm"
						
							name: "mixamorig:RightForeArm"
							
								name: "mixamorig:RightHand"
								
									name: "mixamorig:RightHandThumb1"
									
										name: "mixamorig:RightHandThumb2"
										
											name: "mixamorig:RightHandThumb3"
											
												name: "mixamorig:RightHandThumb4"
												
									name: "mixamorig:RightHandIndex1"
									
										name: "mixamorig:RightHandIndex2"
										
											name: "mixamorig:RightHandIndex3"
											
												name: "mixamorig:RightHandIndex4"
												
									name: "mixamorig:RightHandMiddle1"
									
										name: "mixamorig:RightHandMiddle2"
										
											name: "mixamorig:RightHandMiddle3"
											
												name: "mixamorig:RightHandMiddle4"
												
									name: "mixamorig:RightHandRing1"
									
										name: "mixamorig:RightHandRing2"
										
											name: "mixamorig:RightHandRing3"
											
												name: "mixamorig:RightHandRing4"
												
									name: "mixamorig:RightHandPinky1"
									
										name: "mixamorig:RightHandPinky2"
										
											name: "mixamorig:RightHandPinky3"
											
												name: "mixamorig:RightHandPinky4"
												
		name: "mixamorig:LeftUpLeg"
		
			name: "mixamorig:LeftLeg"
			
				name: "mixamorig:LeftFoot"
				
					name: "mixamorig:LeftToeBase"
					
						name: "mixamorig:LeftToe_End"
						
		name: "mixamorig:RightUpLeg"
		
			name: "mixamorig:RightLeg"
			
				name: "mixamorig:RightFoot"
				
					name: "mixamorig:RightToeBase"
					
						name: "mixamorig:RightToe_End"
						
	name: "Eye_L"
	numMeshes: 1
	 addr: "0x7fc208f5ca00"
	 name: "Eye_L"
	 numVertices: "86"
	 numFaces: "144"
	
	
	name: "Eye_R"
	numMeshes: 1
	 addr: "0x7fc208f87800"
	 name: "Eye_R"
	 numVertices: "86"
	 numFaces: "144"
	
	
	name: "Body"
	numMeshes: 1
	 addr: "0x7fc208fb0a00"
	 name: "Body"
	 numVertices: "10048"
	 numFaces: "17309"
	
	

[12:15:52.100046] [Import] [info] (thread 439886) File loaded successfully
[12:15:52.100061] [Import] [info] (thread 439886) Meshes count: 3
[12:15:52.100072] [Import] [info] (thread 439886) Materials count: 3
[12:15:52.100639] [Import] [error] (thread 439886) Cannot find node: Body
[12:15:52.100655] [Import] [error] (thread 439886) Cannot find node: Eye_R
[12:15:52.100666] [Import] [error] (thread 439886) Cannot find node: mixamorig:Head
[12:15:52.100678] [Import] [error] (thread 439886) Cannot find node: mixamorig:HeadTop_End
[12:15:52.100690] [Import] [error] (thread 439886) Cannot find node: mixamorig:Hips
[12:15:52.100701] [Import] [error] (thread 439886) Cannot find node: mixamorig:LeftArm
[12:15:52.100712] [Import] [error] (thread 439886) Cannot find node: mixamorig:LeftFoot
[12:15:52.100723] [Import] [error] (thread 439886) Cannot find node: mixamorig:LeftForeArm
[12:15:52.100734] [Import] [error] (thread 439886) Cannot find node: mixamorig:LeftHand
[12:15:52.100745] [Import] [error] (thread 439886) Cannot find node: mixamorig:LeftHandIndex1
[12:15:52.100757] [Import] [error] (thread 439886) Cannot find node: mixamorig:LeftHandIndex2
[12:15:52.100767] [Import] [error] (thread 439886) Cannot find node: mixamorig:LeftHandIndex3
[12:15:52.100779] [Import] [error] (thread 439886) Cannot find node: mixamorig:LeftHandIndex4
[12:15:52.100790] [Import] [error] (thread 439886) Cannot find node: mixamorig:LeftHandMiddle1
[12:15:52.100804] [Import] [error] (thread 439886) Cannot find node: mixamorig:LeftHandMiddle2
[12:15:52.100815] [Import] [error] (thread 439886) Cannot find node: mixamorig:LeftHandMiddle3
[12:15:52.100826] [Import] [error] (thread 439886) Cannot find node: mixamorig:LeftHandMiddle4
[12:15:52.100837] [Import] [error] (thread 439886) Cannot find node: mixamorig:LeftHandPinky1
[12:15:52.100848] [Import] [error] (thread 439886) Cannot find node: mixamorig:LeftHandPinky2
[12:15:52.100859] [Import] [error] (thread 439886) Cannot find node: mixamorig:LeftHandPinky3
[12:15:52.100869] [Import] [error] (thread 439886) Cannot find node: mixamorig:LeftHandPinky4
[12:15:52.100880] [Import] [error] (thread 439886) Cannot find node: mixamorig:LeftHandRing1
[12:15:52.100891] [Import] [error] (thread 439886) Cannot find node: mixamorig:LeftHandRing2
[12:15:52.100902] [Import] [error] (thread 439886) Cannot find node: mixamorig:LeftHandRing3
[12:15:52.100913] [Import] [error] (thread 439886) Cannot find node: mixamorig:LeftHandRing4
[12:15:52.100923] [Import] [error] (thread 439886) Cannot find node: mixamorig:LeftHandThumb1
[12:15:52.100934] [Import] [error] (thread 439886) Cannot find node: mixamorig:LeftHandThumb2
[12:15:52.100945] [Import] [error] (thread 439886) Cannot find node: mixamorig:LeftHandThumb3
[12:15:52.100956] [Import] [error] (thread 439886) Cannot find node: mixamorig:LeftHandThumb4
[12:15:52.100967] [Import] [error] (thread 439886) Cannot find node: mixamorig:LeftLeg
[12:15:52.100978] [Import] [error] (thread 439886) Cannot find node: mixamorig:LeftShoulder
[12:15:52.100989] [Import] [error] (thread 439886) Cannot find node: mixamorig:LeftToeBase
[12:15:52.101000] [Import] [error] (thread 439886) Cannot find node: mixamorig:LeftToe_End
[12:15:52.101013] [Import] [error] (thread 439886) Cannot find node: mixamorig:LeftUpLeg
[12:15:52.101024] [Import] [error] (thread 439886) Cannot find node: mixamorig:Neck
[12:15:52.101036] [Import] [error] (thread 439886) Cannot find node: mixamorig:RightArm
[12:15:52.101047] [Import] [error] (thread 439886) Cannot find node: mixamorig:RightFoot
[12:15:52.101058] [Import] [error] (thread 439886) Cannot find node: mixamorig:RightForeArm
[12:15:52.101069] [Import] [error] (thread 439886) Cannot find node: mixamorig:RightHand
[12:15:52.101080] [Import] [error] (thread 439886) Cannot find node: mixamorig:RightHandIndex1
[12:15:52.101091] [Import] [error] (thread 439886) Cannot find node: mixamorig:RightHandIndex2
[12:15:52.101112] [Import] [error] (thread 439886) Cannot find node: mixamorig:RightHandIndex3
[12:15:52.101124] [Import] [error] (thread 439886) Cannot find node: mixamorig:RightHandIndex4
[12:15:52.101135] [Import] [error] (thread 439886) Cannot find node: mixamorig:RightHandMiddle1
[12:15:52.101146] [Import] [error] (thread 439886) Cannot find node: mixamorig:RightHandMiddle2
[12:15:52.101157] [Import] [error] (thread 439886) Cannot find node: mixamorig:RightHandMiddle3
[12:15:52.101167] [Import] [error] (thread 439886) Cannot find node: mixamorig:RightHandMiddle4
[12:15:52.101178] [Import] [error] (thread 439886) Cannot find node: mixamorig:RightHandPinky1
[12:15:52.101189] [Import] [error] (thread 439886) Cannot find node: mixamorig:RightHandPinky2
[12:15:52.101200] [Import] [error] (thread 439886) Cannot find node: mixamorig:RightHandPinky3
[12:15:52.101215] [Import] [error] (thread 439886) Cannot find node: mixamorig:RightHandPinky4
[12:15:52.101226] [Import] [error] (thread 439886) Cannot find node: mixamorig:RightHandRing1
[12:15:52.101238] [Import] [error] (thread 439886) Cannot find node: mixamorig:RightHandRing2
[12:15:52.101248] [Import] [error] (thread 439886) Cannot find node: mixamorig:RightHandRing3
[12:15:52.101259] [Import] [error] (thread 439886) Cannot find node: mixamorig:RightHandRing4
[12:15:52.101270] [Import] [error] (thread 439886) Cannot find node: mixamorig:RightHandThumb1
[12:15:52.101281] [Import] [error] (thread 439886) Cannot find node: mixamorig:RightHandThumb2
[12:15:52.101292] [Import] [error] (thread 439886) Cannot find node: mixamorig:RightHandThumb3
[12:15:52.101303] [Import] [error] (thread 439886) Cannot find node: mixamorig:RightHandThumb4
[12:15:52.101314] [Import] [error] (thread 439886) Cannot find node: mixamorig:RightLeg
[12:15:52.101325] [Import] [error] (thread 439886) Cannot find node: mixamorig:RightShoulder
[12:15:52.101336] [Import] [error] (thread 439886) Cannot find node: mixamorig:RightToeBase
[12:15:52.101347] [Import] [error] (thread 439886) Cannot find node: mixamorig:RightToe_End
[12:15:52.101358] [Import] [error] (thread 439886) Cannot find node: mixamorig:RightUpLeg
[12:15:52.101369] [Import] [error] (thread 439886) Cannot find node: mixamorig:Spine
[12:15:52.101380] [Import] [error] (thread 439886) Cannot find node: mixamorig:Spine1
[12:15:52.101391] [Import] [error] (thread 439886) Cannot find node: mixamorig:Spine2
[12:15:52.101401] [Import] [error] (thread 439886) File's animations are incompatible with the selected MANU's node
[12:15:58.766337] [Import] [info] (thread 439886) Importing from /Users/oleg/Temp/ManuAnimation_03/Sitting_35_WheelDown.fbx
[12:15:58.816385] [Import] [info] (thread 439886) Imported scene tree:
name: "RootNode"

	name: "mixamorig:Hips"
	
		name: "mixamorig:Spine"
		
			name: "mixamorig:Spine1"
			
				name: "mixamorig:Spine2"
				
					name: "mixamorig:Neck"
					
						name: "mixamorig:Head"
						
							name: "mixamorig:HeadTop_End"
							
					name: "mixamorig:LeftShoulder"
					
						name: "mixamorig:LeftArm"
						
							name: "mixamorig:LeftForeArm"
							
								name: "mixamorig:LeftHand"
								
									name: "mixamorig:LeftHandThumb1"
									
										name: "mixamorig:LeftHandThumb2"
										
											name: "mixamorig:LeftHandThumb3"
											
												name: "mixamorig:LeftHandThumb4"
												
									name: "mixamorig:LeftHandIndex1"
									
										name: "mixamorig:LeftHandIndex2"
										
											name: "mixamorig:LeftHandIndex3"
											
												name: "mixamorig:LeftHandIndex4"
												
									name: "mixamorig:LeftHandMiddle1"
									
										name: "mixamorig:LeftHandMiddle2"
										
											name: "mixamorig:LeftHandMiddle3"
											
												name: "mixamorig:LeftHandMiddle4"
												
									name: "mixamorig:LeftHandRing1"
									
										name: "mixamorig:LeftHandRing2"
										
											name: "mixamorig:LeftHandRing3"
											
												name: "mixamorig:LeftHandRing4"
												
									name: "mixamorig:LeftHandPinky1"
									
										name: "mixamorig:LeftHandPinky2"
										
											name: "mixamorig:LeftHandPinky3"
											
												name: "mixamorig:LeftHandPinky4"
												
					name: "mixamorig:RightShoulder"
					
						name: "mixamorig:RightArm"
						
							name: "mixamorig:RightForeArm"
							
								name: "mixamorig:RightHand"
								
									name: "mixamorig:RightHandThumb1"
									
										name: "mixamorig:RightHandThumb2"
										
											name: "mixamorig:RightHandThumb3"
											
												name: "mixamorig:RightHandThumb4"
												
									name: "mixamorig:RightHandIndex1"
									
										name: "mixamorig:RightHandIndex2"
										
											name: "mixamorig:RightHandIndex3"
											
												name: "mixamorig:RightHandIndex4"
												
									name: "mixamorig:RightHandMiddle1"
									
										name: "mixamorig:RightHandMiddle2"
										
											name: "mixamorig:RightHandMiddle3"
											
												name: "mixamorig:RightHandMiddle4"
												
									name: "mixamorig:RightHandRing1"
									
										name: "mixamorig:RightHandRing2"
										
											name: "mixamorig:RightHandRing3"
											
												name: "mixamorig:RightHandRing4"
												
									name: "mixamorig:RightHandPinky1"
									
										name: "mixamorig:RightHandPinky2"
										
											name: "mixamorig:RightHandPinky3"
											
												name: "mixamorig:RightHandPinky4"
												
		name: "mixamorig:LeftUpLeg"
		
			name: "mixamorig:LeftLeg"
			
				name: "mixamorig:LeftFoot"
				
					name: "mixamorig:LeftToeBase"
					
						name: "mixamorig:LeftToe_End"
						
		name: "mixamorig:RightUpLeg"
		
			name: "mixamorig:RightLeg"
			
				name: "mixamorig:RightFoot"
				
					name: "mixamorig:RightToeBase"
					
						name: "mixamorig:RightToe_End"
						
	name: "Eye_L"
	numMeshes: 1
	 addr: "0x7fc12b184c00"
	 name: "Eye_L"
	 numVertices: "86"
	 numFaces: "144"
	
	
	name: "Eye_R"
	numMeshes: 1
	 addr: "0x7fc12b1afa00"
	 name: "Eye_R"
	 numVertices: "86"
	 numFaces: "144"
	
	
	name: "Body"
	numMeshes: 1
	 addr: "0x7fc12b1d8c00"
	 name: "Body"
	 numVertices: "10048"
	 numFaces: "17309"
	
	

[12:15:58.816445] [Import] [info] (thread 439886) File loaded successfully
[12:15:58.816458] [Import] [info] (thread 439886) Meshes count: 3
[12:15:58.816468] [Import] [info] (thread 439886) Materials count: 3
[12:15:58.817023] [Import] [error] (thread 439886) Cannot find node: Body
[12:15:58.817039] [Import] [error] (thread 439886) Cannot find node: Eye_R
[12:15:58.817051] [Import] [error] (thread 439886) Cannot find node: mixamorig:Head
[12:15:58.817062] [Import] [error] (thread 439886) Cannot find node: mixamorig:HeadTop_End
[12:15:58.817073] [Import] [error] (thread 439886) Cannot find node: mixamorig:Hips
[12:15:58.817085] [Import] [error] (thread 439886) Cannot find node: mixamorig:LeftArm
[12:15:58.817096] [Import] [error] (thread 439886) Cannot find node: mixamorig:LeftFoot
[12:15:58.817107] [Import] [error] (thread 439886) Cannot find node: mixamorig:LeftForeArm
[12:15:58.817118] [Import] [error] (thread 439886) Cannot find node: mixamorig:LeftHand
[12:15:58.817129] [Import] [error] (thread 439886) Cannot find node: mixamorig:LeftHandIndex1
[12:15:58.817140] [Import] [error] (thread 439886) Cannot find node: mixamorig:LeftHandIndex2
[12:15:58.817150] [Import] [error] (thread 439886) Cannot find node: mixamorig:LeftHandIndex3
[12:15:58.817162] [Import] [error] (thread 439886) Cannot find node: mixamorig:LeftHandIndex4
[12:15:58.817175] [Import] [error] (thread 439886) Cannot find node: mixamorig:LeftHandMiddle1
[12:15:58.817186] [Import] [error] (thread 439886) Cannot find node: mixamorig:LeftHandMiddle2
[12:15:58.817197] [Import] [error] (thread 439886) Cannot find node: mixamorig:LeftHandMiddle3
[12:15:58.817208] [Import] [error] (thread 439886) Cannot find node: mixamorig:LeftHandMiddle4
[12:15:58.817219] [Import] [error] (thread 439886) Cannot find node: mixamorig:LeftHandPinky1
[12:15:58.817230] [Import] [error] (thread 439886) Cannot find node: mixamorig:LeftHandPinky2
[12:15:58.817251] [Import] [error] (thread 439886) Cannot find node: mixamorig:LeftHandPinky3
[12:15:58.817262] [Import] [error] (thread 439886) Cannot find node: mixamorig:LeftHandPinky4
[12:15:58.817273] [Import] [error] (thread 439886) Cannot find node: mixamorig:LeftHandRing1
[12:15:58.817286] [Import] [error] (thread 439886) Cannot find node: mixamorig:LeftHandRing2
[12:15:58.817297] [Import] [error] (thread 439886) Cannot find node: mixamorig:LeftHandRing3
[12:15:58.817309] [Import] [error] (thread 439886) Cannot find node: mixamorig:LeftHandRing4
[12:15:58.817319] [Import] [error] (thread 439886) Cannot find node: mixamorig:LeftHandThumb1
[12:15:58.817330] [Import] [error] (thread 439886) Cannot find node: mixamorig:LeftHandThumb2
[12:15:58.817341] [Import] [error] (thread 439886) Cannot find node: mixamorig:LeftHandThumb3
[12:15:58.817352] [Import] [error] (thread 439886) Cannot find node: mixamorig:LeftHandThumb4
[12:15:58.817363] [Import] [error] (thread 439886) Cannot find node: mixamorig:LeftLeg
[12:15:58.817374] [Import] [error] (thread 439886) Cannot find node: mixamorig:LeftShoulder
[12:15:58.817385] [Import] [error] (thread 439886) Cannot find node: mixamorig:LeftToeBase
[12:15:58.817396] [Import] [error] (thread 439886) Cannot find node: mixamorig:LeftToe_End
[12:15:58.817407] [Import] [error] (thread 439886) Cannot find node: mixamorig:LeftUpLeg
[12:15:58.817417] [Import] [error] (thread 439886) Cannot find node: mixamorig:Neck
[12:15:58.817428] [Import] [error] (thread 439886) Cannot find node: mixamorig:RightArm
[12:15:58.817439] [Import] [error] (thread 439886) Cannot find node: mixamorig:RightFoot
[12:15:58.817450] [Import] [error] (thread 439886) Cannot find node: mixamorig:RightForeArm
[12:15:58.817461] [Import] [error] (thread 439886) Cannot find node: mixamorig:RightHand
[12:15:58.817471] [Import] [error] (thread 439886) Cannot find node: mixamorig:RightHandIndex1
[12:15:58.817482] [Import] [error] (thread 439886) Cannot find node: mixamorig:RightHandIndex2
[12:15:58.817493] [Import] [error] (thread 439886) Cannot find node: mixamorig:RightHandIndex3
[12:15:58.817504] [Import] [error] (thread 439886) Cannot find node: mixamorig:RightHandIndex4
[12:15:58.817515] [Import] [error] (thread 439886) Cannot find node: mixamorig:RightHandMiddle1
[12:15:58.817526] [Import] [error] (thread 439886) Cannot find node: mixamorig:RightHandMiddle2
[12:15:58.817537] [Import] [error] (thread 439886) Cannot find node: mixamorig:RightHandMiddle3
[12:15:58.817548] [Import] [error] (thread 439886) Cannot find node: mixamorig:RightHandMiddle4
[12:15:58.817559] [Import] [error] (thread 439886) Cannot find node: mixamorig:RightHandPinky1
[12:15:58.817570] [Import] [error] (thread 439886) Cannot find node: mixamorig:RightHandPinky2
[12:15:58.817581] [Import] [error] (thread 439886) Cannot find node: mixamorig:RightHandPinky3
[12:15:58.817592] [Import] [error] (thread 439886) Cannot find node: mixamorig:RightHandPinky4
[12:15:58.817603] [Import] [error] (thread 439886) Cannot find node: mixamorig:RightHandRing1
[12:15:58.817614] [Import] [error] (thread 439886) Cannot find node: mixamorig:RightHandRing2
[12:15:58.817625] [Import] [error] (thread 439886) Cannot find node: mixamorig:RightHandRing3
[12:15:58.817636] [Import] [error] (thread 439886) Cannot find node: mixamorig:RightHandRing4
[12:15:58.817646] [Import] [error] (thread 439886) Cannot find node: mixamorig:RightHandThumb1
[12:15:58.817657] [Import] [error] (thread 439886) Cannot find node: mixamorig:RightHandThumb2
[12:15:58.817669] [Import] [error] (thread 439886) Cannot find node: mixamorig:RightHandThumb3
[12:15:58.817682] [Import] [error] (thread 439886) Cannot find node: mixamorig:RightHandThumb4
[12:15:58.817693] [Import] [error] (thread 439886) Cannot find node: mixamorig:RightLeg
[12:15:58.817706] [Import] [error] (thread 439886) Cannot find node: mixamorig:RightShoulder
[12:15:58.817717] [Import] [error] (thread 439886) Cannot find node: mixamorig:RightToeBase
[12:15:58.817728] [Import] [error] (thread 439886) Cannot find node: mixamorig:RightToe_End
[12:15:58.817748] [Import] [error] (thread 439886) Cannot find node: mixamorig:RightUpLeg
[12:15:58.817760] [Import] [error] (thread 439886) Cannot find node: mixamorig:Spine
[12:15:58.817771] [Import] [error] (thread 439886) Cannot find node: mixamorig:Spine1
[12:15:58.817781] [Import] [error] (thread 439886) Cannot find node: mixamorig:Spine2
[12:15:58.817792] [Import] [error] (thread 439886) File's animations are incompatible with the selected MANU's node
[12:16:09.699614] [Import] [info] (thread 439886) Importing from /Users/oleg/Temp/ManuAnimation_03/DAE/Sitting_35_Wheel.dae
[12:16:09.705681] [Import] [error] (thread 439886) Importer: Import scene file failed. file name: /Users/oleg/Temp/ManuAnimation_03/DAE/Sitting_35_Wheel.dae error: 
[12:17:37.249448] [Import] [info] (thread 439886) Importing from /Users/oleg/Temp/ManuAnimation_03/DAE/Sitting_35_Wheel.dae
[12:17:37.252587] [Import] [error] (thread 439886) Importer: Import scene file failed. file name: /Users/oleg/Temp/ManuAnimation_03/DAE/Sitting_35_Wheel.dae error: 
[12:18:17.749559] [Import] [info] (thread 439886) Importing from /Users/oleg/Temp/ManuAnimation_03/Sitting_35_WheelDown.fbx
[12:18:17.798044] [Import] [info] (thread 439886) Imported scene tree:
name: "RootNode"

	name: "mixamorig:Hips"
	
		name: "mixamorig:Spine"
		
			name: "mixamorig:Spine1"
			
				name: "mixamorig:Spine2"
				
					name: "mixamorig:Neck"
					
						name: "mixamorig:Head"
						
							name: "mixamorig:HeadTop_End"
							
					name: "mixamorig:LeftShoulder"
					
						name: "mixamorig:LeftArm"
						
							name: "mixamorig:LeftForeArm"
							
								name: "mixamorig:LeftHand"
								
									name: "mixamorig:LeftHandThumb1"
									
										name: "mixamorig:LeftHandThumb2"
										
											name: "mixamorig:LeftHandThumb3"
											
												name: "mixamorig:LeftHandThumb4"
												
									name: "mixamorig:LeftHandIndex1"
									
										name: "mixamorig:LeftHandIndex2"
										
											name: "mixamorig:LeftHandIndex3"
											
												name: "mixamorig:LeftHandIndex4"
												
									name: "mixamorig:LeftHandMiddle1"
									
										name: "mixamorig:LeftHandMiddle2"
										
											name: "mixamorig:LeftHandMiddle3"
											
												name: "mixamorig:LeftHandMiddle4"
												
									name: "mixamorig:LeftHandRing1"
									
										name: "mixamorig:LeftHandRing2"
										
											name: "mixamorig:LeftHandRing3"
											
												name: "mixamorig:LeftHandRing4"
												
									name: "mixamorig:LeftHandPinky1"
									
										name: "mixamorig:LeftHandPinky2"
										
											name: "mixamorig:LeftHandPinky3"
											
												name: "mixamorig:LeftHandPinky4"
												
					name: "mixamorig:RightShoulder"
					
						name: "mixamorig:RightArm"
						
							name: "mixamorig:RightForeArm"
							
								name: "mixamorig:RightHand"
								
									name: "mixamorig:RightHandThumb1"
									
										name: "mixamorig:RightHandThumb2"
										
											name: "mixamorig:RightHandThumb3"
											
												name: "mixamorig:RightHandThumb4"
												
									name: "mixamorig:RightHandIndex1"
									
										name: "mixamorig:RightHandIndex2"
										
											name: "mixamorig:RightHandIndex3"
											
												name: "mixamorig:RightHandIndex4"
												
									name: "mixamorig:RightHandMiddle1"
									
										name: "mixamorig:RightHandMiddle2"
										
											name: "mixamorig:RightHandMiddle3"
											
												name: "mixamorig:RightHandMiddle4"
												
									name: "mixamorig:RightHandRing1"
									
										name: "mixamorig:RightHandRing2"
										
											name: "mixamorig:RightHandRing3"
											
												name: "mixamorig:RightHandRing4"
												
									name: "mixamorig:RightHandPinky1"
									
										name: "mixamorig:RightHandPinky2"
										
											name: "mixamorig:RightHandPinky3"
											
												name: "mixamorig:RightHandPinky4"
												
		name: "mixamorig:LeftUpLeg"
		
			name: "mixamorig:LeftLeg"
			
				name: "mixamorig:LeftFoot"
				
					name: "mixamorig:LeftToeBase"
					
						name: "mixamorig:LeftToe_End"
						
		name: "mixamorig:RightUpLeg"
		
			name: "mixamorig:RightLeg"
			
				name: "mixamorig:RightFoot"
				
					name: "mixamorig:RightToeBase"
					
						name: "mixamorig:RightToe_End"
						
	name: "Eye_L"
	numMeshes: 1
	 addr: "0x7fc12b2be200"
	 name: "Eye_L"
	 numVertices: "86"
	 numFaces: "144"
	
	
	name: "Eye_R"
	numMeshes: 1
	 addr: "0x7fc12b2e9000"
	 name: "Eye_R"
	 numVertices: "86"
	 numFaces: "144"
	
	
	name: "Body"
	numMeshes: 1
	 addr: "0x7fc12b312200"
	 name: "Body"
	 numVertices: "10048"
	 numFaces: "17309"
	
	

[12:18:17.798115] [Import] [info] (thread 439886) File loaded successfully
[12:18:17.798128] [Import] [info] (thread 439886) Meshes count: 3
[12:18:17.798138] [Import] [info] (thread 439886) Materials count: 3
[12:18:17.798706] [Import] [error] (thread 439886) Cannot find node: Body
[12:18:17.798721] [Import] [error] (thread 439886) Cannot find node: Eye_R
[12:18:17.798732] [Import] [error] (thread 439886) Cannot find node: mixamorig:Head
[12:18:17.798744] [Import] [error] (thread 439886) Cannot find node: mixamorig:HeadTop_End
[12:18:17.798755] [Import] [error] (thread 439886) Cannot find node: mixamorig:Hips
[12:18:17.798767] [Import] [error] (thread 439886) Cannot find node: mixamorig:LeftArm
[12:18:17.798778] [Import] [error] (thread 439886) Cannot find node: mixamorig:LeftFoot
[12:18:17.798789] [Import] [error] (thread 439886) Cannot find node: mixamorig:LeftForeArm
[12:18:17.798800] [Import] [error] (thread 439886) Cannot find node: mixamorig:LeftHand
[12:18:17.798811] [Import] [error] (thread 439886) Cannot find node: mixamorig:LeftHandIndex1
[12:18:17.798822] [Import] [error] (thread 439886) Cannot find node: mixamorig:LeftHandIndex2
[12:18:17.798832] [Import] [error] (thread 439886) Cannot find node: mixamorig:LeftHandIndex3
[12:18:17.798844] [Import] [error] (thread 439886) Cannot find node: mixamorig:LeftHandIndex4
[12:18:17.798855] [Import] [error] (thread 439886) Cannot find node: mixamorig:LeftHandMiddle1
[12:18:17.798866] [Import] [error] (thread 439886) Cannot find node: mixamorig:LeftHandMiddle2
[12:18:17.798877] [Import] [error] (thread 439886) Cannot find node: mixamorig:LeftHandMiddle3
[12:18:17.798887] [Import] [error] (thread 439886) Cannot find node: mixamorig:LeftHandMiddle4
[12:18:17.798898] [Import] [error] (thread 439886) Cannot find node: mixamorig:LeftHandPinky1
[12:18:17.798912] [Import] [error] (thread 439886) Cannot find node: mixamorig:LeftHandPinky2
[12:18:17.798923] [Import] [error] (thread 439886) Cannot find node: mixamorig:LeftHandPinky3
[12:18:17.798934] [Import] [error] (thread 439886) Cannot find node: mixamorig:LeftHandPinky4
[12:18:17.798945] [Import] [error] (thread 439886) Cannot find node: mixamorig:LeftHandRing1
[12:18:17.798955] [Import] [error] (thread 439886) Cannot find node: mixamorig:LeftHandRing2
[12:18:17.798966] [Import] [error] (thread 439886) Cannot find node: mixamorig:LeftHandRing3
[12:18:17.798977] [Import] [error] (thread 439886) Cannot find node: mixamorig:LeftHandRing4
[12:18:17.798990] [Import] [error] (thread 439886) Cannot find node: mixamorig:LeftHandThumb1
[12:18:17.799001] [Import] [error] (thread 439886) Cannot find node: mixamorig:LeftHandThumb2
[12:18:17.799012] [Import] [error] (thread 439886) Cannot find node: mixamorig:LeftHandThumb3
[12:18:17.799024] [Import] [error] (thread 439886) Cannot find node: mixamorig:LeftHandThumb4
[12:18:17.799035] [Import] [error] (thread 439886) Cannot find node: mixamorig:LeftLeg
[12:18:17.799047] [Import] [error] (thread 439886) Cannot find node: mixamorig:LeftShoulder
[12:18:17.799058] [Import] [error] (thread 439886) Cannot find node: mixamorig:LeftToeBase
[12:18:17.799068] [Import] [error] (thread 439886) Cannot find node: mixamorig:LeftToe_End
[12:18:17.799079] [Import] [error] (thread 439886) Cannot find node: mixamorig:LeftUpLeg
[12:18:17.799090] [Import] [error] (thread 439886) Cannot find node: mixamorig:Neck
[12:18:17.799111] [Import] [error] (thread 439886) Cannot find node: mixamorig:RightArm
[12:18:17.799122] [Import] [error] (thread 439886) Cannot find node: mixamorig:RightFoot
[12:18:17.799133] [Import] [error] (thread 439886) Cannot find node: mixamorig:RightForeArm
[12:18:17.799144] [Import] [error] (thread 439886) Cannot find node: mixamorig:RightHand
[12:18:17.799154] [Import] [error] (thread 439886) Cannot find node: mixamorig:RightHandIndex1
[12:18:17.799166] [Import] [error] (thread 439886) Cannot find node: mixamorig:RightHandIndex2
[12:18:17.799176] [Import] [error] (thread 439886) Cannot find node: mixamorig:RightHandIndex3
[12:18:17.799187] [Import] [error] (thread 439886) Cannot find node: mixamorig:RightHandIndex4
[12:18:17.799198] [Import] [error] (thread 439886) Cannot find node: mixamorig:RightHandMiddle1
[12:18:17.799209] [Import] [error] (thread 439886) Cannot find node: mixamorig:RightHandMiddle2
[12:18:17.799220] [Import] [error] (thread 439886) Cannot find node: mixamorig:RightHandMiddle3
[12:18:17.799231] [Import] [error] (thread 439886) Cannot find node: mixamorig:RightHandMiddle4
[12:18:17.799242] [Import] [error] (thread 439886) Cannot find node: mixamorig:RightHandPinky1
[12:18:17.799253] [Import] [error] (thread 439886) Cannot find node: mixamorig:RightHandPinky2
[12:18:17.799263] [Import] [error] (thread 439886) Cannot find node: mixamorig:RightHandPinky3
[12:18:17.799274] [Import] [error] (thread 439886) Cannot find node: mixamorig:RightHandPinky4
[12:18:17.799285] [Import] [error] (thread 439886) Cannot find node: mixamorig:RightHandRing1
[12:18:17.799296] [Import] [error] (thread 439886) Cannot find node: mixamorig:RightHandRing2
[12:18:17.799307] [Import] [error] (thread 439886) Cannot find node: mixamorig:RightHandRing3
[12:18:17.799318] [Import] [error] (thread 439886) Cannot find node: mixamorig:RightHandRing4
[12:18:17.799328] [Import] [error] (thread 439886) Cannot find node: mixamorig:RightHandThumb1
[12:18:17.799339] [Import] [error] (thread 439886) Cannot find node: mixamorig:RightHandThumb2
[12:18:17.799350] [Import] [error] (thread 439886) Cannot find node: mixamorig:RightHandThumb3
[12:18:17.799361] [Import] [error] (thread 439886) Cannot find node: mixamorig:RightHandThumb4
[12:18:17.799371] [Import] [error] (thread 439886) Cannot find node: mixamorig:RightLeg
[12:18:17.799383] [Import] [error] (thread 439886) Cannot find node: mixamorig:RightShoulder
[12:18:17.799396] [Import] [error] (thread 439886) Cannot find node: mixamorig:RightToeBase
[12:18:17.799407] [Import] [error] (thread 439886) Cannot find node: mixamorig:RightToe_End
[12:18:17.799418] [Import] [error] (thread 439886) Cannot find node: mixamorig:RightUpLeg
[12:18:17.799429] [Import] [error] (thread 439886) Cannot find node: mixamorig:Spine
[12:18:17.799439] [Import] [error] (thread 439886) Cannot find node: mixamorig:Spine1
[12:18:17.799450] [Import] [error] (thread 439886) Cannot find node: mixamorig:Spine2
[12:18:17.799460] [Import] [error] (thread 439886) File's animations are incompatible with the selected MANU's node
