[14:22:10.948538] [Import] [info] (thread 9936) Importing from D:\Manu3d\ManuLevel_01\_Work\Optimization\SM_CratedBasementBig_00_00.fbx
[14:22:11.168884] [Import] [info] (thread 9936) Imported scene tree:
name: "RootNode"

	name: "CratesBasementBig_00_00"
	numMeshes: 2
	 addr: "0000020E4F143B10"
	 name: "CratesBasementBig_00_00"
	 numVertices: "112"
	 numFaces: "54"
	
	 addr: "0000020E4F145050"
	 name: "CratesBasementBig_00_00"
	 numVertices: "499"
	 numFaces: "233"
	
	

[14:22:11.168956] [Import] [info] (thread 9936) File loaded successfully
[14:22:11.168998] [Import] [info] (thread 9936) Meshes count: 2
[14:22:11.169039] [Import] [info] (thread 9936) Materials count: 2
[14:22:11.201566] [Import] [warning] (thread 9936) Texture not found: D:\Manu3d\ManuLevel_01\_Work\Optimization\..\..\mLevel1\Level1\tex\TrimBlueMetal_01\TrimBLueMetal_01_BaseColor.png
[14:22:11.201793] [Import] [warning] (thread 9936) Texture not found: D:\Manu3d\ManuLevel_01\_Work\Optimization\..\..\mLevel1\Level1\tex\TrimBlueMetal_01\BLueMetal_01_BaseColor.png
[14:22:11.201914] [Import] [info] (thread 9936) Textures count (imported): 2
[14:24:51.230512] [Import] [info] (thread 9936) Importing from D:\Manu3d\ManuLevel_01\_Work\Optimization\SM_CratedBasementBig_00_00.fbx
[14:24:51.231967] [Import] [info] (thread 9936) Imported scene tree:
name: "RootNode"

	name: "CratesBasementBig_00_00"
	numMeshes: 2
	 addr: "0000020E4F14B540"
	 name: "CratesBasementBig_00_00"
	 numVertices: "112"
	 numFaces: "54"
	
	 addr: "0000020E4F14BFE0"
	 name: "CratesBasementBig_00_00"
	 numVertices: "499"
	 numFaces: "233"
	
	

[14:24:51.232008] [Import] [info] (thread 9936) File loaded successfully
[14:24:51.232041] [Import] [info] (thread 9936) Meshes count: 2
[14:24:51.232072] [Import] [info] (thread 9936) Materials count: 2
[14:24:51.232202] [Import] [warning] (thread 9936) Texture not found: D:\Manu3d\ManuLevel_01\_Work\Optimization\..\..\mLevel1\Level1\tex\TrimBlueMetal_01\TrimBLueMetal_01_BaseColor.png
[14:24:51.232355] [Import] [warning] (thread 9936) Texture not found: D:\Manu3d\ManuLevel_01\_Work\Optimization\..\..\mLevel1\Level1\tex\TrimBlueMetal_01\BLueMetal_01_BaseColor.png
[14:24:51.232431] [Import] [info] (thread 9936) Textures count (imported): 2
[16:13:45.655723] [Import] [info] (thread 9936) Importing from D:\Manu3d\ManuLevel_01\_Work\Water\Water_01.fbx
[16:13:45.948644] [Import] [info] (thread 9936) Imported scene tree:
name: "RootNode"

	name: "world_root"
	
		name: "null1"
		
			name: "bone1"
			
				name: "bone1_end_effector"
				
			name: "bone2"
			
				name: "bone2_end_effector"
				
			name: "bone3"
			
				name: "bone3_end_effector"
				
			name: "bone4"
			
				name: "bone4_end_effector"
				
			name: "bone5"
			
				name: "bone5_end_effector"
				
			name: "bone6"
			
				name: "bone6_end_effector"
				
			name: "bone7"
			
				name: "bone7_end_effector"
				
			name: "bone8"
			
				name: "bone8_end_effector"
				
			name: "bone9"
			
				name: "bone9_end_effector"
				
			name: "bone10"
			
				name: "bone10_end_effector"
				
			name: "bone11"
			
				name: "bone11_end_effector"
				
			name: "bone12"
			
				name: "bone12_end_effector"
				
			name: "bone13"
			
				name: "bone13_end_effector"
				
			name: "bone14"
			
				name: "bone14_end_effector"
				
			name: "bone15"
			
				name: "bone15_end_effector"
				
			name: "bone16"
			
				name: "bone16_end_effector"
				
			name: "bone17"
			
				name: "bone17_end_effector"
				
			name: "bone18"
			
				name: "bone18_end_effector"
				
			name: "bone19"
			
				name: "bone19_end_effector"
				
			name: "bone20"
			
				name: "bone20_end_effector"
				
		name: "geo1"
		numMeshes: 1
		 addr: "0000020E4F147580"
		 name: "geo1"
		 numVertices: "225"
		 numFaces: "392"
		
		

[16:13:45.948743] [Import] [info] (thread 9936) File loaded successfully
[16:13:45.948781] [Import] [info] (thread 9936) Meshes count: 1
[16:13:45.948816] [Import] [info] (thread 9936) Materials count: 1
[16:13:45.971706] [Import] [info] (thread 9936) Textures count (imported): 0
