[19:18:53.581388] [Import] [info] (thread 781916) Importing from /Users/oleg/Dropbox/Запросы файлов/MANU-Assets/prp_Gate/SM_Gate_Damaged_01.fbx
[19:18:53.585969] [Import] [info] (thread 781916) Imported scene tree:
name: "RootNode"

	name: "Gate_Damaged_01"
	
		name: "Main"
		numMeshes: 1
		 addr: "0x7fc0bbdf7200"
		 name: "Main"
		 numVertices: "140"
		 numFaces: "84"
		
		
		name: "Parts"
		
			name: "GateParts1"
			numMeshes: 1
			 addr: "0x7fc0bbdfba00"
			 name: "GateParts1"
			 numVertices: "24"
			 numFaces: "12"
			
			
			name: "GateParts2"
			numMeshes: 1
			 addr: "0x7fc0bbe37400"
			 name: "GateParts2"
			 numVertices: "28"
			 numFaces: "16"
			
			
			name: "GateParts3"
			numMeshes: 1
			 addr: "0x7fc05ec85e00"
			 name: "GateParts3"
			 numVertices: "116"
			 numFaces: "76"
			
			
			name: "GateParts4"
			numMeshes: 1
			 addr: "0x7fc05eb74a00"
			 name: "GateParts4"
			 numVertices: "133"
			 numFaces: "80"
			
			
			name: "GateParts5"
			numMeshes: 1
			 addr: "0x7fc05eb7ae00"
			 name: "GateParts5"
			 numVertices: "24"
			 numFaces: "12"
			
			
			name: "GateParts6"
			numMeshes: 1
			 addr: "0x7fc05eb7e400"
			 name: "GateParts6"
			 numVertices: "32"
			 numFaces: "20"
			
			
			name: "GateParts7"
			numMeshes: 1
			 addr: "0x7fc05eb81a00"
			 name: "GateParts7"
			 numVertices: "24"
			 numFaces: "12"
			
			
			name: "GateParts8"
			numMeshes: 1
			 addr: "0x7fc05eb84400"
			 name: "GateParts8"
			 numVertices: "104"
			 numFaces: "60"
			
			
			name: "GateParts9"
			numMeshes: 1
			 addr: "0x7fc05eca0c00"
			 name: "GateParts9"
			 numVertices: "104"
			 numFaces: "68"
			
			

[19:18:53.586004] [Import] [info] (thread 781916) File loaded successfully
[19:18:53.586023] [Import] [info] (thread 781916) Meshes count: 10
[19:18:53.586038] [Import] [info] (thread 781916) Materials count: 1
[19:18:53.586203] [Import] [warning] (thread 781916) Texture not found: /Users/oleg/Dropbox/Запросы файлов/MANU-Assets/prp_Gate/../../mLevel1/Level1/tex/TrimBlueMetal_01/TrimBLueMetal_02_D.png
[19:18:53.586271] [Import] [warning] (thread 781916) Texture not found: /Users/oleg/Dropbox/Запросы файлов/MANU-Assets/prp_Gate/../../mLevel1/Level1/tex/TrimBlueMetal_01/TrimBLueMetal_01_N.png
[19:18:53.586308] [Import] [info] (thread 781916) Textures count (imported): 0
