[11:55:02.182485] [Import] [info] (thread 19796) Importing from D:\Manu3d\ManuLevel_01\_Work\Lava\LavaHole_01.fbx
[11:55:02.183985] [Import] [info] (thread 19796) Imported scene tree:
name: "RootNode"

	name: "LavaHole"
	numMeshes: 1
	 addr: "000002578A8CBD60"
	 name: "LavaHole"
	 numVertices: "384"
	 numFaces: "252"
	
	

[11:55:02.184043] [Import] [info] (thread 19796) File loaded successfully
[11:55:02.184083] [Import] [info] (thread 19796) Meshes count: 1
[11:55:02.184121] [Import] [info] (thread 19796) Materials count: 1
[11:55:02.184324] [Import] [info] (thread 19796) Textures count (imported): 2
[11:56:50.665991] [Import] [info] (thread 19796) Importing from D:\Manu3d\ManuLevel_01\_Work\Lava\Lava_01.fbx
[11:56:50.668455] [Import] [info] (thread 19796) Imported scene tree:
name: "RootNode"

	name: "Lava"
	numMeshes: 1
	 addr: "000002578A8CB2C0"
	 name: "Lava"
	 numVertices: "932"
	 numFaces: "1302"
	
	

[11:56:50.668498] [Import] [info] (thread 19796) File loaded successfully
[11:56:50.668531] [Import] [info] (thread 19796) Meshes count: 1
[11:56:50.668565] [Import] [info] (thread 19796) Materials count: 1
[11:56:50.668735] [Import] [info] (thread 19796) Textures count (imported): 2
[12:56:17.491503] [Import] [info] (thread 19796) Importing from D:\Manu3d\ManuLevel_01\_Work\Lava\LavaHole_01.fbx
[12:56:17.493003] [Import] [info] (thread 19796) Imported scene tree:
name: "RootNode"

	name: "LavaHole"
	numMeshes: 1
	 addr: "000002578A8CB810"
	 name: "LavaHole"
	 numVertices: "382"
	 numFaces: "252"
	
	

[12:56:17.493049] [Import] [info] (thread 19796) File loaded successfully
[12:56:17.493087] [Import] [info] (thread 19796) Meshes count: 1
[12:56:17.493154] [Import] [info] (thread 19796) Materials count: 1
[13:39:20.766177] [Import] [info] (thread 19796) Importing from D:\Manu3d\ManuLevel_01\_Work\Lava\Lava_01.fbx
[13:39:20.768386] [Import] [info] (thread 19796) Imported scene tree:
name: "RootNode"

	name: "Lava"
	numMeshes: 1
	 addr: "000002578A8CCD50"
	 name: "Lava"
	 numVertices: "931"
	 numFaces: "1302"
	
	

[13:39:20.768438] [Import] [info] (thread 19796) File loaded successfully
[13:39:20.768471] [Import] [info] (thread 19796) Meshes count: 1
[13:39:20.768504] [Import] [info] (thread 19796) Materials count: 1
[13:40:38.131661] [Import] [info] (thread 19796) Importing from D:\Manu3d\ManuLevel_01\_Work\Lava\Lava_01.fbx
[13:40:38.134461] [Import] [info] (thread 19796) Imported scene tree:
name: "RootNode"

	name: "Lava_$AssimpFbx$_RotationPivot"
	
		name: "Lava_$AssimpFbx$_RotationPivotInverse"
		
			name: "Lava_$AssimpFbx$_ScalingOffset"
			
				name: "Lava_$AssimpFbx$_ScalingPivot"
				
					name: "Lava_$AssimpFbx$_Scaling"
					
						name: "Lava_$AssimpFbx$_ScalingPivotInverse"
						
							name: "Lava"
							numMeshes: 1
							 addr: "000002578A8D27A0"
							 name: "Lava"
							 numVertices: "1177"
							 numFaces: "1620"
							
							

[13:40:38.134516] [Import] [info] (thread 19796) File loaded successfully
[13:40:38.134581] [Import] [info] (thread 19796) Meshes count: 1
[13:40:38.134638] [Import] [info] (thread 19796) Materials count: 1
[13:41:26.878963] [Import] [info] (thread 19796) Importing from D:\Manu3d\ManuLevel_01\_Work\Lava\Lava_01.fbx
[13:41:26.881754] [Import] [info] (thread 19796) Imported scene tree:
name: "RootNode"

	name: "Lava_$AssimpFbx$_RotationPivot"
	
		name: "Lava_$AssimpFbx$_RotationPivotInverse"
		
			name: "Lava_$AssimpFbx$_ScalingOffset"
			
				name: "Lava_$AssimpFbx$_ScalingPivot"
				
					name: "Lava_$AssimpFbx$_Scaling"
					
						name: "Lava_$AssimpFbx$_ScalingPivotInverse"
						
							name: "Lava"
							numMeshes: 1
							 addr: "000002578A8CF7D0"
							 name: "Lava"
							 numVertices: "1186"
							 numFaces: "1620"
							
							

[13:41:26.881810] [Import] [info] (thread 19796) File loaded successfully
[13:41:26.881842] [Import] [info] (thread 19796) Meshes count: 1
[13:41:26.881874] [Import] [info] (thread 19796) Materials count: 1
[13:42:12.315327] [Import] [info] (thread 19796) Importing from D:\Manu3d\ManuLevel_01\_Work\Lava\Lava_01.fbx
[13:42:12.318173] [Import] [info] (thread 19796) Imported scene tree:
name: "RootNode"

	name: "Lava_$AssimpFbx$_RotationPivot"
	
		name: "Lava_$AssimpFbx$_RotationPivotInverse"
		
			name: "Lava_$AssimpFbx$_ScalingOffset"
			
				name: "Lava_$AssimpFbx$_ScalingPivot"
				
					name: "Lava_$AssimpFbx$_Scaling"
					
						name: "Lava_$AssimpFbx$_ScalingPivotInverse"
						
							name: "Lava"
							numMeshes: 1
							 addr: "000002578A8CF280"
							 name: "Lava"
							 numVertices: "1189"
							 numFaces: "1620"
							
							

[13:42:12.318236] [Import] [info] (thread 19796) File loaded successfully
[13:42:12.318273] [Import] [info] (thread 19796) Meshes count: 1
[13:42:12.318308] [Import] [info] (thread 19796) Materials count: 1
[13:51:29.308713] [Import] [info] (thread 19796) Importing from D:\Manu3d\ManuLevel_01\_Work\Water\Water_01.fbx
[13:51:29.331532] [Import] [info] (thread 19796) Imported scene tree:
name: "RootNode"

	name: "world_root"
	
		name: "null1"
		
			name: "bone1"
			
				name: "bone1_end_effector"
				
			name: "bone2"
			
				name: "bone2_end_effector"
				
			name: "bone3"
			
				name: "bone3_end_effector"
				
			name: "bone4"
			
				name: "bone4_end_effector"
				
			name: "bone5"
			
				name: "bone5_end_effector"
				
			name: "bone6"
			
				name: "bone6_end_effector"
				
			name: "bone7"
			
				name: "bone7_end_effector"
				
			name: "bone8"
			
				name: "bone8_end_effector"
				
			name: "bone9"
			
				name: "bone9_end_effector"
				
			name: "bone10"
			
				name: "bone10_end_effector"
				
			name: "bone11"
			
				name: "bone11_end_effector"
				
			name: "bone12"
			
				name: "bone12_end_effector"
				
			name: "bone13"
			
				name: "bone13_end_effector"
				
			name: "bone14"
			
				name: "bone14_end_effector"
				
			name: "bone15"
			
				name: "bone15_end_effector"
				
			name: "bone16"
			
				name: "bone16_end_effector"
				
			name: "bone17"
			
				name: "bone17_end_effector"
				
			name: "bone18"
			
				name: "bone18_end_effector"
				
			name: "bone19"
			
				name: "bone19_end_effector"
				
			name: "bone20"
			
				name: "bone20_end_effector"
				
		name: "geo1"
		numMeshes: 1
		 addr: "000002578A8CED30"
		 name: "geo1"
		 numVertices: "225"
		 numFaces: "392"
		
		

[13:51:29.331590] [Import] [info] (thread 19796) File loaded successfully
[13:51:29.331623] [Import] [info] (thread 19796) Meshes count: 1
[13:51:29.331654] [Import] [info] (thread 19796) Materials count: 1
[13:51:29.331726] [Import] [info] (thread 19796) Textures count (imported): 0
[16:21:49.260905] [Import] [info] (thread 19796) Importing from D:\Manu3d\ManuLevel_01\_Work\Optimization\SM_VerticalRocket_Frame.fbx
[16:21:49.264280] [Import] [info] (thread 19796) Imported scene tree:
name: "RootNode"

	name: "VerticalRocket_01_$AssimpFbx$_RotationPivot"
	
		name: "VerticalRocket_01_$AssimpFbx$_RotationPivotInverse"
		
			name: "VerticalRocket_01_$AssimpFbx$_ScalingOffset"
			
				name: "VerticalRocket_01_$AssimpFbx$_ScalingPivot"
				
					name: "VerticalRocket_01_$AssimpFbx$_Scaling"
					
						name: "VerticalRocket_01_$AssimpFbx$_ScalingPivotInverse"
						
							name: "VerticalRocket_01"
							numMeshes: 1
							 addr: "000002578A8C8840"
							 name: "VerticalRocket_01"
							 numVertices: "1347"
							 numFaces: "937"
							
							

[16:21:49.264334] [Import] [info] (thread 19796) File loaded successfully
[16:21:49.264370] [Import] [info] (thread 19796) Meshes count: 1
[16:21:49.264404] [Import] [info] (thread 19796) Materials count: 1
[16:27:34.347483] [Import] [info] (thread 19796) Importing from D:\Manu3d\ManuLevel_01\_Work\Optimization\SM_VerticalRocket_Frame.fbx
[16:27:34.350892] [Import] [info] (thread 19796) Imported scene tree:
name: "RootNode"

	name: "VerticalRocket_01_$AssimpFbx$_RotationPivot"
	
		name: "VerticalRocket_01_$AssimpFbx$_RotationPivotInverse"
		
			name: "VerticalRocket_01_$AssimpFbx$_ScalingOffset"
			
				name: "VerticalRocket_01_$AssimpFbx$_ScalingPivot"
				
					name: "VerticalRocket_01_$AssimpFbx$_Scaling"
					
						name: "VerticalRocket_01_$AssimpFbx$_ScalingPivotInverse"
						
							name: "VerticalRocket_01"
							numMeshes: 1
							 addr: "000002578A8C4330"
							 name: "VerticalRocket_01"
							 numVertices: "1355"
							 numFaces: "939"
							
							

[16:27:34.351050] [Import] [info] (thread 19796) File loaded successfully
[16:27:34.351088] [Import] [info] (thread 19796) Meshes count: 1
[16:27:34.351120] [Import] [info] (thread 19796) Materials count: 1
[16:34:55.574882] [Import] [info] (thread 19796) Importing from D:\Manu3d\ManuLevel_01\_Work\Optimization\SM_VerticalRocket_Frame.fbx
[16:34:55.577530] [Import] [info] (thread 19796) Imported scene tree:
name: "RootNode"

	name: "VerticalRocket_01"
	numMeshes: 1
	 addr: "000002578A8D07C0"
	 name: "VerticalRocket_01"
	 numVertices: "1479"
	 numFaces: "1019"
	
	

[16:34:55.577584] [Import] [info] (thread 19796) File loaded successfully
[16:34:55.577619] [Import] [info] (thread 19796) Meshes count: 1
[16:34:55.577652] [Import] [info] (thread 19796) Materials count: 1
[17:07:36.244537] [Import] [info] (thread 19796) Importing from D:\Manu3d\ManuLevel_01\_Work\prp_Plant\Plant_00.fbx
[17:07:36.246947] [Import] [info] (thread 19796) Imported scene tree:
name: "RootNode"

	name: "Plant_00_00"
	numMeshes: 1
	 addr: "000002578A8D1260"
	 name: "Plant_00_00"
	 numVertices: "1441"
	 numFaces: "1107"
	
	

[17:07:36.247000] [Import] [info] (thread 19796) File loaded successfully
[17:07:36.247036] [Import] [info] (thread 19796) Meshes count: 1
[17:07:36.247070] [Import] [info] (thread 19796) Materials count: 1
[17:21:57.730267] [Import] [info] (thread 19796) Importing from D:\Manu3d\ManuLevel_01\_Work\Optimization\SM_VerticalRocket_Tube.fbx
[17:21:57.731434] [Import] [info] (thread 19796) Imported scene tree:
name: "RootNode"

	name: "VerticalTube"
	numMeshes: 1
	 addr: "000002578A8CE290"
	 name: "VerticalTube"
	 numVertices: "184"
	 numFaces: "168"
	
	

[17:21:57.731476] [Import] [info] (thread 19796) File loaded successfully
[17:21:57.731508] [Import] [info] (thread 19796) Meshes count: 1
[17:21:57.731540] [Import] [info] (thread 19796) Materials count: 1
[17:21:57.731718] [Import] [info] (thread 19796) Textures count (imported): 2
[18:42:49.429191] [Import] [info] (thread 19796) Importing from D:\Manu3d\ManuLevel_01\_Work\prp_VerticalTube\VerticalTube_01.fbx
[18:42:49.442388] [Import] [info] (thread 19796) Imported scene tree:
name: "RootNode"

	name: "VerticalTube"
	numMeshes: 2
	 addr: "000002578A8C5320"
	 name: "VerticalTube"
	 numVertices: "24"
	 numFaces: "12"
	
	 addr: "000002578A8C3340"
	 name: "VerticalTube"
	 numVertices: "723"
	 numFaces: "443"
	
	

[18:42:49.442442] [Import] [info] (thread 19796) File loaded successfully
[18:42:49.442474] [Import] [info] (thread 19796) Meshes count: 2
[18:42:49.442506] [Import] [info] (thread 19796) Materials count: 2
[18:42:49.442592] [Import] [error] (thread 19796) Can't find mesh for replace.
[18:43:31.643169] [Import] [info] (thread 19796) Importing from D:\Manu3d\ManuLevel_01\_Work\prp_VerticalTube\VerticalTube_01.fbx
[18:43:31.645268] [Import] [info] (thread 19796) Imported scene tree:
name: "RootNode"

	name: "VerticalTube"
	numMeshes: 2
	 addr: "000002578A8CDD40"
	 name: "VerticalTube"
	 numVertices: "24"
	 numFaces: "12"
	
	 addr: "000002578A8D1D00"
	 name: "VerticalTube"
	 numVertices: "723"
	 numFaces: "443"
	
	

[18:43:31.645368] [Import] [info] (thread 19796) File loaded successfully
[18:43:31.645404] [Import] [info] (thread 19796) Meshes count: 2
[18:43:31.645435] [Import] [info] (thread 19796) Materials count: 2
[18:43:31.645527] [Import] [error] (thread 19796) Can't find mesh for replace.
[18:44:38.075947] [Import] [info] (thread 19796) Importing from D:\Manu3d\ManuLevel_01\_Work\Optimization\SM_VerticalRocket_Tube.fbx
[18:44:38.077758] [Import] [info] (thread 19796) Imported scene tree:
name: "RootNode"

	name: "VerticalTube"
	numMeshes: 2
	 addr: "000002578A8D2250"
	 name: "VerticalTube"
	 numVertices: "24"
	 numFaces: "12"
	
	 addr: "00000257BA9FEB50"
	 name: "VerticalTube"
	 numVertices: "527"
	 numFaces: "443"
	
	

[18:44:38.077807] [Import] [info] (thread 19796) File loaded successfully
[18:44:38.077839] [Import] [info] (thread 19796) Meshes count: 2
[18:44:38.077913] [Import] [info] (thread 19796) Materials count: 2
[18:44:38.078132] [Import] [error] (thread 19796) Can't find mesh for replace.
[18:45:24.074748] [Import] [info] (thread 19796) Importing from D:\Manu3d\ManuLevel_01\_Work\prp_VerticalTube\SM_VerticalRocket_Tube.fbx
[18:45:24.076605] [Import] [info] (thread 19796) Imported scene tree:
name: "RootNode"

	name: "VerticalTube"
	numMeshes: 2
	 addr: "00000257BA9FF0A0"
	 name: "VerticalTube"
	 numVertices: "24"
	 numFaces: "12"
	
	 addr: "0000025894EAB040"
	 name: "VerticalTube"
	 numVertices: "527"
	 numFaces: "443"
	
	

[18:45:24.076650] [Import] [info] (thread 19796) File loaded successfully
[18:45:24.076681] [Import] [info] (thread 19796) Meshes count: 2
[18:45:24.076712] [Import] [info] (thread 19796) Materials count: 2
[18:45:24.076795] [Import] [error] (thread 19796) Can't find mesh for replace.
[18:45:39.390884] [Import] [info] (thread 19796) Importing from D:\Manu3d\ManuLevel_01\_Work\prp_VerticalTube\SM_VerticalRocket_Tube.fbx
[18:45:39.392625] [Import] [info] (thread 19796) Imported scene tree:
name: "RootNode"

	name: "VerticalTube"
	numMeshes: 2
	 addr: "0000025894EAB590"
	 name: "VerticalTube"
	 numVertices: "24"
	 numFaces: "12"
	
	 addr: "0000025894EA95B0"
	 name: "VerticalTube"
	 numVertices: "527"
	 numFaces: "443"
	
	

[18:45:39.392693] [Import] [info] (thread 19796) File loaded successfully
[18:45:39.392724] [Import] [info] (thread 19796) Meshes count: 2
[18:45:39.392757] [Import] [info] (thread 19796) Materials count: 2
[18:45:39.392951] [Import] [info] (thread 19796) Textures count (imported): 2
[18:48:28.938521] [Import] [info] (thread 19796) Importing from D:\Manu3d\ManuLevel_01\_Work\prp_VerticalTube\SM_VerticalRocket_Tube.fbx
[18:48:28.940354] [Import] [info] (thread 19796) Imported scene tree:
name: "RootNode"

	name: "VerticalTube"
	numMeshes: 1
	 addr: "0000025894EAA5A0"
	 name: "VerticalTube"
	 numVertices: "551"
	 numFaces: "455"
	
	

[18:48:28.940408] [Import] [info] (thread 19796) File loaded successfully
[18:48:28.940445] [Import] [info] (thread 19796) Meshes count: 1
[18:48:28.940479] [Import] [info] (thread 19796) Materials count: 1
[18:48:28.940663] [Import] [info] (thread 19796) Textures count (imported): 2
[18:50:23.789596] [Import] [info] (thread 19796) Importing from D:\Manu3d\ManuLevel_01\_Work\prp_VerticalTube\SM_VerticalRocket_Tube.fbx
[18:50:23.791355] [Import] [info] (thread 19796) Imported scene tree:
name: "RootNode"

	name: "VerticalTube"
	numMeshes: 1
	 addr: "0000025894EAE560"
	 name: "VerticalTube"
	 numVertices: "551"
	 numFaces: "455"
	
	

[18:50:23.791407] [Import] [info] (thread 19796) File loaded successfully
[18:50:23.791440] [Import] [info] (thread 19796) Meshes count: 1
[18:50:23.791473] [Import] [info] (thread 19796) Materials count: 1
[18:51:43.715718] [Import] [info] (thread 19796) Importing from D:\Manu3d\ManuLevel_01\_Work\prp_VerticalTube\SM_VerticalRocket_Tube.fbx
[18:51:43.717565] [Import] [info] (thread 19796) Imported scene tree:
name: "RootNode"

	name: "VerticalTube"
	numMeshes: 1
	 addr: "0000025894EA7080"
	 name: "VerticalTube"
	 numVertices: "555"
	 numFaces: "455"
	
	

[18:51:43.717617] [Import] [info] (thread 19796) File loaded successfully
[18:51:43.717652] [Import] [info] (thread 19796) Meshes count: 1
[18:51:43.717684] [Import] [info] (thread 19796) Materials count: 1
[18:53:29.577793] [Import] [info] (thread 19796) Importing from D:\Manu3d\ManuLevel_01\_Work\prp_VerticalTube\SM_VerticalRocket_Tube.fbx
[18:53:29.579433] [Import] [info] (thread 19796) Imported scene tree:
name: "RootNode"

	name: "VerticalTube"
	numMeshes: 1
	 addr: "0000025894EAF550"
	 name: "VerticalTube"
	 numVertices: "555"
	 numFaces: "455"
	
	

[18:53:29.579481] [Import] [info] (thread 19796) File loaded successfully
[18:53:29.579515] [Import] [info] (thread 19796) Meshes count: 1
[18:53:29.579548] [Import] [info] (thread 19796) Materials count: 1
[20:12:00.643175] [Import] [info] (thread 19796) Importing from D:\Manu3d\ManuLevel_01\_Work\prp_Plant\Plant_00.fbx
[20:12:00.647089] [Import] [info] (thread 19796) Imported scene tree:
name: "RootNode"

	name: "Plant_00_00_$AssimpFbx$_RotationPivot"
	
		name: "Plant_00_00_$AssimpFbx$_RotationPivotInverse"
		
			name: "Plant_00_00_$AssimpFbx$_ScalingPivot"
			
				name: "Plant_00_00_$AssimpFbx$_ScalingPivotInverse"
				
					name: "Plant_00_00"
					numMeshes: 1
					 addr: "0000025894EB2520"
					 name: "Plant_00_00"
					 numVertices: "2875"
					 numFaces: "2051"
					
					

[20:12:00.647148] [Import] [info] (thread 19796) File loaded successfully
[20:12:00.647184] [Import] [info] (thread 19796) Meshes count: 1
[20:12:00.647218] [Import] [info] (thread 19796) Materials count: 1
