[14:03:49.185390] [Import] [info] (thread 3848) Importing from D:\Dropbox\Dropbox\MANU-Assets\FlyBot\FlyBot_01.fbx
[14:03:49.191188] [Import] [info] (thread 3848) Imported scene tree:
name: "RootNode"

	name: "FlyBot"
	
		name: "FlyBot_body_$AssimpFbx$_RotationPivot"
		
			name: "FlyBot_body_$AssimpFbx$_RotationPivotInverse"
			
				name: "FlyBot_body_$AssimpFbx$_ScalingPivot"
				
					name: "FlyBot_body_$AssimpFbx$_ScalingPivotInverse"
					
						name: "FlyBot_body"
						numMeshes: 1
						 addr: "000002543A7C4D30"
						 name: "FlyBot_body"
						 numVertices: "1172"
						 numFaces: "1918"
						
						
		name: "Antenna_01"
		numMeshes: 1
		 addr: "000002543A7C5280"
		 name: "Antenna_01"
		 numVertices: "20"
		 numFaces: "10"
		
		
		name: "FanProtector_L"
		numMeshes: 1
		 addr: "000002543A7C6270"
		 name: "FanProtector_L"
		 numVertices: "172"
		 numFaces: "248"
		
		
		name: "FanProtector_R"
		numMeshes: 1
		 addr: "000002543A7C67C0"
		 name: "FanProtector_R"
		 numVertices: "173"
		 numFaces: "248"
		
		
		name: "Propeller"
		numMeshes: 1
		 addr: "000002543A7C6D10"
		 name: "Propeller"
		 numVertices: "136"
		 numFaces: "68"
		
		
		name: "Antenna_02"
		numMeshes: 1
		 addr: "000002543A7C7260"
		 name: "Antenna_02"
		 numVertices: "20"
		 numFaces: "10"
		
		
		name: "Antenna_03"
		numMeshes: 1
		 addr: "000002543A7C77B0"
		 name: "Antenna_03"
		 numVertices: "20"
		 numFaces: "10"
		
		
		name: "Antenna_04"
		numMeshes: 1
		 addr: "000002546A977E30"
		 name: "Antenna_04"
		 numVertices: "20"
		 numFaces: "10"
		
		

[14:03:49.191549] [Import] [info] (thread 3848) File loaded successfully
[14:03:49.191588] [Import] [info] (thread 3848) Meshes count: 8
[14:03:49.191622] [Import] [info] (thread 3848) Materials count: 1
[14:03:49.191763] [Import] [info] (thread 3848) Textures count (imported): 0
[14:04:57.361748] [Import] [info] (thread 3848) Importing from D:\Dropbox\Dropbox\MANU-Assets\FlyBot\FlyBot_01.fbx
[14:04:57.367277] [Import] [info] (thread 3848) Imported scene tree:
name: "RootNode"

	name: "FlyBot"
	
		name: "FlyBot_body_$AssimpFbx$_Translation"
		
			name: "FlyBot_body_$AssimpFbx$_RotationPivot"
			
				name: "FlyBot_body_$AssimpFbx$_RotationPivotInverse"
				
					name: "FlyBot_body_$AssimpFbx$_ScalingPivot"
					
						name: "FlyBot_body_$AssimpFbx$_ScalingPivotInverse"
						
							name: "FlyBot_body"
							numMeshes: 1
							 addr: "000002543A7C4290"
							 name: "FlyBot_body"
							 numVertices: "1172"
							 numFaces: "1918"
							
							
		name: "Antenna_01"
		numMeshes: 1
		 addr: "00000254BE028060"
		 name: "Antenna_01"
		 numVertices: "20"
		 numFaces: "10"
		
		
		name: "FanProtector_L"
		numMeshes: 1
		 addr: "00000254BE02A590"
		 name: "FanProtector_L"
		 numVertices: "172"
		 numFaces: "248"
		
		
		name: "FanProtector_R"
		numMeshes: 1
		 addr: "00000254BE02A040"
		 name: "FanProtector_R"
		 numVertices: "173"
		 numFaces: "248"
		
		
		name: "Propeller"
		numMeshes: 1
		 addr: "00000254BE029050"
		 name: "Propeller"
		 numVertices: "136"
		 numFaces: "68"
		
		
		name: "Antenna_02"
		numMeshes: 1
		 addr: "00000254BE02BAD0"
		 name: "Antenna_02"
		 numVertices: "20"
		 numFaces: "10"
		
		
		name: "Antenna_03"
		numMeshes: 1
		 addr: "00000254BE02C570"
		 name: "Antenna_03"
		 numVertices: "20"
		 numFaces: "10"
		
		
		name: "Antenna_04"
		numMeshes: 1
		 addr: "00000254BE02C020"
		 name: "Antenna_04"
		 numVertices: "20"
		 numFaces: "10"
		
		

[14:04:57.367381] [Import] [info] (thread 3848) File loaded successfully
[14:04:57.367419] [Import] [info] (thread 3848) Meshes count: 8
[14:04:57.367454] [Import] [info] (thread 3848) Materials count: 1
[14:04:57.367536] [Import] [info] (thread 3848) Textures count (imported): 0
[14:05:37.318328] [Import] [info] (thread 3848) Importing from D:\Dropbox\Dropbox\MANU-Assets\FlyBot\FlyBot_01.fbx
[14:05:37.323012] [Import] [info] (thread 3848) Imported scene tree:
name: "RootNode"

	name: "FlyBot"
	
		name: "FlyBot_body_$AssimpFbx$_RotationPivot"
		
			name: "FlyBot_body_$AssimpFbx$_RotationPivotInverse"
			
				name: "FlyBot_body_$AssimpFbx$_ScalingPivot"
				
					name: "FlyBot_body_$AssimpFbx$_ScalingPivotInverse"
					
						name: "FlyBot_body"
						numMeshes: 1
						 addr: "00000254BE02B030"
						 name: "FlyBot_body"
						 numVertices: "1172"
						 numFaces: "1918"
						
						
		name: "Antenna_01"
		numMeshes: 1
		 addr: "00000254BE02CAC0"
		 name: "Antenna_01"
		 numVertices: "20"
		 numFaces: "10"
		
		
		name: "FanProtector_L"
		numMeshes: 1
		 addr: "00000254BE0285B0"
		 name: "FanProtector_L"
		 numVertices: "172"
		 numFaces: "248"
		
		
		name: "FanProtector_R"
		numMeshes: 1
		 addr: "00000254BE02B580"
		 name: "FanProtector_R"
		 numVertices: "173"
		 numFaces: "248"
		
		
		name: "Propeller"
		numMeshes: 1
		 addr: "00000254BE02D010"
		 name: "Propeller"
		 numVertices: "136"
		 numFaces: "68"
		
		
		name: "Antenna_02"
		numMeshes: 1
		 addr: "00000254BE02EFF0"
		 name: "Antenna_02"
		 numVertices: "20"
		 numFaces: "10"
		
		
		name: "Antenna_03"
		numMeshes: 1
		 addr: "00000254BE030530"
		 name: "Antenna_03"
		 numVertices: "20"
		 numFaces: "10"
		
		
		name: "Antenna_04"
		numMeshes: 1
		 addr: "00000254BE028B00"
		 name: "Antenna_04"
		 numVertices: "20"
		 numFaces: "10"
		
		

[14:05:37.323108] [Import] [info] (thread 3848) File loaded successfully
[14:05:37.323144] [Import] [info] (thread 3848) Meshes count: 8
[14:05:37.323177] [Import] [info] (thread 3848) Materials count: 1
[14:05:37.323258] [Import] [info] (thread 3848) Textures count (imported): 0
[14:07:01.813987] [Import] [info] (thread 3848) Importing from D:\Dropbox\Dropbox\MANU-Assets\FlyBot\FlyBot_01.fbx
[14:07:01.818461] [Import] [info] (thread 3848) Imported scene tree:
name: "RootNode"

	name: "FlyBot"
	
		name: "FlyBot_body"
		numMeshes: 1
		 addr: "00000254BE02FA90"
		 name: "FlyBot_body"
		 numVertices: "1172"
		 numFaces: "1918"
		
		
		name: "Antenna_01"
		numMeshes: 1
		 addr: "00000254BE030FD0"
		 name: "Antenna_01"
		 numVertices: "20"
		 numFaces: "10"
		
		
		name: "FanProtector_L"
		numMeshes: 1
		 addr: "00000254BE030A80"
		 name: "FanProtector_L"
		 numVertices: "172"
		 numFaces: "248"
		
		
		name: "FanProtector_R"
		numMeshes: 1
		 addr: "00000254BE02F540"
		 name: "FanProtector_R"
		 numVertices: "173"
		 numFaces: "248"
		
		
		name: "Propeller"
		numMeshes: 1
		 addr: "00000254BE031520"
		 name: "Propeller"
		 numVertices: "136"
		 numFaces: "68"
		
		
		name: "Antenna_02"
		numMeshes: 1
		 addr: "00000254BE02AAE0"
		 name: "Antenna_02"
		 numVertices: "20"
		 numFaces: "10"
		
		
		name: "Antenna_03"
		numMeshes: 1
		 addr: "00000254BE029AF0"
		 name: "Antenna_03"
		 numVertices: "20"
		 numFaces: "10"
		
		
		name: "Antenna_04"
		numMeshes: 1
		 addr: "00000254BE036F70"
		 name: "Antenna_04"
		 numVertices: "20"
		 numFaces: "10"
		
		

[14:07:01.818522] [Import] [info] (thread 3848) File loaded successfully
[14:07:01.818559] [Import] [info] (thread 3848) Meshes count: 8
[14:07:01.818595] [Import] [info] (thread 3848) Materials count: 1
[14:07:01.818677] [Import] [info] (thread 3848) Textures count (imported): 0
[14:16:13.597016] [Import] [info] (thread 3848) Importing from D:\Manu3d\ManuLevel_01\_Work\prp_Tube\SM_Tube_01.fbx
[14:16:13.598608] [Import] [info] (thread 3848) Imported scene tree:
name: "RootNode"

	name: "Tube_01"
	numMeshes: 1
	 addr: "00000254BE032FB0"
	 name: "Tube_01"
	 numVertices: "451"
	 numFaces: "476"
	
	

[14:16:13.598661] [Import] [info] (thread 3848) File loaded successfully
[14:16:13.598697] [Import] [info] (thread 3848) Meshes count: 1
[14:16:13.598733] [Import] [info] (thread 3848) Materials count: 1
[14:16:13.598822] [Import] [info] (thread 3848) Textures count (imported): 0
[14:17:59.439636] [Import] [info] (thread 3848) Importing from D:\Manu3d\ManuLevel_01\_Work\prp_Tube\SM_Tube_01.fbx
[14:17:59.441069] [Import] [info] (thread 3848) Imported scene tree:
name: "RootNode"

	name: "Tube_01"
	numMeshes: 1
	 addr: "00000254BE031FC0"
	 name: "Tube_01"
	 numVertices: "451"
	 numFaces: "476"
	
	

[14:17:59.441114] [Import] [info] (thread 3848) File loaded successfully
[14:17:59.441147] [Import] [info] (thread 3848) Meshes count: 1
[14:17:59.441220] [Import] [info] (thread 3848) Materials count: 1
[14:17:59.441301] [Import] [info] (thread 3848) Textures count (imported): 0
[14:40:18.880518] [Import] [info] (thread 3848) Importing from D:\Manu3d\ManuLevel_01\_Work\prp_Tube\SM_Tube_02.fbx
[14:40:18.882341] [Import] [info] (thread 3848) Imported scene tree:
name: "RootNode"

	name: "Tube_02"
	numMeshes: 1
	 addr: "00000254BE033FA0"
	 name: "Tube_02"
	 numVertices: "572"
	 numFaces: "720"
	
	

[14:40:18.882421] [Import] [info] (thread 3848) File loaded successfully
[14:40:18.882470] [Import] [info] (thread 3848) Meshes count: 1
[14:40:18.882507] [Import] [info] (thread 3848) Materials count: 1
[14:40:18.882590] [Import] [info] (thread 3848) Textures count (imported): 0
[15:15:08.491350] [Import] [info] (thread 3848) Importing from D:\Manu3d\ManuLevel_01\_Work\Optimization\SM_BG_Plant_01.fbx
[15:15:08.492745] [Import] [info] (thread 3848) Imported scene tree:
name: "RootNode"

	name: "Plant_Wall"
	numMeshes: 1
	 addr: "000002543A7C32A0"
	 name: "Plant_Wall"
	 numVertices: "325"
	 numFaces: "170"
	
	

[15:15:08.492790] [Import] [info] (thread 3848) File loaded successfully
[15:15:08.492822] [Import] [info] (thread 3848) Meshes count: 1
[15:15:08.492853] [Import] [info] (thread 3848) Materials count: 1
[15:17:17.760393] [Import] [info] (thread 3848) Importing from D:\Manu3d\ManuLevel_01\_Work\Optimization\SM_BG_Plant_01.fbx
[15:17:17.775111] [Import] [info] (thread 3848) Imported scene tree:
name: "RootNode"

	name: "Plant_Wall"
	numMeshes: 1
	 addr: "000002543A7BC860"
	 name: "Plant_Wall"
	 numVertices: "328"
	 numFaces: "170"
	
	

[15:17:17.775166] [Import] [info] (thread 3848) File loaded successfully
[15:17:17.775238] [Import] [info] (thread 3848) Meshes count: 1
[15:17:17.775278] [Import] [info] (thread 3848) Materials count: 1
[15:22:18.010831] [Import] [info] (thread 3848) Importing from D:\Manu3d\ManuLevel_01\_Work\Optimization\SM_BG_Plant_01.fbx
[15:22:18.012410] [Import] [info] (thread 3848) Imported scene tree:
name: "RootNode"

	name: "Plant_Wall"
	numMeshes: 1
	 addr: "000002543A7C22B0"
	 name: "Plant_Wall"
	 numVertices: "400"
	 numFaces: "224"
	
	

[15:22:18.012456] [Import] [info] (thread 3848) File loaded successfully
[15:22:18.012489] [Import] [info] (thread 3848) Meshes count: 1
[15:22:18.012522] [Import] [info] (thread 3848) Materials count: 1
[15:57:50.572387] [Import] [info] (thread 3848) Importing from D:\Manu3d\ManuLevel_01\_Work\prp_MeshHole_Black_01\SM_MeshHole_Black_01.fbx
[15:57:50.573923] [Import] [info] (thread 3848) Imported scene tree:
name: "RootNode"

	name: "MeshHole_Black_01"
	numMeshes: 1
	 addr: "000002552D9A49D0"
	 name: "MeshHole_Black_01"
	 numVertices: "378"
	 numFaces: "252"
	
	

[15:57:50.573970] [Import] [info] (thread 3848) File loaded successfully
[15:57:50.574000] [Import] [info] (thread 3848) Meshes count: 1
[15:57:50.574030] [Import] [info] (thread 3848) Materials count: 1
[15:57:50.574208] [Import] [info] (thread 3848) Textures count (imported): 2
[15:58:43.947385] [Import] [info] (thread 3848) Importing from D:\Manu3d\ManuLevel_01\_Work\prp_MeshHole_Black_01\SM_MeshHole_Black_01.fbx
[15:58:43.948771] [Import] [info] (thread 3848) Imported scene tree:
name: "RootNode"

	name: "MeshHole_Black_01"
	numMeshes: 1
	 addr: "000002552D9A3490"
	 name: "MeshHole_Black_01"
	 numVertices: "380"
	 numFaces: "252"
	
	

[15:58:43.948819] [Import] [info] (thread 3848) File loaded successfully
[15:58:43.948864] [Import] [info] (thread 3848) Meshes count: 1
[15:58:43.948917] [Import] [info] (thread 3848) Materials count: 1
[16:01:46.683054] [Import] [info] (thread 3848) Importing from D:\Manu3d\ManuLevel_01\_Work\prp_MeshHole_Black_01\SM_MeshHole_Black_01.fbx
[16:01:46.684447] [Import] [info] (thread 3848) Imported scene tree:
name: "RootNode"

	name: "MeshHole_Black_01"
	numMeshes: 1
	 addr: "000002552D9A6460"
	 name: "MeshHole_Black_01"
	 numVertices: "374"
	 numFaces: "246"
	
	

[16:01:46.684492] [Import] [info] (thread 3848) File loaded successfully
[16:01:46.684528] [Import] [info] (thread 3848) Meshes count: 1
[16:01:46.684561] [Import] [info] (thread 3848) Materials count: 1
[16:02:20.816955] [Import] [info] (thread 3848) Importing from D:\Manu3d\ManuLevel_01\_Work\prp_MeshHole_Black_01\SM_MeshHole_Black_01.fbx
[16:02:20.818318] [Import] [info] (thread 3848) Imported scene tree:
name: "RootNode"

	name: "MeshHole_Black_01"
	numMeshes: 1
	 addr: "000002552D9A14B0"
	 name: "MeshHole_Black_01"
	 numVertices: "374"
	 numFaces: "246"
	
	

[16:02:20.818364] [Import] [info] (thread 3848) File loaded successfully
[16:02:20.818397] [Import] [info] (thread 3848) Meshes count: 1
[16:02:20.818429] [Import] [info] (thread 3848) Materials count: 1
[16:45:55.749328] [Import] [info] (thread 3848) Importing from D:\Manu3d\ManuLevel_01\_Work\prp_Pyramid\Pyramid_01.fbx
[16:45:55.759345] [Import] [info] (thread 3848) Imported scene tree:
name: "RootNode"

	name: "Pyramid"
	numMeshes: 2
	 addr: "000002552D9A69B0"
	 name: "Pyramid"
	 numVertices: "3318"
	 numFaces: "2393"
	
	 addr: "000002552D9A1F50"
	 name: "Pyramid"
	 numVertices: "1271"
	 numFaces: "1136"
	
	

[16:45:55.759403] [Import] [info] (thread 3848) File loaded successfully
[16:45:55.759435] [Import] [info] (thread 3848) Meshes count: 2
[16:45:55.759467] [Import] [info] (thread 3848) Materials count: 2
[16:45:55.759623] [Import] [info] (thread 3848) Textures count (imported): 0
[19:24:28.978280] [Import] [info] (thread 3848) Importing from D:\Manu3d\ManuLevel_01\_Work\prp_Pyramid\Pyramid_01.fbx
[19:24:28.988130] [Import] [info] (thread 3848) Imported scene tree:
name: "RootNode"

	name: "Pyramid"
	numMeshes: 2
	 addr: "000002552D9A4F20"
	 name: "Pyramid"
	 numVertices: "3318"
	 numFaces: "2393"
	
	 addr: "000002552D9A7EF0"
	 name: "Pyramid"
	 numVertices: "1271"
	 numFaces: "1136"
	
	

[19:24:28.988184] [Import] [info] (thread 3848) File loaded successfully
[19:24:28.988218] [Import] [info] (thread 3848) Meshes count: 2
[19:24:28.988251] [Import] [info] (thread 3848) Materials count: 2
[19:24:28.988367] [Import] [info] (thread 3848) Textures count (imported): 0
[19:25:05.144050] [Import] [info] (thread 3848) Importing from D:\Manu3d\ManuLevel_01\_Work\prp_Pyramid_BG\SM_Piramid_BG_01.fbx
[19:25:05.148687] [Import] [info] (thread 3848) Imported scene tree:
name: "RootNode"

	name: "SM_Piramyd_BG_01"
	numMeshes: 1
	 addr: "000002552D9A8440"
	 name: "SM_Piramyd_BG_01"
	 numVertices: "2089"
	 numFaces: "2416"
	
	

[19:25:05.148739] [Import] [info] (thread 3848) File loaded successfully
[19:25:05.148769] [Import] [info] (thread 3848) Meshes count: 1
[19:25:05.148799] [Import] [info] (thread 3848) Materials count: 1
[19:25:05.148969] [Import] [info] (thread 3848) Textures count (imported): 2
