[15:01:02.884480] [Import] [info] (thread 397792) Importing from /Users/oleg/Downloads/Climbing A Rope 2.dae
[15:01:02.938931] [Import] [info] (thread 397792) Imported scene tree:
name: "RootNode"

	name: "world_root"
	
		name: "ManuBoy"
		
			name: "Eye_L"
			numMeshes: 1
			 addr: "0x7f998b988400"
			 name: "Eye_LMesh"
			 numVertices: "103"
			 numFaces: "144"
			
			
			name: "m_ManuBoy"
			numMeshes: 1
			 addr: "0x7f99bb67c000"
			 name: "m_ManuBoyMesh"
			 numVertices: "10984"
			 numFaces: "17306"
			
			
			name: "m_ManuBoy1"
			numMeshes: 1
			 addr: "0x7f998b9a1c00"
			 name: "m_ManuBoy1Mesh"
			 numVertices: "104"
			 numFaces: "144"
			
			
		name: "mixamorig_Hips"
		
			name: "mixamorig_Spine"
			
				name: "mixamorig_Spine1"
				
					name: "mixamorig_Spine2"
					
						name: "mixamorig_Neck"
						
							name: "mixamorig_Head"
							
								name: "mixamorig_HeadTop_End"
								
						name: "mixamorig_LeftShoulder"
						
							name: "mixamorig_LeftArm"
							
								name: "mixamorig_LeftForeArm"
								
									name: "mixamorig_LeftHand"
									
										name: "mixamorig_LeftHandThumb1"
										
											name: "mixamorig_LeftHandThumb2"
											
												name: "mixamorig_LeftHandThumb3"
												
													name: "mixamorig_LeftHandThumb4"
													
										name: "mixamorig_LeftHandIndex1"
										
											name: "mixamorig_LeftHandIndex2"
											
												name: "mixamorig_LeftHandIndex3"
												
													name: "mixamorig_LeftHandIndex4"
													
										name: "mixamorig_LeftHandMiddle1"
										
											name: "mixamorig_LeftHandMiddle2"
											
												name: "mixamorig_LeftHandMiddle3"
												
													name: "mixamorig_LeftHandMiddle4"
													
										name: "mixamorig_LeftHandRing1"
										
											name: "mixamorig_LeftHandRing2"
											
												name: "mixamorig_LeftHandRing3"
												
													name: "mixamorig_LeftHandRing4"
													
										name: "mixamorig_LeftHandPinky1"
										
											name: "mixamorig_LeftHandPinky2"
											
												name: "mixamorig_LeftHandPinky3"
												
													name: "mixamorig_LeftHandPinky4"
													
						name: "mixamorig_RightShoulder"
						
							name: "mixamorig_RightArm"
							
								name: "mixamorig_RightForeArm"
								
									name: "mixamorig_RightHand"
									
										name: "mixamorig_RightHandThumb1"
										
											name: "mixamorig_RightHandThumb2"
											
												name: "mixamorig_RightHandThumb3"
												
													name: "mixamorig_RightHandThumb4"
													
										name: "mixamorig_RightHandIndex1"
										
											name: "mixamorig_RightHandIndex2"
											
												name: "mixamorig_RightHandIndex3"
												
													name: "mixamorig_RightHandIndex4"
													
										name: "mixamorig_RightHandMiddle1"
										
											name: "mixamorig_RightHandMiddle2"
											
												name: "mixamorig_RightHandMiddle3"
												
													name: "mixamorig_RightHandMiddle4"
													
										name: "mixamorig_RightHandRing1"
										
											name: "mixamorig_RightHandRing2"
											
												name: "mixamorig_RightHandRing3"
												
													name: "mixamorig_RightHandRing4"
													
										name: "mixamorig_RightHandPinky1"
										
											name: "mixamorig_RightHandPinky2"
											
												name: "mixamorig_RightHandPinky3"
												
													name: "mixamorig_RightHandPinky4"
													
			name: "mixamorig_LeftUpLeg"
			
				name: "mixamorig_LeftLeg"
				
					name: "mixamorig_LeftFoot"
					
						name: "mixamorig_LeftToeBase"
						
							name: "mixamorig_LeftToe_End"
							
			name: "mixamorig_RightUpLeg"
			
				name: "mixamorig_RightLeg"
				
					name: "mixamorig_RightFoot"
					
						name: "mixamorig_RightToeBase"
						
							name: "mixamorig_RightToe_End"
							

[15:01:02.938986] [Import] [info] (thread 397792) File loaded successfully
[15:01:02.939001] [Import] [info] (thread 397792) Meshes count: 3
[15:01:02.939028] [Import] [info] (thread 397792) Materials count: 3
[15:01:02.939514] [Import] [error] (thread 397792) Cannot find node: world_root
[15:01:02.939533] [Import] [error] (thread 397792) Cannot find node: ManuBoy
[15:01:02.939545] [Import] [error] (thread 397792) Cannot find node: mixamorig_Hips
[15:01:02.939557] [Import] [error] (thread 397792) Cannot find node: mixamorig_Spine
[15:01:02.939569] [Import] [error] (thread 397792) Cannot find node: mixamorig_Spine1
[15:01:02.939581] [Import] [error] (thread 397792) Cannot find node: mixamorig_Spine2
[15:01:02.939592] [Import] [error] (thread 397792) Cannot find node: mixamorig_Neck
[15:01:02.939603] [Import] [error] (thread 397792) Cannot find node: mixamorig_Head
[15:01:02.939614] [Import] [error] (thread 397792) Cannot find node: mixamorig_LeftShoulder
[15:01:02.939626] [Import] [error] (thread 397792) Cannot find node: mixamorig_LeftArm
[15:01:02.939637] [Import] [error] (thread 397792) Cannot find node: mixamorig_LeftForeArm
[15:01:02.939648] [Import] [error] (thread 397792) Cannot find node: mixamorig_LeftHand
[15:01:02.939660] [Import] [error] (thread 397792) Cannot find node: mixamorig_LeftHandThumb1
[15:01:02.939672] [Import] [error] (thread 397792) Cannot find node: mixamorig_LeftHandThumb2
[15:01:02.939684] [Import] [error] (thread 397792) Cannot find node: mixamorig_LeftHandThumb3
[15:01:02.939695] [Import] [error] (thread 397792) Cannot find node: mixamorig_LeftHandIndex1
[15:01:02.939707] [Import] [error] (thread 397792) Cannot find node: mixamorig_LeftHandIndex2
[15:01:02.939718] [Import] [error] (thread 397792) Cannot find node: mixamorig_LeftHandIndex3
[15:01:02.939729] [Import] [error] (thread 397792) Cannot find node: mixamorig_LeftHandMiddle1
[15:01:02.939741] [Import] [error] (thread 397792) Cannot find node: mixamorig_LeftHandMiddle2
[15:01:02.939752] [Import] [error] (thread 397792) Cannot find node: mixamorig_LeftHandMiddle3
[15:01:02.939763] [Import] [error] (thread 397792) Cannot find node: mixamorig_LeftHandRing1
[15:01:02.939774] [Import] [error] (thread 397792) Cannot find node: mixamorig_LeftHandRing2
[15:01:02.939786] [Import] [error] (thread 397792) Cannot find node: mixamorig_LeftHandRing3
[15:01:02.939797] [Import] [error] (thread 397792) Cannot find node: mixamorig_LeftHandPinky1
[15:01:02.939808] [Import] [error] (thread 397792) Cannot find node: mixamorig_LeftHandPinky2
[15:01:02.939819] [Import] [error] (thread 397792) Cannot find node: mixamorig_LeftHandPinky3
[15:01:02.939831] [Import] [error] (thread 397792) Cannot find node: mixamorig_RightShoulder
[15:01:02.939843] [Import] [error] (thread 397792) Cannot find node: mixamorig_RightArm
[15:01:02.939854] [Import] [error] (thread 397792) Cannot find node: mixamorig_RightForeArm
[15:01:02.939865] [Import] [error] (thread 397792) Cannot find node: mixamorig_RightHand
[15:01:02.939877] [Import] [error] (thread 397792) Cannot find node: mixamorig_RightHandThumb1
[15:01:02.939888] [Import] [error] (thread 397792) Cannot find node: mixamorig_RightHandThumb2
[15:01:02.939900] [Import] [error] (thread 397792) Cannot find node: mixamorig_RightHandThumb3
[15:01:02.939911] [Import] [error] (thread 397792) Cannot find node: mixamorig_RightHandIndex1
[15:01:02.939923] [Import] [error] (thread 397792) Cannot find node: mixamorig_RightHandIndex2
[15:01:02.939934] [Import] [error] (thread 397792) Cannot find node: mixamorig_RightHandIndex3
[15:01:02.939947] [Import] [error] (thread 397792) Cannot find node: mixamorig_RightHandMiddle1
[15:01:02.939959] [Import] [error] (thread 397792) Cannot find node: mixamorig_RightHandMiddle2
[15:01:02.939970] [Import] [error] (thread 397792) Cannot find node: mixamorig_RightHandMiddle3
[15:01:02.939982] [Import] [error] (thread 397792) Cannot find node: mixamorig_RightHandRing1
[15:01:02.939993] [Import] [error] (thread 397792) Cannot find node: mixamorig_RightHandRing2
[15:01:02.940005] [Import] [error] (thread 397792) Cannot find node: mixamorig_RightHandRing3
[15:01:02.940016] [Import] [error] (thread 397792) Cannot find node: mixamorig_RightHandPinky1
[15:01:02.940040] [Import] [error] (thread 397792) Cannot find node: mixamorig_RightHandPinky2
[15:01:02.940052] [Import] [error] (thread 397792) Cannot find node: mixamorig_RightHandPinky3
[15:01:02.940070] [Import] [error] (thread 397792) Cannot find node: mixamorig_LeftUpLeg
[15:01:02.940082] [Import] [error] (thread 397792) Cannot find node: mixamorig_LeftLeg
[15:01:02.940094] [Import] [error] (thread 397792) Cannot find node: mixamorig_LeftFoot
[15:01:02.940105] [Import] [error] (thread 397792) Cannot find node: mixamorig_LeftToeBase
[15:01:02.940117] [Import] [error] (thread 397792) Cannot find node: mixamorig_RightUpLeg
[15:01:02.940128] [Import] [error] (thread 397792) Cannot find node: mixamorig_RightLeg
[15:01:02.940139] [Import] [error] (thread 397792) Cannot find node: mixamorig_RightFoot
[15:01:02.940151] [Import] [error] (thread 397792) Cannot find node: mixamorig_RightToeBase
[15:01:02.940162] [Import] [error] (thread 397792) File's animations are incompatible with the selected MANU's node
[15:01:12.816828] [Import] [info] (thread 397792) Importing from /Users/oleg/Downloads/Climbing A Rope 2.dae
[15:01:12.875139] [Import] [info] (thread 397792) Imported scene tree:
name: "RootNode"

	name: "world_root"
	
		name: "ManuBoy"
		
			name: "Eye_L"
			numMeshes: 1
			 addr: "0x7f998ba25c00"
			 name: "Eye_LMesh"
			 numVertices: "103"
			 numFaces: "144"
			
			
			name: "m_ManuBoy"
			numMeshes: 1
			 addr: "0x7f99bb678800"
			 name: "m_ManuBoyMesh"
			 numVertices: "10984"
			 numFaces: "17306"
			
			
			name: "m_ManuBoy1"
			numMeshes: 1
			 addr: "0x7f998b95c800"
			 name: "m_ManuBoy1Mesh"
			 numVertices: "104"
			 numFaces: "144"
			
			
		name: "mixamorig_Hips"
		
			name: "mixamorig_Spine"
			
				name: "mixamorig_Spine1"
				
					name: "mixamorig_Spine2"
					
						name: "mixamorig_Neck"
						
							name: "mixamorig_Head"
							
								name: "mixamorig_HeadTop_End"
								
						name: "mixamorig_LeftShoulder"
						
							name: "mixamorig_LeftArm"
							
								name: "mixamorig_LeftForeArm"
								
									name: "mixamorig_LeftHand"
									
										name: "mixamorig_LeftHandThumb1"
										
											name: "mixamorig_LeftHandThumb2"
											
												name: "mixamorig_LeftHandThumb3"
												
													name: "mixamorig_LeftHandThumb4"
													
										name: "mixamorig_LeftHandIndex1"
										
											name: "mixamorig_LeftHandIndex2"
											
												name: "mixamorig_LeftHandIndex3"
												
													name: "mixamorig_LeftHandIndex4"
													
										name: "mixamorig_LeftHandMiddle1"
										
											name: "mixamorig_LeftHandMiddle2"
											
												name: "mixamorig_LeftHandMiddle3"
												
													name: "mixamorig_LeftHandMiddle4"
													
										name: "mixamorig_LeftHandRing1"
										
											name: "mixamorig_LeftHandRing2"
											
												name: "mixamorig_LeftHandRing3"
												
													name: "mixamorig_LeftHandRing4"
													
										name: "mixamorig_LeftHandPinky1"
										
											name: "mixamorig_LeftHandPinky2"
											
												name: "mixamorig_LeftHandPinky3"
												
													name: "mixamorig_LeftHandPinky4"
													
						name: "mixamorig_RightShoulder"
						
							name: "mixamorig_RightArm"
							
								name: "mixamorig_RightForeArm"
								
									name: "mixamorig_RightHand"
									
										name: "mixamorig_RightHandThumb1"
										
											name: "mixamorig_RightHandThumb2"
											
												name: "mixamorig_RightHandThumb3"
												
													name: "mixamorig_RightHandThumb4"
													
										name: "mixamorig_RightHandIndex1"
										
											name: "mixamorig_RightHandIndex2"
											
												name: "mixamorig_RightHandIndex3"
												
													name: "mixamorig_RightHandIndex4"
													
										name: "mixamorig_RightHandMiddle1"
										
											name: "mixamorig_RightHandMiddle2"
											
												name: "mixamorig_RightHandMiddle3"
												
													name: "mixamorig_RightHandMiddle4"
													
										name: "mixamorig_RightHandRing1"
										
											name: "mixamorig_RightHandRing2"
											
												name: "mixamorig_RightHandRing3"
												
													name: "mixamorig_RightHandRing4"
													
										name: "mixamorig_RightHandPinky1"
										
											name: "mixamorig_RightHandPinky2"
											
												name: "mixamorig_RightHandPinky3"
												
													name: "mixamorig_RightHandPinky4"
													
			name: "mixamorig_LeftUpLeg"
			
				name: "mixamorig_LeftLeg"
				
					name: "mixamorig_LeftFoot"
					
						name: "mixamorig_LeftToeBase"
						
							name: "mixamorig_LeftToe_End"
							
			name: "mixamorig_RightUpLeg"
			
				name: "mixamorig_RightLeg"
				
					name: "mixamorig_RightFoot"
					
						name: "mixamorig_RightToeBase"
						
							name: "mixamorig_RightToe_End"
							

[15:01:12.875214] [Import] [info] (thread 397792) File loaded successfully
[15:01:12.875230] [Import] [info] (thread 397792) Meshes count: 3
[15:01:12.875243] [Import] [info] (thread 397792) Materials count: 3
