[09:47:34.137584] [Import] [info] (th=23125) Importing from /Users/oleg/Downloads/Burning Man.dae
[09:47:34.194296] [Import] [info] (th=23125) Imported scene tree:
name: "RootNode"

	name: "world_root"
	
		name: "ManuBoy"
		
			name: "Eye_L"
			numMeshes: 1
			 addr: "0x7fdfc600fa00"
			 name: "Eye_LMesh"
			 numVertices: "103"
			 numFaces: "144"
			
			
			name: "m_ManuBoy"
			numMeshes: 1
			 addr: "0x7fdfc6019600"
			 name: "m_ManuBoyMesh"
			 numVertices: "10981"
			 numFaces: "17306"
			
			
			name: "m_ManuBoy1"
			numMeshes: 1
			 addr: "0x7fdfc601f600"
			 name: "m_ManuBoy1Mesh"
			 numVertices: "104"
			 numFaces: "144"
			
			
		name: "mixamorig_Hips"
		
			name: "mixamorig_Spine"
			
				name: "mixamorig_Spine1"
				
					name: "mixamorig_Spine2"
					
						name: "mixamorig_Neck"
						
							name: "mixamorig_Head"
							
								name: "mixamorig_HeadTop_End"
								
						name: "mixamorig_LeftShoulder"
						
							name: "mixamorig_LeftArm"
							
								name: "mixamorig_LeftForeArm"
								
									name: "mixamorig_LeftHand"
									
										name: "mixamorig_LeftHandThumb1"
										
											name: "mixamorig_LeftHandThumb2"
											
												name: "mixamorig_LeftHandThumb3"
												
													name: "mixamorig_LeftHandThumb4"
													
										name: "mixamorig_LeftHandIndex1"
										
											name: "mixamorig_LeftHandIndex2"
											
												name: "mixamorig_LeftHandIndex3"
												
													name: "mixamorig_LeftHandIndex4"
													
										name: "mixamorig_LeftHandMiddle1"
										
											name: "mixamorig_LeftHandMiddle2"
											
												name: "mixamorig_LeftHandMiddle3"
												
													name: "mixamorig_LeftHandMiddle4"
													
										name: "mixamorig_LeftHandRing1"
										
											name: "mixamorig_LeftHandRing2"
											
												name: "mixamorig_LeftHandRing3"
												
													name: "mixamorig_LeftHandRing4"
													
										name: "mixamorig_LeftHandPinky1"
										
											name: "mixamorig_LeftHandPinky2"
											
												name: "mixamorig_LeftHandPinky3"
												
													name: "mixamorig_LeftHandPinky4"
													
						name: "mixamorig_RightShoulder"
						
							name: "mixamorig_RightArm"
							
								name: "mixamorig_RightForeArm"
								
									name: "mixamorig_RightHand"
									
										name: "mixamorig_RightHandThumb1"
										
											name: "mixamorig_RightHandThumb2"
											
												name: "mixamorig_RightHandThumb3"
												
													name: "mixamorig_RightHandThumb4"
													
										name: "mixamorig_RightHandIndex1"
										
											name: "mixamorig_RightHandIndex2"
											
												name: "mixamorig_RightHandIndex3"
												
													name: "mixamorig_RightHandIndex4"
													
										name: "mixamorig_RightHandMiddle1"
										
											name: "mixamorig_RightHandMiddle2"
											
												name: "mixamorig_RightHandMiddle3"
												
													name: "mixamorig_RightHandMiddle4"
													
										name: "mixamorig_RightHandRing1"
										
											name: "mixamorig_RightHandRing2"
											
												name: "mixamorig_RightHandRing3"
												
													name: "mixamorig_RightHandRing4"
													
										name: "mixamorig_RightHandPinky1"
										
											name: "mixamorig_RightHandPinky2"
											
												name: "mixamorig_RightHandPinky3"
												
													name: "mixamorig_RightHandPinky4"
													
			name: "mixamorig_LeftUpLeg"
			
				name: "mixamorig_LeftLeg"
				
					name: "mixamorig_LeftFoot"
					
						name: "mixamorig_LeftToeBase"
						
							name: "mixamorig_LeftToe_End"
							
			name: "mixamorig_RightUpLeg"
			
				name: "mixamorig_RightLeg"
				
					name: "mixamorig_RightFoot"
					
						name: "mixamorig_RightToeBase"
						
							name: "mixamorig_RightToe_End"
							

[09:47:34.194418] [Import] [info] (th=23125) File loaded successfully
[09:47:34.194433] [Import] [info] (th=23125) Meshes count: 3
[09:47:34.194458] [Import] [info] (th=23125) Materials count: 3
[09:47:34.194626] [Import] [error] (th=23125) Cannot find node: world_root
[09:47:34.194636] [Import] [error] (th=23125) Cannot find node: ManuBoy
[09:47:34.194645] [Import] [error] (th=23125) Cannot find node: mixamorig_Hips
[09:47:34.194652] [Import] [error] (th=23125) Cannot find node: mixamorig_Spine
[09:47:34.194660] [Import] [error] (th=23125) Cannot find node: mixamorig_Spine1
[09:47:34.194667] [Import] [error] (th=23125) Cannot find node: mixamorig_Spine2
[09:47:34.194674] [Import] [error] (th=23125) Cannot find node: mixamorig_Neck
[09:47:34.194681] [Import] [error] (th=23125) Cannot find node: mixamorig_Head
[09:47:34.194688] [Import] [error] (th=23125) Cannot find node: mixamorig_LeftShoulder
[09:47:34.194696] [Import] [error] (th=23125) Cannot find node: mixamorig_LeftArm
[09:47:34.194703] [Import] [error] (th=23125) Cannot find node: mixamorig_LeftForeArm
[09:47:34.194710] [Import] [error] (th=23125) Cannot find node: mixamorig_LeftHand
[09:47:34.194718] [Import] [error] (th=23125) Cannot find node: mixamorig_LeftHandThumb1
[09:47:34.194726] [Import] [error] (th=23125) Cannot find node: mixamorig_LeftHandThumb2
[09:47:34.194733] [Import] [error] (th=23125) Cannot find node: mixamorig_LeftHandThumb3
[09:47:34.194740] [Import] [error] (th=23125) Cannot find node: mixamorig_LeftHandIndex1
[09:47:34.194747] [Import] [error] (th=23125) Cannot find node: mixamorig_LeftHandIndex2
[09:47:34.194754] [Import] [error] (th=23125) Cannot find node: mixamorig_LeftHandIndex3
[09:47:34.194762] [Import] [error] (th=23125) Cannot find node: mixamorig_LeftHandMiddle1
[09:47:34.194769] [Import] [error] (th=23125) Cannot find node: mixamorig_LeftHandMiddle2
[09:47:34.194776] [Import] [error] (th=23125) Cannot find node: mixamorig_LeftHandMiddle3
[09:47:34.194783] [Import] [error] (th=23125) Cannot find node: mixamorig_LeftHandRing1
[09:47:34.194790] [Import] [error] (th=23125) Cannot find node: mixamorig_LeftHandRing2
[09:47:34.194798] [Import] [error] (th=23125) Cannot find node: mixamorig_LeftHandRing3
[09:47:34.194805] [Import] [error] (th=23125) Cannot find node: mixamorig_LeftHandPinky1
[09:47:34.194812] [Import] [error] (th=23125) Cannot find node: mixamorig_LeftHandPinky2
[09:47:34.194819] [Import] [error] (th=23125) Cannot find node: mixamorig_LeftHandPinky3
[09:47:34.194826] [Import] [error] (th=23125) Cannot find node: mixamorig_RightShoulder
[09:47:34.194834] [Import] [error] (th=23125) Cannot find node: mixamorig_RightArm
[09:47:34.194841] [Import] [error] (th=23125) Cannot find node: mixamorig_RightForeArm
[09:47:34.194848] [Import] [error] (th=23125) Cannot find node: mixamorig_RightHand
[09:47:34.194855] [Import] [error] (th=23125) Cannot find node: mixamorig_RightHandThumb1
[09:47:34.194862] [Import] [error] (th=23125) Cannot find node: mixamorig_RightHandThumb2
[09:47:34.194870] [Import] [error] (th=23125) Cannot find node: mixamorig_RightHandThumb3
[09:47:34.194877] [Import] [error] (th=23125) Cannot find node: mixamorig_RightHandIndex1
[09:47:34.194884] [Import] [error] (th=23125) Cannot find node: mixamorig_RightHandIndex2
[09:47:34.194891] [Import] [error] (th=23125) Cannot find node: mixamorig_RightHandIndex3
[09:47:34.194899] [Import] [error] (th=23125) Cannot find node: mixamorig_RightHandMiddle1
[09:47:34.194906] [Import] [error] (th=23125) Cannot find node: mixamorig_RightHandMiddle2
[09:47:34.194914] [Import] [error] (th=23125) Cannot find node: mixamorig_RightHandMiddle3
[09:47:34.194921] [Import] [error] (th=23125) Cannot find node: mixamorig_RightHandRing1
[09:47:34.194928] [Import] [error] (th=23125) Cannot find node: mixamorig_RightHandRing2
[09:47:34.194936] [Import] [error] (th=23125) Cannot find node: mixamorig_RightHandRing3
[09:47:34.194943] [Import] [error] (th=23125) Cannot find node: mixamorig_RightHandPinky1
[09:47:34.194950] [Import] [error] (th=23125) Cannot find node: mixamorig_RightHandPinky2
[09:47:34.194957] [Import] [error] (th=23125) Cannot find node: mixamorig_RightHandPinky3
[09:47:34.194975] [Import] [error] (th=23125) Cannot find node: mixamorig_LeftUpLeg
[09:47:34.194991] [Import] [error] (th=23125) Cannot find node: mixamorig_LeftLeg
[09:47:34.194998] [Import] [error] (th=23125) Cannot find node: mixamorig_LeftFoot
[09:47:34.195006] [Import] [error] (th=23125) Cannot find node: mixamorig_LeftToeBase
[09:47:34.195013] [Import] [error] (th=23125) Cannot find node: mixamorig_RightUpLeg
[09:47:34.195020] [Import] [error] (th=23125) Cannot find node: mixamorig_RightLeg
[09:47:34.195027] [Import] [error] (th=23125) Cannot find node: mixamorig_RightFoot
[09:47:34.195035] [Import] [error] (th=23125) Cannot find node: mixamorig_RightToeBase
[09:47:34.195043] [Import] [error] (th=23125) File's animations are incompatible with the selected MANU's node
[09:48:02.307593] [Import] [info] (th=23125) Importing from /Users/oleg/Downloads/Burning Man.dae
[09:48:02.359274] [Import] [info] (th=23125) Imported scene tree:
name: "RootNode"

	name: "world_root"
	
		name: "ManuBoy"
		
			name: "Eye_L"
			numMeshes: 1
			 addr: "0x7fdfd4164a00"
			 name: "Eye_LMesh"
			 numVertices: "103"
			 numFaces: "144"
			
			
			name: "m_ManuBoy"
			numMeshes: 1
			 addr: "0x7fdfd416ea00"
			 name: "m_ManuBoyMesh"
			 numVertices: "10981"
			 numFaces: "17306"
			
			
			name: "m_ManuBoy1"
			numMeshes: 1
			 addr: "0x7fdfd4174a00"
			 name: "m_ManuBoy1Mesh"
			 numVertices: "104"
			 numFaces: "144"
			
			
		name: "mixamorig_Hips"
		
			name: "mixamorig_Spine"
			
				name: "mixamorig_Spine1"
				
					name: "mixamorig_Spine2"
					
						name: "mixamorig_Neck"
						
							name: "mixamorig_Head"
							
								name: "mixamorig_HeadTop_End"
								
						name: "mixamorig_LeftShoulder"
						
							name: "mixamorig_LeftArm"
							
								name: "mixamorig_LeftForeArm"
								
									name: "mixamorig_LeftHand"
									
										name: "mixamorig_LeftHandThumb1"
										
											name: "mixamorig_LeftHandThumb2"
											
												name: "mixamorig_LeftHandThumb3"
												
													name: "mixamorig_LeftHandThumb4"
													
										name: "mixamorig_LeftHandIndex1"
										
											name: "mixamorig_LeftHandIndex2"
											
												name: "mixamorig_LeftHandIndex3"
												
													name: "mixamorig_LeftHandIndex4"
													
										name: "mixamorig_LeftHandMiddle1"
										
											name: "mixamorig_LeftHandMiddle2"
											
												name: "mixamorig_LeftHandMiddle3"
												
													name: "mixamorig_LeftHandMiddle4"
													
										name: "mixamorig_LeftHandRing1"
										
											name: "mixamorig_LeftHandRing2"
											
												name: "mixamorig_LeftHandRing3"
												
													name: "mixamorig_LeftHandRing4"
													
										name: "mixamorig_LeftHandPinky1"
										
											name: "mixamorig_LeftHandPinky2"
											
												name: "mixamorig_LeftHandPinky3"
												
													name: "mixamorig_LeftHandPinky4"
													
						name: "mixamorig_RightShoulder"
						
							name: "mixamorig_RightArm"
							
								name: "mixamorig_RightForeArm"
								
									name: "mixamorig_RightHand"
									
										name: "mixamorig_RightHandThumb1"
										
											name: "mixamorig_RightHandThumb2"
											
												name: "mixamorig_RightHandThumb3"
												
													name: "mixamorig_RightHandThumb4"
													
										name: "mixamorig_RightHandIndex1"
										
											name: "mixamorig_RightHandIndex2"
											
												name: "mixamorig_RightHandIndex3"
												
													name: "mixamorig_RightHandIndex4"
													
										name: "mixamorig_RightHandMiddle1"
										
											name: "mixamorig_RightHandMiddle2"
											
												name: "mixamorig_RightHandMiddle3"
												
													name: "mixamorig_RightHandMiddle4"
													
										name: "mixamorig_RightHandRing1"
										
											name: "mixamorig_RightHandRing2"
											
												name: "mixamorig_RightHandRing3"
												
													name: "mixamorig_RightHandRing4"
													
										name: "mixamorig_RightHandPinky1"
										
											name: "mixamorig_RightHandPinky2"
											
												name: "mixamorig_RightHandPinky3"
												
													name: "mixamorig_RightHandPinky4"
													
			name: "mixamorig_LeftUpLeg"
			
				name: "mixamorig_LeftLeg"
				
					name: "mixamorig_LeftFoot"
					
						name: "mixamorig_LeftToeBase"
						
							name: "mixamorig_LeftToe_End"
							
			name: "mixamorig_RightUpLeg"
			
				name: "mixamorig_RightLeg"
				
					name: "mixamorig_RightFoot"
					
						name: "mixamorig_RightToeBase"
						
							name: "mixamorig_RightToe_End"
							

[09:48:02.359341] [Import] [info] (th=23125) File loaded successfully
[09:48:02.359350] [Import] [info] (th=23125) Meshes count: 3
[09:48:02.359357] [Import] [info] (th=23125) Materials count: 3
[09:48:02.359486] [Import] [warning] (th=23125) Texture not found: /Users/oleg/Downloads/textures/T_ManuBoy_D.png
[09:48:02.359533] [Import] [warning] (th=23125) Texture not found: /Users/oleg/Downloads/textures/T_ManuBoy_D.png
[09:48:02.359573] [Import] [warning] (th=23125) Texture not found: /Users/oleg/Downloads/textures/T_ManuBoy_D.png
[09:48:02.359590] [Import] [info] (th=23125) Textures count (imported): 0
[10:59:23.410957] [Import] [info] (th=23125) Importing from /Users/oleg/Downloads/Burning Man.dae
[10:59:23.461967] [Import] [info] (th=23125) Imported scene tree:
name: "RootNode"

	name: "world_root"
	
		name: "ManuBoy"
		
			name: "Eye_L"
			numMeshes: 1
			 addr: "0x7fdfd1ec9600"
			 name: "Eye_LMesh"
			 numVertices: "103"
			 numFaces: "144"
			
			
			name: "m_ManuBoy"
			numMeshes: 1
			 addr: "0x7fdfd1ec5e00"
			 name: "m_ManuBoyMesh"
			 numVertices: "10981"
			 numFaces: "17306"
			
			
			name: "m_ManuBoy1"
			numMeshes: 1
			 addr: "0x7fdfd1d0b200"
			 name: "m_ManuBoy1Mesh"
			 numVertices: "104"
			 numFaces: "144"
			
			
		name: "mixamorig_Hips"
		
			name: "mixamorig_Spine"
			
				name: "mixamorig_Spine1"
				
					name: "mixamorig_Spine2"
					
						name: "mixamorig_Neck"
						
							name: "mixamorig_Head"
							
								name: "mixamorig_HeadTop_End"
								
						name: "mixamorig_LeftShoulder"
						
							name: "mixamorig_LeftArm"
							
								name: "mixamorig_LeftForeArm"
								
									name: "mixamorig_LeftHand"
									
										name: "mixamorig_LeftHandThumb1"
										
											name: "mixamorig_LeftHandThumb2"
											
												name: "mixamorig_LeftHandThumb3"
												
													name: "mixamorig_LeftHandThumb4"
													
										name: "mixamorig_LeftHandIndex1"
										
											name: "mixamorig_LeftHandIndex2"
											
												name: "mixamorig_LeftHandIndex3"
												
													name: "mixamorig_LeftHandIndex4"
													
										name: "mixamorig_LeftHandMiddle1"
										
											name: "mixamorig_LeftHandMiddle2"
											
												name: "mixamorig_LeftHandMiddle3"
												
													name: "mixamorig_LeftHandMiddle4"
													
										name: "mixamorig_LeftHandRing1"
										
											name: "mixamorig_LeftHandRing2"
											
												name: "mixamorig_LeftHandRing3"
												
													name: "mixamorig_LeftHandRing4"
													
										name: "mixamorig_LeftHandPinky1"
										
											name: "mixamorig_LeftHandPinky2"
											
												name: "mixamorig_LeftHandPinky3"
												
													name: "mixamorig_LeftHandPinky4"
													
						name: "mixamorig_RightShoulder"
						
							name: "mixamorig_RightArm"
							
								name: "mixamorig_RightForeArm"
								
									name: "mixamorig_RightHand"
									
										name: "mixamorig_RightHandThumb1"
										
											name: "mixamorig_RightHandThumb2"
											
												name: "mixamorig_RightHandThumb3"
												
													name: "mixamorig_RightHandThumb4"
													
										name: "mixamorig_RightHandIndex1"
										
											name: "mixamorig_RightHandIndex2"
											
												name: "mixamorig_RightHandIndex3"
												
													name: "mixamorig_RightHandIndex4"
													
										name: "mixamorig_RightHandMiddle1"
										
											name: "mixamorig_RightHandMiddle2"
											
												name: "mixamorig_RightHandMiddle3"
												
													name: "mixamorig_RightHandMiddle4"
													
										name: "mixamorig_RightHandRing1"
										
											name: "mixamorig_RightHandRing2"
											
												name: "mixamorig_RightHandRing3"
												
													name: "mixamorig_RightHandRing4"
													
										name: "mixamorig_RightHandPinky1"
										
											name: "mixamorig_RightHandPinky2"
											
												name: "mixamorig_RightHandPinky3"
												
													name: "mixamorig_RightHandPinky4"
													
			name: "mixamorig_LeftUpLeg"
			
				name: "mixamorig_LeftLeg"
				
					name: "mixamorig_LeftFoot"
					
						name: "mixamorig_LeftToeBase"
						
							name: "mixamorig_LeftToe_End"
							
			name: "mixamorig_RightUpLeg"
			
				name: "mixamorig_RightLeg"
				
					name: "mixamorig_RightFoot"
					
						name: "mixamorig_RightToeBase"
						
							name: "mixamorig_RightToe_End"
							

[10:59:23.462039] [Import] [info] (th=23125) File loaded successfully
[10:59:23.462049] [Import] [info] (th=23125) Meshes count: 3
[10:59:23.462056] [Import] [info] (th=23125) Materials count: 3
[10:59:23.462122] [Import] [warning] (th=23125) Texture not found: /Users/oleg/Downloads/textures/T_ManuBoy_D.png
[10:59:23.462171] [Import] [warning] (th=23125) Texture not found: /Users/oleg/Downloads/textures/T_ManuBoy_D.png
[10:59:23.462214] [Import] [warning] (th=23125) Texture not found: /Users/oleg/Downloads/textures/T_ManuBoy_D.png
[10:59:23.462231] [Import] [info] (th=23125) Textures count (imported): 0
