[16:47:36.881391] [Import] [info] (th=200432) Log level for 'Import' set to 'info'
[16:47:36.881400] [Import] [info] (th=200432) Importing from /Users/oleg/Dropbox/Запросы файлов/MANU-Assets 1.1.0/Ship/Ship_Fixed_and_Interior/Ship_interior.fbx
[16:47:36.883200] [Import] [info] (th=200432) Imported scene tree:
name: "RootNode"

	name: "Ship_interior"
	numMeshes: 1
	 addr: "0x7ffaff418000"
	 name: "Mesh.008"
	 numVertices: "278"
	 numFaces: "270"
	
	

[16:47:36.883207] [Import] [info] (th=200432) File loaded successfully
[16:47:36.883208] [Import] [info] (th=200432) Meshes count: 1
[16:47:36.883209] [Import] [info] (th=200432) Materials count: 1
[17:46:57.610370] [Import] [info] (th=200432) Importing from /Users/oleg/Dropbox/Запросы файлов/MANU-Assets 1.1.0/prp_RobotTerminal/Tr_ter.fbx
[17:46:57.613407] [Import] [info] (th=200432) Imported scene tree:
name: "RootNode"

	name: "polySurface2"
	numMeshes: 1
	 addr: "0x7ffaefb01a00"
	 name: "Mesh"
	 numVertices: "2312"
	 numFaces: "1396"
	
	

[17:46:57.613414] [Import] [info] (th=200432) File loaded successfully
[17:46:57.613416] [Import] [info] (th=200432) Meshes count: 1
[17:46:57.613417] [Import] [info] (th=200432) Materials count: 1
[17:46:57.613432] [Import] [warning] (th=200432) It seems that scene structure is different
[19:01:13.304094] [Import] [info] (th=200432) Importing from /Users/oleg/Dropbox/Запросы файлов/MANU-Assets 1.1.0/prp_RobotTerminal/Tr_ter.fbx
[19:01:13.310615] [Import] [info] (th=200432) Imported scene tree:
name: "RootNode"

	name: "polySurface2"
	numMeshes: 1
	 addr: "0x7ffafe581200"
	 name: "Mesh"
	 numVertices: "2356"
	 numFaces: "1396"
	
	

[19:01:13.310638] [Import] [info] (th=200432) File loaded successfully
[19:01:13.310641] [Import] [info] (th=200432) Meshes count: 1
[19:01:13.310643] [Import] [info] (th=200432) Materials count: 1
[19:01:13.310657] [Import] [warning] (th=200432) It seems that scene structure is different
