[19:47:10.632121] [Import] [info] (th=1271347) Log level for 'Import' set to 'info'
[19:47:10.632167] [Import] [info] (th=1271347) Importing from /Users/sergey/Downloads/BG_Canyon_00_RE.fbx
[19:47:10.638981] [Import] [info] (th=1271347) Imported scene tree:
name: "RootNode"

	name: "BG_Canyon"
	numMeshes: 1
	 addr: "0x7fca53342200"
	 name: "Mesh.004"
	 numVertices: "2045"
	 numFaces: "1649"
	
	

[19:47:10.638992] [Import] [info] (th=1271347) File loaded successfully
[19:47:10.638996] [Import] [info] (th=1271347) Meshes count: 1
[19:47:10.638997] [Import] [info] (th=1271347) Materials count: 1
[19:49:31.087119] [Import] [info] (th=1271347) Importing from /Users/sergey/Downloads/SM_Ground_03_RE.fbx
[19:49:31.096867] [Import] [info] (th=1271347) Imported scene tree:
name: "RootNode"

	name: "SM_Ground_03"
	numMeshes: 1
	 addr: "0x7fcab09da200"
	 name: "Mesh.002"
	 numVertices: "932"
	 numFaces: "1550"
	
	

[19:49:31.096878] [Import] [info] (th=1271347) File loaded successfully
[19:49:31.096889] [Import] [info] (th=1271347) Meshes count: 1
[19:49:31.096890] [Import] [info] (th=1271347) Materials count: 1
[19:50:28.417088] [Import] [info] (th=1271347) Importing from /Users/sergey/Downloads/SM_Ground_04_RE.fbx
[19:50:28.428810] [Import] [info] (th=1271347) Imported scene tree:
name: "RootNode"

	name: "SM_Ground_04"
	numMeshes: 1
	 addr: "0x7fca57859200"
	 name: "Mesh.003"
	 numVertices: "2080"
	 numFaces: "1939"
	
	

[19:50:28.428821] [Import] [info] (th=1271347) File loaded successfully
[19:50:28.428823] [Import] [info] (th=1271347) Meshes count: 1
[19:50:28.428825] [Import] [info] (th=1271347) Materials count: 1
[19:52:27.346954] [Import] [info] (th=1271347) Importing from /Users/sergey/Downloads/Terrain_02_RE2.fbx
[19:52:27.365325] [Import] [info] (th=1271347) Imported scene tree:
name: "RootNode"

	name: "Terrain_07"
	numMeshes: 1
	 addr: "0x7fcab17e4a00"
	 name: "Mesh.001"
	 numVertices: "3122"
	 numFaces: "5155"
	
	

[19:52:27.365339] [Import] [info] (th=1271347) File loaded successfully
[19:52:27.365341] [Import] [info] (th=1271347) Meshes count: 1
[19:52:27.365343] [Import] [info] (th=1271347) Materials count: 1
