[11:27:22.253738] [Import] [info] (thread 1042183) Importing from /Users/oleg/Dropbox/Запросы файлов/MANU-Assets 1.1.0/EV8_Robot/Robot_02_Terminal/DAE/RobotEv_01_Backward.dae
[11:27:22.427541] [Import] [info] (thread 1042183) Imported scene tree:
name: "RobotEv_01_Backward"

	name: "world_root"
	
		name: "RobotEV_01"
		
			name: "Body"
			numMeshes: 1
			 addr: "0x7fd2900a4400"
			 name: "BodyMesh"
			 numVertices: "1173"
			 numFaces: "1512"
			
			
			name: "Engine_L"
			numMeshes: 1
			 addr: "0x7fd29010ec00"
			 name: "Engine_LMesh"
			 numVertices: "3412"
			 numFaces: "3686"
			
			
			name: "Engine_R"
			numMeshes: 1
			 addr: "0x7fd2900d3800"
			 name: "Engine_RMesh"
			 numVertices: "3412"
			 numFaces: "3686"
			
			
			name: "TopArmMain"
			numMeshes: 1
			 addr: "0x7fd290064e00"
			 name: "TopArmMainMesh"
			 numVertices: "2877"
			 numFaces: "3380"
			
			
			name: "Cable_01"
			numMeshes: 1
			 addr: "0x7fd290408800"
			 name: "Cable_01Mesh"
			 numVertices: "2605"
			 numFaces: "3472"
			
			
			name: "BodyDetails"
			numMeshes: 1
			 addr: "0x7fd290292c00"
			 name: "BodyDetailsMesh"
			 numVertices: "3298"
			 numFaces: "3052"
			
			
			name: "b_TopRotate"
			
				name: "TopRotate"
				numMeshes: 1
				 addr: "0x7fd29014bc00"
				 name: "TopRotateMesh"
				 numVertices: "7169"
				 numFaces: "7872"
				
				
			name: "b_wheel_l_01"
			
				name: "Wheel_L_Main"
				numMeshes: 1
				 addr: "0x7fd290289400"
				 name: "Wheel_L_MainMesh"
				 numVertices: "2575"
				 numFaces: "2918"
				
				
			name: "b_wheel_l_02"
			
				name: "Wheel_L_Front"
				numMeshes: 1
				 addr: "0x7fd290275400"
				 name: "Wheel_L_FrontMesh"
				 numVertices: "2575"
				 numFaces: "2918"
				
				
			name: "b_wheel_l_03"
			
				name: "Wheel_L_Back"
				numMeshes: 1
				 addr: "0x7fd290268400"
				 name: "Wheel_L_BackMesh"
				 numVertices: "2575"
				 numFaces: "2918"
				
				
			name: "b_wheel_r_01"
			
				name: "Wheel_R_Front"
				numMeshes: 1
				 addr: "0x7fd2900b9a00"
				 name: "Wheel_R_FrontMesh"
				 numVertices: "2576"
				 numFaces: "2918"
				
				
			name: "b_wheel_r_02"
			
				name: "Wheel_R_Main"
				numMeshes: 1
				 addr: "0x7fd29018f200"
				 name: "Wheel_R_MainMesh"
				 numVertices: "2576"
				 numFaces: "2918"
				
				
			name: "b_wheel_r_03"
			
				name: "Wheel_R_Back"
				numMeshes: 1
				 addr: "0x7fd2901f5c00"
				 name: "Wheel_R_BackMesh"
				 numVertices: "2576"
				 numFaces: "2918"
				
				
			name: "Robot_Terminal"
			numMeshes: 1
			 addr: "0x7fd2901e0c00"
			 name: "Robot_TerminalMesh"
			 numVertices: "768"
			 numFaces: "598"
			
			
			name: "Robot_Terminal_UI"
			numMeshes: 1
			 addr: "0x7fd290127800"
			 name: "Robot_Terminal_UIMesh"
			 numVertices: "2664"
			 numFaces: "1442"
			
			
		name: "TrackRig_L"
		
			name: "TrackMesh"
			numMeshes: 1
			 addr: "0x7fd29025a400"
			 name: "TrackMeshMesh"
			 numVertices: "4760"
			 numFaces: "5871"
			
			
			name: "up"
			
			name: "Look"
			
			name: "track_root1"
			
				name: "track_bone1"
				
					name: "track_bone2"
					
						name: "track_bone3"
						
							name: "track_bone4"
							
								name: "track_bone5"
								
									name: "track_bone6"
									
										name: "track_bone7"
										
											name: "track_bone8"
											
												name: "track_bone9"
												
													name: "track_bone10"
													
														name: "track_bone11"
														
															name: "track_bone12"
															
																name: "track_bone13"
																
																	name: "track_bone14"
																	
																		name: "track_bone15"
																		
																			name: "track_bone16"
																			
																				name: "track_bone17"
																				
																					name: "track_bone18"
																					
																						name: "track_bone19"
																						
																							name: "track_bone20"
																							
																								name: "track_bone21"
																								
																									name: "track_bone22"
																									
																										name: "track_bone23"
																										
																											name: "track_bone24"
																											
																												name: "track_bone25"
																												
																													name: "track_bone26"
																													
																														name: "track_bone27"
																														
																															name: "track_bone28"
																															
																																name: "track_bone29"
																																
																																	name: "track_bone30"
																																	
																																		name: "track_bone30_end_effector"
																																		
		name: "TrackRig_R"
		
			name: "TrackMesh_ncl1_1"
			numMeshes: 1
			 addr: "0x7fd2903db600"
			 name: "TrackMesh_ncl1_1Mesh"
			 numVertices: "4909"
			 numFaces: "5871"
			
			
			name: "up_ncl1_1"
			
			name: "Look_ncl1_1"
			
			name: "track_root1_ncl1_1"
			
				name: "track_bone_R1"
				
					name: "track_bone_R2"
					
						name: "track_bone_R3"
						
							name: "track_bone_R4"
							
								name: "track_bone_R5"
								
									name: "track_bone_R6"
									
										name: "track_bone_R7"
										
											name: "track_bone_R8"
											
												name: "track_bone_R9"
												
													name: "track_bone_R10"
													
														name: "track_bone_R11"
														
															name: "track_bone_R12"
															
																name: "track_bone_R13"
																
																	name: "track_bone_R14"
																	
																		name: "track_bone_R15"
																		
																			name: "track_bone_R16"
																			
																				name: "track_bone_R17"
																				
																					name: "track_bone_R18"
																					
																						name: "track_bone_R19"
																						
																							name: "track_bone_R20"
																							
																								name: "track_bone_R21"
																								
																									name: "track_bone_R22"
																									
																										name: "track_bone_R23"
																										
																											name: "track_bone_R24"
																											
																												name: "track_bone_R25"
																												
																													name: "track_bone_R26"
																													
																														name: "track_bone_R27"
																														
																															name: "track_bone_R28"
																															
																																name: "track_bone_R29"
																																
																																	name: "track_bone_R30"
																																	
																																		name: "track_bone_R30_end_effector"
																																		

[11:27:22.427620] [Import] [info] (thread 1042183) File loaded successfully
[11:27:22.427633] [Import] [info] (thread 1042183) Meshes count: 17
[11:27:22.427643] [Import] [info] (thread 1042183) Materials count: 10
