[16:29:20.079475] [Import] [info] (thread 791665) Importing from /Users/oleg/Dropbox/Запросы файлов/MANU-Assets 1.1.0/prp_WaterFan/DM_Fan_01.fbx
[16:29:20.083391] [Import] [info] (thread 791665) Imported scene tree:
name: "RootNode"

	name: "Fan_00_00"
	
		name: "Fan"
		numMeshes: 1
		 addr: "0x7fd958322600"
		 name: "Fan"
		 numVertices: "1411"
		 numFaces: "1061"
		
		
		name: "Hatch"
		numMeshes: 1
		 addr: "0x7fd8f84fc600"
		 name: "Hatch"
		 numVertices: "12"
		 numFaces: "10"
		
		

[16:29:20.083425] [Import] [info] (thread 791665) File loaded successfully
[16:29:20.083444] [Import] [info] (thread 791665) Meshes count: 2
[16:29:20.083459] [Import] [info] (thread 791665) Materials count: 1
[16:29:20.084104] [Import] [error] (thread 791665) Can't find mesh for replace.
[16:29:38.789464] [Import] [info] (thread 791665) Importing from /Users/oleg/Dropbox/Запросы файлов/MANU-Assets 1.1.0/prp_WaterFan/DM_Fan_01.fbx
[16:29:38.793242] [Import] [info] (thread 791665) Imported scene tree:
name: "RootNode"

	name: "Fan_00_00"
	
		name: "Fan"
		numMeshes: 1
		 addr: "0x7fd8f84d6000"
		 name: "Fan"
		 numVertices: "1411"
		 numFaces: "1061"
		
		
		name: "Hatch"
		numMeshes: 1
		 addr: "0x7fd8f84b8c00"
		 name: "Hatch"
		 numVertices: "12"
		 numFaces: "10"
		
		

[16:29:38.793275] [Import] [info] (thread 791665) File loaded successfully
[16:29:38.793292] [Import] [info] (thread 791665) Meshes count: 2
[16:29:38.793307] [Import] [info] (thread 791665) Materials count: 1
[16:29:38.793569] [Import] [warning] (thread 791665) Texture not found: /Users/oleg/Dropbox/Запросы файлов/MANU-Assets 1.1.0/prp_WaterFan/../Trim/Textures/TrimClean_02_N.png
[16:29:38.793608] [Import] [info] (thread 791665) Textures count (imported): 1
