[12:17:55.086224] [Import] [info] (thread 1106552) Importing from /Users/oleg/Temp/Fixed_Sitting.dae
[12:17:55.139684] [Import] [info] (thread 1106552) Imported scene tree:
name: "Fixed_Sitting"

	name: "mixamorig_Hips"
	
		name: "mixamorig_Spine"
		
			name: "mixamorig_Spine1"
			
				name: "mixamorig_Spine2"
				
					name: "mixamorig_Neck"
					
						name: "mixamorig_Head"
						
							name: "mixamorig_HeadTop_End"
							
					name: "mixamorig_LeftShoulder"
					
						name: "mixamorig_LeftArm"
						
							name: "mixamorig_LeftForeArm"
							
								name: "mixamorig_LeftHand"
								
									name: "mixamorig_LeftHandThumb1"
									
										name: "mixamorig_LeftHandThumb2"
										
											name: "mixamorig_LeftHandThumb3"
											
												name: "mixamorig_LeftHandThumb4"
												
									name: "mixamorig_LeftHandIndex1"
									
										name: "mixamorig_LeftHandIndex2"
										
											name: "mixamorig_LeftHandIndex3"
											
												name: "mixamorig_LeftHandIndex4"
												
									name: "mixamorig_LeftHandMiddle1"
									
										name: "mixamorig_LeftHandMiddle2"
										
											name: "mixamorig_LeftHandMiddle3"
											
												name: "mixamorig_LeftHandMiddle4"
												
									name: "mixamorig_LeftHandRing1"
									
										name: "mixamorig_LeftHandRing2"
										
											name: "mixamorig_LeftHandRing3"
											
												name: "mixamorig_LeftHandRing4"
												
									name: "mixamorig_LeftHandPinky1"
									
										name: "mixamorig_LeftHandPinky2"
										
											name: "mixamorig_LeftHandPinky3"
											
												name: "mixamorig_LeftHandPinky4"
												
					name: "mixamorig_RightShoulder"
					
						name: "mixamorig_RightArm"
						
							name: "mixamorig_RightForeArm"
							
								name: "mixamorig_RightHand"
								
									name: "mixamorig_RightHandThumb1"
									
										name: "mixamorig_RightHandThumb2"
										
											name: "mixamorig_RightHandThumb3"
											
												name: "mixamorig_RightHandThumb4"
												
									name: "mixamorig_RightHandIndex1"
									
										name: "mixamorig_RightHandIndex2"
										
											name: "mixamorig_RightHandIndex3"
											
												name: "mixamorig_RightHandIndex4"
												
									name: "mixamorig_RightHandMiddle1"
									
										name: "mixamorig_RightHandMiddle2"
										
											name: "mixamorig_RightHandMiddle3"
											
												name: "mixamorig_RightHandMiddle4"
												
									name: "mixamorig_RightHandRing1"
									
										name: "mixamorig_RightHandRing2"
										
											name: "mixamorig_RightHandRing3"
											
												name: "mixamorig_RightHandRing4"
												
									name: "mixamorig_RightHandPinky1"
									
										name: "mixamorig_RightHandPinky2"
										
											name: "mixamorig_RightHandPinky3"
											
												name: "mixamorig_RightHandPinky4"
												
		name: "mixamorig_LeftUpLeg"
		
			name: "mixamorig_LeftLeg"
			
				name: "mixamorig_LeftFoot"
				
					name: "mixamorig_LeftToeBase"
					
						name: "mixamorig_LeftToe_End"
						
		name: "mixamorig_RightUpLeg"
		
			name: "mixamorig_RightLeg"
			
				name: "mixamorig_RightFoot"
				
					name: "mixamorig_RightToeBase"
					
						name: "mixamorig_RightToe_End"
						
	name: "ManuBoy"
	
		name: "Eye_L"
		numMeshes: 1
		 addr: "0x7fe828564a00"
		 name: "Eye_LMesh"
		 numVertices: "102"
		 numFaces: "144"
		
		
		name: "Eye_R"
		numMeshes: 1
		 addr: "0x7fe82845dc00"
		 name: "Eye_RMesh"
		 numVertices: "102"
		 numFaces: "144"
		
		
		name: "Body"
		numMeshes: 1
		 addr: "0x7fe828573400"
		 name: "BodyMesh"
		 numVertices: "10980"
		 numFaces: "17306"
		
		

[12:17:55.139736] [Import] [info] (thread 1106552) File loaded successfully
[12:17:55.139752] [Import] [info] (thread 1106552) Meshes count: 3
[12:17:55.139764] [Import] [info] (thread 1106552) Materials count: 3
[12:17:55.140602] [Import] [error] (thread 1106552) Cannot find node: mixamorig_HeadTop_End
[12:17:55.140641] [Import] [error] (thread 1106552) Cannot find node: mixamorig_LeftHandThumb4
[12:17:55.140678] [Import] [error] (thread 1106552) Cannot find node: mixamorig_LeftHandIndex4
[12:17:55.140694] [Import] [error] (thread 1106552) Cannot find node: mixamorig_LeftHandMiddle4
[12:17:55.140710] [Import] [error] (thread 1106552) Cannot find node: mixamorig_LeftHandRing4
[12:17:55.140724] [Import] [error] (thread 1106552) Cannot find node: mixamorig_LeftHandPinky4
[12:17:55.140744] [Import] [error] (thread 1106552) Cannot find node: mixamorig_RightHandThumb4
[12:17:55.140758] [Import] [error] (thread 1106552) Cannot find node: mixamorig_RightHandIndex4
[12:17:55.140773] [Import] [error] (thread 1106552) Cannot find node: mixamorig_RightHandMiddle4
[12:17:55.140788] [Import] [error] (thread 1106552) Cannot find node: mixamorig_RightHandRing4
[12:17:55.140803] [Import] [error] (thread 1106552) Cannot find node: mixamorig_RightHandPinky4
[12:17:55.140819] [Import] [error] (thread 1106552) Cannot find node: mixamorig_LeftToe_End
[12:17:55.140837] [Import] [error] (thread 1106552) Cannot find node: mixamorig_RightToe_End
[12:17:55.140848] [Import] [error] (thread 1106552) File's animations are incompatible with the selected MANU's node
[12:18:03.466873] [Import] [info] (thread 1106552) Importing from /Users/oleg/Temp/Fixed_Sitting.dae
[12:18:03.517693] [Import] [info] (thread 1106552) Imported scene tree:
name: "Fixed_Sitting"

	name: "mixamorig_Hips"
	
		name: "mixamorig_Spine"
		
			name: "mixamorig_Spine1"
			
				name: "mixamorig_Spine2"
				
					name: "mixamorig_Neck"
					
						name: "mixamorig_Head"
						
							name: "mixamorig_HeadTop_End"
							
					name: "mixamorig_LeftShoulder"
					
						name: "mixamorig_LeftArm"
						
							name: "mixamorig_LeftForeArm"
							
								name: "mixamorig_LeftHand"
								
									name: "mixamorig_LeftHandThumb1"
									
										name: "mixamorig_LeftHandThumb2"
										
											name: "mixamorig_LeftHandThumb3"
											
												name: "mixamorig_LeftHandThumb4"
												
									name: "mixamorig_LeftHandIndex1"
									
										name: "mixamorig_LeftHandIndex2"
										
											name: "mixamorig_LeftHandIndex3"
											
												name: "mixamorig_LeftHandIndex4"
												
									name: "mixamorig_LeftHandMiddle1"
									
										name: "mixamorig_LeftHandMiddle2"
										
											name: "mixamorig_LeftHandMiddle3"
											
												name: "mixamorig_LeftHandMiddle4"
												
									name: "mixamorig_LeftHandRing1"
									
										name: "mixamorig_LeftHandRing2"
										
											name: "mixamorig_LeftHandRing3"
											
												name: "mixamorig_LeftHandRing4"
												
									name: "mixamorig_LeftHandPinky1"
									
										name: "mixamorig_LeftHandPinky2"
										
											name: "mixamorig_LeftHandPinky3"
											
												name: "mixamorig_LeftHandPinky4"
												
					name: "mixamorig_RightShoulder"
					
						name: "mixamorig_RightArm"
						
							name: "mixamorig_RightForeArm"
							
								name: "mixamorig_RightHand"
								
									name: "mixamorig_RightHandThumb1"
									
										name: "mixamorig_RightHandThumb2"
										
											name: "mixamorig_RightHandThumb3"
											
												name: "mixamorig_RightHandThumb4"
												
									name: "mixamorig_RightHandIndex1"
									
										name: "mixamorig_RightHandIndex2"
										
											name: "mixamorig_RightHandIndex3"
											
												name: "mixamorig_RightHandIndex4"
												
									name: "mixamorig_RightHandMiddle1"
									
										name: "mixamorig_RightHandMiddle2"
										
											name: "mixamorig_RightHandMiddle3"
											
												name: "mixamorig_RightHandMiddle4"
												
									name: "mixamorig_RightHandRing1"
									
										name: "mixamorig_RightHandRing2"
										
											name: "mixamorig_RightHandRing3"
											
												name: "mixamorig_RightHandRing4"
												
									name: "mixamorig_RightHandPinky1"
									
										name: "mixamorig_RightHandPinky2"
										
											name: "mixamorig_RightHandPinky3"
											
												name: "mixamorig_RightHandPinky4"
												
		name: "mixamorig_LeftUpLeg"
		
			name: "mixamorig_LeftLeg"
			
				name: "mixamorig_LeftFoot"
				
					name: "mixamorig_LeftToeBase"
					
						name: "mixamorig_LeftToe_End"
						
		name: "mixamorig_RightUpLeg"
		
			name: "mixamorig_RightLeg"
			
				name: "mixamorig_RightFoot"
				
					name: "mixamorig_RightToeBase"
					
						name: "mixamorig_RightToe_End"
						
	name: "ManuBoy"
	
		name: "Eye_L"
		numMeshes: 1
		 addr: "0x7fe8ea580200"
		 name: "Eye_LMesh"
		 numVertices: "102"
		 numFaces: "144"
		
		
		name: "Eye_R"
		numMeshes: 1
		 addr: "0x7fe8ea4e9600"
		 name: "Eye_RMesh"
		 numVertices: "102"
		 numFaces: "144"
		
		
		name: "Body"
		numMeshes: 1
		 addr: "0x7fe8ea58ec00"
		 name: "BodyMesh"
		 numVertices: "10980"
		 numFaces: "17306"
		
		

[12:18:03.517759] [Import] [info] (thread 1106552) File loaded successfully
[12:18:03.517772] [Import] [info] (thread 1106552) Meshes count: 3
[12:18:03.517782] [Import] [info] (thread 1106552) Materials count: 3
[12:18:03.518580] [Import] [error] (thread 1106552) Cannot find node: mixamorig_HeadTop_End
[12:18:03.518603] [Import] [error] (thread 1106552) Cannot find node: mixamorig_LeftHandThumb4
[12:18:03.518617] [Import] [error] (thread 1106552) Cannot find node: mixamorig_LeftHandIndex4
[12:18:03.518632] [Import] [error] (thread 1106552) Cannot find node: mixamorig_LeftHandMiddle4
[12:18:03.518647] [Import] [error] (thread 1106552) Cannot find node: mixamorig_LeftHandRing4
[12:18:03.518662] [Import] [error] (thread 1106552) Cannot find node: mixamorig_LeftHandPinky4
[12:18:03.518681] [Import] [error] (thread 1106552) Cannot find node: mixamorig_RightHandThumb4
[12:18:03.518695] [Import] [error] (thread 1106552) Cannot find node: mixamorig_RightHandIndex4
[12:18:03.518709] [Import] [error] (thread 1106552) Cannot find node: mixamorig_RightHandMiddle4
[12:18:03.518725] [Import] [error] (thread 1106552) Cannot find node: mixamorig_RightHandRing4
[12:18:03.518740] [Import] [error] (thread 1106552) Cannot find node: mixamorig_RightHandPinky4
[12:18:03.518756] [Import] [error] (thread 1106552) Cannot find node: mixamorig_LeftToe_End
[12:18:03.518773] [Import] [error] (thread 1106552) Cannot find node: mixamorig_RightToe_End
[12:18:03.518784] [Import] [error] (thread 1106552) File's animations are incompatible with the selected MANU's node
[12:18:09.653439] [Import] [info] (thread 1106552) Importing from /Users/oleg/Temp/Fixed_Sitting.dae
[12:18:09.705140] [Import] [info] (thread 1106552) Imported scene tree:
name: "Fixed_Sitting"

	name: "mixamorig_Hips"
	
		name: "mixamorig_Spine"
		
			name: "mixamorig_Spine1"
			
				name: "mixamorig_Spine2"
				
					name: "mixamorig_Neck"
					
						name: "mixamorig_Head"
						
							name: "mixamorig_HeadTop_End"
							
					name: "mixamorig_LeftShoulder"
					
						name: "mixamorig_LeftArm"
						
							name: "mixamorig_LeftForeArm"
							
								name: "mixamorig_LeftHand"
								
									name: "mixamorig_LeftHandThumb1"
									
										name: "mixamorig_LeftHandThumb2"
										
											name: "mixamorig_LeftHandThumb3"
											
												name: "mixamorig_LeftHandThumb4"
												
									name: "mixamorig_LeftHandIndex1"
									
										name: "mixamorig_LeftHandIndex2"
										
											name: "mixamorig_LeftHandIndex3"
											
												name: "mixamorig_LeftHandIndex4"
												
									name: "mixamorig_LeftHandMiddle1"
									
										name: "mixamorig_LeftHandMiddle2"
										
											name: "mixamorig_LeftHandMiddle3"
											
												name: "mixamorig_LeftHandMiddle4"
												
									name: "mixamorig_LeftHandRing1"
									
										name: "mixamorig_LeftHandRing2"
										
											name: "mixamorig_LeftHandRing3"
											
												name: "mixamorig_LeftHandRing4"
												
									name: "mixamorig_LeftHandPinky1"
									
										name: "mixamorig_LeftHandPinky2"
										
											name: "mixamorig_LeftHandPinky3"
											
												name: "mixamorig_LeftHandPinky4"
												
					name: "mixamorig_RightShoulder"
					
						name: "mixamorig_RightArm"
						
							name: "mixamorig_RightForeArm"
							
								name: "mixamorig_RightHand"
								
									name: "mixamorig_RightHandThumb1"
									
										name: "mixamorig_RightHandThumb2"
										
											name: "mixamorig_RightHandThumb3"
											
												name: "mixamorig_RightHandThumb4"
												
									name: "mixamorig_RightHandIndex1"
									
										name: "mixamorig_RightHandIndex2"
										
											name: "mixamorig_RightHandIndex3"
											
												name: "mixamorig_RightHandIndex4"
												
									name: "mixamorig_RightHandMiddle1"
									
										name: "mixamorig_RightHandMiddle2"
										
											name: "mixamorig_RightHandMiddle3"
											
												name: "mixamorig_RightHandMiddle4"
												
									name: "mixamorig_RightHandRing1"
									
										name: "mixamorig_RightHandRing2"
										
											name: "mixamorig_RightHandRing3"
											
												name: "mixamorig_RightHandRing4"
												
									name: "mixamorig_RightHandPinky1"
									
										name: "mixamorig_RightHandPinky2"
										
											name: "mixamorig_RightHandPinky3"
											
												name: "mixamorig_RightHandPinky4"
												
		name: "mixamorig_LeftUpLeg"
		
			name: "mixamorig_LeftLeg"
			
				name: "mixamorig_LeftFoot"
				
					name: "mixamorig_LeftToeBase"
					
						name: "mixamorig_LeftToe_End"
						
		name: "mixamorig_RightUpLeg"
		
			name: "mixamorig_RightLeg"
			
				name: "mixamorig_RightFoot"
				
					name: "mixamorig_RightToeBase"
					
						name: "mixamorig_RightToe_End"
						
	name: "ManuBoy"
	
		name: "Eye_L"
		numMeshes: 1
		 addr: "0x7fe8ea69e400"
		 name: "Eye_LMesh"
		 numVertices: "102"
		 numFaces: "144"
		
		
		name: "Eye_R"
		numMeshes: 1
		 addr: "0x7fe8ea582000"
		 name: "Eye_RMesh"
		 numVertices: "102"
		 numFaces: "144"
		
		
		name: "Body"
		numMeshes: 1
		 addr: "0x7fe8ea6ace00"
		 name: "BodyMesh"
		 numVertices: "10980"
		 numFaces: "17306"
		
		

[12:18:09.705201] [Import] [info] (thread 1106552) File loaded successfully
[12:18:09.705213] [Import] [info] (thread 1106552) Meshes count: 3
[12:18:09.705223] [Import] [info] (thread 1106552) Materials count: 3
[12:18:09.706035] [Import] [error] (thread 1106552) Cannot find node: mixamorig_HeadTop_End
[12:18:09.706058] [Import] [error] (thread 1106552) Cannot find node: mixamorig_LeftHandThumb4
[12:18:09.706072] [Import] [error] (thread 1106552) Cannot find node: mixamorig_LeftHandIndex4
[12:18:09.706087] [Import] [error] (thread 1106552) Cannot find node: mixamorig_LeftHandMiddle4
[12:18:09.706102] [Import] [error] (thread 1106552) Cannot find node: mixamorig_LeftHandRing4
[12:18:09.706117] [Import] [error] (thread 1106552) Cannot find node: mixamorig_LeftHandPinky4
[12:18:09.706136] [Import] [error] (thread 1106552) Cannot find node: mixamorig_RightHandThumb4
[12:18:09.706152] [Import] [error] (thread 1106552) Cannot find node: mixamorig_RightHandIndex4
[12:18:09.706166] [Import] [error] (thread 1106552) Cannot find node: mixamorig_RightHandMiddle4
[12:18:09.706181] [Import] [error] (thread 1106552) Cannot find node: mixamorig_RightHandRing4
[12:18:09.706197] [Import] [error] (thread 1106552) Cannot find node: mixamorig_RightHandPinky4
[12:18:09.706213] [Import] [error] (thread 1106552) Cannot find node: mixamorig_LeftToe_End
[12:18:09.706230] [Import] [error] (thread 1106552) Cannot find node: mixamorig_RightToe_End
[12:18:09.706240] [Import] [error] (thread 1106552) File's animations are incompatible with the selected MANU's node
[12:18:22.352833] [Import] [info] (thread 1106552) Importing from /Users/oleg/Temp/Fixed_Sitting.dae
[12:18:22.403611] [Import] [info] (thread 1106552) Imported scene tree:
name: "Fixed_Sitting"

	name: "mixamorig_Hips"
	
		name: "mixamorig_Spine"
		
			name: "mixamorig_Spine1"
			
				name: "mixamorig_Spine2"
				
					name: "mixamorig_Neck"
					
						name: "mixamorig_Head"
						
							name: "mixamorig_HeadTop_End"
							
					name: "mixamorig_LeftShoulder"
					
						name: "mixamorig_LeftArm"
						
							name: "mixamorig_LeftForeArm"
							
								name: "mixamorig_LeftHand"
								
									name: "mixamorig_LeftHandThumb1"
									
										name: "mixamorig_LeftHandThumb2"
										
											name: "mixamorig_LeftHandThumb3"
											
												name: "mixamorig_LeftHandThumb4"
												
									name: "mixamorig_LeftHandIndex1"
									
										name: "mixamorig_LeftHandIndex2"
										
											name: "mixamorig_LeftHandIndex3"
											
												name: "mixamorig_LeftHandIndex4"
												
									name: "mixamorig_LeftHandMiddle1"
									
										name: "mixamorig_LeftHandMiddle2"
										
											name: "mixamorig_LeftHandMiddle3"
											
												name: "mixamorig_LeftHandMiddle4"
												
									name: "mixamorig_LeftHandRing1"
									
										name: "mixamorig_LeftHandRing2"
										
											name: "mixamorig_LeftHandRing3"
											
												name: "mixamorig_LeftHandRing4"
												
									name: "mixamorig_LeftHandPinky1"
									
										name: "mixamorig_LeftHandPinky2"
										
											name: "mixamorig_LeftHandPinky3"
											
												name: "mixamorig_LeftHandPinky4"
												
					name: "mixamorig_RightShoulder"
					
						name: "mixamorig_RightArm"
						
							name: "mixamorig_RightForeArm"
							
								name: "mixamorig_RightHand"
								
									name: "mixamorig_RightHandThumb1"
									
										name: "mixamorig_RightHandThumb2"
										
											name: "mixamorig_RightHandThumb3"
											
												name: "mixamorig_RightHandThumb4"
												
									name: "mixamorig_RightHandIndex1"
									
										name: "mixamorig_RightHandIndex2"
										
											name: "mixamorig_RightHandIndex3"
											
												name: "mixamorig_RightHandIndex4"
												
									name: "mixamorig_RightHandMiddle1"
									
										name: "mixamorig_RightHandMiddle2"
										
											name: "mixamorig_RightHandMiddle3"
											
												name: "mixamorig_RightHandMiddle4"
												
									name: "mixamorig_RightHandRing1"
									
										name: "mixamorig_RightHandRing2"
										
											name: "mixamorig_RightHandRing3"
											
												name: "mixamorig_RightHandRing4"
												
									name: "mixamorig_RightHandPinky1"
									
										name: "mixamorig_RightHandPinky2"
										
											name: "mixamorig_RightHandPinky3"
											
												name: "mixamorig_RightHandPinky4"
												
		name: "mixamorig_LeftUpLeg"
		
			name: "mixamorig_LeftLeg"
			
				name: "mixamorig_LeftFoot"
				
					name: "mixamorig_LeftToeBase"
					
						name: "mixamorig_LeftToe_End"
						
		name: "mixamorig_RightUpLeg"
		
			name: "mixamorig_RightLeg"
			
				name: "mixamorig_RightFoot"
				
					name: "mixamorig_RightToeBase"
					
						name: "mixamorig_RightToe_End"
						
	name: "ManuBoy"
	
		name: "Eye_L"
		numMeshes: 1
		 addr: "0x7fe81fad7800"
		 name: "Eye_LMesh"
		 numVertices: "102"
		 numFaces: "144"
		
		
		name: "Eye_R"
		numMeshes: 1
		 addr: "0x7fe81fade600"
		 name: "Eye_RMesh"
		 numVertices: "102"
		 numFaces: "144"
		
		
		name: "Body"
		numMeshes: 1
		 addr: "0x7fe81fae7800"
		 name: "BodyMesh"
		 numVertices: "10980"
		 numFaces: "17306"
		
		

[12:18:22.403671] [Import] [info] (thread 1106552) File loaded successfully
[12:18:22.403683] [Import] [info] (thread 1106552) Meshes count: 3
[12:18:22.403693] [Import] [info] (thread 1106552) Materials count: 3
[12:18:22.404484] [Import] [error] (thread 1106552) Cannot find node: mixamorig_HeadTop_End
[12:18:22.404505] [Import] [error] (thread 1106552) Cannot find node: mixamorig_LeftHandThumb4
[12:18:22.404519] [Import] [error] (thread 1106552) Cannot find node: mixamorig_LeftHandIndex4
[12:18:22.404534] [Import] [error] (thread 1106552) Cannot find node: mixamorig_LeftHandMiddle4
[12:18:22.404548] [Import] [error] (thread 1106552) Cannot find node: mixamorig_LeftHandRing4
[12:18:22.404564] [Import] [error] (thread 1106552) Cannot find node: mixamorig_LeftHandPinky4
[12:18:22.404593] [Import] [error] (thread 1106552) Cannot find node: mixamorig_RightHandThumb4
[12:18:22.404608] [Import] [error] (thread 1106552) Cannot find node: mixamorig_RightHandIndex4
[12:18:22.404622] [Import] [error] (thread 1106552) Cannot find node: mixamorig_RightHandMiddle4
[12:18:22.404637] [Import] [error] (thread 1106552) Cannot find node: mixamorig_RightHandRing4
[12:18:22.404652] [Import] [error] (thread 1106552) Cannot find node: mixamorig_RightHandPinky4
[12:18:22.404668] [Import] [error] (thread 1106552) Cannot find node: mixamorig_LeftToe_End
[12:18:22.404684] [Import] [error] (thread 1106552) Cannot find node: mixamorig_RightToe_End
[12:18:22.404695] [Import] [error] (thread 1106552) File's animations are incompatible with the selected MANU's node
[12:18:28.649663] [Import] [info] (thread 1106552) Importing from /Users/oleg/Temp/Fixed_Sitting.dae
[12:18:28.701477] [Import] [info] (thread 1106552) Imported scene tree:
name: "Fixed_Sitting"

	name: "mixamorig_Hips"
	
		name: "mixamorig_Spine"
		
			name: "mixamorig_Spine1"
			
				name: "mixamorig_Spine2"
				
					name: "mixamorig_Neck"
					
						name: "mixamorig_Head"
						
							name: "mixamorig_HeadTop_End"
							
					name: "mixamorig_LeftShoulder"
					
						name: "mixamorig_LeftArm"
						
							name: "mixamorig_LeftForeArm"
							
								name: "mixamorig_LeftHand"
								
									name: "mixamorig_LeftHandThumb1"
									
										name: "mixamorig_LeftHandThumb2"
										
											name: "mixamorig_LeftHandThumb3"
											
												name: "mixamorig_LeftHandThumb4"
												
									name: "mixamorig_LeftHandIndex1"
									
										name: "mixamorig_LeftHandIndex2"
										
											name: "mixamorig_LeftHandIndex3"
											
												name: "mixamorig_LeftHandIndex4"
												
									name: "mixamorig_LeftHandMiddle1"
									
										name: "mixamorig_LeftHandMiddle2"
										
											name: "mixamorig_LeftHandMiddle3"
											
												name: "mixamorig_LeftHandMiddle4"
												
									name: "mixamorig_LeftHandRing1"
									
										name: "mixamorig_LeftHandRing2"
										
											name: "mixamorig_LeftHandRing3"
											
												name: "mixamorig_LeftHandRing4"
												
									name: "mixamorig_LeftHandPinky1"
									
										name: "mixamorig_LeftHandPinky2"
										
											name: "mixamorig_LeftHandPinky3"
											
												name: "mixamorig_LeftHandPinky4"
												
					name: "mixamorig_RightShoulder"
					
						name: "mixamorig_RightArm"
						
							name: "mixamorig_RightForeArm"
							
								name: "mixamorig_RightHand"
								
									name: "mixamorig_RightHandThumb1"
									
										name: "mixamorig_RightHandThumb2"
										
											name: "mixamorig_RightHandThumb3"
											
												name: "mixamorig_RightHandThumb4"
												
									name: "mixamorig_RightHandIndex1"
									
										name: "mixamorig_RightHandIndex2"
										
											name: "mixamorig_RightHandIndex3"
											
												name: "mixamorig_RightHandIndex4"
												
									name: "mixamorig_RightHandMiddle1"
									
										name: "mixamorig_RightHandMiddle2"
										
											name: "mixamorig_RightHandMiddle3"
											
												name: "mixamorig_RightHandMiddle4"
												
									name: "mixamorig_RightHandRing1"
									
										name: "mixamorig_RightHandRing2"
										
											name: "mixamorig_RightHandRing3"
											
												name: "mixamorig_RightHandRing4"
												
									name: "mixamorig_RightHandPinky1"
									
										name: "mixamorig_RightHandPinky2"
										
											name: "mixamorig_RightHandPinky3"
											
												name: "mixamorig_RightHandPinky4"
												
		name: "mixamorig_LeftUpLeg"
		
			name: "mixamorig_LeftLeg"
			
				name: "mixamorig_LeftFoot"
				
					name: "mixamorig_LeftToeBase"
					
						name: "mixamorig_LeftToe_End"
						
		name: "mixamorig_RightUpLeg"
		
			name: "mixamorig_RightLeg"
			
				name: "mixamorig_RightFoot"
				
					name: "mixamorig_RightToeBase"
					
						name: "mixamorig_RightToe_End"
						
	name: "ManuBoy"
	
		name: "Eye_L"
		numMeshes: 1
		 addr: "0x7fe859f1d200"
		 name: "Eye_LMesh"
		 numVertices: "102"
		 numFaces: "144"
		
		
		name: "Eye_R"
		numMeshes: 1
		 addr: "0x7fe859eaec00"
		 name: "Eye_RMesh"
		 numVertices: "102"
		 numFaces: "144"
		
		
		name: "Body"
		numMeshes: 1
		 addr: "0x7fe859f2bc00"
		 name: "BodyMesh"
		 numVertices: "10980"
		 numFaces: "17306"
		
		

[12:18:28.701539] [Import] [info] (thread 1106552) File loaded successfully
[12:18:28.701552] [Import] [info] (thread 1106552) Meshes count: 3
[12:18:28.701562] [Import] [info] (thread 1106552) Materials count: 3
[12:18:28.702343] [Import] [error] (thread 1106552) Cannot find node: mixamorig_HeadTop_End
[12:18:28.702364] [Import] [error] (thread 1106552) Cannot find node: mixamorig_LeftHandThumb4
[12:18:28.702379] [Import] [error] (thread 1106552) Cannot find node: mixamorig_LeftHandIndex4
[12:18:28.702393] [Import] [error] (thread 1106552) Cannot find node: mixamorig_LeftHandMiddle4
[12:18:28.702408] [Import] [error] (thread 1106552) Cannot find node: mixamorig_LeftHandRing4
[12:18:28.702423] [Import] [error] (thread 1106552) Cannot find node: mixamorig_LeftHandPinky4
[12:18:28.702442] [Import] [error] (thread 1106552) Cannot find node: mixamorig_RightHandThumb4
[12:18:28.702456] [Import] [error] (thread 1106552) Cannot find node: mixamorig_RightHandIndex4
[12:18:28.702471] [Import] [error] (thread 1106552) Cannot find node: mixamorig_RightHandMiddle4
[12:18:28.702486] [Import] [error] (thread 1106552) Cannot find node: mixamorig_RightHandRing4
[12:18:28.702502] [Import] [error] (thread 1106552) Cannot find node: mixamorig_RightHandPinky4
[12:18:28.702517] [Import] [error] (thread 1106552) Cannot find node: mixamorig_LeftToe_End
[12:18:28.702535] [Import] [error] (thread 1106552) Cannot find node: mixamorig_RightToe_End
[12:18:28.702545] [Import] [error] (thread 1106552) File's animations are incompatible with the selected MANU's node
