[18:26:44.543898] [Import] [info] (th=297228) Log level for 'Import' set to 'info'
[18:26:44.544450] [Import] [info] (th=297228) Importing from /Users/sergey/Downloads/SM_Ground_04_RE.fbx
[18:26:44.561970] [Import] [info] (th=297228) Imported scene tree:
name: "RootNode"

	name: "SM_Ground_04"
	numMeshes: 1
	 addr: "0x7fbecf149c00"
	 name: "Mesh.003"
	 numVertices: "941"
	 numFaces: "1296"
	
	

[18:26:44.561979] [Import] [info] (th=297228) File loaded successfully
[18:26:44.561983] [Import] [info] (th=297228) Meshes count: 1
[18:26:44.561984] [Import] [info] (th=297228) Materials count: 1
[18:34:37.511990] [Import] [info] (th=297228) Importing from /Users/sergey/Downloads/Gate_wall_single.fbx
[18:34:37.520342] [Import] [info] (th=297228) Imported scene tree:
name: "RootNode"

	name: "Wall_00_00"
	numMeshes: 1
	 addr: "0x7fbf3e44f000"
	 name: "Wall_00_00"
	 numVertices: "570"
	 numFaces: "384"
	
	

[18:34:37.520358] [Import] [info] (th=297228) File loaded successfully
[18:34:37.520361] [Import] [info] (th=297228) Meshes count: 1
[18:34:37.520363] [Import] [info] (th=297228) Materials count: 1
[18:34:37.524816] [Import] [warning] (th=297228) Texture not found: /Users/sergey/Downloads/D:/Manu3d/ManuLevel_01/mLevel1/Level1/tex/TrimBlueMetal_01/TrimBLueMetal_01_BaseColor.png
[18:34:37.524875] [Import] [warning] (th=297228) Texture not found: /Users/sergey/Downloads/D:/Manu3d/ManuLevel_01/mLevel1/Level1/tex/TrimBlueMetal_01/TrimBLueMetal_01_N.png
[18:34:37.524915] [Import] [info] (th=297228) Textures count (imported): 0
