[17:59:37.418444] [Import] [info] (th=87680) Importing from /Users/oleg/Dropbox/Запросы файлов/MANU-Assets 1.1.0/FlyBot/FlyBot_01_Damaged.fbx
[17:59:37.426165] [Import] [info] (th=87680) Imported scene tree:
name: "RootNode"

	name: "FlyBot"
	
		name: "Antenna_01"
		numMeshes: 1
		 addr: "0x7fe93bdc0600"
		 name: "Antenna_01"
		 numVertices: "20"
		 numFaces: "10"
		
		
		name: "FanProtector_L"
		numMeshes: 1
		 addr: "0x7fe91a056a00"
		 name: "FanProtector_L"
		 numVertices: "172"
		 numFaces: "248"
		
		
		name: "FanProtector_R"
		numMeshes: 1
		 addr: "0x7fe91a126200"
		 name: "FanProtector_R"
		 numVertices: "173"
		 numFaces: "248"
		
		
		name: "Propeller"
		numMeshes: 1
		 addr: "0x7fe91a164c00"
		 name: "Propeller"
		 numVertices: "136"
		 numFaces: "68"
		
		
		name: "Antenna_02"
		numMeshes: 1
		 addr: "0x7fe91a169a00"
		 name: "Antenna_02"
		 numVertices: "20"
		 numFaces: "10"
		
		
		name: "Antenna_03"
		numMeshes: 1
		 addr: "0x7fe91a16d000"
		 name: "Antenna_03"
		 numVertices: "20"
		 numFaces: "10"
		
		
		name: "Antenna_04"
		numMeshes: 1
		 addr: "0x7fe91a170600"
		 name: "Antenna_04"
		 numVertices: "20"
		 numFaces: "10"
		
		
		name: "FlyBot_body"
		
			name: "FlyBot_body_03"
			numMeshes: 1
			 addr: "0x7fe91a177600"
			 name: "FlyBot_body_03"
			 numVertices: "81"
			 numFaces: "118"
			
			
			name: "FlyBot_body_02"
			numMeshes: 1
			 addr: "0x7fe91a17ca00"
			 name: "FlyBot_body_02"
			 numVertices: "667"
			 numFaces: "674"
			
			
			name: "FlyBot_body_01"
			numMeshes: 1
			 addr: "0x7fe91a1a5c00"
			 name: "FlyBot_body_01"
			 numVertices: "1452"
			 numFaces: "1902"
			
			

[17:59:37.426177] [Import] [info] (th=87680) File loaded successfully
[17:59:37.426181] [Import] [info] (th=87680) Meshes count: 10
[17:59:37.426182] [Import] [info] (th=87680) Materials count: 1
[17:59:37.426461] [Import] [warning] (th=87680) Texture not found: /Users/oleg/Dropbox/Запросы файлов/MANU-Assets 1.1.0/FlyBot/Textures/T_FlyBot_N.png
[17:59:37.426484] [Import] [info] (th=87680) Textures count (imported): 1
