[20:41:15.182871] [Import] [info] (thread 418604) Importing from /Users/oleg/Downloads/Standing React Death Backward.dae
[20:41:15.219230] [Import] [info] (thread 418604) Imported scene tree:
name: "RootNode"
numMeshes: 1
 addr: "0x7f8dd7e76600"
 name: ""
 numVertices: "1105"
 numFaces: "392"


	name: "world_root"
	
		name: "ManuBoy"
		
			name: "Eye_L"
			
			name: "m_ManuBoy"
			
			name: "m_ManuBoy1"
			
		name: "mixamorig_Hips"
		
			name: "mixamorig_Spine"
			
				name: "mixamorig_Spine1"
				
					name: "mixamorig_Spine2"
					
						name: "mixamorig_Neck"
						
							name: "mixamorig_Head"
							
								name: "mixamorig_HeadTop_End"
								
						name: "mixamorig_LeftShoulder"
						
							name: "mixamorig_LeftArm"
							
								name: "mixamorig_LeftForeArm"
								
									name: "mixamorig_LeftHand"
									
										name: "mixamorig_LeftHandThumb1"
										
											name: "mixamorig_LeftHandThumb2"
											
												name: "mixamorig_LeftHandThumb3"
												
													name: "mixamorig_LeftHandThumb4"
													
										name: "mixamorig_LeftHandIndex1"
										
											name: "mixamorig_LeftHandIndex2"
											
												name: "mixamorig_LeftHandIndex3"
												
													name: "mixamorig_LeftHandIndex4"
													
										name: "mixamorig_LeftHandMiddle1"
										
											name: "mixamorig_LeftHandMiddle2"
											
												name: "mixamorig_LeftHandMiddle3"
												
													name: "mixamorig_LeftHandMiddle4"
													
										name: "mixamorig_LeftHandRing1"
										
											name: "mixamorig_LeftHandRing2"
											
												name: "mixamorig_LeftHandRing3"
												
													name: "mixamorig_LeftHandRing4"
													
										name: "mixamorig_LeftHandPinky1"
										
											name: "mixamorig_LeftHandPinky2"
											
												name: "mixamorig_LeftHandPinky3"
												
													name: "mixamorig_LeftHandPinky4"
													
						name: "mixamorig_RightShoulder"
						
							name: "mixamorig_RightArm"
							
								name: "mixamorig_RightForeArm"
								
									name: "mixamorig_RightHand"
									
										name: "mixamorig_RightHandThumb1"
										
											name: "mixamorig_RightHandThumb2"
											
												name: "mixamorig_RightHandThumb3"
												
													name: "mixamorig_RightHandThumb4"
													
										name: "mixamorig_RightHandIndex1"
										
											name: "mixamorig_RightHandIndex2"
											
												name: "mixamorig_RightHandIndex3"
												
													name: "mixamorig_RightHandIndex4"
													
										name: "mixamorig_RightHandMiddle1"
										
											name: "mixamorig_RightHandMiddle2"
											
												name: "mixamorig_RightHandMiddle3"
												
													name: "mixamorig_RightHandMiddle4"
													
										name: "mixamorig_RightHandRing1"
										
											name: "mixamorig_RightHandRing2"
											
												name: "mixamorig_RightHandRing3"
												
													name: "mixamorig_RightHandRing4"
													
										name: "mixamorig_RightHandPinky1"
										
											name: "mixamorig_RightHandPinky2"
											
												name: "mixamorig_RightHandPinky3"
												
													name: "mixamorig_RightHandPinky4"
													
			name: "mixamorig_LeftUpLeg"
			
				name: "mixamorig_LeftLeg"
				
					name: "mixamorig_LeftFoot"
					
						name: "mixamorig_LeftToeBase"
						
							name: "mixamorig_LeftToe_End"
							
			name: "mixamorig_RightUpLeg"
			
				name: "mixamorig_RightLeg"
				
					name: "mixamorig_RightFoot"
					
						name: "mixamorig_RightToeBase"
						
							name: "mixamorig_RightToe_End"
							

[20:41:15.219355] [Import] [info] (thread 418604) File loaded successfully
[20:41:15.219407] [Import] [info] (thread 418604) Meshes count: 1
[20:41:15.219447] [Import] [info] (thread 418604) Materials count: 1
