[10:31:28.025559] [Import] [info] (thread 19348) Importing from D:\Manu3d\ManuLevel_01\_Work\Optimization\Armature_00.fbx
[10:31:28.027670] [Import] [info] (thread 19348) Imported scene tree:
name: "RootNode"

	name: "Armature_00_00"
	numMeshes: 1
	 addr: "000001BAEF0B1FF0"
	 name: "Armature_00_00"
	 numVertices: "214"
	 numFaces: "144"
	
	

[10:31:28.027742] [Import] [info] (thread 19348) File loaded successfully
[10:31:28.027783] [Import] [info] (thread 19348) Meshes count: 1
[10:31:28.027835] [Import] [info] (thread 19348) Materials count: 1
[10:33:03.681175] [Import] [info] (thread 19348) Importing from D:\Manu3d\ManuLevel_01\_Work\Optimization\Armature_00.fbx
[10:33:03.682785] [Import] [info] (thread 19348) Imported scene tree:
name: "RootNode"

	name: "Armature_00_00"
	numMeshes: 1
	 addr: "000001BAEF0B9F70"
	 name: "Armature_00_00"
	 numVertices: "214"
	 numFaces: "144"
	
	

[10:33:03.682836] [Import] [info] (thread 19348) File loaded successfully
[10:33:03.682869] [Import] [info] (thread 19348) Meshes count: 1
[10:33:03.682902] [Import] [info] (thread 19348) Materials count: 1
[10:34:03.079257] [Import] [info] (thread 19348) Importing from D:\Manu3d\ManuLevel_01\_Work\Optimization\Terrain_02.fbx
[10:34:03.081676] [Import] [info] (thread 19348) Imported scene tree:
name: "RootNode"

	name: "Terrain_03"
	numMeshes: 1
	 addr: "000001BAEF0B2540"
	 name: "Terrain_03"
	 numVertices: "736"
	 numFaces: "1286"
	
	

[10:34:03.081725] [Import] [info] (thread 19348) File loaded successfully
[10:34:03.081760] [Import] [info] (thread 19348) Meshes count: 1
[10:34:03.081793] [Import] [info] (thread 19348) Materials count: 1
[10:40:37.986520] [Import] [info] (thread 19348) Importing from D:\Manu3d\ManuLevel_01\_Work\Optimization\Terrain_01.fbx
[10:40:37.989246] [Import] [info] (thread 19348) Imported scene tree:
name: "RootNode"

	name: "Terrain_05"
	numMeshes: 1
	 addr: "000001BAEF0BAF60"
	 name: "Terrain_05"
	 numVertices: "787"
	 numFaces: "1416"
	
	

[10:40:37.989294] [Import] [info] (thread 19348) File loaded successfully
[10:40:37.989347] [Import] [info] (thread 19348) Meshes count: 1
[10:40:37.989393] [Import] [info] (thread 19348) Materials count: 1
[10:41:37.957748] [Import] [info] (thread 19348) Importing from D:\Manu3d\ManuLevel_01\_Work\Optimization\SM_BigCillinder_00_00.fbx
[10:41:37.973376] [Import] [info] (thread 19348) Imported scene tree:
name: "RootNode"

	name: "BigCillinder_00_00"
	numMeshes: 1
	 addr: "000001BAEF0BA4C0"
	 name: "BigCillinder_00_00"
	 numVertices: "1819"
	 numFaces: "1240"
	
	

[10:41:37.973430] [Import] [info] (thread 19348) File loaded successfully
[10:41:37.973466] [Import] [info] (thread 19348) Meshes count: 1
[10:41:37.973500] [Import] [info] (thread 19348) Materials count: 1
[10:42:07.492676] [Import] [info] (thread 19348) Importing from D:\Manu3d\ManuLevel_01\_Work\Optimization\SM_BigCillinder_00_00.fbx
[10:42:07.495236] [Import] [info] (thread 19348) Imported scene tree:
name: "RootNode"

	name: "BigCillinder_00_00"
	numMeshes: 1
	 addr: "000001BAEF0C09B0"
	 name: "BigCillinder_00_00"
	 numVertices: "1819"
	 numFaces: "1240"
	
	

[10:42:07.495280] [Import] [info] (thread 19348) File loaded successfully
[10:42:07.495422] [Import] [info] (thread 19348) Meshes count: 1
[10:42:07.495461] [Import] [info] (thread 19348) Materials count: 1
[10:42:40.450078] [Import] [info] (thread 19348) Importing from D:\Manu3d\ManuLevel_01\_Work\Optimization\SM_BigCillinder_00_00.fbx
[10:42:40.452679] [Import] [info] (thread 19348) Imported scene tree:
name: "RootNode"

	name: "BigCillinder_00_00"
	numMeshes: 1
	 addr: "000001BAEF0BAA10"
	 name: "BigCillinder_00_00"
	 numVertices: "1819"
	 numFaces: "1240"
	
	

[10:42:40.452775] [Import] [info] (thread 19348) File loaded successfully
[10:42:40.452818] [Import] [info] (thread 19348) Meshes count: 1
[10:42:40.452855] [Import] [info] (thread 19348) Materials count: 1
[10:44:33.241780] [Import] [info] (thread 19348) Importing from D:\Manu3d\ManuLevel_01\_Work\Optimization\SM_CratedBasement_00_00.fbx
[10:44:33.263592] [Import] [info] (thread 19348) Imported scene tree:
name: "RootNode"

	name: "CratesBasement_00_01"
	numMeshes: 1
	 addr: "000001BAEF0BDF30"
	 name: "CratesBasement_00_01"
	 numVertices: "248"
	 numFaces: "116"
	
	

[10:44:33.263687] [Import] [info] (thread 19348) File loaded successfully
[10:44:33.263724] [Import] [info] (thread 19348) Meshes count: 1
[10:44:33.263758] [Import] [info] (thread 19348) Materials count: 1
[10:45:47.591074] [Import] [info] (thread 19348) Importing from D:\Manu3d\ManuLevel_01\_Work\Optimization\SM_Tubes_01.fbx
[10:45:47.593890] [Import] [info] (thread 19348) Imported scene tree:
name: "RootNode"

	name: "Tubes"
	numMeshes: 1
	 addr: "000001BAEF0BE480"
	 name: "Tubes"
	 numVertices: "2479"
	 numFaces: "1554"
	
	

[10:45:47.593943] [Import] [info] (thread 19348) File loaded successfully
[10:45:47.593976] [Import] [info] (thread 19348) Meshes count: 1
[10:45:47.594010] [Import] [info] (thread 19348) Materials count: 1
[10:46:34.420907] [Import] [info] (thread 19348) Importing from D:\Manu3d\ManuLevel_01\_Work\Optimization\SM_StartGround_00.fbx
[10:46:34.422151] [Import] [info] (thread 19348) Imported scene tree:
name: "RootNode"

	name: "transform1"
	numMeshes: 1
	 addr: "000001BAEF0BE9D0"
	 name: "transform1"
	 numVertices: "130"
	 numFaces: "130"
	
	

[10:46:34.422196] [Import] [info] (thread 19348) File loaded successfully
[10:46:34.422230] [Import] [info] (thread 19348) Meshes count: 1
[10:46:34.422266] [Import] [info] (thread 19348) Materials count: 1
[10:48:00.489825] [Import] [info] (thread 19348) Importing from D:\Manu3d\ManuLevel_01\_Work\Optimization\SM_Crater_00.fbx
[10:48:00.491019] [Import] [info] (thread 19348) Imported scene tree:
name: "RootNode"

	name: "Crater_00_01"
	numMeshes: 1
	 addr: "000001BAEF0BBA00"
	 name: "Crater_00_01"
	 numVertices: "119"
	 numFaces: "119"
	
	

[10:48:00.491066] [Import] [info] (thread 19348) File loaded successfully
[10:48:00.491100] [Import] [info] (thread 19348) Meshes count: 1
[10:48:00.491134] [Import] [info] (thread 19348) Materials count: 1
[10:48:27.780540] [Import] [info] (thread 19348) Importing from D:\Manu3d\ManuLevel_01\_Work\Optimization\BG_BigHalo_01.fbx
[10:48:27.781813] [Import] [info] (thread 19348) Imported scene tree:
name: "RootNode"

	name: "clip1"
	numMeshes: 1
	 addr: "000001BAEF0BEF20"
	 name: "clip1"
	 numVertices: "441"
	 numFaces: "350"
	
	

[10:48:27.781858] [Import] [info] (thread 19348) File loaded successfully
[10:48:27.781892] [Import] [info] (thread 19348) Meshes count: 1
[10:48:27.781924] [Import] [info] (thread 19348) Materials count: 1
[10:49:47.050429] [Import] [info] (thread 19348) Importing from D:\Manu3d\ManuLevel_01\_Work\Optimization\SM_Wires_03.fbx
[10:49:47.067469] [Import] [info] (thread 19348) Imported scene tree:
name: "RootNode"

	name: "Wires_03"
	numMeshes: 1
	 addr: "000001BAEF0BC4A0"
	 name: "Wires_03"
	 numVertices: "2060"
	 numFaces: "1616"
	
	

[10:49:47.067528] [Import] [info] (thread 19348) File loaded successfully
[10:49:47.067564] [Import] [info] (thread 19348) Meshes count: 1
[10:49:47.067599] [Import] [info] (thread 19348) Materials count: 1
[10:53:54.047342] [Import] [info] (thread 19348) Importing from D:\Manu3d\ManuLevel_01\_Work\Optimization\SM_Ground_04.fbx
[10:53:54.048739] [Import] [info] (thread 19348) Imported scene tree:
name: "RootNode"

	name: "ground"
	numMeshes: 1
	 addr: "000001BAEF0BCF40"
	 name: "ground"
	 numVertices: "184"
	 numFaces: "312"
	
	

[10:53:54.048782] [Import] [info] (thread 19348) File loaded successfully
[10:53:54.048816] [Import] [info] (thread 19348) Meshes count: 1
[10:53:54.048849] [Import] [info] (thread 19348) Materials count: 1
[10:54:09.579075] [Import] [info] (thread 19348) Importing from D:\Manu3d\ManuLevel_01\_Work\Optimization\SM_Ground_03.fbx
[10:54:09.580200] [Import] [info] (thread 19348) Imported scene tree:
name: "RootNode"

	name: "Ground3"
	numMeshes: 1
	 addr: "000001BAEF0BD490"
	 name: "Ground3"
	 numVertices: "76"
	 numFaces: "104"
	
	

[10:54:09.580246] [Import] [info] (thread 19348) File loaded successfully
[10:54:09.580313] [Import] [info] (thread 19348) Meshes count: 1
[10:54:09.580348] [Import] [info] (thread 19348) Materials count: 1
[10:54:38.274577] [Import] [info] (thread 19348) Importing from D:\Manu3d\ManuLevel_01\_Work\Optimization\SM_Ground_02.fbx
[10:54:38.276227] [Import] [info] (thread 19348) Imported scene tree:
name: "RootNode"

	name: "transform1"
	numMeshes: 1
	 addr: "000001BAEF0BD9E0"
	 name: "transform1"
	 numVertices: "201"
	 numFaces: "142"
	
	

[10:54:38.276281] [Import] [info] (thread 19348) File loaded successfully
[10:54:38.276315] [Import] [info] (thread 19348) Meshes count: 1
[10:54:38.276348] [Import] [info] (thread 19348) Materials count: 1
[10:57:08.058328] [Import] [info] (thread 19348) Importing from D:\Manu3d\ManuLevel_01\_Work\Optimization\SM_Pyramid_01.fbx
[10:57:08.064702] [Import] [info] (thread 19348) Imported scene tree:
name: "RootNode"

	name: "world_root"
	
		name: "PyramidWallPanels_00_00_$AssimpFbx$_RotationPivot"
		
			name: "PyramidWallPanels_00_00_$AssimpFbx$_RotationPivotInverse"
			
				name: "PyramidWallPanels_00_00_$AssimpFbx$_ScalingPivot"
				
					name: "PyramidWallPanels_00_00_$AssimpFbx$_ScalingPivotInverse"
					
						name: "PyramidWallPanels_00_00"
						numMeshes: 1
						 addr: "000001BA9248F2C0"
						 name: "PyramidWallPanels_00_00"
						 numVertices: "3318"
						 numFaces: "2393"
						
						
		name: "PyramidWallLine_00_00_$AssimpFbx$_RotationPivot"
		
			name: "PyramidWallLine_00_00_$AssimpFbx$_RotationPivotInverse"
			
				name: "PyramidWallLine_00_00_$AssimpFbx$_ScalingPivot"
				
					name: "PyramidWallLine_00_00_$AssimpFbx$_ScalingPivotInverse"
					
						name: "PyramidWallLine_00_00"
						numMeshes: 1
						 addr: "000001BAEF0BF9C0"
						 name: "PyramidWallLine_00_00"
						 numVertices: "400"
						 numFaces: "344"
						
						
		name: "PyramidWallLine_00_01_$AssimpFbx$_RotationPivot"
		
			name: "PyramidWallLine_00_01_$AssimpFbx$_RotationPivotInverse"
			
				name: "PyramidWallLine_00_01_$AssimpFbx$_ScalingPivot"
				
					name: "PyramidWallLine_00_01_$AssimpFbx$_ScalingPivotInverse"
					
						name: "PyramidWallLine_00_01"
						numMeshes: 1
						 addr: "000001BB9EBACB00"
						 name: "PyramidWallLine_00_01"
						 numVertices: "224"
						 numFaces: "196"
						
						
		name: "PyramidRoof_$AssimpFbx$_RotationPivot"
		
			name: "PyramidRoof_$AssimpFbx$_RotationPivotInverse"
			
				name: "PyramidRoof_$AssimpFbx$_ScalingPivot"
				
					name: "PyramidRoof_$AssimpFbx$_ScalingPivotInverse"
					
						name: "PyramidRoof"
						numMeshes: 1
						 addr: "000001BB9EBB1AB0"
						 name: "PyramidRoof"
						 numVertices: "34"
						 numFaces: "20"
						
						
		name: "PyramidWall_00_01_$AssimpFbx$_RotationPivot"
		
			name: "PyramidWall_00_01_$AssimpFbx$_RotationPivotInverse"
			
				name: "PyramidWall_00_01_$AssimpFbx$_ScalingPivot"
				
					name: "PyramidWall_00_01_$AssimpFbx$_ScalingPivotInverse"
					
						name: "PyramidWall_00_01"
						numMeshes: 1
						 addr: "000001BB9EBB3A90"
						 name: "PyramidWall_00_01"
						 numVertices: "104"
						 numFaces: "75"
						
						

[10:57:08.064761] [Import] [info] (thread 19348) File loaded successfully
[10:57:08.064795] [Import] [info] (thread 19348) Meshes count: 5
[10:57:08.064829] [Import] [info] (thread 19348) Materials count: 4
[10:57:08.065112] [Import] [warning] (thread 19348) Texture not found: D:\Manu3d\ManuLevel_01\_Work\Optimization\..\..\mLevel1\Level1\tex\TrimBlueMetal_01\TrimBLueMetal_01_BaseColor.png
[10:57:08.065305] [Import] [warning] (thread 19348) Texture not found: C:\Program Files\Autodesk\Maya2018\uvgrid_grey.pic
[10:57:08.065423] [Import] [warning] (thread 19348) Texture not found: D:\Manu3d\ManuLevel_01\_Work\Optimization\..\..\mLevel1\Level1\tex\TrimBlueMetal_01\BLueMetal_01_BaseColor.png
[10:57:08.065503] [Import] [info] (thread 19348) Textures count (imported): 3
[10:58:12.455633] [Import] [info] (thread 19348) Importing from D:\Manu3d\ManuLevel_01\_Work\Optimization\SM_GroundTile_01.fbx
[10:58:12.457795] [Import] [info] (thread 19348) Imported scene tree:
name: "RootNode"

	name: "GroundTileB_01_02s_$AssimpFbx$_RotationPivot"
	
		name: "GroundTileB_01_02s_$AssimpFbx$_RotationPivotInverse"
		
			name: "GroundTileB_01_02s_$AssimpFbx$_ScalingOffset"
			
				name: "GroundTileB_01_02s_$AssimpFbx$_ScalingPivot"
				
					name: "GroundTileB_01_02s_$AssimpFbx$_Scaling"
					
						name: "GroundTileB_01_02s_$AssimpFbx$_ScalingPivotInverse"
						
							name: "GroundTileB_01_02s"
							numMeshes: 1
							 addr: "000001BB9EBB1010"
							 name: "GroundTileB_01_02s"
							 numVertices: "462"
							 numFaces: "360"
							
							

[10:58:12.457851] [Import] [info] (thread 19348) File loaded successfully
[10:58:12.457886] [Import] [info] (thread 19348) Meshes count: 1
[10:58:12.457919] [Import] [info] (thread 19348) Materials count: 1
[10:58:42.894847] [Import] [info] (thread 19348) Importing from D:\Manu3d\ManuLevel_01\_Work\Optimization\SM_PyramidFloor_01.fbx
[10:58:42.895834] [Import] [info] (thread 19348) Imported scene tree:
name: "RootNode"

	name: "PyramidFloor_01"
	numMeshes: 1
	 addr: "000001BB9EBB3FE0"
	 name: "PyramidFloor_01"
	 numVertices: "4"
	 numFaces: "2"
	
	

[10:58:42.895877] [Import] [info] (thread 19348) File loaded successfully
[10:58:42.895911] [Import] [info] (thread 19348) Meshes count: 1
[10:58:42.895943] [Import] [info] (thread 19348) Materials count: 1
[11:00:43.779231] [Import] [info] (thread 19348) Importing from D:\Manu3d\ManuLevel_01\_Work\Optimization\SM_Platform_00.fbx
[11:00:43.780637] [Import] [info] (thread 19348) Imported scene tree:
name: "RootNode"

	name: "Platform_00_00"
	numMeshes: 1
	 addr: "000001BB9EBAC5B0"
	 name: "Platform_00_00"
	 numVertices: "456"
	 numFaces: "228"
	
	

[11:00:43.780684] [Import] [info] (thread 19348) File loaded successfully
[11:00:43.780720] [Import] [info] (thread 19348) Meshes count: 1
[11:00:43.780756] [Import] [info] (thread 19348) Materials count: 1
[11:01:21.925428] [Import] [info] (thread 19348) Importing from D:\Manu3d\ManuLevel_01\_Work\Optimization\SM_EngineProp_00.fbx
[11:01:21.927382] [Import] [info] (thread 19348) Imported scene tree:
name: "RootNode"

	name: "Engine_00_00"
	numMeshes: 1
	 addr: "000001BB9EBB4530"
	 name: "Engine_00_00"
	 numVertices: "682"
	 numFaces: "496"
	
	

[11:01:21.927498] [Import] [info] (thread 19348) File loaded successfully
[11:01:21.927533] [Import] [info] (thread 19348) Meshes count: 1
[11:01:21.927567] [Import] [info] (thread 19348) Materials count: 1
[11:08:03.980442] [Import] [info] (thread 19348) Importing from D:\Manu3d\ManuLevel_01\_Work\Optimization\SM_VerticalRocket_Frame.fbx
[11:08:03.983001] [Import] [info] (thread 19348) Imported scene tree:
name: "RootNode"

	name: "VerticalRocket_01"
	numMeshes: 2
	 addr: "000001BB9EBAD050"
	 name: "VerticalRocket_01"
	 numVertices: "1125"
	 numFaces: "852"
	
	 addr: "000001BB9EBB4FD0"
	 name: "VerticalRocket_01"
	 numVertices: "23"
	 numFaces: "12"
	
	

[11:08:03.983050] [Import] [info] (thread 19348) File loaded successfully
[11:08:03.983084] [Import] [info] (thread 19348) Meshes count: 2
[11:08:03.983117] [Import] [info] (thread 19348) Materials count: 2
[11:08:03.983367] [Import] [info] (thread 19348) Textures count (imported): 2
[11:09:34.912083] [Import] [info] (thread 19348) Importing from D:\Manu3d\ManuLevel_01\_Work\Optimization\SM_VerticalRocket_Frame.fbx
[11:09:34.914394] [Import] [info] (thread 19348) Imported scene tree:
name: "RootNode"

	name: "VerticalRocket_01"
	numMeshes: 1
	 addr: "000001BB9EBB0020"
	 name: "VerticalRocket_01"
	 numVertices: "1148"
	 numFaces: "864"
	
	

[11:09:34.914446] [Import] [info] (thread 19348) File loaded successfully
[11:09:34.914483] [Import] [info] (thread 19348) Meshes count: 1
[11:09:34.914519] [Import] [info] (thread 19348) Materials count: 1
[11:09:34.914605] [Import] [info] (thread 19348) Textures count (imported): 0
[11:26:12.515440] [Import] [info] (thread 19348) Importing from D:\Manu3d\ManuLevel_01\_Work\Optimization\SM_Wire_01.fbx
[11:26:12.517482] [Import] [info] (thread 19348) Imported scene tree:
name: "RootNode"

	name: "wire_00_00"
	numMeshes: 1
	 addr: "000001BB9EBAC060"
	 name: "wire_00_00"
	 numVertices: "850"
	 numFaces: "560"
	
	

[11:26:12.517566] [Import] [info] (thread 19348) File loaded successfully
[11:26:12.517605] [Import] [info] (thread 19348) Meshes count: 1
[11:26:12.517641] [Import] [info] (thread 19348) Materials count: 1
[11:28:14.985805] [Import] [info] (thread 19348) Importing from D:\Manu3d\ManuLevel_01\_Work\Optimization\SM_Wire_02.fbx
[11:28:14.987584] [Import] [info] (thread 19348) Imported scene tree:
name: "RootNode"

	name: "wire_00_02"
	numMeshes: 1
	 addr: "000001BB9EBBAA20"
	 name: "wire_00_02"
	 numVertices: "734"
	 numFaces: "868"
	
	

[11:28:14.987637] [Import] [info] (thread 19348) File loaded successfully
[11:28:14.987671] [Import] [info] (thread 19348) Meshes count: 1
[11:28:14.987707] [Import] [info] (thread 19348) Materials count: 1
[11:39:47.899881] [Import] [info] (thread 19348) Importing from D:\Manu3d\ManuLevel_01\_Work\Optimization\SM_GroundTile_Big_01.fbx
[11:39:47.902040] [Import] [info] (thread 19348) Imported scene tree:
name: "RootNode"

	name: "GroundTile_Big_01"
	numMeshes: 1
	 addr: "000001BB9EBB5520"
	 name: "GroundTile_Big_01"
	 numVertices: "1584"
	 numFaces: "936"
	
	

[11:39:47.902085] [Import] [info] (thread 19348) File loaded successfully
[11:39:47.902119] [Import] [info] (thread 19348) Meshes count: 1
[11:39:47.902152] [Import] [info] (thread 19348) Materials count: 1
[11:39:47.902329] [Import] [info] (thread 19348) Textures count (imported): 2
[11:49:41.191331] [Import] [info] (thread 19348) Importing from D:\Manu3d\ManuLevel_01\_Work\Optimization\SM_GroundTile_Big_01.fbx
[11:49:41.193882] [Import] [info] (thread 19348) Imported scene tree:
name: "RootNode"

	name: "GroundTile_Big_01"
	numMeshes: 1
	 addr: "000001BB9EBB5FC0"
	 name: "GroundTile_Big_01"
	 numVertices: "1584"
	 numFaces: "936"
	
	

[11:49:41.193932] [Import] [info] (thread 19348) File loaded successfully
[11:49:41.193966] [Import] [info] (thread 19348) Meshes count: 1
[11:49:41.193998] [Import] [info] (thread 19348) Materials count: 1
[11:49:41.194185] [Import] [info] (thread 19348) Textures count (imported): 2
[11:50:55.720689] [Import] [info] (thread 19348) Importing from D:\Manu3d\ManuLevel_01\_Work\Optimization\SM_GroundTile_Big_01.fbx
[11:50:55.723060] [Import] [info] (thread 19348) Imported scene tree:
name: "RootNode"

	name: "GroundTile_Big_01"
	numMeshes: 1
	 addr: "000001BB9EBB9F80"
	 name: "GroundTile_Big_01"
	 numVertices: "1584"
	 numFaces: "936"
	
	

[11:50:55.723106] [Import] [info] (thread 19348) File loaded successfully
[11:50:55.723140] [Import] [info] (thread 19348) Meshes count: 1
[11:50:55.723174] [Import] [info] (thread 19348) Materials count: 1
[11:50:55.723356] [Import] [info] (thread 19348) Textures count (imported): 2
[12:59:35.340876] [Import] [info] (thread 19348) Importing from D:\Manu3d\ManuLevel_01\_Work\Optimization\SM_GroundTile_Big_01.fbx
[12:59:35.343910] [Import] [info] (thread 19348) Imported scene tree:
name: "RootNode"

	name: "GroundTile_Big_01"
	numMeshes: 2
	 addr: "000001BB9EBB2550"
	 name: "GroundTile_Big_01"
	 numVertices: "432"
	 numFaces: "360"
	
	 addr: "000001BB9EBB2000"
	 name: "GroundTile_Big_01"
	 numVertices: "1152"
	 numFaces: "576"
	
	

[12:59:35.344066] [Import] [info] (thread 19348) File loaded successfully
[12:59:35.344103] [Import] [info] (thread 19348) Meshes count: 2
[12:59:35.344136] [Import] [info] (thread 19348) Materials count: 2
[12:59:35.344472] [Import] [error] (thread 19348) Can't find mesh for replace.
[12:59:43.146983] [Import] [info] (thread 19348) Importing from D:\Manu3d\ManuLevel_01\_Work\Optimization\SM_GroundTile_Big_01.fbx
[12:59:43.149261] [Import] [info] (thread 19348) Imported scene tree:
name: "RootNode"

	name: "GroundTile_Big_01"
	numMeshes: 2
	 addr: "000001BB9EBAE040"
	 name: "GroundTile_Big_01"
	 numVertices: "432"
	 numFaces: "360"
	
	 addr: "000001BB9EBAFAD0"
	 name: "GroundTile_Big_01"
	 numVertices: "1152"
	 numFaces: "576"
	
	

[12:59:43.149307] [Import] [info] (thread 19348) File loaded successfully
[12:59:43.149343] [Import] [info] (thread 19348) Meshes count: 2
[12:59:43.149377] [Import] [info] (thread 19348) Materials count: 2
[12:59:43.149585] [Import] [info] (thread 19348) Textures count (imported): 2
[13:50:57.494694] [Import] [info] (thread 19348) Importing from D:\Manu3d\ManuLevel_01\_Work\prp_Plus\Minus_00.fbx
[13:50:57.497702] [Import] [info] (thread 19348) Imported scene tree:
name: "RootNode"

	name: "fuse1"
	numMeshes: 1
	 addr: "000001BB9EBBBA10"
	 name: "fuse1"
	 numVertices: "377"
	 numFaces: "354"
	
	

[13:50:57.497757] [Import] [info] (thread 19348) File loaded successfully
[13:50:57.497796] [Import] [info] (thread 19348) Meshes count: 1
[13:50:57.497830] [Import] [info] (thread 19348) Materials count: 1
[13:50:57.497926] [Import] [info] (thread 19348) Textures count (imported): 0
[13:52:08.223285] [Import] [info] (thread 19348) Importing from D:\Manu3d\ManuLevel_01\_Work\prp_Plus\Plus_00.fbx
[13:52:08.227416] [Import] [info] (thread 19348) Imported scene tree:
name: "RootNode"

	name: "fuse1"
	numMeshes: 1
	 addr: "000001BB9EBAF580"
	 name: "fuse1"
	 numVertices: "529"
	 numFaces: "480"
	
	

[13:52:08.227474] [Import] [info] (thread 19348) File loaded successfully
[13:52:08.227511] [Import] [info] (thread 19348) Meshes count: 1
[13:52:08.227550] [Import] [info] (thread 19348) Materials count: 1
[13:52:08.227636] [Import] [info] (thread 19348) Textures count (imported): 0
