[09:50:06.301370] [Import] [info] (th=11205) Importing from /Users/oleg/Dropbox/Запросы файлов/MANU-Assets 1.1.0/prp_Pyramid/Pyramid_front.fbx
[09:50:06.305956] [Import] [info] (th=11205) Imported scene tree:
name: "RootNode"

	name: "Plane.003"
	numMeshes: 1
	 addr: "0x7fa09371fc00"
	 name: "Plane.003"
	 numVertices: "570"
	 numFaces: "472"
	
	
	name: "Plane.004"
	numMeshes: 1
	 addr: "0x7fa031da0e00"
	 name: "Plane.007"
	 numVertices: "570"
	 numFaces: "472"
	
	
	name: "Plane.005"
	numMeshes: 1
	 addr: "0x7fa031dc0c00"
	 name: "Plane.005"
	 numVertices: "441"
	 numFaces: "246"
	
	

[09:50:06.305967] [Import] [info] (th=11205) File loaded successfully
[09:50:06.305971] [Import] [info] (th=11205) Meshes count: 3
[09:50:06.305976] [Import] [info] (th=11205) Materials count: 1
[09:50:06.306006] [Import] [error] (th=11205) Can't find mesh for replace.
[09:50:15.162281] [Import] [info] (th=11205) Importing from /Users/oleg/Dropbox/Запросы файлов/MANU-Assets 1.1.0/prp_Pyramid/Pyramid_front.fbx
[09:50:15.166191] [Import] [info] (th=11205) Imported scene tree:
name: "RootNode"

	name: "Plane.003"
	numMeshes: 1
	 addr: "0x7fa034d66200"
	 name: "Plane.003"
	 numVertices: "570"
	 numFaces: "472"
	
	
	name: "Plane.004"
	numMeshes: 1
	 addr: "0x7fa0271ce600"
	 name: "Plane.007"
	 numVertices: "570"
	 numFaces: "472"
	
	
	name: "Plane.005"
	numMeshes: 1
	 addr: "0x7fa092f92e00"
	 name: "Plane.005"
	 numVertices: "441"
	 numFaces: "246"
	
	

[09:50:15.166202] [Import] [info] (th=11205) File loaded successfully
[09:50:15.166205] [Import] [info] (th=11205) Meshes count: 3
[09:50:15.166207] [Import] [info] (th=11205) Materials count: 1
[09:50:15.166236] [Import] [error] (th=11205) Can't find mesh for replace.
[09:50:32.868332] [Import] [info] (th=11205) Importing from /Users/oleg/Dropbox/Запросы файлов/MANU-Assets 1.1.0/prp_Pyramid/Pyramid_front.fbx
[09:50:32.872742] [Import] [info] (th=11205) Imported scene tree:
name: "RootNode"

	name: "Plane.003"
	numMeshes: 1
	 addr: "0x7fa035029400"
	 name: "Plane.003"
	 numVertices: "570"
	 numFaces: "472"
	
	
	name: "Plane.004"
	numMeshes: 1
	 addr: "0x7fa0354f0600"
	 name: "Plane.007"
	 numVertices: "570"
	 numFaces: "472"
	
	
	name: "Plane.005"
	numMeshes: 1
	 addr: "0x7fa0357d2400"
	 name: "Plane.005"
	 numVertices: "441"
	 numFaces: "246"
	
	

[09:50:32.872754] [Import] [info] (th=11205) File loaded successfully
[09:50:32.872757] [Import] [info] (th=11205) Meshes count: 3
[09:50:32.872762] [Import] [info] (th=11205) Materials count: 1
[09:50:32.873147] [Import] [info] (th=11205) Textures count (imported): 2
[10:18:22.385998] [Import] [info] (th=11205) Importing from /Users/oleg/Dropbox/Запросы файлов/MANU-Assets 1.1.0/prp_Pyramid/Pyramid_front.fbx
[10:18:22.389085] [Import] [info] (th=11205) Imported scene tree:
name: "RootNode"

	name: "Plane.003"
	numMeshes: 1
	 addr: "0x7fa001d1b600"
	 name: "Plane.004"
	 numVertices: "658"
	 numFaces: "544"
	
	
	name: "Plane.004"
	numMeshes: 1
	 addr: "0x7f9fe7110200"
	 name: "Plane.006"
	 numVertices: "658"
	 numFaces: "544"
	
	
	name: "Plane.005"
	numMeshes: 1
	 addr: "0x7fa02761ee00"
	 name: "Plane.008"
	 numVertices: "499"
	 numFaces: "276"
	
	

[10:18:22.389093] [Import] [info] (th=11205) File loaded successfully
[10:18:22.389095] [Import] [info] (th=11205) Meshes count: 3
[10:18:22.389096] [Import] [info] (th=11205) Materials count: 1
[10:18:22.389271] [Import] [info] (th=11205) Textures count (imported): 2
