[16:09:53.690543] [Import] [info] (th=200432) Log level for 'Import' set to 'info'
[16:09:53.690568] [Import] [info] (th=200432) Importing from /Users/oleg/Dropbox/Запросы файлов/MANU-Assets 1.1.0/Ship/Ship_Fixed_and_Interior/Ship_interior.fbx
[16:09:53.692655] [Import] [info] (th=200432) Imported scene tree:
name: "RootNode"

	name: "Ship_interior"
	numMeshes: 1
	 addr: "0x7ffb3a665400"
	 name: "Mesh.008"
	 numVertices: "278"
	 numFaces: "270"
	
	

[16:09:53.692665] [Import] [info] (th=200432) File loaded successfully
[16:09:53.692668] [Import] [info] (th=200432) Meshes count: 1
[16:09:53.692669] [Import] [info] (th=200432) Materials count: 1
[16:11:38.695431] [Import] [info] (th=200432) Importing from /Users/oleg/Dropbox/Запросы файлов/MANU-Assets 1.1.0/Ship/Ship_Fixed_and_Interior/Ship_interior.fbx
[16:11:38.697047] [Import] [info] (th=200432) Imported scene tree:
name: "RootNode"

	name: "Ship_interior"
	numMeshes: 1
	 addr: "0x7ffc09918800"
	 name: "Mesh.008"
	 numVertices: "278"
	 numFaces: "270"
	
	

[16:11:38.697062] [Import] [info] (th=200432) File loaded successfully
[16:11:38.697064] [Import] [info] (th=200432) Meshes count: 1
[16:11:38.697066] [Import] [info] (th=200432) Materials count: 1
