[22:17:00.171274] [Import] [info] (thread 6448) Importing from /Users/oleg/Dropbox/Запросы файлов/MANU-Assets 1.1.0/prp_HealthKit/HealthKit_01.fbx
[22:17:00.173937] [Import] [info] (thread 6448) Imported scene tree:
name: "RootNode"

	name: "HealthKit_01"
	numMeshes: 1
	 addr: "0x7f93779e5e00"
	 name: "HealthKit_01"
	 numVertices: "206"
	 numFaces: "160"
	
	

[22:17:00.173972] [Import] [info] (thread 6448) File loaded successfully
[22:17:00.173993] [Import] [info] (thread 6448) Meshes count: 1
[22:17:00.174011] [Import] [info] (thread 6448) Materials count: 1
[22:17:00.174135] [Import] [info] (thread 6448) Textures count (imported): 0
[23:13:35.791175] [Import] [info] (thread 6448) Importing from /Users/oleg/Dropbox/Запросы файлов/MANU-Assets 1.1.0/prp_Teleport/Teleport_00.fbx
[23:13:35.796271] [Import] [info] (thread 6448) Imported scene tree:
name: "RootNode"

	name: "DM_Teleport_00"
	
		name: "Teleport"
		numMeshes: 1
		 addr: "0x7f93f7255e00"
		 name: "Teleport"
		 numVertices: "853"
		 numFaces: "559"
		
		
		name: "TeleportPlanes"
		numMeshes: 1
		 addr: "0x7f93b224a400"
		 name: "TeleportPlanes"
		 numVertices: "228"
		 numFaces: "132"
		
		
		name: "Fx_$AssimpFbx$_RotationPivot"
		
			name: "Fx_$AssimpFbx$_RotationPivotInverse"
			
				name: "Fx_$AssimpFbx$_ScalingPivot"
				
					name: "Fx_$AssimpFbx$_ScalingPivotInverse"
					
						name: "Fx"
						numMeshes: 1
						 addr: "0x7f93b22dee00"
						 name: "Fx"
						 numVertices: "63"
						 numFaces: "80"
						
						
		name: "TeleportTorus2"
		numMeshes: 1
		 addr: "0x7f93b229aa00"
		 name: "TeleportTorus2"
		 numVertices: "85"
		 numFaces: "128"
		
		
		name: "TeleportTorus1"
		numMeshes: 1
		 addr: "0x7f93f767c200"
		 name: "TeleportTorus1"
		 numVertices: "85"
		 numFaces: "128"
		
		
		name: "TeleportTorus"
		numMeshes: 1
		 addr: "0x7f93f766fe00"
		 name: "TeleportTorus"
		 numVertices: "85"
		 numFaces: "128"
		
		

[23:13:35.796306] [Import] [info] (thread 6448) File loaded successfully
[23:13:35.796323] [Import] [info] (thread 6448) Meshes count: 6
[23:13:35.796338] [Import] [info] (thread 6448) Materials count: 2
[23:13:35.796461] [Import] [warning] (thread 6448) Texture not found: /Users/oleg/Dropbox/Запросы файлов/MANU-Assets 1.1.0/prp_Teleport/../../mLevel1/Level1/tex/TrimBlueMetal_01/TrimBLueMetal_02_D.png
[23:13:35.796527] [Import] [warning] (thread 6448) Texture not found: /Users/oleg/Dropbox/Запросы файлов/MANU-Assets 1.1.0/prp_Teleport/../../mLevel1/Level1/tex/TrimBlueMetal_01/TrimBLueMetal_01_N.png
[23:13:35.796580] [Import] [info] (thread 6448) Textures count (imported): 0
