[20:31:20.914851] [Import] [info] (th=1794047) Log level for 'Import' set to 'info'
[20:31:20.914912] [Import] [info] (th=1794047) Importing from /Users/sergey/Downloads/Fabric_ani_Sim4_baking_ani.fbx
[20:31:20.942120] [Import] [info] (th=1794047) Imported scene tree:
name: "RootNode"

	name: "Fabric_Armature"
	
		name: "Root"
		
			name: "B01"
			
			name: "B02"
			
			name: "B06"
			
			name: "B03"
			
			name: "B04"
			
			name: "B05"
			
			name: "B07"
			
			name: "B08"
			
			name: "B09"
			
			name: "B12"
			
			name: "B11"
			
			name: "B10"
			
			name: "B13"
			
			name: "B14"
			
			name: "B15"
			
			name: "B17"
			
			name: "B18"
			
			name: "B16"
			
			name: "B21"
			
			name: "B19"
			
			name: "B20"
			
			name: "B22"
			
			name: "B23"
			
			name: "B24"
			
			name: "B25"
			
			name: "B26"
			
			name: "B27"
			
	name: "SM_Fabric_03.002"
	numMeshes: 1
	 addr: "0x7fbc29aaa600"
	 name: "Mesh.002"
	 numVertices: "1170"
	 numFaces: "2123"
	
	

[20:31:20.942137] [Import] [info] (th=1794047) File loaded successfully
[20:31:20.942146] [Import] [info] (th=1794047) Meshes count: 1
[20:31:20.942147] [Import] [info] (th=1794047) Materials count: 1
[20:31:20.942354] [Import] [warning] (th=1794047) Texture not found: /Users/sergey/Downloads/prp_Fabric_textures/T_Fabric_03_D.png
[20:31:20.942401] [Import] [warning] (th=1794047) Texture not found: /Users/sergey/Downloads/prp_Fabric_textures/T_Fabric_03_N.png
[20:31:20.942425] [Import] [info] (th=1794047) Textures count (imported): 0
[21:20:51.496048] [Import] [info] (th=1794047) Importing from /Users/sergey/Downloads/prp_Tile/Terrain_01_RE.fbx
[21:20:51.523142] [Import] [info] (th=1794047) Imported scene tree:
name: "RootNode"

	name: "Terrain_06"
	numMeshes: 1
	 addr: "0x7fbc4792b400"
	 name: "Mesh"
	 numVertices: "4277"
	 numFaces: "8160"
	
	

[21:20:51.523155] [Import] [info] (th=1794047) File loaded successfully
[21:20:51.523158] [Import] [info] (th=1794047) Meshes count: 1
[21:20:51.523159] [Import] [info] (th=1794047) Materials count: 1
[21:20:51.523283] [Import] [warning] (th=1794047) Texture not found: /Users/sergey/Downloads/prp_Tile/C:/Users/Grigorii/Dropbox/MANU-Assets/TrimTileTextures_01/Sand_D.png
[21:20:51.523314] [Import] [warning] (th=1794047) Texture not found: /Users/sergey/Downloads/prp_Tile/C:/Users/Grigorii/Dropbox/MANU-Assets/TrimTileTextures_01/Sand_N.png
[21:20:51.523327] [Import] [info] (th=1794047) Textures count (imported): 0
[21:22:44.994237] [Import] [info] (th=1794047) Importing from /Users/sergey/Downloads/prp_Tile/Terrain_02_RE.fbx
[21:22:45.013933] [Import] [info] (th=1794047) Imported scene tree:
name: "RootNode"

	name: "Terrain_07"
	numMeshes: 1
	 addr: "0x7fbc47a79400"
	 name: "Mesh.001"
	 numVertices: "2719"
	 numFaces: "5125"
	
	

[21:22:45.013945] [Import] [info] (th=1794047) File loaded successfully
[21:22:45.013947] [Import] [info] (th=1794047) Meshes count: 1
[21:22:45.013949] [Import] [info] (th=1794047) Materials count: 1
[21:22:45.014041] [Import] [warning] (th=1794047) Texture not found: /Users/sergey/Downloads/prp_Tile/C:/Users/Grigorii/Dropbox/MANU-Assets/TrimTileTextures_01/Sand_D.png
[21:22:45.014071] [Import] [warning] (th=1794047) Texture not found: /Users/sergey/Downloads/prp_Tile/C:/Users/Grigorii/Dropbox/MANU-Assets/TrimTileTextures_01/Sand_N.png
[21:22:45.014082] [Import] [info] (th=1794047) Textures count (imported): 0
