[09:00:15.652352] [Import] [info] (thread 839557) Importing from /Users/oleg/Dropbox/Запросы файлов/MANU-Assets 1.1.0/EV8_Robot/RobotEV3_01.dae
[09:00:15.789062] [Import] [info] (thread 839557) Imported scene tree:
name: "Robot_01_fixed_03"

	name: "world_root"
	
		name: "RobotEV_01"
		
			name: "Body"
			numMeshes: 1
			 addr: "0x7f84d298c200"
			 name: "BodyMesh"
			 numVertices: "1173"
			 numFaces: "1512"
			
			
			name: "Engine_L"
			numMeshes: 1
			 addr: "0x7f84d2994400"
			 name: "Engine_LMesh"
			 numVertices: "3412"
			 numFaces: "3686"
			
			
			name: "Engine_R"
			numMeshes: 1
			 addr: "0x7f84d2996600"
			 name: "Engine_RMesh"
			 numVertices: "3412"
			 numFaces: "3686"
			
			
			name: "TopArmMain"
			numMeshes: 1
			 addr: "0x7f84d2998800"
			 name: "TopArmMainMesh"
			 numVertices: "2877"
			 numFaces: "3380"
			
			
			name: "Cable_01"
			numMeshes: 1
			 addr: "0x7f84d299aa00"
			 name: "Cable_01Mesh"
			 numVertices: "4381"
			 numFaces: "5820"
			
			
			name: "BodyDetails"
			numMeshes: 1
			 addr: "0x7f84d299cc00"
			 name: "BodyDetailsMesh"
			 numVertices: "3298"
			 numFaces: "3052"
			
			
			name: "b_TopRotate"
			
				name: "TopRotate"
				numMeshes: 1
				 addr: "0x7f84d29a0a00"
				 name: "TopRotateMesh"
				 numVertices: "7169"
				 numFaces: "7872"
				
				
			name: "b_wheel_l_01"
			
				name: "Wheel_L_Main"
				numMeshes: 1
				 addr: "0x7f84d29a4800"
				 name: "Wheel_L_MainMesh"
				 numVertices: "2575"
				 numFaces: "2918"
				
				
			name: "b_wheel_l_02"
			
				name: "Wheel_L_Front"
				numMeshes: 1
				 addr: "0x7f84d29a8600"
				 name: "Wheel_L_FrontMesh"
				 numVertices: "2575"
				 numFaces: "2918"
				
				
			name: "b_wheel_l_03"
			
				name: "Wheel_L_Back"
				numMeshes: 1
				 addr: "0x7f84d29ac400"
				 name: "Wheel_L_BackMesh"
				 numVertices: "2575"
				 numFaces: "2918"
				
				
			name: "b_wheel_r_01"
			
				name: "Wheel_R_Front"
				numMeshes: 1
				 addr: "0x7f84d29b0200"
				 name: "Wheel_R_FrontMesh"
				 numVertices: "2576"
				 numFaces: "2918"
				
				
			name: "b_wheel_r_02"
			
				name: "Wheel_R_Main"
				numMeshes: 1
				 addr: "0x7f84d29b4000"
				 name: "Wheel_R_MainMesh"
				 numVertices: "2576"
				 numFaces: "2918"
				
				
			name: "b_wheel_r_03"
			
				name: "Wheel_R_Back"
				numMeshes: 1
				 addr: "0x7f84d29b7e00"
				 name: "Wheel_R_BackMesh"
				 numVertices: "2576"
				 numFaces: "2918"
				
				
		name: "TrackRig_L"
		
			name: "TrackMesh"
			numMeshes: 1
			 addr: "0x7f84d29bbc00"
			 name: "TrackMeshMesh"
			 numVertices: "4760"
			 numFaces: "5871"
			
			
			name: "up"
			
			name: "Look"
			
			name: "track_root1"
			
				name: "track_bone1"
				
					name: "track_bone2"
					
						name: "track_bone3"
						
							name: "track_bone4"
							
								name: "track_bone5"
								
									name: "track_bone6"
									
										name: "track_bone7"
										
											name: "track_bone8"
											
												name: "track_bone9"
												
													name: "track_bone10"
													
														name: "track_bone11"
														
															name: "track_bone12"
															
																name: "track_bone13"
																
																	name: "track_bone14"
																	
																		name: "track_bone15"
																		
																			name: "track_bone16"
																			
																				name: "track_bone17"
																				
																					name: "track_bone18"
																					
																						name: "track_bone19"
																						
																							name: "track_bone20"
																							
																								name: "track_bone21"
																								
																									name: "track_bone22"
																									
																										name: "track_bone23"
																										
																											name: "track_bone24"
																											
																												name: "track_bone25"
																												
																													name: "track_bone26"
																													
																														name: "track_bone27"
																														
																															name: "track_bone28"
																															
																																name: "track_bone29"
																																
																																	name: "track_bone30"
																																	
																																		name: "track_bone30_end_effector"
																																		
		name: "TrackRig_R"
		
			name: "TrackMesh_ncl1_1"
			numMeshes: 1
			 addr: "0x7f84d2a36e00"
			 name: "TrackMesh_ncl1_1Mesh"
			 numVertices: "4772"
			 numFaces: "5870"
			
			
			name: "up_ncl1_1"
			
			name: "Look_ncl1_1"
			
			name: "track_root1_ncl1_1"
			
				name: "track_bone_R1"
				
					name: "track_bone_R2"
					
						name: "track_bone_R3"
						
							name: "track_bone_R4"
							
								name: "track_bone_R5"
								
									name: "track_bone_R6"
									
										name: "track_bone_R7"
										
											name: "track_bone_R8"
											
												name: "track_bone_R9"
												
													name: "track_bone_R10"
													
														name: "track_bone_R11"
														
															name: "track_bone_R12"
															
																name: "track_bone_R13"
																
																	name: "track_bone_R14"
																	
																		name: "track_bone_R15"
																		
																			name: "track_bone_R16"
																			
																				name: "track_bone_R17"
																				
																					name: "track_bone_R18"
																					
																						name: "track_bone_R19"
																						
																							name: "track_bone_R20"
																							
																								name: "track_bone_R21"
																								
																									name: "track_bone_R22"
																									
																										name: "track_bone_R23"
																										
																											name: "track_bone_R24"
																											
																												name: "track_bone_R25"
																												
																													name: "track_bone_R26"
																													
																														name: "track_bone_R27"
																														
																															name: "track_bone_R28"
																															
																																name: "track_bone_R29"
																																
																																	name: "track_bone_R30"
																																	
																																		name: "track_bone_R30_end_effector"
																																		

[09:00:15.789132] [Import] [info] (thread 839557) File loaded successfully
[09:00:15.789143] [Import] [info] (thread 839557) Meshes count: 15
[09:00:15.789151] [Import] [info] (thread 839557) Materials count: 8
[09:00:15.789312] [Import] [warning] (thread 839557) Texture not found: /Users/oleg/Dropbox/Запросы файлов/MANU-Assets 1.1.0/EV8_Robot/D:/Manu3d/EV3_Robot/Textures/Export/M_Cables_D.png
[09:00:15.789382] [Import] [warning] (thread 839557) Texture not found: /Users/oleg/Dropbox/Запросы файлов/MANU-Assets 1.1.0/EV8_Robot/D:/Manu3d/EV3_Robot/Textures/Export/M_Engine_D.png
[09:00:15.789444] [Import] [warning] (thread 839557) Texture not found: /Users/oleg/Dropbox/Запросы файлов/MANU-Assets 1.1.0/EV8_Robot/D:/Manu3d/EV3_Robot/Textures/Export/M_TopArm_D.png
[09:00:15.789511] [Import] [warning] (thread 839557) Texture not found: /Users/oleg/Dropbox/Запросы файлов/MANU-Assets 1.1.0/EV8_Robot/D:/Manu3d/EV3_Robot/Textures/Export/M_TopArmEngine_D.png
[09:00:15.789582] [Import] [warning] (thread 839557) Texture not found: /Users/oleg/Dropbox/Запросы файлов/MANU-Assets 1.1.0/EV8_Robot/D:/Manu3d/EV3_Robot/Textures/Export/M_Track_D.png
[09:00:15.789651] [Import] [warning] (thread 839557) Texture not found: /Users/oleg/Dropbox/Запросы файлов/MANU-Assets 1.1.0/EV8_Robot/D:/Manu3d/EV3_Robot/Textures/Export/M_Wheel_D.png
[09:00:15.789722] [Import] [warning] (thread 839557) Texture not found: /Users/oleg/Dropbox/Запросы файлов/MANU-Assets 1.1.0/EV8_Robot/D:/Manu3d/EV3_Robot/Textures/Export/M_body_D.png
[09:00:15.789794] [Import] [warning] (thread 839557) Texture not found: /Users/oleg/Dropbox/Запросы файлов/MANU-Assets 1.1.0/EV8_Robot/D:/Manu3d/EV3_Robot/Textures/Export/M_bodyDetail_D.png
[09:00:15.789816] [Import] [info] (thread 839557) Textures count (imported): 0
[09:06:41.703567] [Import] [info] (thread 839557) Importing from /Users/oleg/Dropbox/Запросы файлов/MANU-Assets 1.1.0/EV8_Robot/RobotEV3_01.dae
[09:06:41.832683] [Import] [info] (thread 839557) Imported scene tree:
name: "Robot_01_fixed_03"

	name: "world_root"
	
		name: "RobotEV_01"
		
			name: "Body"
			numMeshes: 1
			 addr: "0x7f84d7041000"
			 name: "BodyMesh"
			 numVertices: "1173"
			 numFaces: "1512"
			
			
			name: "Engine_L"
			numMeshes: 1
			 addr: "0x7f84d7493400"
			 name: "Engine_LMesh"
			 numVertices: "3412"
			 numFaces: "3686"
			
			
			name: "Engine_R"
			numMeshes: 1
			 addr: "0x7f84d77c6800"
			 name: "Engine_RMesh"
			 numVertices: "3412"
			 numFaces: "3686"
			
			
			name: "TopArmMain"
			numMeshes: 1
			 addr: "0x7f85845ee600"
			 name: "TopArmMainMesh"
			 numVertices: "2877"
			 numFaces: "3380"
			
			
			name: "Cable_01"
			numMeshes: 1
			 addr: "0x7f84d7201600"
			 name: "Cable_01Mesh"
			 numVertices: "4381"
			 numFaces: "5820"
			
			
			name: "BodyDetails"
			numMeshes: 1
			 addr: "0x7f85846cc800"
			 name: "BodyDetailsMesh"
			 numVertices: "3298"
			 numFaces: "3052"
			
			
			name: "b_TopRotate"
			
				name: "TopRotate"
				numMeshes: 1
				 addr: "0x7f84d77dc400"
				 name: "TopRotateMesh"
				 numVertices: "7169"
				 numFaces: "7872"
				
				
			name: "b_wheel_l_01"
			
				name: "Wheel_L_Main"
				numMeshes: 1
				 addr: "0x7f84d77e0200"
				 name: "Wheel_L_MainMesh"
				 numVertices: "2575"
				 numFaces: "2918"
				
				
			name: "b_wheel_l_02"
			
				name: "Wheel_L_Front"
				numMeshes: 1
				 addr: "0x7f84d77e4000"
				 name: "Wheel_L_FrontMesh"
				 numVertices: "2575"
				 numFaces: "2918"
				
				
			name: "b_wheel_l_03"
			
				name: "Wheel_L_Back"
				numMeshes: 1
				 addr: "0x7f84d77e7e00"
				 name: "Wheel_L_BackMesh"
				 numVertices: "2575"
				 numFaces: "2918"
				
				
			name: "b_wheel_r_01"
			
				name: "Wheel_R_Front"
				numMeshes: 1
				 addr: "0x7f84d77ebc00"
				 name: "Wheel_R_FrontMesh"
				 numVertices: "2576"
				 numFaces: "2918"
				
				
			name: "b_wheel_r_02"
			
				name: "Wheel_R_Main"
				numMeshes: 1
				 addr: "0x7f84d77efa00"
				 name: "Wheel_R_MainMesh"
				 numVertices: "2576"
				 numFaces: "2918"
				
				
			name: "b_wheel_r_03"
			
				name: "Wheel_R_Back"
				numMeshes: 1
				 addr: "0x7f84d77f3800"
				 name: "Wheel_R_BackMesh"
				 numVertices: "2576"
				 numFaces: "2918"
				
				
		name: "TrackRig_L"
		
			name: "TrackMesh"
			numMeshes: 1
			 addr: "0x7f84d77f7600"
			 name: "TrackMeshMesh"
			 numVertices: "4760"
			 numFaces: "5871"
			
			
			name: "up"
			
			name: "Look"
			
			name: "track_root1"
			
				name: "track_bone1"
				
					name: "track_bone2"
					
						name: "track_bone3"
						
							name: "track_bone4"
							
								name: "track_bone5"
								
									name: "track_bone6"
									
										name: "track_bone7"
										
											name: "track_bone8"
											
												name: "track_bone9"
												
													name: "track_bone10"
													
														name: "track_bone11"
														
															name: "track_bone12"
															
																name: "track_bone13"
																
																	name: "track_bone14"
																	
																		name: "track_bone15"
																		
																			name: "track_bone16"
																			
																				name: "track_bone17"
																				
																					name: "track_bone18"
																					
																						name: "track_bone19"
																						
																							name: "track_bone20"
																							
																								name: "track_bone21"
																								
																									name: "track_bone22"
																									
																										name: "track_bone23"
																										
																											name: "track_bone24"
																											
																												name: "track_bone25"
																												
																													name: "track_bone26"
																													
																														name: "track_bone27"
																														
																															name: "track_bone28"
																															
																																name: "track_bone29"
																																
																																	name: "track_bone30"
																																	
																																		name: "track_bone30_end_effector"
																																		
		name: "TrackRig_R"
		
			name: "TrackMesh_ncl1_1"
			numMeshes: 1
			 addr: "0x7f848407ae00"
			 name: "TrackMesh_ncl1_1Mesh"
			 numVertices: "4772"
			 numFaces: "5870"
			
			
			name: "up_ncl1_1"
			
			name: "Look_ncl1_1"
			
			name: "track_root1_ncl1_1"
			
				name: "track_bone_R1"
				
					name: "track_bone_R2"
					
						name: "track_bone_R3"
						
							name: "track_bone_R4"
							
								name: "track_bone_R5"
								
									name: "track_bone_R6"
									
										name: "track_bone_R7"
										
											name: "track_bone_R8"
											
												name: "track_bone_R9"
												
													name: "track_bone_R10"
													
														name: "track_bone_R11"
														
															name: "track_bone_R12"
															
																name: "track_bone_R13"
																
																	name: "track_bone_R14"
																	
																		name: "track_bone_R15"
																		
																			name: "track_bone_R16"
																			
																				name: "track_bone_R17"
																				
																					name: "track_bone_R18"
																					
																						name: "track_bone_R19"
																						
																							name: "track_bone_R20"
																							
																								name: "track_bone_R21"
																								
																									name: "track_bone_R22"
																									
																										name: "track_bone_R23"
																										
																											name: "track_bone_R24"
																											
																												name: "track_bone_R25"
																												
																													name: "track_bone_R26"
																													
																														name: "track_bone_R27"
																														
																															name: "track_bone_R28"
																															
																																name: "track_bone_R29"
																																
																																	name: "track_bone_R30"
																																	
																																		name: "track_bone_R30_end_effector"
																																		

[09:06:41.832756] [Import] [info] (thread 839557) File loaded successfully
[09:06:41.832767] [Import] [info] (thread 839557) Meshes count: 15
[09:06:41.832775] [Import] [info] (thread 839557) Materials count: 8
[09:06:41.832867] [Import] [warning] (thread 839557) Texture not found: /Users/oleg/Dropbox/Запросы файлов/MANU-Assets 1.1.0/EV8_Robot/D:/Manu3d/EV3_Robot/Textures/Export/M_Cables_D.png
[09:06:41.832932] [Import] [warning] (thread 839557) Texture not found: /Users/oleg/Dropbox/Запросы файлов/MANU-Assets 1.1.0/EV8_Robot/D:/Manu3d/EV3_Robot/Textures/Export/M_Engine_D.png
[09:06:41.832992] [Import] [warning] (thread 839557) Texture not found: /Users/oleg/Dropbox/Запросы файлов/MANU-Assets 1.1.0/EV8_Robot/D:/Manu3d/EV3_Robot/Textures/Export/M_TopArm_D.png
[09:06:41.833054] [Import] [warning] (thread 839557) Texture not found: /Users/oleg/Dropbox/Запросы файлов/MANU-Assets 1.1.0/EV8_Robot/D:/Manu3d/EV3_Robot/Textures/Export/M_TopArmEngine_D.png
[09:06:41.833120] [Import] [warning] (thread 839557) Texture not found: /Users/oleg/Dropbox/Запросы файлов/MANU-Assets 1.1.0/EV8_Robot/D:/Manu3d/EV3_Robot/Textures/Export/M_Track_D.png
[09:06:41.833195] [Import] [warning] (thread 839557) Texture not found: /Users/oleg/Dropbox/Запросы файлов/MANU-Assets 1.1.0/EV8_Robot/D:/Manu3d/EV3_Robot/Textures/Export/M_Wheel_D.png
[09:06:41.833259] [Import] [warning] (thread 839557) Texture not found: /Users/oleg/Dropbox/Запросы файлов/MANU-Assets 1.1.0/EV8_Robot/D:/Manu3d/EV3_Robot/Textures/Export/M_body_D.png
[09:06:41.833319] [Import] [warning] (thread 839557) Texture not found: /Users/oleg/Dropbox/Запросы файлов/MANU-Assets 1.1.0/EV8_Robot/D:/Manu3d/EV3_Robot/Textures/Export/M_bodyDetail_D.png
[09:06:41.833338] [Import] [info] (thread 839557) Textures count (imported): 0
