[13:16:11.440457] [Import] [info] (th=208442) Importing from /Users/oleg/Dropbox/Запросы файлов/MANU-Assets 1.1.0/prp_CrateBox_02/CrateBox_02.fbx
[13:16:11.443185] [Import] [info] (th=208442) Imported scene tree:
name: "RootNode"

	name: "Crate_Box_01"
	numMeshes: 2
	 addr: "0x7ffb21b37400"
	 name: "Crate_Box_01"
	 numVertices: "1134"
	 numFaces: "978"
	
	 addr: "0x7ffb21dda400"
	 name: "Crate_Box_01"
	 numVertices: "32"
	 numFaces: "24"
	
	

[13:16:11.443227] [Import] [info] (th=208442) File loaded successfully
[13:16:11.443245] [Import] [info] (th=208442) Meshes count: 2
[13:16:11.443261] [Import] [info] (th=208442) Materials count: 2
[13:16:11.443349] [Import] [info] (th=208442) Textures count (imported): 0
[14:19:41.906947] [Import] [info] (th=208442) Importing from /Users/oleg/Dropbox/Запросы файлов/MANU-Assets 1.1.0/prp_CrateBox_02/CrateBox_02.fbx
[14:19:41.909422] [Import] [info] (th=208442) Imported scene tree:
name: "RootNode"

	name: "Crate_Box_01"
	numMeshes: 2
	 addr: "0x7ffc7557e600"
	 name: "Crate_Box_01"
	 numVertices: "1134"
	 numFaces: "978"
	
	 addr: "0x7ffc75212c00"
	 name: "Crate_Box_01"
	 numVertices: "32"
	 numFaces: "24"
	
	

[14:19:41.909460] [Import] [info] (th=208442) File loaded successfully
[14:19:41.909478] [Import] [info] (th=208442) Meshes count: 2
[14:19:41.909494] [Import] [info] (th=208442) Materials count: 2
[14:19:41.909573] [Import] [info] (th=208442) Textures count (imported): 0
[14:19:58.541058] [Import] [info] (th=208442) Importing from /Users/oleg/Dropbox/Запросы файлов/MANU-Assets 1.1.0/prp_CrateBox_02/CrateBox_02.fbx
[14:19:58.543648] [Import] [info] (th=208442) Imported scene tree:
name: "RootNode"

	name: "Crate_Box_01"
	numMeshes: 2
	 addr: "0x7ffb722fb200"
	 name: "Crate_Box_01"
	 numVertices: "1134"
	 numFaces: "978"
	
	 addr: "0x7ffb72280800"
	 name: "Crate_Box_01"
	 numVertices: "32"
	 numFaces: "24"
	
	

[14:19:58.543685] [Import] [info] (th=208442) File loaded successfully
[14:19:58.543702] [Import] [info] (th=208442) Meshes count: 2
[14:19:58.543721] [Import] [info] (th=208442) Materials count: 2
[14:19:58.543860] [Import] [info] (th=208442) Textures count (imported): 0
