[21:58:57.618514] [Import] [info] (thread 624828) Importing from /Users/oleg/Dropbox/Запросы файлов/MANU-Assets 1.1.0/Ship_Parts/Engine_01.fbx
[21:58:57.621921] [Import] [info] (thread 624828) Imported scene tree:
name: "RootNode"

	name: "Engine_01"
	numMeshes: 1
	 addr: "0x7fd19b0d0800"
	 name: "Engine_01"
	 numVertices: "980"
	 numFaces: "824"
	
	

[21:58:57.621961] [Import] [info] (thread 624828) File loaded successfully
[21:58:57.621985] [Import] [info] (thread 624828) Meshes count: 1
[21:58:57.622006] [Import] [info] (thread 624828) Materials count: 1
[21:58:57.622137] [Import] [info] (thread 624828) Textures count (imported): 0
[22:00:57.896951] [Import] [info] (thread 624828) Importing from /Users/oleg/Dropbox/Запросы файлов/MANU-Assets 1.1.0/Ship_Parts/Fuel_01.fbx
[22:00:57.901057] [Import] [info] (thread 624828) Imported scene tree:
name: "RootNode"

	name: "Fuel_01"
	numMeshes: 1
	 addr: "0x7fd1dc00ae00"
	 name: "Fuel_01"
	 numVertices: "880"
	 numFaces: "1122"
	
	

[22:00:57.901107] [Import] [info] (thread 624828) File loaded successfully
[22:00:57.901133] [Import] [info] (thread 624828) Meshes count: 1
[22:00:57.901156] [Import] [info] (thread 624828) Materials count: 1
[22:00:57.902248] [Import] [info] (thread 624828) Textures count (imported): 1
