[17:51:29.653102] [Import] [info] (th=80868) Log level for 'Import' set to 'info'
[17:51:29.653126] [Import] [info] (th=80868) Importing from /Users/oleg/Dropbox/Запросы файлов/MANU-Assets 1.1.0/prp_Fixes/Fixes_22.03/SM_VerticalRocket_Tube_RE.fbx
[17:51:29.656683] [Import] [info] (th=80868) Imported scene tree:
name: "RootNode"

	name: "VerticalTube"
	numMeshes: 1
	 addr: "0x7fce93212400"
	 name: "Mesh"
	 numVertices: "729"
	 numFaces: "487"
	
	

[17:51:29.656699] [Import] [info] (th=80868) File loaded successfully
[17:51:29.656703] [Import] [info] (th=80868) Meshes count: 1
[17:51:29.656704] [Import] [info] (th=80868) Materials count: 1
[17:52:05.104584] [Import] [info] (th=80868) Importing from /Users/oleg/Dropbox/Запросы файлов/MANU-Assets 1.1.0/prp_Fixes/Fixes_22.03/SM_VerticalRocket_Frame_RE.fbx
[17:52:05.110730] [Import] [info] (th=80868) Imported scene tree:
name: "RootNode"

	name: "VerticalRocket_01"
	numMeshes: 1
	 addr: "0x7fcda7079600"
	 name: "Mesh.001"
	 numVertices: "1651"
	 numFaces: "1140"
	
	

[17:52:05.110747] [Import] [info] (th=80868) File loaded successfully
[17:52:05.110750] [Import] [info] (th=80868) Meshes count: 1
[17:52:05.110752] [Import] [info] (th=80868) Materials count: 1
