[18:17:13.862719] [Import] [info] (th=410268) Log level for 'Import' set to 'info'
[18:17:13.862748] [Import] [info] (th=410268) Importing from /Users/oleg/Downloads/Doll_Sitting_Idle 2_foot_fix.dae
[18:17:13.888430] [Import] [info] (th=410268) Imported scene tree:
name: "Scene"
numMeshes: 1
 addr: "0x7f8a89665200"
 name: ""
 numVertices: "358"
 numFaces: "340"


	name: "Armature"
	
		name: "Armature_world_root"
		
			name: "Armature_ManuBoy"
			
				name: "Armature_Eye_L"
				
				name: "Armature_m_ManuBoy"
				
				name: "Armature_m_ManuBoy1"
				
			name: "Armature_mixamorig_Hips"
			
				name: "Armature_mixamorig_Spine"
				
					name: "Armature_mixamorig_Spine1"
					
						name: "Armature_mixamorig_Spine2"
						
							name: "Armature_mixamorig_Neck"
							
								name: "Armature_mixamorig_Head"
								
							name: "Armature_mixamorig_LeftShoulder"
							
								name: "Armature_mixamorig_LeftArm"
								
									name: "Armature_mixamorig_LeftForeArm"
									
										name: "Armature_mixamorig_LeftHand"
										
											name: "Armature_mixamorig_LeftHandThumb1"
											
												name: "Armature_mixamorig_LeftHandThumb2"
												
													name: "Armature_mixamorig_LeftHandThumb3"
													
											name: "Armature_mixamorig_LeftHandIndex1"
											
												name: "Armature_mixamorig_LeftHandIndex2"
												
													name: "Armature_mixamorig_LeftHandIndex3"
													
											name: "Armature_mixamorig_LeftHandMiddle1"
											
												name: "Armature_mixamorig_LeftHandMiddle2"
												
													name: "Armature_mixamorig_LeftHandMiddle3"
													
											name: "Armature_mixamorig_LeftHandRing1"
											
												name: "Armature_mixamorig_LeftHandRing2"
												
													name: "Armature_mixamorig_LeftHandRing3"
													
											name: "Armature_mixamorig_LeftHandPinky1"
											
												name: "Armature_mixamorig_LeftHandPinky2"
												
													name: "Armature_mixamorig_LeftHandPinky3"
													
							name: "Armature_mixamorig_RightShoulder"
							
								name: "Armature_mixamorig_RightArm"
								
									name: "Armature_mixamorig_RightForeArm"
									
										name: "Armature_mixamorig_RightHand"
										
											name: "Armature_mixamorig_RightHandThumb1"
											
												name: "Armature_mixamorig_RightHandThumb2"
												
													name: "Armature_mixamorig_RightHandThumb3"
													
											name: "Armature_mixamorig_RightHandIndex1"
											
												name: "Armature_mixamorig_RightHandIndex2"
												
													name: "Armature_mixamorig_RightHandIndex3"
													
											name: "Armature_mixamorig_RightHandMiddle1"
											
												name: "Armature_mixamorig_RightHandMiddle2"
												
													name: "Armature_mixamorig_RightHandMiddle3"
													
											name: "Armature_mixamorig_RightHandRing1"
											
												name: "Armature_mixamorig_RightHandRing2"
												
													name: "Armature_mixamorig_RightHandRing3"
													
											name: "Armature_mixamorig_RightHandPinky1"
											
												name: "Armature_mixamorig_RightHandPinky2"
												
													name: "Armature_mixamorig_RightHandPinky3"
													
				name: "Armature_mixamorig_LeftUpLeg"
				
					name: "Armature_mixamorig_LeftLeg"
					
						name: "Armature_mixamorig_LeftFoot"
						
							name: "Armature_mixamorig_LeftToeBase"
							
				name: "Armature_mixamorig_RightUpLeg"
				
					name: "Armature_mixamorig_RightLeg"
					
						name: "Armature_mixamorig_RightFoot"
						
							name: "Armature_mixamorig_RightToeBase"
							

[18:17:13.888447] [Import] [info] (th=410268) File loaded successfully
[18:17:13.888452] [Import] [info] (th=410268) Meshes count: 1
[18:17:13.888454] [Import] [info] (th=410268) Materials count: 1
