[11:18:48.743848] [Import] [info] (thread 21560) Importing from D:\Manu3d\ManuLevel_01\_Work\prp_Terminal\ButtonTerminal_00.fbx
[11:18:48.745209] [Import] [info] (thread 21560) Imported scene tree:
name: "RootNode"

	name: "ButtonTerminal_00"
	numMeshes: 1
	 addr: "0000027640824510"
	 name: "ButtonTerminal_00"
	 numVertices: "144"
	 numFaces: "72"
	
	

[11:18:48.745279] [Import] [info] (thread 21560) File loaded successfully
[11:18:48.745322] [Import] [info] (thread 21560) Meshes count: 1
[11:18:48.745361] [Import] [info] (thread 21560) Materials count: 1
[11:18:48.745514] [Import] [info] (thread 21560) Textures count (imported): 0
[11:19:59.832011] [Import] [info] (thread 21560) Importing from D:\Manu3d\ManuLevel_01\_Work\prp_Terminal_Button\TerminalButton_00.fbx
[11:19:59.832997] [Import] [info] (thread 21560) Imported scene tree:
name: "RootNode"

	name: "Terminal_Button_00"
	numMeshes: 1
	 addr: "0000027640822A80"
	 name: "Terminal_Button_00"
	 numVertices: "29"
	 numFaces: "30"
	
	

[11:19:59.833045] [Import] [info] (thread 21560) File loaded successfully
[11:19:59.833077] [Import] [info] (thread 21560) Meshes count: 1
[11:19:59.833110] [Import] [info] (thread 21560) Materials count: 1
[11:19:59.833191] [Import] [info] (thread 21560) Textures count (imported): 0
