[16:51:19.456168] [Import] [info] (th=284672) Importing from /Users/oleg/Dropbox/Запросы файлов/MANU-Assets 1.1.0/prp_MovingPlatform/MovingPlatform_01.dae
[16:51:19.472371] [Import] [info] (th=284672) Imported scene tree:
name: "MovingPlatform_01"

	name: "world_roots"
	
		name: "Platform_00_00"
		numMeshes: 2
		 addr: "0x7f8fd7957e00"
		 name: "Platform_00_00Mesh"
		 numVertices: "857"
		 numFaces: "1146"
		
		 addr: "0x7f8fd795cc00"
		 name: "Platform_00_00Mesh"
		 numVertices: "206"
		 numFaces: "102"
		
		
		name: "Platform_00_01"
		numMeshes: 2
		 addr: "0x7f8fd7938000"
		 name: "Platform_00_01Mesh"
		 numVertices: "857"
		 numFaces: "1146"
		
		 addr: "0x7f8fd793ce00"
		 name: "Platform_00_01Mesh"
		 numVertices: "206"
		 numFaces: "102"
		
		

[16:51:19.472394] [Import] [info] (th=284672) File loaded successfully
[16:51:19.472400] [Import] [info] (th=284672) Meshes count: 4
[16:51:19.472403] [Import] [info] (th=284672) Materials count: 2
[16:51:19.472759] [Import] [warning] (th=284672) Texture not found: /Users/oleg/Dropbox/Запросы файлов/MANU-Assets 1.1.0/prp_MovingPlatform/D:/Manu3d/ManuLevel_01/_Work/prp_MovingPlatform/Textures/MovingPlatform_01_D.png
[16:51:19.472861] [Import] [info] (th=284672) Textures count (imported): 0
[17:06:29.421469] [Import] [info] (th=284672) Importing from /Users/oleg/Dropbox/Запросы файлов/MANU-Assets 1.1.0/prp_MovingPlatform/MovingPlatform_01.dae
[17:06:29.436109] [Import] [info] (th=284672) Imported scene tree:
name: "MovingPlatform_01"

	name: "world_roots"
	
		name: "Platform_00_00"
		numMeshes: 2
		 addr: "0x7f9022aa0600"
		 name: "Platform_00_00Mesh"
		 numVertices: "857"
		 numFaces: "1146"
		
		 addr: "0x7f8ff1833e00"
		 name: "Platform_00_00Mesh"
		 numVertices: "206"
		 numFaces: "102"
		
		
		name: "Platform_00_01"
		numMeshes: 2
		 addr: "0x7f8ff1494000"
		 name: "Platform_00_01Mesh"
		 numVertices: "857"
		 numFaces: "1146"
		
		 addr: "0x7f8ff1494600"
		 name: "Platform_00_01Mesh"
		 numVertices: "206"
		 numFaces: "102"
		
		

[17:06:29.436126] [Import] [info] (th=284672) File loaded successfully
[17:06:29.436139] [Import] [info] (th=284672) Meshes count: 4
[17:06:29.436141] [Import] [info] (th=284672) Materials count: 2
[17:06:29.436346] [Import] [warning] (th=284672) Texture not found: /Users/oleg/Dropbox/Запросы файлов/MANU-Assets 1.1.0/prp_MovingPlatform/D:/Manu3d/ManuLevel_01/_Work/prp_MovingPlatform/Textures/MovingPlatform_01_D.png
[17:06:29.436454] [Import] [info] (th=284672) Textures count (imported): 0
[17:06:53.841023] [Import] [info] (th=284672) Importing from /Users/oleg/Dropbox/Запросы файлов/MANU-Assets 1.1.0/prp_MovingPlatform/MovingPlatform_01.fbx
[17:06:53.921855] [Import] [info] (th=284672) Imported scene tree:
name: "RootNode"

	name: "world_root"
	
		name: "Platform_00_00"
		numMeshes: 2
		 addr: "0x7f9015c33200"
		 name: "Platform_00_00"
		 numVertices: "840"
		 numFaces: "1146"
		
		 addr: "0x7f9015fa3e00"
		 name: "Platform_00_00"
		 numVertices: "148"
		 numFaces: "102"
		
		
		name: "UBX_Platform_00_00"
		numMeshes: 1
		 addr: "0x7f9015fcc200"
		 name: "UBX_Platform_00_00"
		 numVertices: "24"
		 numFaces: "12"
		
		
		name: "Platform_00_01"
		numMeshes: 2
		 addr: "0x7f9015fd6c00"
		 name: "Platform_00_01"
		 numVertices: "840"
		 numFaces: "1146"
		
		 addr: "0x7f9015ffd000"
		 name: "Platform_00_01"
		 numVertices: "148"
		 numFaces: "102"
		
		
		name: "UBX_Platform_00_01"
		numMeshes: 1
		 addr: "0x7f9015aeb200"
		 name: "UBX_Platform_00_01"
		 numVertices: "24"
		 numFaces: "12"
		
		

[17:06:53.921873] [Import] [info] (th=284672) File loaded successfully
[17:06:53.921877] [Import] [info] (th=284672) Meshes count: 6
[17:06:53.921879] [Import] [info] (th=284672) Materials count: 3
[17:06:53.922255] [Import] [info] (th=284672) Textures count (imported): 1
[17:12:05.892711] [Import] [info] (th=284672) Importing from /Users/oleg/Dropbox/Запросы файлов/MANU-Assets 1.1.0/prp_MovingPlatform/MovingPlatform_01.dae
[17:12:05.900386] [Import] [info] (th=284672) Imported scene tree:
name: "MovingPlatform_01"

	name: "world_roots"
	
		name: "Platform_00_00"
		numMeshes: 2
		 addr: "0x7f90e60a9e00"
		 name: "Platform_00_00Mesh"
		 numVertices: "857"
		 numFaces: "1146"
		
		 addr: "0x7f90e60aa400"
		 name: "Platform_00_00Mesh"
		 numVertices: "206"
		 numFaces: "102"
		
		
		name: "Platform_00_01"
		numMeshes: 2
		 addr: "0x7f9015b06800"
		 name: "Platform_00_01Mesh"
		 numVertices: "857"
		 numFaces: "1146"
		
		 addr: "0x7f9015b06e00"
		 name: "Platform_00_01Mesh"
		 numVertices: "206"
		 numFaces: "102"
		
		

[17:12:05.900394] [Import] [info] (th=284672) File loaded successfully
[17:12:05.900396] [Import] [info] (th=284672) Meshes count: 4
[17:12:05.900397] [Import] [info] (th=284672) Materials count: 2
[17:12:05.900492] [Import] [warning] (th=284672) Texture not found: /Users/oleg/Dropbox/Запросы файлов/MANU-Assets 1.1.0/prp_MovingPlatform/D:/Manu3d/ManuLevel_01/_Work/prp_MovingPlatform/Textures/MovingPlatform_01_D.png
[17:12:05.900533] [Import] [info] (th=284672) Textures count (imported): 0
[17:14:41.380040] [Import] [info] (th=284672) Importing from /Users/oleg/Dropbox/Запросы файлов/MANU-Assets 1.1.0/prp_MovingPlatform/MovingPlatform_01.dae
[17:14:41.395365] [Import] [info] (th=284672) Imported scene tree:
name: "MovingPlatform_01"

	name: "world_roots"
	
		name: "Platform_00_00"
		numMeshes: 2
		 addr: "0x7f8ff1e2ac00"
		 name: "Platform_00_00Mesh"
		 numVertices: "857"
		 numFaces: "1146"
		
		 addr: "0x7f901479f400"
		 name: "Platform_00_00Mesh"
		 numVertices: "206"
		 numFaces: "102"
		
		
		name: "Platform_00_01"
		numMeshes: 2
		 addr: "0x7f9014766200"
		 name: "Platform_00_01Mesh"
		 numVertices: "857"
		 numFaces: "1146"
		
		 addr: "0x7f9014766800"
		 name: "Platform_00_01Mesh"
		 numVertices: "206"
		 numFaces: "102"
		
		

[17:14:41.395382] [Import] [info] (th=284672) File loaded successfully
[17:14:41.395395] [Import] [info] (th=284672) Meshes count: 4
[17:14:41.395397] [Import] [info] (th=284672) Materials count: 2
[17:20:47.876782] [Import] [info] (th=284672) Importing from /Users/oleg/Dropbox/Запросы файлов/MANU-Assets 1.1.0/prp_MovingPlatform/MovingPlatform_01.fbx
[17:20:47.948840] [Import] [info] (th=284672) Imported scene tree:
name: "RootNode"

	name: "world_root"
	
		name: "Platform_00_00"
		numMeshes: 2
		 addr: "0x7f902377e600"
		 name: "Platform_00_00"
		 numVertices: "840"
		 numFaces: "1146"
		
		 addr: "0x7f90237b5400"
		 name: "Platform_00_00"
		 numVertices: "148"
		 numFaces: "102"
		
		
		name: "UBX_Platform_00_00"
		numMeshes: 1
		 addr: "0x7f90237dd800"
		 name: "UBX_Platform_00_00"
		 numVertices: "24"
		 numFaces: "12"
		
		
		name: "Platform_00_01"
		numMeshes: 2
		 addr: "0x7f90237e8200"
		 name: "Platform_00_01"
		 numVertices: "840"
		 numFaces: "1146"
		
		 addr: "0x7f8fb4153200"
		 name: "Platform_00_01"
		 numVertices: "148"
		 numFaces: "102"
		
		
		name: "UBX_Platform_00_01"
		numMeshes: 1
		 addr: "0x7f90237fba00"
		 name: "UBX_Platform_00_01"
		 numVertices: "24"
		 numFaces: "12"
		
		

[17:20:47.948857] [Import] [info] (th=284672) File loaded successfully
[17:20:47.948860] [Import] [info] (th=284672) Meshes count: 6
[17:20:47.948862] [Import] [info] (th=284672) Materials count: 3
[17:20:47.949179] [Import] [info] (th=284672) Textures count (imported): 1
[17:32:56.693335] [Import] [info] (th=284672) Importing from /Users/oleg/Dropbox/Запросы файлов/MANU-Assets 1.1.0/prp_MovingPlatform/MovingPlatform_01.dae
[17:32:56.713932] [Import] [info] (th=284672) Imported scene tree:
name: "MovingPlatform_01"

	name: "world_roots"
	
		name: "Platform_00_00"
		numMeshes: 2
		 addr: "0x7f90e31fd000"
		 name: "Platform_00_00Mesh"
		 numVertices: "857"
		 numFaces: "1146"
		
		 addr: "0x7f8fd7d91c00"
		 name: "Platform_00_00Mesh"
		 numVertices: "206"
		 numFaces: "102"
		
		
		name: "Platform_00_01"
		numMeshes: 2
		 addr: "0x7f8fd79a5c00"
		 name: "Platform_00_01Mesh"
		 numVertices: "857"
		 numFaces: "1146"
		
		 addr: "0x7f8fd7ab2c00"
		 name: "Platform_00_01Mesh"
		 numVertices: "206"
		 numFaces: "102"
		
		

[17:32:56.713970] [Import] [info] (th=284672) File loaded successfully
[17:32:56.713975] [Import] [info] (th=284672) Meshes count: 4
[17:32:56.713978] [Import] [info] (th=284672) Materials count: 2
[17:32:56.714250] [Import] [warning] (th=284672) Texture not found: /Users/oleg/Dropbox/Запросы файлов/MANU-Assets 1.1.0/prp_MovingPlatform/D:/Manu3d/ManuLevel_01/_Work/prp_MovingPlatform/Textures/MovingPlatform_01_D.png
[17:32:56.714365] [Import] [info] (th=284672) Textures count (imported): 0
[17:48:02.945267] [Import] [info] (th=284672) Importing from /Users/oleg/Dropbox/Запросы файлов/MANU-Assets 1.1.0/prp_MovingPlatform/MovingPlatform_01.dae
[17:48:02.965007] [Import] [info] (th=284672) Imported scene tree:
name: "MovingPlatform_01"

	name: "world_roots"
	
		name: "Platform_00_00"
		numMeshes: 2
		 addr: "0x7f8ff1d8c800"
		 name: "Platform_00_00Mesh"
		 numVertices: "857"
		 numFaces: "1146"
		
		 addr: "0x7f8ff1d74800"
		 name: "Platform_00_00Mesh"
		 numVertices: "206"
		 numFaces: "102"
		
		
		name: "Platform_00_01"
		numMeshes: 2
		 addr: "0x7f8ff1ba2000"
		 name: "Platform_00_01Mesh"
		 numVertices: "857"
		 numFaces: "1146"
		
		 addr: "0x7f8ff1ddfe00"
		 name: "Platform_00_01Mesh"
		 numVertices: "206"
		 numFaces: "102"
		
		

[17:48:02.965030] [Import] [info] (th=284672) File loaded successfully
[17:48:02.965034] [Import] [info] (th=284672) Meshes count: 4
[17:48:02.965038] [Import] [info] (th=284672) Materials count: 2
