[09:58:24.717040] [Import] [info] (thread 29947) Importing from /Users/oleg/Downloads/Zombie Death.dae
[09:58:24.782984] [Import] [info] (thread 29947) Imported scene tree:
name: "RootNode"

	name: "Minion_01"
	numMeshes: 1
	 addr: "0x7feba3cfe600"
	 name: "Minion_01Mesh"
	 numVertices: "4048"
	 numFaces: "6514"
	
	
	name: "mixamorig_Hips"
	
		name: "mixamorig_Spine"
		
			name: "mixamorig_Spine1"
			
				name: "mixamorig_Spine2"
				
					name: "mixamorig_Neck"
					
						name: "mixamorig_Head"
						
							name: "mixamorig_HeadTop_End"
							
					name: "mixamorig_LeftShoulder"
					
						name: "mixamorig_LeftArm"
						
							name: "mixamorig_LeftForeArm"
							
								name: "mixamorig_LeftHand"
								
									name: "mixamorig_LeftHandThumb1"
									
										name: "mixamorig_LeftHandThumb2"
										
											name: "mixamorig_LeftHandThumb3"
											
												name: "mixamorig_LeftHandThumb4"
												
									name: "mixamorig_LeftHandIndex1"
									
										name: "mixamorig_LeftHandIndex2"
										
											name: "mixamorig_LeftHandIndex3"
											
												name: "mixamorig_LeftHandIndex4"
												
									name: "mixamorig_LeftHandMiddle1"
									
										name: "mixamorig_LeftHandMiddle2"
										
											name: "mixamorig_LeftHandMiddle3"
											
												name: "mixamorig_LeftHandMiddle4"
												
									name: "mixamorig_LeftHandRing1"
									
										name: "mixamorig_LeftHandRing2"
										
											name: "mixamorig_LeftHandRing3"
											
												name: "mixamorig_LeftHandRing4"
												
									name: "mixamorig_LeftHandPinky1"
									
										name: "mixamorig_LeftHandPinky2"
										
											name: "mixamorig_LeftHandPinky3"
											
												name: "mixamorig_LeftHandPinky4"
												
					name: "mixamorig_RightShoulder"
					
						name: "mixamorig_RightArm"
						
							name: "mixamorig_RightForeArm"
							
								name: "mixamorig_RightHand"
								
									name: "mixamorig_RightHandThumb1"
									
										name: "mixamorig_RightHandThumb2"
										
											name: "mixamorig_RightHandThumb3"
											
												name: "mixamorig_RightHandThumb4"
												
									name: "mixamorig_RightHandIndex1"
									
										name: "mixamorig_RightHandIndex2"
										
											name: "mixamorig_RightHandIndex3"
											
												name: "mixamorig_RightHandIndex4"
												
									name: "mixamorig_RightHandMiddle1"
									
										name: "mixamorig_RightHandMiddle2"
										
											name: "mixamorig_RightHandMiddle3"
											
												name: "mixamorig_RightHandMiddle4"
												
									name: "mixamorig_RightHandRing1"
									
										name: "mixamorig_RightHandRing2"
										
											name: "mixamorig_RightHandRing3"
											
												name: "mixamorig_RightHandRing4"
												
									name: "mixamorig_RightHandPinky1"
									
										name: "mixamorig_RightHandPinky2"
										
											name: "mixamorig_RightHandPinky3"
											
												name: "mixamorig_RightHandPinky4"
												
		name: "mixamorig_LeftUpLeg"
		
			name: "mixamorig_LeftLeg"
			
				name: "mixamorig_LeftFoot"
				
					name: "mixamorig_LeftToeBase"
					
						name: "mixamorig_LeftToe_End"
						
		name: "mixamorig_RightUpLeg"
		
			name: "mixamorig_RightLeg"
			
				name: "mixamorig_RightFoot"
				
					name: "mixamorig_RightToeBase"
					
						name: "mixamorig_RightToe_End"
						

[09:58:24.783104] [Import] [info] (thread 29947) File loaded successfully
[09:58:24.783154] [Import] [info] (thread 29947) Meshes count: 1
[09:58:24.783193] [Import] [info] (thread 29947) Materials count: 1
[09:58:24.783458] [Import] [info] (thread 29947) Textures count (imported): 0
