[18:44:31.765133] [Import] [info] (th=342962) Importing from /Users/oleg/Dropbox/Запросы файлов/MANU-Assets 1.1.0/prp_MovingPlatform/MovingPlatform_01.dae
[18:44:31.781279] [Import] [info] (th=342962) Imported scene tree:
name: "MovingPlatform_01"

	name: "world_root"
	
		name: "Platform_00_00"
		numMeshes: 2
		 addr: "0x7ff5d5827400"
		 name: "Platform_00_00Mesh"
		 numVertices: "859"
		 numFaces: "1146"
		
		 addr: "0x7ff5d5827a00"
		 name: "Platform_00_00Mesh"
		 numVertices: "212"
		 numFaces: "102"
		
		
		name: "Platform_00_01"
		numMeshes: 2
		 addr: "0x7ff604ff5a00"
		 name: "Platform_00_01Mesh"
		 numVertices: "859"
		 numFaces: "1146"
		
		 addr: "0x7ff604a61800"
		 name: "Platform_00_01Mesh"
		 numVertices: "212"
		 numFaces: "102"
		
		

[18:44:31.781300] [Import] [info] (th=342962) File loaded successfully
[18:44:31.781306] [Import] [info] (th=342962) Meshes count: 4
[18:44:31.781342] [Import] [info] (th=342962) Materials count: 2
[18:47:07.860897] [Import] [info] (th=342962) Importing from /Users/oleg/Dropbox/Запросы файлов/MANU-Assets 1.1.0/prp_MovingPlatform/MovingPlatform_01.dae
[18:47:07.875068] [Import] [info] (th=342962) Imported scene tree:
name: "MovingPlatform_01"

	name: "world_root"
	
		name: "Platform_00_00"
		numMeshes: 2
		 addr: "0x7ff5d59b1c00"
		 name: "Platform_00_00Mesh"
		 numVertices: "859"
		 numFaces: "1146"
		
		 addr: "0x7ff5d59b6a00"
		 name: "Platform_00_00Mesh"
		 numVertices: "212"
		 numFaces: "102"
		
		
		name: "Platform_00_01"
		numMeshes: 2
		 addr: "0x7ff5d59bb400"
		 name: "Platform_00_01Mesh"
		 numVertices: "859"
		 numFaces: "1146"
		
		 addr: "0x7ff5d59c0200"
		 name: "Platform_00_01Mesh"
		 numVertices: "212"
		 numFaces: "102"
		
		

[18:47:07.875084] [Import] [info] (th=342962) File loaded successfully
[18:47:07.875087] [Import] [info] (th=342962) Meshes count: 4
[18:47:07.875089] [Import] [info] (th=342962) Materials count: 2
[18:47:07.875390] [Import] [warning] (th=342962) Texture not found: /Users/oleg/Dropbox/Запросы файлов/MANU-Assets 1.1.0/prp_MovingPlatform/D:/Manu3d/ManuLevel_01/_Work/prp_MovingPlatform/Textures/MovingPlatform_01_D.png
[18:47:07.875481] [Import] [info] (th=342962) Textures count (imported): 0
[18:47:39.794353] [Import] [info] (th=342962) Importing from /Users/oleg/Dropbox/Запросы файлов/MANU-Assets 1.1.0/prp_MovingPlatform/MovingPlatform_01.dae
[18:47:39.808738] [Import] [info] (th=342962) Imported scene tree:
name: "MovingPlatform_01"

	name: "world_root"
	
		name: "Platform_00_00"
		numMeshes: 2
		 addr: "0x7ff740013a00"
		 name: "Platform_00_00Mesh"
		 numVertices: "859"
		 numFaces: "1146"
		
		 addr: "0x7ff7400c3800"
		 name: "Platform_00_00Mesh"
		 numVertices: "212"
		 numFaces: "102"
		
		
		name: "Platform_00_01"
		numMeshes: 2
		 addr: "0x7ff7406f4400"
		 name: "Platform_00_01Mesh"
		 numVertices: "859"
		 numFaces: "1146"
		
		 addr: "0x7ff7406f4a00"
		 name: "Platform_00_01Mesh"
		 numVertices: "212"
		 numFaces: "102"
		
		

[18:47:39.808756] [Import] [info] (th=342962) File loaded successfully
[18:47:39.808759] [Import] [info] (th=342962) Meshes count: 4
[18:47:39.808761] [Import] [info] (th=342962) Materials count: 2
