[15:05:34.697444] [Import] [info] (th=990740) Log level for 'Import' set to 'info'
[15:05:34.698010] [Import] [info] (th=990740) Importing from /Users/sergey/Downloads/EnergyShields/Frame_Shield.fbx
[15:05:34.716210] [Import] [info] (th=990740) Imported scene tree:
name: "RootNode"

	name: "Plane.008"
	numMeshes: 1
	 addr: "0x7ff08be7ec00"
	 name: "Plane.002"
	 numVertices: "1112"
	 numFaces: "556"
	
	

[15:05:34.716220] [Import] [info] (th=990740) File loaded successfully
[15:05:34.716224] [Import] [info] (th=990740) Meshes count: 1
[15:05:34.716226] [Import] [info] (th=990740) Materials count: 1
[15:05:34.717639] [Import] [info] (th=990740) Textures count (imported): 0
[16:49:53.074733] [Import] [info] (th=990740) Importing from /Users/sergey/Downloads/EnergyShields (1)/Frame_Shield_3.fbx
[16:49:53.083905] [Import] [info] (th=990740) Imported scene tree:
name: "RootNode"

	name: "Plane.008"
	numMeshes: 1
	 addr: "0x7ff05f9dee00"
	 name: "Plane.002"
	 numVertices: "2000"
	 numFaces: "1000"
	
	

[16:49:53.083918] [Import] [info] (th=990740) File loaded successfully
[16:49:53.083920] [Import] [info] (th=990740) Meshes count: 1
[16:49:53.083922] [Import] [info] (th=990740) Materials count: 1
[16:49:53.083977] [Import] [info] (th=990740) Textures count (imported): 0
