[18:57:46.042505] [Import] [info] (thread 256145) Importing from /Users/oleg/Downloads/Right Turn .dae
[18:57:46.095998] [Import] [info] (thread 256145) Imported scene tree:
name: "RootNode"

	name: "world_root"
	
		name: "ManuBoy"
		
			name: "Eye_L"
			numMeshes: 1
			 addr: "0x7fac7d02c800"
			 name: "Eye_LMesh"
			 numVertices: "103"
			 numFaces: "144"
			
			
			name: "m_ManuBoy"
			numMeshes: 1
			 addr: "0x7fac7d603c00"
			 name: "m_ManuBoyMesh"
			 numVertices: "10984"
			 numFaces: "17306"
			
			
			name: "m_ManuBoy1"
			numMeshes: 1
			 addr: "0x7fac7d650800"
			 name: "m_ManuBoy1Mesh"
			 numVertices: "104"
			 numFaces: "144"
			
			
		name: "mixamorig_Hips"
		
			name: "mixamorig_Spine"
			
				name: "mixamorig_Spine1"
				
					name: "mixamorig_Spine2"
					
						name: "mixamorig_Neck"
						
							name: "mixamorig_Head"
							
								name: "mixamorig_HeadTop_End"
								
						name: "mixamorig_LeftShoulder"
						
							name: "mixamorig_LeftArm"
							
								name: "mixamorig_LeftForeArm"
								
									name: "mixamorig_LeftHand"
									
										name: "mixamorig_LeftHandThumb1"
										
											name: "mixamorig_LeftHandThumb2"
											
												name: "mixamorig_LeftHandThumb3"
												
													name: "mixamorig_LeftHandThumb4"
													
										name: "mixamorig_LeftHandIndex1"
										
											name: "mixamorig_LeftHandIndex2"
											
												name: "mixamorig_LeftHandIndex3"
												
													name: "mixamorig_LeftHandIndex4"
													
										name: "mixamorig_LeftHandMiddle1"
										
											name: "mixamorig_LeftHandMiddle2"
											
												name: "mixamorig_LeftHandMiddle3"
												
													name: "mixamorig_LeftHandMiddle4"
													
										name: "mixamorig_LeftHandRing1"
										
											name: "mixamorig_LeftHandRing2"
											
												name: "mixamorig_LeftHandRing3"
												
													name: "mixamorig_LeftHandRing4"
													
										name: "mixamorig_LeftHandPinky1"
										
											name: "mixamorig_LeftHandPinky2"
											
												name: "mixamorig_LeftHandPinky3"
												
													name: "mixamorig_LeftHandPinky4"
													
						name: "mixamorig_RightShoulder"
						
							name: "mixamorig_RightArm"
							
								name: "mixamorig_RightForeArm"
								
									name: "mixamorig_RightHand"
									
										name: "mixamorig_RightHandThumb1"
										
											name: "mixamorig_RightHandThumb2"
											
												name: "mixamorig_RightHandThumb3"
												
													name: "mixamorig_RightHandThumb4"
													
										name: "mixamorig_RightHandIndex1"
										
											name: "mixamorig_RightHandIndex2"
											
												name: "mixamorig_RightHandIndex3"
												
													name: "mixamorig_RightHandIndex4"
													
										name: "mixamorig_RightHandMiddle1"
										
											name: "mixamorig_RightHandMiddle2"
											
												name: "mixamorig_RightHandMiddle3"
												
													name: "mixamorig_RightHandMiddle4"
													
										name: "mixamorig_RightHandRing1"
										
											name: "mixamorig_RightHandRing2"
											
												name: "mixamorig_RightHandRing3"
												
													name: "mixamorig_RightHandRing4"
													
										name: "mixamorig_RightHandPinky1"
										
											name: "mixamorig_RightHandPinky2"
											
												name: "mixamorig_RightHandPinky3"
												
													name: "mixamorig_RightHandPinky4"
													
			name: "mixamorig_LeftUpLeg"
			
				name: "mixamorig_LeftLeg"
				
					name: "mixamorig_LeftFoot"
					
						name: "mixamorig_LeftToeBase"
						
							name: "mixamorig_LeftToe_End"
							
			name: "mixamorig_RightUpLeg"
			
				name: "mixamorig_RightLeg"
				
					name: "mixamorig_RightFoot"
					
						name: "mixamorig_RightToeBase"
						
							name: "mixamorig_RightToe_End"
							

[18:57:46.096051] [Import] [info] (thread 256145) File loaded successfully
[18:57:46.096067] [Import] [info] (thread 256145) Meshes count: 3
[18:57:46.096101] [Import] [info] (thread 256145) Materials count: 3
[19:13:15.356433] [Import] [info] (thread 256145) Importing from /Users/oleg/Downloads/Running Jump To.dae
[19:13:15.411313] [Import] [info] (thread 256145) Imported scene tree:
name: "RootNode"

	name: "world_root"
	
		name: "ManuBoy"
		
			name: "Eye_L"
			numMeshes: 1
			 addr: "0x7fac9d936200"
			 name: "Eye_LMesh"
			 numVertices: "103"
			 numFaces: "144"
			
			
			name: "m_ManuBoy"
			numMeshes: 1
			 addr: "0x7fac9df40a00"
			 name: "m_ManuBoyMesh"
			 numVertices: "10984"
			 numFaces: "17306"
			
			
			name: "m_ManuBoy1"
			numMeshes: 1
			 addr: "0x7fac9df59400"
			 name: "m_ManuBoy1Mesh"
			 numVertices: "104"
			 numFaces: "144"
			
			
		name: "mixamorig_Hips"
		
			name: "mixamorig_Spine"
			
				name: "mixamorig_Spine1"
				
					name: "mixamorig_Spine2"
					
						name: "mixamorig_Neck"
						
							name: "mixamorig_Head"
							
								name: "mixamorig_HeadTop_End"
								
						name: "mixamorig_LeftShoulder"
						
							name: "mixamorig_LeftArm"
							
								name: "mixamorig_LeftForeArm"
								
									name: "mixamorig_LeftHand"
									
										name: "mixamorig_LeftHandThumb1"
										
											name: "mixamorig_LeftHandThumb2"
											
												name: "mixamorig_LeftHandThumb3"
												
													name: "mixamorig_LeftHandThumb4"
													
										name: "mixamorig_LeftHandIndex1"
										
											name: "mixamorig_LeftHandIndex2"
											
												name: "mixamorig_LeftHandIndex3"
												
													name: "mixamorig_LeftHandIndex4"
													
										name: "mixamorig_LeftHandMiddle1"
										
											name: "mixamorig_LeftHandMiddle2"
											
												name: "mixamorig_LeftHandMiddle3"
												
													name: "mixamorig_LeftHandMiddle4"
													
										name: "mixamorig_LeftHandRing1"
										
											name: "mixamorig_LeftHandRing2"
											
												name: "mixamorig_LeftHandRing3"
												
													name: "mixamorig_LeftHandRing4"
													
										name: "mixamorig_LeftHandPinky1"
										
											name: "mixamorig_LeftHandPinky2"
											
												name: "mixamorig_LeftHandPinky3"
												
													name: "mixamorig_LeftHandPinky4"
													
						name: "mixamorig_RightShoulder"
						
							name: "mixamorig_RightArm"
							
								name: "mixamorig_RightForeArm"
								
									name: "mixamorig_RightHand"
									
										name: "mixamorig_RightHandThumb1"
										
											name: "mixamorig_RightHandThumb2"
											
												name: "mixamorig_RightHandThumb3"
												
													name: "mixamorig_RightHandThumb4"
													
										name: "mixamorig_RightHandIndex1"
										
											name: "mixamorig_RightHandIndex2"
											
												name: "mixamorig_RightHandIndex3"
												
													name: "mixamorig_RightHandIndex4"
													
										name: "mixamorig_RightHandMiddle1"
										
											name: "mixamorig_RightHandMiddle2"
											
												name: "mixamorig_RightHandMiddle3"
												
													name: "mixamorig_RightHandMiddle4"
													
										name: "mixamorig_RightHandRing1"
										
											name: "mixamorig_RightHandRing2"
											
												name: "mixamorig_RightHandRing3"
												
													name: "mixamorig_RightHandRing4"
													
										name: "mixamorig_RightHandPinky1"
										
											name: "mixamorig_RightHandPinky2"
											
												name: "mixamorig_RightHandPinky3"
												
													name: "mixamorig_RightHandPinky4"
													
			name: "mixamorig_LeftUpLeg"
			
				name: "mixamorig_LeftLeg"
				
					name: "mixamorig_LeftFoot"
					
						name: "mixamorig_LeftToeBase"
						
							name: "mixamorig_LeftToe_End"
							
			name: "mixamorig_RightUpLeg"
			
				name: "mixamorig_RightLeg"
				
					name: "mixamorig_RightFoot"
					
						name: "mixamorig_RightToeBase"
						
							name: "mixamorig_RightToe_End"
							

[19:13:15.411367] [Import] [info] (thread 256145) File loaded successfully
[19:13:15.411394] [Import] [info] (thread 256145) Meshes count: 3
[19:13:15.411405] [Import] [info] (thread 256145) Materials count: 3
[19:13:22.418575] [Import] [info] (thread 256145) Importing from /Users/oleg/Downloads/Running Jump 1.dae
[19:13:22.470146] [Import] [info] (thread 256145) Imported scene tree:
name: "RootNode"

	name: "world_root"
	
		name: "ManuBoy"
		
			name: "Eye_L"
			numMeshes: 1
			 addr: "0x7fac9dec0800"
			 name: "Eye_LMesh"
			 numVertices: "103"
			 numFaces: "144"
			
			
			name: "m_ManuBoy"
			numMeshes: 1
			 addr: "0x7fac9de65a00"
			 name: "m_ManuBoyMesh"
			 numVertices: "10984"
			 numFaces: "17306"
			
			
			name: "m_ManuBoy1"
			numMeshes: 1
			 addr: "0x7fac9da07200"
			 name: "m_ManuBoy1Mesh"
			 numVertices: "104"
			 numFaces: "144"
			
			
		name: "mixamorig_Hips"
		
			name: "mixamorig_Spine"
			
				name: "mixamorig_Spine1"
				
					name: "mixamorig_Spine2"
					
						name: "mixamorig_Neck"
						
							name: "mixamorig_Head"
							
								name: "mixamorig_HeadTop_End"
								
						name: "mixamorig_LeftShoulder"
						
							name: "mixamorig_LeftArm"
							
								name: "mixamorig_LeftForeArm"
								
									name: "mixamorig_LeftHand"
									
										name: "mixamorig_LeftHandThumb1"
										
											name: "mixamorig_LeftHandThumb2"
											
												name: "mixamorig_LeftHandThumb3"
												
													name: "mixamorig_LeftHandThumb4"
													
										name: "mixamorig_LeftHandIndex1"
										
											name: "mixamorig_LeftHandIndex2"
											
												name: "mixamorig_LeftHandIndex3"
												
													name: "mixamorig_LeftHandIndex4"
													
										name: "mixamorig_LeftHandMiddle1"
										
											name: "mixamorig_LeftHandMiddle2"
											
												name: "mixamorig_LeftHandMiddle3"
												
													name: "mixamorig_LeftHandMiddle4"
													
										name: "mixamorig_LeftHandRing1"
										
											name: "mixamorig_LeftHandRing2"
											
												name: "mixamorig_LeftHandRing3"
												
													name: "mixamorig_LeftHandRing4"
													
										name: "mixamorig_LeftHandPinky1"
										
											name: "mixamorig_LeftHandPinky2"
											
												name: "mixamorig_LeftHandPinky3"
												
													name: "mixamorig_LeftHandPinky4"
													
						name: "mixamorig_RightShoulder"
						
							name: "mixamorig_RightArm"
							
								name: "mixamorig_RightForeArm"
								
									name: "mixamorig_RightHand"
									
										name: "mixamorig_RightHandThumb1"
										
											name: "mixamorig_RightHandThumb2"
											
												name: "mixamorig_RightHandThumb3"
												
													name: "mixamorig_RightHandThumb4"
													
										name: "mixamorig_RightHandIndex1"
										
											name: "mixamorig_RightHandIndex2"
											
												name: "mixamorig_RightHandIndex3"
												
													name: "mixamorig_RightHandIndex4"
													
										name: "mixamorig_RightHandMiddle1"
										
											name: "mixamorig_RightHandMiddle2"
											
												name: "mixamorig_RightHandMiddle3"
												
													name: "mixamorig_RightHandMiddle4"
													
										name: "mixamorig_RightHandRing1"
										
											name: "mixamorig_RightHandRing2"
											
												name: "mixamorig_RightHandRing3"
												
													name: "mixamorig_RightHandRing4"
													
										name: "mixamorig_RightHandPinky1"
										
											name: "mixamorig_RightHandPinky2"
											
												name: "mixamorig_RightHandPinky3"
												
													name: "mixamorig_RightHandPinky4"
													
			name: "mixamorig_LeftUpLeg"
			
				name: "mixamorig_LeftLeg"
				
					name: "mixamorig_LeftFoot"
					
						name: "mixamorig_LeftToeBase"
						
							name: "mixamorig_LeftToe_End"
							
			name: "mixamorig_RightUpLeg"
			
				name: "mixamorig_RightLeg"
				
					name: "mixamorig_RightFoot"
					
						name: "mixamorig_RightToeBase"
						
							name: "mixamorig_RightToe_End"
							

[19:13:22.470208] [Import] [info] (thread 256145) File loaded successfully
[19:13:22.470221] [Import] [info] (thread 256145) Meshes count: 3
[19:13:22.470231] [Import] [info] (thread 256145) Materials count: 3
[19:13:22.470341] [Import] [error] (thread 256145) Cannot find node: world_root
[19:13:22.470354] [Import] [error] (thread 256145) Cannot find node: ManuBoy
[19:13:22.470365] [Import] [error] (thread 256145) Cannot find node: mixamorig_Hips
[19:13:22.470377] [Import] [error] (thread 256145) Cannot find node: mixamorig_Spine
[19:13:22.470389] [Import] [error] (thread 256145) Cannot find node: mixamorig_Spine1
[19:13:22.470400] [Import] [error] (thread 256145) Cannot find node: mixamorig_Spine2
[19:13:22.470410] [Import] [error] (thread 256145) Cannot find node: mixamorig_Neck
[19:13:22.470421] [Import] [error] (thread 256145) Cannot find node: mixamorig_Head
[19:13:22.470432] [Import] [error] (thread 256145) Cannot find node: mixamorig_LeftShoulder
[19:13:22.470443] [Import] [error] (thread 256145) Cannot find node: mixamorig_LeftArm
[19:13:22.470453] [Import] [error] (thread 256145) Cannot find node: mixamorig_LeftForeArm
[19:13:22.470464] [Import] [error] (thread 256145) Cannot find node: mixamorig_LeftHand
[19:13:22.470476] [Import] [error] (thread 256145) Cannot find node: mixamorig_LeftHandThumb1
[19:13:22.470487] [Import] [error] (thread 256145) Cannot find node: mixamorig_LeftHandThumb2
[19:13:22.470498] [Import] [error] (thread 256145) Cannot find node: mixamorig_LeftHandThumb3
[19:13:22.470509] [Import] [error] (thread 256145) Cannot find node: mixamorig_LeftHandIndex1
[19:13:22.470520] [Import] [error] (thread 256145) Cannot find node: mixamorig_LeftHandIndex2
[19:13:22.470530] [Import] [error] (thread 256145) Cannot find node: mixamorig_LeftHandIndex3
[19:13:22.470541] [Import] [error] (thread 256145) Cannot find node: mixamorig_LeftHandMiddle1
[19:13:22.470552] [Import] [error] (thread 256145) Cannot find node: mixamorig_LeftHandMiddle2
[19:13:22.470562] [Import] [error] (thread 256145) Cannot find node: mixamorig_LeftHandMiddle3
[19:13:22.470573] [Import] [error] (thread 256145) Cannot find node: mixamorig_LeftHandRing1
[19:13:22.470584] [Import] [error] (thread 256145) Cannot find node: mixamorig_LeftHandRing2
[19:13:22.470595] [Import] [error] (thread 256145) Cannot find node: mixamorig_LeftHandRing3
[19:13:22.470605] [Import] [error] (thread 256145) Cannot find node: mixamorig_LeftHandPinky1
[19:13:22.470616] [Import] [error] (thread 256145) Cannot find node: mixamorig_LeftHandPinky2
[19:13:22.470627] [Import] [error] (thread 256145) Cannot find node: mixamorig_LeftHandPinky3
[19:13:22.470637] [Import] [error] (thread 256145) Cannot find node: mixamorig_RightShoulder
[19:13:22.470649] [Import] [error] (thread 256145) Cannot find node: mixamorig_RightArm
[19:13:22.470659] [Import] [error] (thread 256145) Cannot find node: mixamorig_RightForeArm
[19:13:22.470670] [Import] [error] (thread 256145) Cannot find node: mixamorig_RightHand
[19:13:22.470681] [Import] [error] (thread 256145) Cannot find node: mixamorig_RightHandThumb1
[19:13:22.470692] [Import] [error] (thread 256145) Cannot find node: mixamorig_RightHandThumb2
[19:13:22.470703] [Import] [error] (thread 256145) Cannot find node: mixamorig_RightHandThumb3
[19:13:22.470713] [Import] [error] (thread 256145) Cannot find node: mixamorig_RightHandIndex1
[19:13:22.470724] [Import] [error] (thread 256145) Cannot find node: mixamorig_RightHandIndex2
[19:13:22.470734] [Import] [error] (thread 256145) Cannot find node: mixamorig_RightHandIndex3
[19:13:22.470745] [Import] [error] (thread 256145) Cannot find node: mixamorig_RightHandMiddle1
[19:13:22.470756] [Import] [error] (thread 256145) Cannot find node: mixamorig_RightHandMiddle2
[19:13:22.470768] [Import] [error] (thread 256145) Cannot find node: mixamorig_RightHandMiddle3
[19:13:22.470779] [Import] [error] (thread 256145) Cannot find node: mixamorig_RightHandRing1
[19:13:22.470790] [Import] [error] (thread 256145) Cannot find node: mixamorig_RightHandRing2
[19:13:22.470800] [Import] [error] (thread 256145) Cannot find node: mixamorig_RightHandRing3
[19:13:22.470822] [Import] [error] (thread 256145) Cannot find node: mixamorig_RightHandPinky1
[19:13:22.470833] [Import] [error] (thread 256145) Cannot find node: mixamorig_RightHandPinky2
[19:13:22.470844] [Import] [error] (thread 256145) Cannot find node: mixamorig_RightHandPinky3
[19:13:22.470855] [Import] [error] (thread 256145) Cannot find node: mixamorig_LeftUpLeg
[19:13:22.470866] [Import] [error] (thread 256145) Cannot find node: mixamorig_LeftLeg
[19:13:22.470877] [Import] [error] (thread 256145) Cannot find node: mixamorig_LeftFoot
[19:13:22.470888] [Import] [error] (thread 256145) Cannot find node: mixamorig_LeftToeBase
[19:13:22.470899] [Import] [error] (thread 256145) Cannot find node: mixamorig_RightUpLeg
[19:13:22.470910] [Import] [error] (thread 256145) Cannot find node: mixamorig_RightLeg
[19:13:22.470921] [Import] [error] (thread 256145) Cannot find node: mixamorig_RightFoot
[19:13:22.470932] [Import] [error] (thread 256145) Cannot find node: mixamorig_RightToeBase
[19:13:22.470942] [Import] [error] (thread 256145) File's animations are incompatible with the selected MANU's node
[19:13:28.702623] [Import] [info] (thread 256145) Importing from /Users/oleg/Downloads/Running Jump 1.dae
[19:13:28.751535] [Import] [info] (thread 256145) Imported scene tree:
name: "RootNode"

	name: "world_root"
	
		name: "ManuBoy"
		
			name: "Eye_L"
			numMeshes: 1
			 addr: "0x7fac6e538200"
			 name: "Eye_LMesh"
			 numVertices: "103"
			 numFaces: "144"
			
			
			name: "m_ManuBoy"
			numMeshes: 1
			 addr: "0x7fac6e52d600"
			 name: "m_ManuBoyMesh"
			 numVertices: "10984"
			 numFaces: "17306"
			
			
			name: "m_ManuBoy1"
			numMeshes: 1
			 addr: "0x7fac6e52f000"
			 name: "m_ManuBoy1Mesh"
			 numVertices: "104"
			 numFaces: "144"
			
			
		name: "mixamorig_Hips"
		
			name: "mixamorig_Spine"
			
				name: "mixamorig_Spine1"
				
					name: "mixamorig_Spine2"
					
						name: "mixamorig_Neck"
						
							name: "mixamorig_Head"
							
								name: "mixamorig_HeadTop_End"
								
						name: "mixamorig_LeftShoulder"
						
							name: "mixamorig_LeftArm"
							
								name: "mixamorig_LeftForeArm"
								
									name: "mixamorig_LeftHand"
									
										name: "mixamorig_LeftHandThumb1"
										
											name: "mixamorig_LeftHandThumb2"
											
												name: "mixamorig_LeftHandThumb3"
												
													name: "mixamorig_LeftHandThumb4"
													
										name: "mixamorig_LeftHandIndex1"
										
											name: "mixamorig_LeftHandIndex2"
											
												name: "mixamorig_LeftHandIndex3"
												
													name: "mixamorig_LeftHandIndex4"
													
										name: "mixamorig_LeftHandMiddle1"
										
											name: "mixamorig_LeftHandMiddle2"
											
												name: "mixamorig_LeftHandMiddle3"
												
													name: "mixamorig_LeftHandMiddle4"
													
										name: "mixamorig_LeftHandRing1"
										
											name: "mixamorig_LeftHandRing2"
											
												name: "mixamorig_LeftHandRing3"
												
													name: "mixamorig_LeftHandRing4"
													
										name: "mixamorig_LeftHandPinky1"
										
											name: "mixamorig_LeftHandPinky2"
											
												name: "mixamorig_LeftHandPinky3"
												
													name: "mixamorig_LeftHandPinky4"
													
						name: "mixamorig_RightShoulder"
						
							name: "mixamorig_RightArm"
							
								name: "mixamorig_RightForeArm"
								
									name: "mixamorig_RightHand"
									
										name: "mixamorig_RightHandThumb1"
										
											name: "mixamorig_RightHandThumb2"
											
												name: "mixamorig_RightHandThumb3"
												
													name: "mixamorig_RightHandThumb4"
													
										name: "mixamorig_RightHandIndex1"
										
											name: "mixamorig_RightHandIndex2"
											
												name: "mixamorig_RightHandIndex3"
												
													name: "mixamorig_RightHandIndex4"
													
										name: "mixamorig_RightHandMiddle1"
										
											name: "mixamorig_RightHandMiddle2"
											
												name: "mixamorig_RightHandMiddle3"
												
													name: "mixamorig_RightHandMiddle4"
													
										name: "mixamorig_RightHandRing1"
										
											name: "mixamorig_RightHandRing2"
											
												name: "mixamorig_RightHandRing3"
												
													name: "mixamorig_RightHandRing4"
													
										name: "mixamorig_RightHandPinky1"
										
											name: "mixamorig_RightHandPinky2"
											
												name: "mixamorig_RightHandPinky3"
												
													name: "mixamorig_RightHandPinky4"
													
			name: "mixamorig_LeftUpLeg"
			
				name: "mixamorig_LeftLeg"
				
					name: "mixamorig_LeftFoot"
					
						name: "mixamorig_LeftToeBase"
						
							name: "mixamorig_LeftToe_End"
							
			name: "mixamorig_RightUpLeg"
			
				name: "mixamorig_RightLeg"
				
					name: "mixamorig_RightFoot"
					
						name: "mixamorig_RightToeBase"
						
							name: "mixamorig_RightToe_End"
							

[19:13:28.751597] [Import] [info] (thread 256145) File loaded successfully
[19:13:28.751611] [Import] [info] (thread 256145) Meshes count: 3
[19:13:28.751621] [Import] [info] (thread 256145) Materials count: 3
