[13:12:26.440174] [Import] [info] (th=208442) Importing from /Users/oleg/Dropbox/Запросы файлов/MANU-Assets 1.1.0/prp_CrateBox_02/CrateBox_02.fbx
[13:12:26.445544] [Import] [info] (th=208442) Imported scene tree:
name: "RootNode"

	name: "Crate_Box_01"
	numMeshes: 2
	 addr: "0x7ffc74aa6a00"
	 name: "Crate_Box_01"
	 numVertices: "1134"
	 numFaces: "978"
	
	 addr: "0x7ffc74a92200"
	 name: "Crate_Box_01"
	 numVertices: "32"
	 numFaces: "24"
	
	

[13:12:26.445599] [Import] [info] (th=208442) File loaded successfully
[13:12:26.445619] [Import] [info] (th=208442) Meshes count: 2
[13:12:26.445635] [Import] [info] (th=208442) Materials count: 2
[13:12:26.445669] [Import] [error] (th=208442) Can't find mesh for replace.
[13:12:38.217749] [Import] [info] (th=208442) Importing from /Users/oleg/Dropbox/Запросы файлов/MANU-Assets 1.1.0/prp_CrateBox_02/CrateBox_02.fbx
[13:12:38.221004] [Import] [info] (th=208442) Imported scene tree:
name: "RootNode"

	name: "Crate_Box_01"
	numMeshes: 2
	 addr: "0x7ffb66222000"
	 name: "Crate_Box_01"
	 numVertices: "1134"
	 numFaces: "978"
	
	 addr: "0x7ffb663b0c00"
	 name: "Crate_Box_01"
	 numVertices: "32"
	 numFaces: "24"
	
	

[13:12:38.221039] [Import] [info] (th=208442) File loaded successfully
[13:12:38.221054] [Import] [info] (th=208442) Meshes count: 2
[13:12:38.221067] [Import] [info] (th=208442) Materials count: 2
[13:12:38.221210] [Import] [info] (th=208442) Textures count (imported): 0
[13:14:02.911207] [Import] [info] (th=208442) Importing from /Users/oleg/Dropbox/Запросы файлов/MANU-Assets 1.1.0/prp_CrateBox_02/CrateBox_02.fbx
[13:14:02.913807] [Import] [info] (th=208442) Imported scene tree:
name: "RootNode"

	name: "Crate_Box_01"
	numMeshes: 2
	 addr: "0x7ffc765f5600"
	 name: "Crate_Box_01"
	 numVertices: "1134"
	 numFaces: "978"
	
	 addr: "0x7ffc766ce800"
	 name: "Crate_Box_01"
	 numVertices: "32"
	 numFaces: "24"
	
	

[13:14:02.913845] [Import] [info] (th=208442) File loaded successfully
[13:14:02.913863] [Import] [info] (th=208442) Meshes count: 2
[13:14:02.913878] [Import] [info] (th=208442) Materials count: 2
[13:14:02.913959] [Import] [info] (th=208442) Textures count (imported): 0
