[19:59:47.047919] [SceneFactory] [info] (th=968721) Log level for 'SceneFactory' set to 'info'
[14:54:53.722742] [SceneFactory] [info] (th=968721) AudioSource is created: id: 527C84A5-DB30-4078-99AF-BB7054636131
[21:01:24.188784] [SceneFactory] [info] (th=968721) GhostObject is created: id: 5125508C-F113-41E3-BB95-F36269BCFE65
[15:37:18.171834] [SceneFactory] [info] (th=1587832) Log level for 'SceneFactory' set to 'info'
[16:03:16.178064] [SceneFactory] [info] (th=1701580) Log level for 'SceneFactory' set to 'info'
[16:03:16.178145] [SceneFactory] [info] (th=1701580) Plane is created: id: 1B83EB81-FA9A-4D72-85E1-8E9F28720742
[20:31:20.908114] [SceneFactory] [info] (th=1794047) Log level for 'SceneFactory' set to 'info'
[16:09:22.682606] [SceneFactory] [info] (th=11083) Log level for 'SceneFactory' set to 'info'
[18:00:21.095640] [SceneFactory] [info] (th=63248) Log level for 'SceneFactory' set to 'info'
[21:12:25.709314] [SceneFactory] [info] (th=231879) Log level for 'SceneFactory' set to 'info'
[21:12:25.710238] [SceneFactory] [info] (th=231879) Plane is created: id: 35B39596-4522-45B2-AFF5-5D372AC104DD
[21:33:37.618536] [SceneFactory] [info] (th=231879) Log level for 'SceneFactory' set to 'info'
[21:33:37.618613] [SceneFactory] [info] (th=231879) Plane is created: id: 15FCC0D0-159C-44A3-8027-ADE225912AC3
[17:36:51.399566] [SceneFactory] [info] (th=447307) Log level for 'SceneFactory' set to 'info'
[17:36:51.399612] [SceneFactory] [info] (th=447307) Box is created: id: 509F0699-ACED-46CC-AC7F-C91CC1FA2EEF
[17:37:51.848546] [SceneFactory] [info] (th=447307) GhostObject is created: id: B7B15D49-F576-4E07-A550-1465446C88F0
[18:06:09.837186] [SceneFactory] [info] (th=447307) GhostObject is created: id: 6EE2B6CA-F920-4940-A79F-5532E85752DA
[13:18:17.426760] [SceneFactory] [info] (th=840283) Log level for 'SceneFactory' set to 'info'
[13:18:17.427481] [SceneFactory] [info] (th=840283) Box is created: id: 9FED1479-C7F0-495E-9792-DAED252CC7CE
[13:23:49.754067] [SceneFactory] [info] (th=840283) Log level for 'SceneFactory' set to 'info'
[13:23:49.754118] [SceneFactory] [info] (th=840283) Box is created: id: 3F532CC7-9DC6-4E5F-B43D-32FB075BA3BA
[14:02:30.494163] [SceneFactory] [info] (th=840283) Box is created: id: 6E7B03F8-D39A-4A78-AF71-885ECB2DA98D
[15:34:49.252382] [SceneFactory] [info] (th=909845) Log level for 'SceneFactory' set to 'info'
[19:30:23.306316] [SceneFactory] [info] (th=1226595) Log level for 'SceneFactory' set to 'info'
[19:47:10.624595] [SceneFactory] [info] (th=1271347) Log level for 'SceneFactory' set to 'info'
[21:36:19.443689] [SceneFactory] [info] (th=1288414) Log level for 'SceneFactory' set to 'info'
[14:42:53.164169] [SceneFactory] [info] (th=1408492) Log level for 'SceneFactory' set to 'info'
[14:42:53.164237] [SceneFactory] [info] (th=1408492) Box is created: id: B7AE92EF-5545-47DF-8378-C53015E04B52
[17:51:29.652902] [SceneFactory] [info] (th=80868) Log level for 'SceneFactory' set to 'info'
[18:19:55.538927] [SceneFactory] [info] (th=80868) GhostObject is created: id: 58D09685-9FE3-46A5-8532-16A8AD316155
[18:39:49.873425] [SceneFactory] [info] (th=80868) Log level for 'SceneFactory' set to 'info'
[18:39:49.873477] [SceneFactory] [info] (th=80868) GhostObject is created: id: 56470598-E818-4131-BEE8-7389558D2A31
[00:55:31.531191] [SceneFactory] [info] (th=7284) Log level for 'SceneFactory' set to 'info'
[17:44:45.402912] [SceneFactory] [info] (th=297228) Log level for 'SceneFactory' set to 'info'
[17:44:45.403564] [SceneFactory] [info] (th=297228) GhostObject is created: id: 8C359BE2-3482-45BC-B960-557A3A4053C5
[13:27:31.802357] [SceneFactory] [info] (th=647804) Log level for 'SceneFactory' set to 'info'
