[20:35:04.226023] [SelectionLogging] [debug] (thread 435661) ================== Begin selection update =================
[20:35:04.226225] [SelectionLogging] [debug] (thread 435661) No objects selected
[20:35:04.226250] [SelectionLogging] [debug] (thread 435661) ---------------------------
[20:35:04.226276] [SelectionLogging] [debug] (thread 435661) Clicked object id: 00000000-0000-0000-0000-000000000000
[20:35:04.226295] [SelectionLogging] [debug] (thread 435661) Ctrl/Cmd is pressed: false
[20:35:04.226311] [SelectionLogging] [debug] (thread 435661) ---------------------------
[20:35:04.226328] [SelectionLogging] [debug] (thread 435661) No objects selected
[20:35:21.077286] [SelectionLogging] [debug] (thread 435661) ================== Begin selection update =================
[20:35:21.077352] [SelectionLogging] [debug] (thread 435661) No objects selected
[20:35:21.077397] [SelectionLogging] [debug] (thread 435661) ---------------------------
[20:35:21.077416] [SelectionLogging] [debug] (thread 435661) Clicked object id: 5C3A4088-AC76-4ADD-A6D7-DFDF5F87A234
[20:35:21.077428] [SelectionLogging] [debug] (thread 435661) Ctrl/Cmd is pressed: false
[20:35:21.077439] [SelectionLogging] [debug] (thread 435661) ---------------------------
[20:35:21.077456] [SelectionLogging] [debug] (thread 435661) Selected objects (1): 
[20:35:21.077485] [SelectionLogging] [debug] (thread 435661) Name: '0. Game Assets', ID: 5C3A4088-AC76-4ADD-A6D7-DFDF5F87A234
[20:35:26.653166] [SelectionLogging] [debug] (thread 435661) ================== Begin selection update =================
[20:35:26.653240] [SelectionLogging] [debug] (thread 435661) Selected objects (1): 
[20:35:26.653272] [SelectionLogging] [debug] (thread 435661) Name: '0. Game Assets', ID: 5C3A4088-AC76-4ADD-A6D7-DFDF5F87A234
[20:35:26.653286] [SelectionLogging] [debug] (thread 435661) ---------------------------
[20:35:26.653303] [SelectionLogging] [debug] (thread 435661) Clicked object id: C46C5238-1574-40D0-B849-640F0D6E2D86
[20:35:26.653316] [SelectionLogging] [debug] (thread 435661) Ctrl/Cmd is pressed: false
[20:35:26.653328] [SelectionLogging] [debug] (thread 435661) ---------------------------
[20:35:26.653341] [SelectionLogging] [debug] (thread 435661) Selected objects (1): 
[20:35:26.653364] [SelectionLogging] [debug] (thread 435661) Name: 'Teleport_00', ID: C46C5238-1574-40D0-B849-640F0D6E2D86
[20:36:03.033486] [SelectionLogging] [debug] (thread 435661) ================== Begin selection update =================
[20:36:03.033554] [SelectionLogging] [debug] (thread 435661) Selected objects (1): 
[20:36:03.033585] [SelectionLogging] [debug] (thread 435661) Name: 'Teleport_00', ID: C46C5238-1574-40D0-B849-640F0D6E2D86
[20:36:03.033599] [SelectionLogging] [debug] (thread 435661) ---------------------------
[20:36:03.033615] [SelectionLogging] [debug] (thread 435661) Clicked object id: C46C5238-1574-40D0-B849-640F0D6E2D86
[20:36:03.033628] [SelectionLogging] [debug] (thread 435661) Ctrl/Cmd is pressed: false
[20:36:03.033640] [SelectionLogging] [debug] (thread 435661) ---------------------------
[20:36:03.033654] [SelectionLogging] [debug] (thread 435661) Selected objects (1): 
[20:36:03.033675] [SelectionLogging] [debug] (thread 435661) Name: 'Teleport_00', ID: C46C5238-1574-40D0-B849-640F0D6E2D86
[20:38:19.402471] [SelectionLogging] [debug] (thread 435661) ================== Begin selection update =================
[20:38:19.402537] [SelectionLogging] [debug] (thread 435661) Selected objects (1): 
[20:38:19.402567] [SelectionLogging] [debug] (thread 435661) Name: 'Teleport_00', ID: C46C5238-1574-40D0-B849-640F0D6E2D86
[20:38:19.402582] [SelectionLogging] [debug] (thread 435661) ---------------------------
[20:38:19.402598] [SelectionLogging] [debug] (thread 435661) Clicked object id: C46C5238-1574-40D0-B849-640F0D6E2D86
[20:38:19.402611] [SelectionLogging] [debug] (thread 435661) Ctrl/Cmd is pressed: false
[20:38:19.402623] [SelectionLogging] [debug] (thread 435661) ---------------------------
[20:38:19.402637] [SelectionLogging] [debug] (thread 435661) Selected objects (1): 
[20:38:19.402678] [SelectionLogging] [debug] (thread 435661) Name: 'Teleport_00', ID: C46C5238-1574-40D0-B849-640F0D6E2D86
